2022-03-10 23:00:41,336 INFO m.j.c.d.m.g.p.PatternEmbellisherRandom [main] Received PooplinePackage(name=XX, rnd=test.java.com.dougron.mucus.algorithms.TestRandom@46f699d5, json={}, repo={}, mu=
mu:XX
PositionIsZero
LengthFromChildren: 0 bars
globalPositionInQuarters=0.0
ruler=null
mu count=0
muNotes:--none--
)
2022-03-10 23:05:57,136 INFO m.j.c.d.m.g.p.PatternEmbellisherRandom [main] Received PooplinePackage(name=XX, rnd=test.java.com.dougron.mucus.algorithms.TestRandom@75c9e76b, json={}, repo={}, mu=
mu:XX
PositionIsZero
LengthFromChildren: 0 bars
globalPositionInQuarters=0.0
ruler=null
mu count=0
muNotes:--none--
)
2022-03-10 23:05:57,247 INFO m.j.c.d.m.g.p.PatternEmbellisherRandom [main] Received PooplinePackage(name=XX, rnd=test.java.com.dougron.mucus.algorithms.TestRandom@493dfb8e, json={}, repo={}, mu=
mu:XX
PositionIsZero
LengthFromChildren: 0 bars
globalPositionInQuarters=0.0
ruler=null
mu count=0
muNotes:--none--
)
2022-03-10 23:06:59,770 INFO m.j.c.d.m.g.p.PatternEmbellisherRandom [main] Received PooplinePackage(name=XX, rnd=test.java.com.dougron.mucus.algorithms.TestRandom@75c9e76b, json={}, repo={}, mu=
mu:XX
PositionIsZero
LengthFromChildren: 0 bars
globalPositionInQuarters=0.0
ruler=null
mu count=0
muNotes:--none--
)
2022-03-10 23:06:59,866 INFO m.j.c.d.m.g.p.PatternEmbellisherRandom [main] Received PooplinePackage(name=XX, rnd=test.java.com.dougron.mucus.algorithms.TestRandom@34645867, json={}, repo={}, mu=
mu:XX
PositionIsZero
LengthFromChildren: 0 bars
globalPositionInQuarters=0.0
ruler=null
mu count=0
muNotes:--none--
)
2022-03-10 23:10:14,459 INFO m.j.c.d.m.g.p.PatternEmbellisherRandom [main] Received PooplinePackage(name=XX, rnd=test.java.com.dougron.mucus.algorithms.TestRandom@7446d8d5, json={}, repo={}, mu=
mu:XX
PositionIsZero
LengthFromChildren: 0 bars
globalPositionInQuarters=0.0
ruler=null
mu count=0
muNotes:--none--
)
2022-03-10 23:10:14,539 INFO m.j.c.d.m.g.p.PatternEmbellisherRandom [main] Received PooplinePackage(name=XX, rnd=test.java.com.dougron.mucus.algorithms.TestRandom@34645867, json={}, repo={}, mu=
mu:XX
PositionIsZero
LengthFromChildren: 0 bars
globalPositionInQuarters=0.0
ruler=null
mu count=0
muNotes:--none--
)
2022-03-10 23:10:14,558 INFO m.j.c.d.m.g.p.PatternEmbellisherRandom [main] Received PooplinePackage(name=XX, rnd=test.java.com.dougron.mucus.algorithms.TestRandom@71c5b236, json={}, repo={}, mu=
mu:XX
PositionIsZero
LengthFromChildren: 0 bars
globalPositionInQuarters=0.0
ruler=null
mu count=0
muNotes:--none--
)
2022-03-10 23:20:02,121 INFO m.j.c.d.m.g.p.PatternEmbellisherRandom [main] Received PooplinePackage(name=XX, rnd=test.java.com.dougron.mucus.algorithms.TestRandom@7446d8d5, json={}, repo={}, mu=
mu:XX
PositionIsZero
LengthFromChildren: 0 bars
globalPositionInQuarters=0.0
ruler=null
mu count=0
muNotes:--none--
)
2022-03-10 23:20:02,215 INFO m.j.c.d.m.g.p.PatternEmbellisherRandom [main] Received PooplinePackage(name=XX, rnd=test.java.com.dougron.mucus.algorithms.TestRandom@34645867, json={}, repo={}, mu=
mu:XX
PositionIsZero
LengthFromChildren: 0 bars
globalPositionInQuarters=0.0
ruler=null
mu count=0
muNotes:--none--
)
2022-03-10 23:20:02,243 INFO m.j.c.d.m.g.p.PatternEmbellisherRandom [main] Received PooplinePackage(name=XX, rnd=test.java.com.dougron.mucus.algorithms.TestRandom@71c5b236, json={}, repo={}, mu=
mu:XX
PositionIsZero
LengthFromChildren: 0 bars
globalPositionInQuarters=0.0
ruler=null
mu count=0
muNotes:--none--
)
2022-03-10 23:22:32,255 INFO m.j.c.d.m.g.p.PatternEmbellisherRandom [main] Received PooplinePackage(name=XX, rnd=test.java.com.dougron.mucus.algorithms.TestRandom@7446d8d5, json={}, repo={}, mu=
mu:XX
PositionIsZero
LengthFromChildren: 0 bars
globalPositionInQuarters=0.0
ruler=null
mu count=0
muNotes:--none--
)
2022-03-10 23:22:32,281 INFO m.j.c.d.m.g.p.PatternEmbellisherRandom [main] Received PooplinePackage(name=XX, rnd=test.java.com.dougron.mucus.algorithms.TestRandom@38f57b3d, json={}, repo={}, mu=
mu:XX
PositionIsZero
LengthFromChildren: 0 bars
globalPositionInQuarters=0.0
ruler=null
mu count=0
muNotes:--none--
)
2022-03-10 23:22:32,339 INFO m.j.c.d.m.g.p.PatternEmbellisherRandom [main] Received PooplinePackage(name=XX, rnd=test.java.com.dougron.mucus.algorithms.TestRandom@60b71e8f, json={}, repo={}, mu=
mu:XX
PositionIsZero
LengthFromChildren: 0 bars
globalPositionInQuarters=0.0
ruler=null
mu count=0
muNotes:--none--
)
2022-03-10 23:24:08,181 INFO m.j.c.d.m.g.p.PatternEmbellisherRandom [main] Received PooplinePackage(name=XX, rnd=test.java.com.dougron.mucus.algorithms.TestRandom@78a287ed, json={}, repo={}, mu=
mu:XX
PositionIsZero
LengthFromChildren: 0 bars
globalPositionInQuarters=0.0
ruler=null
mu count=0
muNotes:--none--
)
2022-03-10 23:24:28,867 INFO m.j.c.d.m.g.p.PatternEmbellisherRandom [main] Received PooplinePackage(name=XX, rnd=test.java.com.dougron.mucus.algorithms.TestRandom@7446d8d5, json={}, repo={}, mu=
mu:XX
PositionIsZero
LengthFromChildren: 0 bars
globalPositionInQuarters=0.0
ruler=null
mu count=0
muNotes:--none--
)
2022-03-10 23:24:28,892 INFO m.j.c.d.m.g.p.PatternEmbellisherRandom [main] Received PooplinePackage(name=XX, rnd=test.java.com.dougron.mucus.algorithms.TestRandom@38f57b3d, json={}, repo={}, mu=
mu:XX
PositionIsZero
LengthFromChildren: 0 bars
globalPositionInQuarters=0.0
ruler=null
mu count=0
muNotes:--none--
)
2022-03-10 23:24:28,961 INFO m.j.c.d.m.g.p.PatternEmbellisherRandom [main] Received PooplinePackage(name=XX, rnd=test.java.com.dougron.mucus.algorithms.TestRandom@60b71e8f, json={}, repo={}, mu=
mu:XX
PositionIsZero
LengthFromChildren: 0 bars
globalPositionInQuarters=0.0
ruler=null
mu count=0
muNotes:--none--
)
2022-03-10 23:24:50,052 INFO m.j.c.d.m.g.p.PatternEmbellisherRandom [main] Received PooplinePackage(name=XX, rnd=test.java.com.dougron.mucus.algorithms.TestRandom@78a287ed, json={}, repo={}, mu=
mu:XX
PositionIsZero
LengthFromChildren: 0 bars
globalPositionInQuarters=0.0
ruler=null
mu count=0
muNotes:--none--
)
2022-03-10 23:24:59,446 INFO m.j.c.d.m.g.p.PatternEmbellisherRandom [main] Received PooplinePackage(name=XX, rnd=test.java.com.dougron.mucus.algorithms.TestRandom@3faf2e7d, json={}, repo={}, mu=
mu:XX
PositionIsZero
LengthFromChildren: 0 bars
globalPositionInQuarters=0.0
ruler=null
mu count=0
muNotes:--none--
)
2022-03-10 23:26:48,505 INFO m.j.c.d.m.g.p.PatternEmbellisherRandom [main] Received PooplinePackage(name=XX, rnd=test.java.com.dougron.mucus.algorithms.TestRandom@78a287ed, json={}, repo={}, mu=
mu:XX
PositionIsZero
LengthFromChildren: 0 bars
globalPositionInQuarters=0.0
ruler=null
mu count=0
muNotes:--none--
)
2022-03-10 23:26:53,959 INFO m.j.c.d.m.g.p.PatternEmbellisherRandom [main] Received PooplinePackage(name=XX, rnd=test.java.com.dougron.mucus.algorithms.TestRandom@545de5a4, json={}, repo={}, mu=
mu:XX
PositionIsZero
LengthFromChildren: 0 bars
globalPositionInQuarters=0.0
ruler=null
mu count=0
muNotes:--none--
)
2022-03-10 23:27:16,883 INFO m.j.c.d.m.g.p.PatternEmbellisherRandom [main] Received PooplinePackage(name=XX, rnd=test.java.com.dougron.mucus.algorithms.TestRandom@2fab4aff, json={}, repo={}, mu=
mu:XX
PositionIsZero
LengthFromChildren: 0 bars
globalPositionInQuarters=0.0
ruler=null
mu count=0
muNotes:--none--
)
2022-03-10 23:28:32,028 INFO m.j.c.d.m.g.p.PatternEmbellisherRandom [main] Received PooplinePackage(name=XX, rnd=test.java.com.dougron.mucus.algorithms.TestRandom@78a287ed, json={}, repo={}, mu=
mu:XX
PositionIsZero
LengthFromChildren: 0 bars
globalPositionInQuarters=0.0
ruler=null
mu count=0
muNotes:--none--
)
2022-03-10 23:36:47,795 INFO m.j.c.d.m.g.p.PatternEmbellisherRandom [main] Received PooplinePackage(name=XX, rnd=test.java.com.dougron.mucus.algorithms.TestRandom@545de5a4, json={}, repo={}, mu=
mu:XX
PositionIsZero
LengthFromChildren: 0 bars
globalPositionInQuarters=0.0
ruler=null
mu count=0
muNotes:--none--
)
2022-03-10 23:36:47,936 INFO m.j.c.d.m.g.p.PatternEmbellisherRandom [main] Received PooplinePackage(name=XX, rnd=test.java.com.dougron.mucus.algorithms.TestRandom@2fab4aff, json={}, repo={}, mu=
mu:XX
PositionIsZero
LengthFromChildren: 0 bars
globalPositionInQuarters=0.0
ruler=null
mu count=0
muNotes:--none--
)
