2022-03-04 23:28:39,971 INFO m.j.c.d.m.g.p.XmlKeyRandom [main] Received PooplinePackage(name=x, rnd=test.java.com.dougron.mucus.algorithms.TestRandom@306851c7, json={}, repo={}, mu=
mu:x
PositionIsZero
LengthFromChildren: 0 bars
globalPositionInQuarters=0.0
ruler=null
mu count=0
muNotes:--none--
)
2022-03-04 23:28:40,011 INFO m.j.c.d.m.g.p.XmlKeyRandom [main] Received PooplinePackage(name=x, rnd=test.java.com.dougron.mucus.algorithms.TestRandom@34a97744, json={}, repo={XMLKEY=main.java.com.dougron.mucus_experiments.generator_poopline.plugins.XmlKeyRepo@4275c20c}, mu=
mu:x
PositionIsZero
FixedLength: -3 bars
globalPositionInQuarters=0.0
lengthInBarsAndBeats=BarsAndBeats [barPosition=-3, offsetInQuarters=0.0] 
timeSignatureList:null
timeSignatureListGenerator:
SingleTimeSignature:4/4
tsGenAndMap:
TimeSignatureListGenerator:
SingleTimeSignature:4/4
TimeSignatureList:
4/4__
tsMap;

tempoList:
TempoList
 -tempo=120.0 at 0.0 floatBars
hasTimeSignature=false
hasTempo=false

mu count=0
muNotes:--none--
)
2022-03-04 23:28:40,031 INFO m.j.c.d.m.g.p.XmlKeyRandom [main] Received PooplinePackage(name=x, rnd=test.java.com.dougron.mucus.algorithms.TestRandom@5be067de, json={}, repo={}, mu=
mu:x
PositionIsZero
LengthFromChildren: 0 bars
globalPositionInQuarters=0.0
ruler=null
mu count=0
muNotes:--none--
)
2022-03-04 23:28:40,034 INFO m.j.c.d.m.g.p.XmlKeyRandom [main] Received PooplinePackage(name=x, rnd=test.java.com.dougron.mucus.algorithms.TestRandom@18245eb0, json={}, repo={}, mu=
mu:x
PositionIsZero
LengthFromChildren: 0 bars
globalPositionInQuarters=0.0
ruler=null
mu count=0
muNotes:--none--
)
2022-03-04 23:28:40,122 INFO m.j.c.d.m.g.p.XmlKeyRandom [main] Received PooplinePackage(name=x, rnd=test.java.com.dougron.mucus.algorithms.TestRandom@21c64522, json={}, repo={}, mu=
mu:x
PositionIsZero
LengthFromChildren: 0 bars
globalPositionInQuarters=0.0
ruler=null
mu count=0
muNotes:--none--
)
2022-03-04 23:28:40,129 INFO m.j.c.d.m.g.p.XmlKeyRandom [main] Received PooplinePackage(name=x, rnd=test.java.com.dougron.mucus.algorithms.TestRandom@7807ac2c, json={}, repo={}, mu=
mu:x
PositionIsZero
LengthFromChildren: 0 bars
globalPositionInQuarters=0.0
ruler=null
mu count=0
muNotes:--none--
)
2022-03-04 23:28:40,132 INFO m.j.c.d.m.g.p.XmlKeyRandom [main] Received PooplinePackage(name=x, rnd=test.java.com.dougron.mucus.algorithms.TestRandom@4b6166aa, json={}, repo={}, mu=
mu:x
PositionIsZero
LengthFromChildren: 0 bars
globalPositionInQuarters=0.0
ruler=null
mu count=0
muNotes:--none--
)
2022-03-04 23:28:40,134 INFO m.j.c.d.m.g.p.XmlKeyRandom [main] Received PooplinePackage(name=x, rnd=test.java.com.dougron.mucus.algorithms.TestRandom@4fd4cae3, json={}, repo={}, mu=
mu:x
PositionIsZero
LengthFromChildren: 0 bars
globalPositionInQuarters=0.0
ruler=null
mu count=0
muNotes:--none--
)
2022-03-04 23:38:58,659 INFO m.j.c.d.m.g.p.XmlKeyRandom [main] Received PooplinePackage(name=x, rnd=test.java.com.dougron.mucus.algorithms.TestRandom@306851c7, json={}, repo={}, mu=
mu:x
PositionIsZero
LengthFromChildren: 0 bars
globalPositionInQuarters=0.0
ruler=null
mu count=0
muNotes:--none--
)
2022-03-04 23:38:58,691 INFO m.j.c.d.m.g.p.XmlKeyRandom [main] Received PooplinePackage(name=x, rnd=test.java.com.dougron.mucus.algorithms.TestRandom@5536379e, json={}, repo={XMLKEY=main.java.com.dougron.mucus_experiments.generator_poopline.plugins.XmlKeyRepo@277f7dd3}, mu=
mu:x
PositionIsZero
FixedLength: -3 bars
globalPositionInQuarters=0.0
lengthInBarsAndBeats=BarsAndBeats [barPosition=-3, offsetInQuarters=0.0] 
timeSignatureList:null
timeSignatureListGenerator:
SingleTimeSignature:4/4
tsGenAndMap:
TimeSignatureListGenerator:
SingleTimeSignature:4/4
TimeSignatureList:
4/4__
tsMap;

tempoList:
TempoList
 -tempo=120.0 at 0.0 floatBars
hasTimeSignature=false
hasTempo=false

mu count=0
muNotes:--none--
)
2022-03-04 23:38:58,710 INFO m.j.c.d.m.g.p.XmlKeyRandom [main] Received PooplinePackage(name=x, rnd=test.java.com.dougron.mucus.algorithms.TestRandom@58670130, json={}, repo={}, mu=
mu:x
PositionIsZero
LengthFromChildren: 0 bars
globalPositionInQuarters=0.0
ruler=null
mu count=0
muNotes:--none--
)
2022-03-04 23:38:58,806 INFO m.j.c.d.m.g.p.XmlKeyRandom [main] Received PooplinePackage(name=x, rnd=test.java.com.dougron.mucus.algorithms.TestRandom@7bf9b098, json={}, repo={}, mu=
mu:x
PositionIsZero
LengthFromChildren: 0 bars
globalPositionInQuarters=0.0
ruler=null
mu count=0
muNotes:--none--
)
2022-03-04 23:38:58,809 INFO m.j.c.d.m.g.p.XmlKeyRandom [main] Received PooplinePackage(name=x, rnd=test.java.com.dougron.mucus.algorithms.TestRandom@33617539, json={}, repo={}, mu=
mu:x
PositionIsZero
LengthFromChildren: 0 bars
globalPositionInQuarters=0.0
ruler=null
mu count=0
muNotes:--none--
)
2022-03-04 23:38:58,819 INFO m.j.c.d.m.g.p.XmlKeyRandom [main] Received PooplinePackage(name=x, rnd=test.java.com.dougron.mucus.algorithms.TestRandom@7997b197, json={}, repo={}, mu=
mu:x
PositionIsZero
LengthFromChildren: 0 bars
globalPositionInQuarters=0.0
ruler=null
mu count=0
muNotes:--none--
)
2022-03-04 23:38:58,824 INFO m.j.c.d.m.g.p.XmlKeyRandom [main] Received PooplinePackage(name=x, rnd=test.java.com.dougron.mucus.algorithms.TestRandom@460f76a6, json={}, repo={}, mu=
mu:x
PositionIsZero
LengthFromChildren: 0 bars
globalPositionInQuarters=0.0
ruler=null
mu count=0
muNotes:--none--
)
2022-03-04 23:38:58,827 INFO m.j.c.d.m.g.p.XmlKeyRandom [main] Received PooplinePackage(name=x, rnd=test.java.com.dougron.mucus.algorithms.TestRandom@11acdc30, json={}, repo={}, mu=
mu:x
PositionIsZero
LengthFromChildren: 0 bars
globalPositionInQuarters=0.0
ruler=null
mu count=0
muNotes:--none--
)
2022-03-04 23:40:55,355 INFO m.j.c.d.m.g.p.XmlKeyRandom [main] Received PooplinePackage(name=x, rnd=test.java.com.dougron.mucus.algorithms.TestRandom@306851c7, json={}, repo={}, mu=
mu:x
PositionIsZero
LengthFromChildren: 0 bars
globalPositionInQuarters=0.0
ruler=null
mu count=0
muNotes:--none--
)
2022-03-04 23:40:55,376 INFO m.j.c.d.m.g.p.XmlKeyRandom [main] Received PooplinePackage(name=x, rnd=test.java.com.dougron.mucus.algorithms.TestRandom@5536379e, json={}, repo={XMLKEY=main.java.com.dougron.mucus_experiments.generator_poopline.plugins.XmlKeyRepo@277f7dd3}, mu=
mu:x
PositionIsZero
FixedLength: -3 bars
globalPositionInQuarters=0.0
lengthInBarsAndBeats=BarsAndBeats [barPosition=-3, offsetInQuarters=0.0] 
timeSignatureList:null
timeSignatureListGenerator:
SingleTimeSignature:4/4
tsGenAndMap:
TimeSignatureListGenerator:
SingleTimeSignature:4/4
TimeSignatureList:
4/4__
tsMap;

tempoList:
TempoList
 -tempo=120.0 at 0.0 floatBars
hasTimeSignature=false
hasTempo=false

mu count=0
muNotes:--none--
)
2022-03-04 23:40:55,390 INFO m.j.c.d.m.g.p.XmlKeyRandom [main] Received PooplinePackage(name=x, rnd=test.java.com.dougron.mucus.algorithms.TestRandom@58670130, json={}, repo={}, mu=
mu:x
PositionIsZero
LengthFromChildren: 0 bars
globalPositionInQuarters=0.0
ruler=null
mu count=0
muNotes:--none--
)
2022-03-04 23:40:55,474 INFO m.j.c.d.m.g.p.XmlKeyRandom [main] Received PooplinePackage(name=x, rnd=test.java.com.dougron.mucus.algorithms.TestRandom@7bf9b098, json={}, repo={}, mu=
mu:x
PositionIsZero
LengthFromChildren: 0 bars
globalPositionInQuarters=0.0
ruler=null
mu count=0
muNotes:--none--
)
2022-03-04 23:40:55,478 INFO m.j.c.d.m.g.p.XmlKeyRandom [main] Received PooplinePackage(name=x, rnd=test.java.com.dougron.mucus.algorithms.TestRandom@33617539, json={}, repo={}, mu=
mu:x
PositionIsZero
LengthFromChildren: 0 bars
globalPositionInQuarters=0.0
ruler=null
mu count=0
muNotes:--none--
)
2022-03-04 23:40:55,485 INFO m.j.c.d.m.g.p.XmlKeyRandom [main] Received PooplinePackage(name=x, rnd=test.java.com.dougron.mucus.algorithms.TestRandom@7997b197, json={}, repo={}, mu=
mu:x
PositionIsZero
LengthFromChildren: 0 bars
globalPositionInQuarters=0.0
ruler=null
mu count=0
muNotes:--none--
)
2022-03-04 23:40:55,490 INFO m.j.c.d.m.g.p.XmlKeyRandom [main] Received PooplinePackage(name=x, rnd=test.java.com.dougron.mucus.algorithms.TestRandom@6bab2585, json={}, repo={}, mu=
mu:x
PositionIsZero
LengthFromChildren: 0 bars
globalPositionInQuarters=0.0
ruler=null
mu count=0
muNotes:--none--
)
2022-03-04 23:40:55,492 INFO m.j.c.d.m.g.p.XmlKeyRandom [main] Received PooplinePackage(name=x, rnd=test.java.com.dougron.mucus.algorithms.TestRandom@74bdc168, json={}, repo={}, mu=
mu:x
PositionIsZero
LengthFromChildren: 0 bars
globalPositionInQuarters=0.0
ruler=null
mu count=0
muNotes:--none--
)
2022-03-04 23:43:52,759 INFO m.j.c.d.m.g.p.XmlKeyRandom [main] Received PooplinePackage(name=x, rnd=test.java.com.dougron.mucus.algorithms.TestRandom@306851c7, json={}, repo={}, mu=
mu:x
PositionIsZero
LengthFromChildren: 0 bars
globalPositionInQuarters=0.0
ruler=null
mu count=0
muNotes:--none--
)
2022-03-04 23:43:52,781 INFO m.j.c.d.m.g.p.XmlKeyRandom [main] Received PooplinePackage(name=x, rnd=test.java.com.dougron.mucus.algorithms.TestRandom@5536379e, json={}, repo={XMLKEY=main.java.com.dougron.mucus_experiments.generator_poopline.plugins.XmlKeyRepo@277f7dd3}, mu=
mu:x
PositionIsZero
FixedLength: -3 bars
globalPositionInQuarters=0.0
lengthInBarsAndBeats=BarsAndBeats [barPosition=-3, offsetInQuarters=0.0] 
timeSignatureList:null
timeSignatureListGenerator:
SingleTimeSignature:4/4
tsGenAndMap:
TimeSignatureListGenerator:
SingleTimeSignature:4/4
TimeSignatureList:
4/4__
tsMap;

tempoList:
TempoList
 -tempo=120.0 at 0.0 floatBars
hasTimeSignature=false
hasTempo=false

mu count=0
muNotes:--none--
)
2022-03-04 23:43:52,862 INFO m.j.c.d.m.g.p.XmlKeyRandom [main] Received PooplinePackage(name=x, rnd=test.java.com.dougron.mucus.algorithms.TestRandom@77307458, json={}, repo={}, mu=
mu:x
PositionIsZero
LengthFromChildren: 0 bars
globalPositionInQuarters=0.0
ruler=null
mu count=0
muNotes:--none--
)
2022-03-04 23:43:52,878 INFO m.j.c.d.m.g.p.XmlKeyRandom [main] Received PooplinePackage(name=x, rnd=test.java.com.dougron.mucus.algorithms.TestRandom@372ea2bc, json={}, repo={}, mu=
mu:x
PositionIsZero
LengthFromChildren: 0 bars
globalPositionInQuarters=0.0
ruler=null
mu count=0
muNotes:--none--
)
2022-03-04 23:43:52,880 INFO m.j.c.d.m.g.p.XmlKeyRandom [main] Received PooplinePackage(name=x, rnd=test.java.com.dougron.mucus.algorithms.TestRandom@cdc3aae, json={}, repo={}, mu=
mu:x
PositionIsZero
LengthFromChildren: 0 bars
globalPositionInQuarters=0.0
ruler=null
mu count=0
muNotes:--none--
)
2022-03-04 23:43:52,885 INFO m.j.c.d.m.g.p.XmlKeyRandom [main] Received PooplinePackage(name=x, rnd=test.java.com.dougron.mucus.algorithms.TestRandom@1601e47, json={}, repo={}, mu=
mu:x
PositionIsZero
LengthFromChildren: 0 bars
globalPositionInQuarters=0.0
ruler=null
mu count=0
muNotes:--none--
)
2022-03-04 23:43:52,890 INFO m.j.c.d.m.g.p.XmlKeyRandom [main] Received PooplinePackage(name=x, rnd=test.java.com.dougron.mucus.algorithms.TestRandom@35d6ca49, json={}, repo={}, mu=
mu:x
PositionIsZero
LengthFromChildren: 0 bars
globalPositionInQuarters=0.0
ruler=null
mu count=0
muNotes:--none--
)
2022-03-04 23:43:52,893 INFO m.j.c.d.m.g.p.XmlKeyRandom [main] Received PooplinePackage(name=x, rnd=test.java.com.dougron.mucus.algorithms.TestRandom@1950e8a6, json={}, repo={}, mu=
mu:x
PositionIsZero
LengthFromChildren: 0 bars
globalPositionInQuarters=0.0
ruler=null
mu count=0
muNotes:--none--
)
2022-03-04 23:44:39,850 INFO m.j.c.d.m.g.p.PhraseLengthRandom [main] Received PooplinePackage(name=x, rnd=test.java.com.dougron.mucus.algorithms.TestRandom@37b70343, json={}, repo={}, mu=
mu:x
PositionIsZero
LengthFromChildren: 0 bars
globalPositionInQuarters=0.0
ruler=null
mu count=0
muNotes:--none--
)
2022-03-04 23:44:39,874 INFO m.j.c.d.m.g.p.PhraseLengthRandom [main] Received PooplinePackage(name=x, rnd=test.java.com.dougron.mucus.algorithms.TestRandom@165b2f7f, json={}, repo={PHRASE_LENGTH=main.java.com.dougron.mucus_experiments.generator_poopline.plugins.PhraseLengthRepo@5536379e}, mu=
mu:x
PositionIsZero
FixedLength: 4 bars
globalPositionInQuarters=0.0
lengthInBarsAndBeats=BarsAndBeats [barPosition=4, offsetInQuarters=0.0] 
timeSignatureList:null
timeSignatureListGenerator:
SingleTimeSignature:4/4
tsGenAndMap:
TimeSignatureListGenerator:
SingleTimeSignature:4/4
TimeSignatureList:
4/4__
tsMap;

tempoList:
TempoList
 -tempo=120.0 at 0.0 floatBars
hasTimeSignature=false
hasTempo=false

mu count=0
muNotes:--none--
)
2022-03-04 23:44:39,965 INFO m.j.c.d.m.g.p.PhraseLengthRandom [main] Received PooplinePackage(name=x, rnd=test.java.com.dougron.mucus.algorithms.TestRandom@4985cbcb, json={}, repo={}, mu=
mu:x
PositionIsZero
LengthFromChildren: 0 bars
globalPositionInQuarters=0.0
ruler=null
mu count=0
muNotes:--none--
)
2022-03-04 23:44:39,967 INFO m.j.c.d.m.g.p.PhraseLengthRandom [main] Received PooplinePackage(name=x, rnd=test.java.com.dougron.mucus.algorithms.TestRandom@72f46e16, json={}, repo={}, mu=
mu:x
PositionIsZero
LengthFromChildren: 0 bars
globalPositionInQuarters=0.0
ruler=null
mu count=0
muNotes:--none--
)
2022-03-04 23:44:39,969 INFO m.j.c.d.m.g.p.PhraseLengthRandom [main] Received PooplinePackage(name=x, rnd=test.java.com.dougron.mucus.algorithms.TestRandom@3c9168dc, json={}, repo={}, mu=
mu:x
PositionIsZero
LengthFromChildren: 0 bars
globalPositionInQuarters=0.0
ruler=null
mu count=0
muNotes:--none--
)
2022-03-04 23:44:39,973 INFO m.j.c.d.m.g.p.PhraseLengthRandom [main] Received PooplinePackage(name=x, rnd=test.java.com.dougron.mucus.algorithms.TestRandom@332a7fce, json={}, repo={}, mu=
mu:x
PositionIsZero
LengthFromChildren: 0 bars
globalPositionInQuarters=0.0
ruler=null
mu count=0
muNotes:--none--
)
2022-03-04 23:44:39,975 INFO m.j.c.d.m.g.p.PhraseLengthRandom [main] Received PooplinePackage(name=x, rnd=test.java.com.dougron.mucus.algorithms.TestRandom@549621f3, json={}, repo={}, mu=
mu:x
PositionIsZero
LengthFromChildren: 0 bars
globalPositionInQuarters=0.0
ruler=null
mu count=0
muNotes:--none--
)
2022-03-04 23:45:59,305 INFO m.j.c.d.m.g.p.XmlKeyRandom [main] Received PooplinePackage(name=x, rnd=test.java.com.dougron.mucus.algorithms.TestRandom@485a3466, json={}, repo={}, mu=
mu:x
PositionIsZero
LengthFromChildren: 0 bars
globalPositionInQuarters=0.0
ruler=null
mu count=0
muNotes:--none--
)
2022-03-04 23:47:02,991 INFO m.j.c.d.m.g.p.XmlKeyRandom [main] Received PooplinePackage(name=x, rnd=test.java.com.dougron.mucus.algorithms.TestRandom@675d8c96, json={}, repo={XMLKEY=main.java.com.dougron.mucus_experiments.generator_poopline.plugins.XmlKeyRepo@741b3bc3}, mu=
mu:x
PositionIsZero
FixedLength: -3 bars
globalPositionInQuarters=0.0
lengthInBarsAndBeats=BarsAndBeats [barPosition=-3, offsetInQuarters=0.0] 
timeSignatureList:null
timeSignatureListGenerator:
SingleTimeSignature:4/4
tsGenAndMap:
TimeSignatureListGenerator:
SingleTimeSignature:4/4
TimeSignatureList:
4/4__
tsMap;

tempoList:
TempoList
 -tempo=120.0 at 0.0 floatBars
hasTimeSignature=false
hasTempo=false

mu count=0
muNotes:--none--
)
2022-03-04 23:47:52,329 INFO m.j.c.d.m.g.p.PhraseLengthRandom [main] Received PooplinePackage(name=x, rnd=test.java.com.dougron.mucus.algorithms.TestRandom@37b70343, json={}, repo={}, mu=
mu:x
PositionIsZero
LengthFromChildren: 0 bars
globalPositionInQuarters=0.0
ruler=null
mu count=0
muNotes:--none--
)
2022-03-04 23:47:52,352 INFO m.j.c.d.m.g.p.PhraseLengthRandom [main] Received PooplinePackage(name=x, rnd=test.java.com.dougron.mucus.algorithms.TestRandom@165b2f7f, json={}, repo={PHRASE_LENGTH=main.java.com.dougron.mucus_experiments.generator_poopline.plugins.PhraseLengthRepo@5536379e}, mu=
mu:x
PositionIsZero
FixedLength: 4 bars
globalPositionInQuarters=0.0
lengthInBarsAndBeats=BarsAndBeats [barPosition=4, offsetInQuarters=0.0] 
timeSignatureList:null
timeSignatureListGenerator:
SingleTimeSignature:4/4
tsGenAndMap:
TimeSignatureListGenerator:
SingleTimeSignature:4/4
TimeSignatureList:
4/4__
tsMap;

tempoList:
TempoList
 -tempo=120.0 at 0.0 floatBars
hasTimeSignature=false
hasTempo=false

mu count=0
muNotes:--none--
)
2022-03-04 23:47:52,465 INFO m.j.c.d.m.g.p.PhraseLengthRandom [main] Received PooplinePackage(name=x, rnd=test.java.com.dougron.mucus.algorithms.TestRandom@4985cbcb, json={}, repo={}, mu=
mu:x
PositionIsZero
LengthFromChildren: 0 bars
globalPositionInQuarters=0.0
ruler=null
mu count=0
muNotes:--none--
)
2022-03-04 23:47:52,467 INFO m.j.c.d.m.g.p.PhraseLengthRandom [main] Received PooplinePackage(name=x, rnd=test.java.com.dougron.mucus.algorithms.TestRandom@72f46e16, json={}, repo={}, mu=
mu:x
PositionIsZero
LengthFromChildren: 0 bars
globalPositionInQuarters=0.0
ruler=null
mu count=0
muNotes:--none--
)
2022-03-04 23:47:52,469 INFO m.j.c.d.m.g.p.PhraseLengthRandom [main] Received PooplinePackage(name=x, rnd=test.java.com.dougron.mucus.algorithms.TestRandom@3c9168dc, json={}, repo={}, mu=
mu:x
PositionIsZero
LengthFromChildren: 0 bars
globalPositionInQuarters=0.0
ruler=null
mu count=0
muNotes:--none--
)
2022-03-04 23:47:52,474 INFO m.j.c.d.m.g.p.PhraseLengthRandom [main] Received PooplinePackage(name=x, rnd=test.java.com.dougron.mucus.algorithms.TestRandom@332a7fce, json={}, repo={}, mu=
mu:x
PositionIsZero
LengthFromChildren: 0 bars
globalPositionInQuarters=0.0
ruler=null
mu count=0
muNotes:--none--
)
2022-03-04 23:47:52,476 INFO m.j.c.d.m.g.p.PhraseLengthRandom [main] Received PooplinePackage(name=x, rnd=test.java.com.dougron.mucus.algorithms.TestRandom@549621f3, json={}, repo={}, mu=
mu:x
PositionIsZero
LengthFromChildren: 0 bars
globalPositionInQuarters=0.0
ruler=null
mu count=0
muNotes:--none--
)
