2022-03-03 22:58:15,836 INFO m.j.c.d.m.g.p.RandomPhraseLength [main] Received PooplinePackage(name=x, rnd=test.java.com.dougron.mucus.algorithms.TestRandom@306851c7, json={}, repo={}, mu=
mu:x
PositionIsZero
LengthFromChildren: 0 bars
globalPositionInQuarters=0.0
ruler=null
mu count=0
muNotes:--none--
)
2022-03-03 22:58:15,873 INFO m.j.c.d.m.g.p.RandomPhraseLength [main] Received PooplinePackage(name=x, rnd=test.java.com.dougron.mucus.algorithms.TestRandom@34a97744, json={}, repo={PHRASE_LENGTH=main.java.com.dougron.mucus_experiments.generator_poopline.plugins.PhraseLengthRepo@4275c20c}, mu=
mu:x
PositionIsZero
FixedLength: 4 bars
globalPositionInQuarters=0.0
lengthInBarsAndBeats=BarsAndBeats [barPosition=4, offsetInQuarters=0.0] 
timeSignatureList:null
timeSignatureListGenerator:
SingleTimeSignature:4/4
tsGenAndMap:
TimeSignatureListGenerator:
SingleTimeSignature:4/4
TimeSignatureList:
4/4__
tsMap;

tempoList:
TempoList
 -tempo=120.0 at 0.0 floatBars
hasTimeSignature=false
hasTempo=false

mu count=0
muNotes:--none--
)
2022-03-03 22:58:15,890 INFO m.j.c.d.m.g.p.RandomPhraseLength [main] Received PooplinePackage(name=x, rnd=test.java.com.dougron.mucus.algorithms.TestRandom@21d8bcbe, json={}, repo={}, mu=
mu:x
PositionIsZero
LengthFromChildren: 0 bars
globalPositionInQuarters=0.0
ruler=null
mu count=0
muNotes:--none--
)
2022-03-03 22:58:15,894 INFO m.j.c.d.m.g.p.RandomPhraseLength [main] Received PooplinePackage(name=x, rnd=test.java.com.dougron.mucus.algorithms.TestRandom@7383eae2, json={}, repo={}, mu=
mu:x
PositionIsZero
LengthFromChildren: 0 bars
globalPositionInQuarters=0.0
ruler=null
mu count=0
muNotes:--none--
)
2022-03-03 22:58:15,897 INFO m.j.c.d.m.g.p.RandomPhraseLength [main] Received PooplinePackage(name=x, rnd=test.java.com.dougron.mucus.algorithms.TestRandom@7c7d3c46, json={}, repo={}, mu=
mu:x
PositionIsZero
LengthFromChildren: 0 bars
globalPositionInQuarters=0.0
ruler=null
mu count=0
muNotes:--none--
)
2022-03-03 22:58:15,964 INFO m.j.c.d.m.g.p.RandomPhraseLength [main] Received PooplinePackage(name=x, rnd=test.java.com.dougron.mucus.algorithms.TestRandom@7997b197, json={}, repo={}, mu=
mu:x
PositionIsZero
LengthFromChildren: 0 bars
globalPositionInQuarters=0.0
ruler=null
mu count=0
muNotes:--none--
)
2022-03-03 22:58:15,972 INFO m.j.c.d.m.g.p.RandomPhraseLength [main] Received PooplinePackage(name=x, rnd=test.java.com.dougron.mucus.algorithms.TestRandom@460f76a6, json={}, repo={}, mu=
mu:x
PositionIsZero
LengthFromChildren: 0 bars
globalPositionInQuarters=0.0
ruler=null
mu count=0
muNotes:--none--
)
2022-03-03 22:58:15,977 INFO m.j.c.d.m.g.p.RandomPhraseLength [main] Received PooplinePackage(name=x, rnd=test.java.com.dougron.mucus.algorithms.TestRandom@11acdc30, json={}, repo={}, mu=
mu:x
PositionIsZero
LengthFromChildren: 0 bars
globalPositionInQuarters=0.0
ruler=null
mu count=0
muNotes:--none--
)
2022-03-03 23:08:05,036 INFO m.j.c.d.m.g.p.RandomPhraseLength [main] Received PooplinePackage(name=x, rnd=test.java.com.dougron.mucus.algorithms.TestRandom@306851c7, json={}, repo={}, mu=
mu:x
PositionIsZero
LengthFromChildren: 0 bars
globalPositionInQuarters=0.0
ruler=null
mu count=0
muNotes:--none--
)
2022-03-03 23:08:05,058 INFO m.j.c.d.m.g.p.RandomPhraseLength [main] Received PooplinePackage(name=x, rnd=test.java.com.dougron.mucus.algorithms.TestRandom@5536379e, json={}, repo={PHRASE_LENGTH=main.java.com.dougron.mucus_experiments.generator_poopline.plugins.PhraseLengthRepo@277f7dd3}, mu=
mu:x
PositionIsZero
FixedLength: 4 bars
globalPositionInQuarters=0.0
lengthInBarsAndBeats=BarsAndBeats [barPosition=4, offsetInQuarters=0.0] 
timeSignatureList:null
timeSignatureListGenerator:
SingleTimeSignature:4/4
tsGenAndMap:
TimeSignatureListGenerator:
SingleTimeSignature:4/4
TimeSignatureList:
4/4__
tsMap;

tempoList:
TempoList
 -tempo=120.0 at 0.0 floatBars
hasTimeSignature=false
hasTempo=false

mu count=0
muNotes:--none--
)
2022-03-03 23:08:05,078 INFO m.j.c.d.m.g.p.RandomPhraseLength [main] Received PooplinePackage(name=x, rnd=test.java.com.dougron.mucus.algorithms.TestRandom@4bf3798b, json={}, repo={}, mu=
mu:x
PositionIsZero
LengthFromChildren: 0 bars
globalPositionInQuarters=0.0
ruler=null
mu count=0
muNotes:--none--
)
2022-03-03 23:08:05,083 INFO m.j.c.d.m.g.p.RandomPhraseLength [main] Received PooplinePackage(name=x, rnd=test.java.com.dougron.mucus.algorithms.TestRandom@74e47444, json={}, repo={}, mu=
mu:x
PositionIsZero
LengthFromChildren: 0 bars
globalPositionInQuarters=0.0
ruler=null
mu count=0
muNotes:--none--
)
2022-03-03 23:08:05,086 INFO m.j.c.d.m.g.p.RandomPhraseLength [main] Received PooplinePackage(name=x, rnd=test.java.com.dougron.mucus.algorithms.TestRandom@59d2103b, json={}, repo={}, mu=
mu:x
PositionIsZero
LengthFromChildren: 0 bars
globalPositionInQuarters=0.0
ruler=null
mu count=0
muNotes:--none--
)
2022-03-03 23:08:05,163 INFO m.j.c.d.m.g.p.RandomPhraseLength [main] Received PooplinePackage(name=x, rnd=test.java.com.dougron.mucus.algorithms.TestRandom@7bf9b098, json={}, repo={}, mu=
mu:x
PositionIsZero
LengthFromChildren: 0 bars
globalPositionInQuarters=0.0
ruler=null
mu count=0
muNotes:--none--
)
2022-03-03 23:08:05,168 INFO m.j.c.d.m.g.p.RandomPhraseLength [main] Received PooplinePackage(name=x, rnd=test.java.com.dougron.mucus.algorithms.TestRandom@77307458, json={}, repo={}, mu=
mu:x
PositionIsZero
LengthFromChildren: 0 bars
globalPositionInQuarters=0.0
ruler=null
mu count=0
muNotes:--none--
)
2022-03-03 23:08:05,171 INFO m.j.c.d.m.g.p.RandomPhraseLength [main] Received PooplinePackage(name=x, rnd=test.java.com.dougron.mucus.algorithms.TestRandom@290b1b2e, json={}, repo={}, mu=
mu:x
PositionIsZero
LengthFromChildren: 0 bars
globalPositionInQuarters=0.0
ruler=null
mu count=0
muNotes:--none--
)
2022-03-03 23:08:27,568 INFO m.j.c.d.m.g.p.RandomPhraseLength [main] Received PooplinePackage(name=x, rnd=test.java.com.dougron.mucus.algorithms.TestRandom@306851c7, json={}, repo={}, mu=
mu:x
PositionIsZero
LengthFromChildren: 0 bars
globalPositionInQuarters=0.0
ruler=null
mu count=0
muNotes:--none--
)
2022-03-03 23:08:27,589 INFO m.j.c.d.m.g.p.RandomPhraseLength [main] Received PooplinePackage(name=x, rnd=test.java.com.dougron.mucus.algorithms.TestRandom@5536379e, json={}, repo={PHRASE_LENGTH=main.java.com.dougron.mucus_experiments.generator_poopline.plugins.PhraseLengthRepo@277f7dd3}, mu=
mu:x
PositionIsZero
FixedLength: 4 bars
globalPositionInQuarters=0.0
lengthInBarsAndBeats=BarsAndBeats [barPosition=4, offsetInQuarters=0.0] 
timeSignatureList:null
timeSignatureListGenerator:
SingleTimeSignature:4/4
tsGenAndMap:
TimeSignatureListGenerator:
SingleTimeSignature:4/4
TimeSignatureList:
4/4__
tsMap;

tempoList:
TempoList
 -tempo=120.0 at 0.0 floatBars
hasTimeSignature=false
hasTempo=false

mu count=0
muNotes:--none--
)
2022-03-03 23:08:27,670 INFO m.j.c.d.m.g.p.RandomPhraseLength [main] Received PooplinePackage(name=x, rnd=test.java.com.dougron.mucus.algorithms.TestRandom@72f46e16, json={}, repo={}, mu=
mu:x
PositionIsZero
LengthFromChildren: 0 bars
globalPositionInQuarters=0.0
ruler=null
mu count=0
muNotes:--none--
)
2022-03-03 23:08:27,678 INFO m.j.c.d.m.g.p.RandomPhraseLength [main] Received PooplinePackage(name=x, rnd=test.java.com.dougron.mucus.algorithms.TestRandom@5db4c359, json={}, repo={}, mu=
mu:x
PositionIsZero
LengthFromChildren: 0 bars
globalPositionInQuarters=0.0
ruler=null
mu count=0
muNotes:--none--
)
2022-03-03 23:08:27,681 INFO m.j.c.d.m.g.p.RandomPhraseLength [main] Received PooplinePackage(name=x, rnd=test.java.com.dougron.mucus.algorithms.TestRandom@18e7143f, json={}, repo={}, mu=
mu:x
PositionIsZero
LengthFromChildren: 0 bars
globalPositionInQuarters=0.0
ruler=null
mu count=0
muNotes:--none--
)
2022-03-03 23:08:27,695 INFO m.j.c.d.m.g.p.RandomPhraseLength [main] Received PooplinePackage(name=x, rnd=test.java.com.dougron.mucus.algorithms.TestRandom@cdc3aae, json={}, repo={}, mu=
mu:x
PositionIsZero
LengthFromChildren: 0 bars
globalPositionInQuarters=0.0
ruler=null
mu count=0
muNotes:--none--
)
2022-03-03 23:08:27,699 INFO m.j.c.d.m.g.p.RandomPhraseLength [main] Received PooplinePackage(name=x, rnd=test.java.com.dougron.mucus.algorithms.TestRandom@5dcbb60, json={}, repo={}, mu=
mu:x
PositionIsZero
LengthFromChildren: 0 bars
globalPositionInQuarters=0.0
ruler=null
mu count=0
muNotes:--none--
)
2022-03-03 23:08:27,702 INFO m.j.c.d.m.g.p.RandomPhraseLength [main] Received PooplinePackage(name=x, rnd=test.java.com.dougron.mucus.algorithms.TestRandom@21526f6c, json={}, repo={}, mu=
mu:x
PositionIsZero
LengthFromChildren: 0 bars
globalPositionInQuarters=0.0
ruler=null
mu count=0
muNotes:--none--
)
2022-03-03 23:09:54,881 INFO m.j.c.d.m.g.p.RandomPhraseLength [main] Received PooplinePackage(name=x, rnd=test.java.com.dougron.mucus.algorithms.TestRandom@306851c7, json={}, repo={}, mu=
mu:x
PositionIsZero
LengthFromChildren: 0 bars
globalPositionInQuarters=0.0
ruler=null
mu count=0
muNotes:--none--
)
2022-03-03 23:09:54,904 INFO m.j.c.d.m.g.p.RandomPhraseLength [main] Received PooplinePackage(name=x, rnd=test.java.com.dougron.mucus.algorithms.TestRandom@5536379e, json={}, repo={PHRASE_LENGTH=main.java.com.dougron.mucus_experiments.generator_poopline.plugins.PhraseLengthRepo@277f7dd3}, mu=
mu:x
PositionIsZero
FixedLength: 4 bars
globalPositionInQuarters=0.0
lengthInBarsAndBeats=BarsAndBeats [barPosition=4, offsetInQuarters=0.0] 
timeSignatureList:null
timeSignatureListGenerator:
SingleTimeSignature:4/4
tsGenAndMap:
TimeSignatureListGenerator:
SingleTimeSignature:4/4
TimeSignatureList:
4/4__
tsMap;

tempoList:
TempoList
 -tempo=120.0 at 0.0 floatBars
hasTimeSignature=false
hasTempo=false

mu count=0
muNotes:--none--
)
2022-03-03 23:09:54,988 INFO m.j.c.d.m.g.p.RandomPhraseLength [main] Received PooplinePackage(name=x, rnd=test.java.com.dougron.mucus.algorithms.TestRandom@72f46e16, json={}, repo={}, mu=
mu:x
PositionIsZero
LengthFromChildren: 0 bars
globalPositionInQuarters=0.0
ruler=null
mu count=0
muNotes:--none--
)
2022-03-03 23:09:54,990 INFO m.j.c.d.m.g.p.RandomPhraseLength [main] Received PooplinePackage(name=x, rnd=test.java.com.dougron.mucus.algorithms.TestRandom@3c9168dc, json={}, repo={}, mu=
mu:x
PositionIsZero
LengthFromChildren: 0 bars
globalPositionInQuarters=0.0
ruler=null
mu count=0
muNotes:--none--
)
2022-03-03 23:09:54,998 INFO m.j.c.d.m.g.p.RandomPhraseLength [main] Received PooplinePackage(name=x, rnd=test.java.com.dougron.mucus.algorithms.TestRandom@209775a9, json={}, repo={}, mu=
mu:x
PositionIsZero
LengthFromChildren: 0 bars
globalPositionInQuarters=0.0
ruler=null
mu count=0
muNotes:--none--
)
2022-03-03 23:09:55,010 INFO m.j.c.d.m.g.p.RandomPhraseLength [main] Received PooplinePackage(name=x, rnd=test.java.com.dougron.mucus.algorithms.TestRandom@a486d78, json={}, repo={}, mu=
mu:x
PositionIsZero
LengthFromChildren: 0 bars
globalPositionInQuarters=0.0
ruler=null
mu count=0
muNotes:--none--
)
2022-03-03 23:09:55,015 INFO m.j.c.d.m.g.p.RandomPhraseLength [main] Received PooplinePackage(name=x, rnd=test.java.com.dougron.mucus.algorithms.TestRandom@7ef2d7a6, json={}, repo={}, mu=
mu:x
PositionIsZero
LengthFromChildren: 0 bars
globalPositionInQuarters=0.0
ruler=null
mu count=0
muNotes:--none--
)
2022-03-03 23:09:55,018 INFO m.j.c.d.m.g.p.RandomPhraseLength [main] Received PooplinePackage(name=x, rnd=test.java.com.dougron.mucus.algorithms.TestRandom@4c36250e, json={}, repo={}, mu=
mu:x
PositionIsZero
LengthFromChildren: 0 bars
globalPositionInQuarters=0.0
ruler=null
mu count=0
muNotes:--none--
)
2022-03-03 23:12:00,296 INFO m.j.c.d.m.g.p.RandomPhraseLength [main] Received PooplinePackage(name=x, rnd=test.java.com.dougron.mucus.algorithms.TestRandom@306851c7, json={}, repo={}, mu=
mu:x
PositionIsZero
LengthFromChildren: 0 bars
globalPositionInQuarters=0.0
ruler=null
mu count=0
muNotes:--none--
)
2022-03-03 23:12:00,317 INFO m.j.c.d.m.g.p.RandomPhraseLength [main] Received PooplinePackage(name=x, rnd=test.java.com.dougron.mucus.algorithms.TestRandom@5536379e, json={}, repo={PHRASE_LENGTH=main.java.com.dougron.mucus_experiments.generator_poopline.plugins.PhraseLengthRepo@277f7dd3}, mu=
mu:x
PositionIsZero
FixedLength: 4 bars
globalPositionInQuarters=0.0
lengthInBarsAndBeats=BarsAndBeats [barPosition=4, offsetInQuarters=0.0] 
timeSignatureList:null
timeSignatureListGenerator:
SingleTimeSignature:4/4
tsGenAndMap:
TimeSignatureListGenerator:
SingleTimeSignature:4/4
TimeSignatureList:
4/4__
tsMap;

tempoList:
TempoList
 -tempo=120.0 at 0.0 floatBars
hasTimeSignature=false
hasTempo=false

mu count=0
muNotes:--none--
)
2022-03-03 23:12:00,427 INFO m.j.c.d.m.g.p.RandomPhraseLength [main] Received PooplinePackage(name=x, rnd=test.java.com.dougron.mucus.algorithms.TestRandom@72f46e16, json={}, repo={}, mu=
mu:x
PositionIsZero
LengthFromChildren: 0 bars
globalPositionInQuarters=0.0
ruler=null
mu count=0
muNotes:--none--
)
2022-03-03 23:12:00,429 INFO m.j.c.d.m.g.p.RandomPhraseLength [main] Received PooplinePackage(name=x, rnd=test.java.com.dougron.mucus.algorithms.TestRandom@3c9168dc, json={}, repo={}, mu=
mu:x
PositionIsZero
LengthFromChildren: 0 bars
globalPositionInQuarters=0.0
ruler=null
mu count=0
muNotes:--none--
)
2022-03-03 23:12:00,432 INFO m.j.c.d.m.g.p.RandomPhraseLength [main] Received PooplinePackage(name=x, rnd=test.java.com.dougron.mucus.algorithms.TestRandom@332a7fce, json={}, repo={}, mu=
mu:x
PositionIsZero
LengthFromChildren: 0 bars
globalPositionInQuarters=0.0
ruler=null
mu count=0
muNotes:--none--
)
2022-03-03 23:12:00,447 INFO m.j.c.d.m.g.p.RandomPhraseLength [main] Received PooplinePackage(name=x, rnd=test.java.com.dougron.mucus.algorithms.TestRandom@2f08c4b, json={}, repo={}, mu=
mu:x
PositionIsZero
LengthFromChildren: 0 bars
globalPositionInQuarters=0.0
ruler=null
mu count=0
muNotes:--none--
)
2022-03-03 23:12:00,451 INFO m.j.c.d.m.g.p.RandomPhraseLength [main] Received PooplinePackage(name=x, rnd=test.java.com.dougron.mucus.algorithms.TestRandom@3f19b8b3, json={}, repo={}, mu=
mu:x
PositionIsZero
LengthFromChildren: 0 bars
globalPositionInQuarters=0.0
ruler=null
mu count=0
muNotes:--none--
)
2022-03-03 23:12:00,454 INFO m.j.c.d.m.g.p.RandomPhraseLength [main] Received PooplinePackage(name=x, rnd=test.java.com.dougron.mucus.algorithms.TestRandom@7ef2d7a6, json={}, repo={}, mu=
mu:x
PositionIsZero
LengthFromChildren: 0 bars
globalPositionInQuarters=0.0
ruler=null
mu count=0
muNotes:--none--
)
2022-03-03 23:13:33,676 INFO m.j.c.d.m.g.p.RandomPhraseLength [main] Received PooplinePackage(name=x, rnd=test.java.com.dougron.mucus.algorithms.TestRandom@37b70343, json={}, repo={}, mu=
mu:x
PositionIsZero
LengthFromChildren: 0 bars
globalPositionInQuarters=0.0
ruler=null
mu count=0
muNotes:--none--
)
2022-03-03 23:13:33,697 INFO m.j.c.d.m.g.p.RandomPhraseLength [main] Received PooplinePackage(name=x, rnd=test.java.com.dougron.mucus.algorithms.TestRandom@165b2f7f, json={}, repo={PHRASE_LENGTH=main.java.com.dougron.mucus_experiments.generator_poopline.plugins.PhraseLengthRepo@5536379e}, mu=
mu:x
PositionIsZero
FixedLength: 4 bars
globalPositionInQuarters=0.0
lengthInBarsAndBeats=BarsAndBeats [barPosition=4, offsetInQuarters=0.0] 
timeSignatureList:null
timeSignatureListGenerator:
SingleTimeSignature:4/4
tsGenAndMap:
TimeSignatureListGenerator:
SingleTimeSignature:4/4
TimeSignatureList:
4/4__
tsMap;

tempoList:
TempoList
 -tempo=120.0 at 0.0 floatBars
hasTimeSignature=false
hasTempo=false

mu count=0
muNotes:--none--
)
2022-03-03 23:13:33,785 INFO m.j.c.d.m.g.p.RandomPhraseLength [main] Received PooplinePackage(name=x, rnd=test.java.com.dougron.mucus.algorithms.TestRandom@4985cbcb, json={}, repo={}, mu=
mu:x
PositionIsZero
LengthFromChildren: 0 bars
globalPositionInQuarters=0.0
ruler=null
mu count=0
muNotes:--none--
)
2022-03-03 23:13:33,789 INFO m.j.c.d.m.g.p.RandomPhraseLength [main] Received PooplinePackage(name=x, rnd=test.java.com.dougron.mucus.algorithms.TestRandom@72f46e16, json={}, repo={}, mu=
mu:x
PositionIsZero
LengthFromChildren: 0 bars
globalPositionInQuarters=0.0
ruler=null
mu count=0
muNotes:--none--
)
2022-03-03 23:13:33,792 INFO m.j.c.d.m.g.p.RandomPhraseLength [main] Received PooplinePackage(name=x, rnd=test.java.com.dougron.mucus.algorithms.TestRandom@3c9168dc, json={}, repo={}, mu=
mu:x
PositionIsZero
LengthFromChildren: 0 bars
globalPositionInQuarters=0.0
ruler=null
mu count=0
muNotes:--none--
)
2022-03-03 23:13:33,796 INFO m.j.c.d.m.g.p.RandomPhraseLength [main] Received PooplinePackage(name=x, rnd=test.java.com.dougron.mucus.algorithms.TestRandom@332a7fce, json={}, repo={}, mu=
mu:x
PositionIsZero
LengthFromChildren: 0 bars
globalPositionInQuarters=0.0
ruler=null
mu count=0
muNotes:--none--
)
2022-03-03 23:13:33,799 INFO m.j.c.d.m.g.p.RandomPhraseLength [main] Received PooplinePackage(name=x, rnd=test.java.com.dougron.mucus.algorithms.TestRandom@549621f3, json={}, repo={}, mu=
mu:x
PositionIsZero
LengthFromChildren: 0 bars
globalPositionInQuarters=0.0
ruler=null
mu count=0
muNotes:--none--
)
2022-03-03 23:15:18,125 INFO m.j.c.d.m.g.p.RandomPhraseLength [main] Received PooplinePackage(name=x, rnd=test.java.com.dougron.mucus.algorithms.TestRandom@37b70343, json={}, repo={}, mu=
mu:x
PositionIsZero
LengthFromChildren: 0 bars
globalPositionInQuarters=0.0
ruler=null
mu count=0
muNotes:--none--
)
2022-03-03 23:15:18,148 INFO m.j.c.d.m.g.p.RandomPhraseLength [main] Received PooplinePackage(name=x, rnd=test.java.com.dougron.mucus.algorithms.TestRandom@165b2f7f, json={}, repo={PHRASE_LENGTH=main.java.com.dougron.mucus_experiments.generator_poopline.plugins.PhraseLengthRepo@5536379e}, mu=
mu:x
PositionIsZero
FixedLength: 4 bars
globalPositionInQuarters=0.0
lengthInBarsAndBeats=BarsAndBeats [barPosition=4, offsetInQuarters=0.0] 
timeSignatureList:null
timeSignatureListGenerator:
SingleTimeSignature:4/4
tsGenAndMap:
TimeSignatureListGenerator:
SingleTimeSignature:4/4
TimeSignatureList:
4/4__
tsMap;

tempoList:
TempoList
 -tempo=120.0 at 0.0 floatBars
hasTimeSignature=false
hasTempo=false

mu count=0
muNotes:--none--
)
2022-03-03 23:15:18,235 INFO m.j.c.d.m.g.p.RandomPhraseLength [main] Received PooplinePackage(name=x, rnd=test.java.com.dougron.mucus.algorithms.TestRandom@4985cbcb, json={}, repo={}, mu=
mu:x
PositionIsZero
LengthFromChildren: 0 bars
globalPositionInQuarters=0.0
ruler=null
mu count=0
muNotes:--none--
)
2022-03-03 23:15:18,238 INFO m.j.c.d.m.g.p.RandomPhraseLength [main] Received PooplinePackage(name=x, rnd=test.java.com.dougron.mucus.algorithms.TestRandom@72f46e16, json={}, repo={}, mu=
mu:x
PositionIsZero
LengthFromChildren: 0 bars
globalPositionInQuarters=0.0
ruler=null
mu count=0
muNotes:--none--
)
2022-03-03 23:15:18,241 INFO m.j.c.d.m.g.p.RandomPhraseLength [main] Received PooplinePackage(name=x, rnd=test.java.com.dougron.mucus.algorithms.TestRandom@3c9168dc, json={}, repo={}, mu=
mu:x
PositionIsZero
LengthFromChildren: 0 bars
globalPositionInQuarters=0.0
ruler=null
mu count=0
muNotes:--none--
)
2022-03-03 23:15:18,246 INFO m.j.c.d.m.g.p.RandomPhraseLength [main] Received PooplinePackage(name=x, rnd=test.java.com.dougron.mucus.algorithms.TestRandom@332a7fce, json={}, repo={}, mu=
mu:x
PositionIsZero
LengthFromChildren: 0 bars
globalPositionInQuarters=0.0
ruler=null
mu count=0
muNotes:--none--
)
2022-03-03 23:15:18,249 INFO m.j.c.d.m.g.p.RandomPhraseLength [main] Received PooplinePackage(name=x, rnd=test.java.com.dougron.mucus.algorithms.TestRandom@549621f3, json={}, repo={}, mu=
mu:x
PositionIsZero
LengthFromChildren: 0 bars
globalPositionInQuarters=0.0
ruler=null
mu count=0
muNotes:--none--
)
