2022-02-01 22:02:26,957 INFO m.j.c.d.m.Mu041_ControllerDemo [main] I'm working
2022-02-01 22:04:17,745 INFO m.j.c.d.m.Mu041_ControllerDemo [main] I'm working: 20220201_220417741
2022-02-01 22:04:30,086 INFO m.j.c.d.m.m.LoggerOutputManager [main] outputToPlayback:20220201_220417741

mu:bot_0
PositionIsZero
FixedLength: 10 bars
globalPositionInQuarters=0.0
lengthInBarsAndBeats=BarsAndBeats [barPosition=10, offsetInQuarters=0.0] 
timeSignatureList:null
timeSignatureListGenerator:
SingleTimeSignature:4/4
tsGenAndMap:
TimeSignatureListGenerator:
SingleTimeSignature:4/4
TimeSignatureList:
4/4__
tsMap;
bar=0: 5/4
bar=1: 5/4
bar=2: 5/4
bar=3: 5/4
bar=4: 5/4
bar=5: 5/4
bar=6: 5/4
bar=7: 5/4
bar=8: 5/4
bar=9: 5/4

tempoList:
TempoList
 -tempo=96.0 at 0.0 floatBars
hasTimeSignature=true
hasTempo=true

mu count=4
muNotes:--none--
HAS_MULTIPART_CHILDREN,

2022-02-01 22:08:16,773 INFO m.j.c.d.m.Mu041_ControllerDemo [main] I'm working: 20220201_220816767
2022-02-01 22:14:43,335 INFO m.j.c.d.m.Mu041_ControllerDemo [main] I'm working: 20220201_221443329
