2022-02-26 23:06:55,337 INFO m.j.c.d.m.g.p.RandomPhraseLength [main] Received PooplinePackage(name=x, rnd=test.java.com.dougron.mucus.algorithms.TestRandom@5c3b6c6e, json={}, mu=
mu:x
PositionIsZero
LengthFromChildren: 0 bars
globalPositionInQuarters=0.0
ruler=null
mu count=0
muNotes:--none--
)
2022-02-26 23:06:55,377 INFO m.j.c.d.m.g.p.RandomXMLKey [main] Received PooplinePackage(name=x, rnd=test.java.com.dougron.mucus.algorithms.TestRandom@5c3b6c6e, json={"PHRASE_LENGTH":{"random_seed":{"type":"double","value":0.2},"selected_option":4,"options":{"type":"int_array","values":[2,3,4,5,6,7,8,9,10,11,12]},"plugin":{"class_name":"main.java.com.dougron.mucus_experiments.generator_poopline.plugins.RandomPhraseLength"}}}, mu=
mu:x
PositionIsZero
FixedLength: 4 bars
globalPositionInQuarters=0.0
lengthInBarsAndBeats=BarsAndBeats [barPosition=4, offsetInQuarters=0.0] 
timeSignatureList:null
timeSignatureListGenerator:
SingleTimeSignature:4/4
tsGenAndMap:
TimeSignatureListGenerator:
SingleTimeSignature:4/4
TimeSignatureList:
4/4__
tsMap;

tempoList:
TempoList
 -tempo=120.0 at 0.0 floatBars
hasTimeSignature=false
hasTempo=false

mu count=0
muNotes:--none--
)
2022-02-26 23:06:55,380 INFO m.j.c.d.m.g.p.RandomDiatonicTriadProgression [main] Received PooplinePackage(name=x, rnd=test.java.com.dougron.mucus.algorithms.TestRandom@34a97744, json={"PHRASE_LENGTH":{"random_seed":{"type":"double","value":0.2},"selected_option":4,"options":{"type":"int_array","values":[2,3,4,5,6,7,8,9,10,11,12]},"plugin":{"class_name":"main.java.com.dougron.mucus_experiments.generator_poopline.plugins.RandomPhraseLength"}},"XMLKEY":{"random_seed":{"type":"double","value":0.2},"selected_option":-3,"options":{"type":"int_array","values":[-5,-4,-3,-2,-1,0,1,2,3,4,5,6]},"plugin":{"class_name":"main.java.com.dougron.mucus_experiments.generator_poopline.plugins.RandomXMLKey"}}}, mu=
mu:x
PositionIsZero
FixedLength: 4 bars
globalPositionInQuarters=0.0
lengthInBarsAndBeats=BarsAndBeats [barPosition=4, offsetInQuarters=0.0] 
timeSignatureList:null
timeSignatureListGenerator:
SingleTimeSignature:4/4
tsGenAndMap:
TimeSignatureListGenerator:
SingleTimeSignature:4/4
TimeSignatureList:
4/4__
tsMap;

tempoList:
TempoList
 -tempo=120.0 at 0.0 floatBars
hasTimeSignature=false
hasTempo=false

mu count=0
muNotes:--none--
)
2022-02-26 23:06:55,505 INFO m.j.c.d.m.g.p.RandomPhraseLength [main] Received PooplinePackage(name=x, rnd=test.java.com.dougron.mucus.algorithms.TestRandom@29cfd92b, json={}, mu=
mu:x
PositionIsZero
LengthFromChildren: 0 bars
globalPositionInQuarters=0.0
ruler=null
mu count=0
muNotes:--none--
)
2022-02-26 23:06:55,506 INFO m.j.c.d.m.g.p.RandomDiatonicTriadProgression [main] Received PooplinePackage(name=x, rnd=test.java.com.dougron.mucus.algorithms.TestRandom@21c64522, json={"PHRASE_LENGTH":{"random_seed":{"type":"double","value":0.2},"selected_option":4,"options":{"type":"int_array","values":[2,3,4,5,6,7,8,9,10,11,12]},"plugin":{"class_name":"main.java.com.dougron.mucus_experiments.generator_poopline.plugins.RandomPhraseLength"}}}, mu=
mu:x
PositionIsZero
FixedLength: 4 bars
globalPositionInQuarters=0.0
lengthInBarsAndBeats=BarsAndBeats [barPosition=4, offsetInQuarters=0.0] 
timeSignatureList:null
timeSignatureListGenerator:
SingleTimeSignature:4/4
tsGenAndMap:
TimeSignatureListGenerator:
SingleTimeSignature:4/4
TimeSignatureList:
4/4__
tsMap;

tempoList:
TempoList
 -tempo=120.0 at 0.0 floatBars
hasTimeSignature=false
hasTempo=false

mu count=0
muNotes:--none--
)
2022-02-26 23:06:55,506 INFO m.j.c.d.m.g.p.PlugGeneric [main] Did not receive required parameter XMLKEY
2022-02-26 23:06:55,512 INFO m.j.c.d.m.g.p.RandomDiatonicTriadProgression [main] Received PooplinePackage(name=x, rnd=test.java.com.dougron.mucus.algorithms.TestRandom@11dee337, json={}, mu=
mu:x
PositionIsZero
LengthFromChildren: 0 bars
globalPositionInQuarters=0.0
ruler=null
mu count=0
muNotes:--none--
)
2022-02-26 23:06:55,512 INFO m.j.c.d.m.g.p.PlugGeneric [main] Did not receive required parameter PHRASE_LENGTH
2022-02-26 23:06:55,512 INFO m.j.c.d.m.g.p.PlugGeneric [main] Did not receive required parameter XMLKEY
2022-02-26 23:06:55,515 INFO m.j.c.d.m.g.p.RandomXMLKey [main] Received PooplinePackage(name=x, rnd=test.java.com.dougron.mucus.algorithms.TestRandom@460f76a6, json={}, mu=
mu:x
PositionIsZero
LengthFromChildren: 0 bars
globalPositionInQuarters=0.0
ruler=null
mu count=0
muNotes:--none--
)
2022-02-26 23:06:55,515 INFO m.j.c.d.m.g.p.RandomDiatonicTriadProgression [main] Received PooplinePackage(name=x, rnd=test.java.com.dougron.mucus.algorithms.TestRandom@55f3c410, json={"XMLKEY":{"random_seed":{"type":"double","value":0.2},"selected_option":-3,"options":{"type":"int_array","values":[-5,-4,-3,-2,-1,0,1,2,3,4,5,6]},"plugin":{"class_name":"main.java.com.dougron.mucus_experiments.generator_poopline.plugins.RandomXMLKey"}}}, mu=
mu:x
PositionIsZero
LengthFromChildren: 0 bars
globalPositionInQuarters=0.0
ruler=null
mu count=0
muNotes:--none--
)
2022-02-26 23:06:55,515 INFO m.j.c.d.m.g.p.PlugGeneric [main] Did not receive required parameter PHRASE_LENGTH
2022-02-26 23:09:52,885 INFO m.j.c.d.m.g.p.RandomPhraseLength [main] Received PooplinePackage(name=x, rnd=test.java.com.dougron.mucus.algorithms.TestRandom@546ccad7, json={}, mu=
mu:x
PositionIsZero
LengthFromChildren: 0 bars
globalPositionInQuarters=0.0
ruler=null
mu count=0
muNotes:--none--
)
2022-02-26 23:09:52,911 INFO m.j.c.d.m.g.p.RandomXMLKey [main] Received PooplinePackage(name=x, rnd=test.java.com.dougron.mucus.algorithms.TestRandom@546ccad7, json={"PHRASE_LENGTH":{"random_seed":{"type":"double","value":0.2},"selected_option":4,"options":{"type":"int_array","values":[2,3,4,5,6,7,8,9,10,11,12]},"plugin":{"class_name":"main.java.com.dougron.mucus_experiments.generator_poopline.plugins.RandomPhraseLength"}}}, mu=
mu:x
PositionIsZero
FixedLength: 4 bars
globalPositionInQuarters=0.0
lengthInBarsAndBeats=BarsAndBeats [barPosition=4, offsetInQuarters=0.0] 
timeSignatureList:null
timeSignatureListGenerator:
SingleTimeSignature:4/4
tsGenAndMap:
TimeSignatureListGenerator:
SingleTimeSignature:4/4
TimeSignatureList:
4/4__
tsMap;

tempoList:
TempoList
 -tempo=120.0 at 0.0 floatBars
hasTimeSignature=false
hasTempo=false

mu count=0
muNotes:--none--
)
2022-02-26 23:10:53,613 INFO m.j.c.d.m.g.p.RandomDiatonicTriadProgression [main] Received PooplinePackage(name=x, rnd=test.java.com.dougron.mucus.algorithms.TestRandom@675d8c96, json={"PHRASE_LENGTH":{"random_seed":{"type":"double","value":0.2},"selected_option":4,"options":{"type":"int_array","values":[2,3,4,5,6,7,8,9,10,11,12]},"plugin":{"class_name":"main.java.com.dougron.mucus_experiments.generator_poopline.plugins.RandomPhraseLength"}},"XMLKEY":{"random_seed":{"type":"double","value":0.2},"selected_option":-3,"options":{"type":"int_array","values":[-5,-4,-3,-2,-1,0,1,2,3,4,5,6]},"plugin":{"class_name":"main.java.com.dougron.mucus_experiments.generator_poopline.plugins.RandomXMLKey"}}}, mu=
mu:x
PositionIsZero
FixedLength: 4 bars
globalPositionInQuarters=0.0
lengthInBarsAndBeats=BarsAndBeats [barPosition=4, offsetInQuarters=0.0] 
timeSignatureList:null
timeSignatureListGenerator:
SingleTimeSignature:4/4
tsGenAndMap:
TimeSignatureListGenerator:
SingleTimeSignature:4/4
TimeSignatureList:
4/4__
tsMap;

tempoList:
TempoList
 -tempo=120.0 at 0.0 floatBars
hasTimeSignature=false
hasTempo=false

mu count=0
muNotes:--none--
)
2022-02-26 23:24:58,178 INFO m.j.c.d.m.g.p.RandomPhraseLength [main] Received PooplinePackage(name=x, rnd=test.java.com.dougron.mucus.algorithms.TestRandom@5c3b6c6e, json={}, mu=
mu:x
PositionIsZero
LengthFromChildren: 0 bars
globalPositionInQuarters=0.0
ruler=null
mu count=0
muNotes:--none--
)
2022-02-26 23:24:58,198 INFO m.j.c.d.m.g.p.RandomXMLKey [main] Received PooplinePackage(name=x, rnd=test.java.com.dougron.mucus.algorithms.TestRandom@5c3b6c6e, json={"PHRASE_LENGTH":{"random_seed":{"type":"double","value":0.2},"selected_option":4,"options":{"type":"int_array","values":[2,3,4,5,6,7,8,9,10,11,12]},"plugin":{"class_name":"main.java.com.dougron.mucus_experiments.generator_poopline.plugins.RandomPhraseLength"}}}, mu=
mu:x
PositionIsZero
FixedLength: 4 bars
globalPositionInQuarters=0.0
lengthInBarsAndBeats=BarsAndBeats [barPosition=4, offsetInQuarters=0.0] 
timeSignatureList:null
timeSignatureListGenerator:
SingleTimeSignature:4/4
tsGenAndMap:
TimeSignatureListGenerator:
SingleTimeSignature:4/4
TimeSignatureList:
4/4__
tsMap;

tempoList:
TempoList
 -tempo=120.0 at 0.0 floatBars
hasTimeSignature=false
hasTempo=false

mu count=0
muNotes:--none--
)
2022-02-26 23:24:58,199 INFO m.j.c.d.m.g.p.RandomDiatonicTriadProgression [main] Received PooplinePackage(name=x, rnd=test.java.com.dougron.mucus.algorithms.TestRandom@5536379e, json={"PHRASE_LENGTH":{"random_seed":{"type":"double","value":0.2},"selected_option":4,"options":{"type":"int_array","values":[2,3,4,5,6,7,8,9,10,11,12]},"plugin":{"class_name":"main.java.com.dougron.mucus_experiments.generator_poopline.plugins.RandomPhraseLength"}},"XMLKEY":{"random_seed":{"type":"double","value":0.2},"selected_option":-3,"options":{"type":"int_array","values":[-5,-4,-3,-2,-1,0,1,2,3,4,5,6]},"plugin":{"class_name":"main.java.com.dougron.mucus_experiments.generator_poopline.plugins.RandomXMLKey"}}}, mu=
mu:x
PositionIsZero
FixedLength: 4 bars
globalPositionInQuarters=0.0
lengthInBarsAndBeats=BarsAndBeats [barPosition=4, offsetInQuarters=0.0] 
timeSignatureList:null
timeSignatureListGenerator:
SingleTimeSignature:4/4
tsGenAndMap:
TimeSignatureListGenerator:
SingleTimeSignature:4/4
TimeSignatureList:
4/4__
tsMap;

tempoList:
TempoList
 -tempo=120.0 at 0.0 floatBars
hasTimeSignature=false
hasTempo=false

mu count=0
muNotes:--none--
)
2022-02-26 23:24:58,301 INFO m.j.c.d.m.g.p.RandomPhraseLength [main] Received PooplinePackage(name=x, rnd=test.java.com.dougron.mucus.algorithms.TestRandom@6e9319f, json={}, mu=
mu:x
PositionIsZero
LengthFromChildren: 0 bars
globalPositionInQuarters=0.0
ruler=null
mu count=0
muNotes:--none--
)
2022-02-26 23:24:58,301 INFO m.j.c.d.m.g.p.RandomDiatonicTriadProgression [main] Received PooplinePackage(name=x, rnd=test.java.com.dougron.mucus.algorithms.TestRandom@72e34f77, json={"PHRASE_LENGTH":{"random_seed":{"type":"double","value":0.2},"selected_option":4,"options":{"type":"int_array","values":[2,3,4,5,6,7,8,9,10,11,12]},"plugin":{"class_name":"main.java.com.dougron.mucus_experiments.generator_poopline.plugins.RandomPhraseLength"}}}, mu=
mu:x
PositionIsZero
FixedLength: 4 bars
globalPositionInQuarters=0.0
lengthInBarsAndBeats=BarsAndBeats [barPosition=4, offsetInQuarters=0.0] 
timeSignatureList:null
timeSignatureListGenerator:
SingleTimeSignature:4/4
tsGenAndMap:
TimeSignatureListGenerator:
SingleTimeSignature:4/4
TimeSignatureList:
4/4__
tsMap;

tempoList:
TempoList
 -tempo=120.0 at 0.0 floatBars
hasTimeSignature=false
hasTempo=false

mu count=0
muNotes:--none--
)
2022-02-26 23:24:58,302 INFO m.j.c.d.m.g.p.PlugGeneric [main] Did not receive required parameter XMLKEY
2022-02-26 23:24:58,302 INFO m.j.c.d.m.g.p.PlugGeneric [main] Did not receive required parameter XMLKEY
2022-02-26 23:24:58,307 INFO m.j.c.d.m.g.p.RandomDiatonicTriadProgression [main] Received PooplinePackage(name=x, rnd=test.java.com.dougron.mucus.algorithms.TestRandom@389adf1d, json={}, mu=
mu:x
PositionIsZero
LengthFromChildren: 0 bars
globalPositionInQuarters=0.0
ruler=null
mu count=0
muNotes:--none--
)
2022-02-26 23:24:58,307 INFO m.j.c.d.m.g.p.PlugGeneric [main] Did not receive required parameter PHRASE_LENGTH
2022-02-26 23:24:58,307 INFO m.j.c.d.m.g.p.PlugGeneric [main] Did not receive required parameter XMLKEY
2022-02-26 23:24:58,308 INFO m.j.c.d.m.g.p.PlugGeneric [main] Did not receive required parameter PHRASE_LENGTH
2022-02-26 23:24:58,308 INFO m.j.c.d.m.g.p.PlugGeneric [main] Did not receive required parameter XMLKEY
2022-02-26 23:24:58,310 INFO m.j.c.d.m.g.p.RandomXMLKey [main] Received PooplinePackage(name=x, rnd=test.java.com.dougron.mucus.algorithms.TestRandom@77307458, json={}, mu=
mu:x
PositionIsZero
LengthFromChildren: 0 bars
globalPositionInQuarters=0.0
ruler=null
mu count=0
muNotes:--none--
)
2022-02-26 23:24:58,311 INFO m.j.c.d.m.g.p.RandomDiatonicTriadProgression [main] Received PooplinePackage(name=x, rnd=test.java.com.dougron.mucus.algorithms.TestRandom@1fc0053e, json={"XMLKEY":{"random_seed":{"type":"double","value":0.2},"selected_option":-3,"options":{"type":"int_array","values":[-5,-4,-3,-2,-1,0,1,2,3,4,5,6]},"plugin":{"class_name":"main.java.com.dougron.mucus_experiments.generator_poopline.plugins.RandomXMLKey"}}}, mu=
mu:x
PositionIsZero
LengthFromChildren: 0 bars
globalPositionInQuarters=0.0
ruler=null
mu count=0
muNotes:--none--
)
2022-02-26 23:24:58,311 INFO m.j.c.d.m.g.p.PlugGeneric [main] Did not receive required parameter PHRASE_LENGTH
2022-02-26 23:24:58,311 INFO m.j.c.d.m.g.p.PlugGeneric [main] Did not receive required parameter PHRASE_LENGTH
2022-02-26 23:28:44,151 INFO m.j.c.d.m.g.p.RandomPhraseLength [main] Received PooplinePackage(name=x, rnd=test.java.com.dougron.mucus.algorithms.TestRandom@5c3b6c6e, json={}, mu=
mu:x
PositionIsZero
LengthFromChildren: 0 bars
globalPositionInQuarters=0.0
ruler=null
mu count=0
muNotes:--none--
)
2022-02-26 23:28:44,176 INFO m.j.c.d.m.g.p.RandomXMLKey [main] Received PooplinePackage(name=x, rnd=test.java.com.dougron.mucus.algorithms.TestRandom@5c3b6c6e, json={"PHRASE_LENGTH":{"random_seed":{"type":"double","value":0.2},"selected_option":4,"options":{"type":"int_array","values":[2,3,4,5,6,7,8,9,10,11,12]},"plugin":{"class_name":"main.java.com.dougron.mucus_experiments.generator_poopline.plugins.RandomPhraseLength"}}}, mu=
mu:x
PositionIsZero
FixedLength: 4 bars
globalPositionInQuarters=0.0
lengthInBarsAndBeats=BarsAndBeats [barPosition=4, offsetInQuarters=0.0] 
timeSignatureList:null
timeSignatureListGenerator:
SingleTimeSignature:4/4
tsGenAndMap:
TimeSignatureListGenerator:
SingleTimeSignature:4/4
TimeSignatureList:
4/4__
tsMap;

tempoList:
TempoList
 -tempo=120.0 at 0.0 floatBars
hasTimeSignature=false
hasTempo=false

mu count=0
muNotes:--none--
)
2022-02-26 23:28:44,177 INFO m.j.c.d.m.g.p.RandomDiatonicTriadProgression [main] Received PooplinePackage(name=x, rnd=test.java.com.dougron.mucus.algorithms.TestRandom@5536379e, json={"PHRASE_LENGTH":{"random_seed":{"type":"double","value":0.2},"selected_option":4,"options":{"type":"int_array","values":[2,3,4,5,6,7,8,9,10,11,12]},"plugin":{"class_name":"main.java.com.dougron.mucus_experiments.generator_poopline.plugins.RandomPhraseLength"}},"XMLKEY":{"random_seed":{"type":"double","value":0.2},"selected_option":-3,"options":{"type":"int_array","values":[-5,-4,-3,-2,-1,0,1,2,3,4,5,6]},"plugin":{"class_name":"main.java.com.dougron.mucus_experiments.generator_poopline.plugins.RandomXMLKey"}}}, mu=
mu:x
PositionIsZero
FixedLength: 4 bars
globalPositionInQuarters=0.0
lengthInBarsAndBeats=BarsAndBeats [barPosition=4, offsetInQuarters=0.0] 
timeSignatureList:null
timeSignatureListGenerator:
SingleTimeSignature:4/4
tsGenAndMap:
TimeSignatureListGenerator:
SingleTimeSignature:4/4
TimeSignatureList:
4/4__
tsMap;

tempoList:
TempoList
 -tempo=120.0 at 0.0 floatBars
hasTimeSignature=false
hasTempo=false

mu count=0
muNotes:--none--
)
2022-02-26 23:28:44,271 INFO m.j.c.d.m.g.p.RandomPhraseLength [main] Received PooplinePackage(name=x, rnd=test.java.com.dougron.mucus.algorithms.TestRandom@6e9319f, json={}, mu=
mu:x
PositionIsZero
LengthFromChildren: 0 bars
globalPositionInQuarters=0.0
ruler=null
mu count=0
muNotes:--none--
)
2022-02-26 23:28:44,272 INFO m.j.c.d.m.g.p.RandomDiatonicTriadProgression [main] Received PooplinePackage(name=x, rnd=test.java.com.dougron.mucus.algorithms.TestRandom@72e34f77, json={"PHRASE_LENGTH":{"random_seed":{"type":"double","value":0.2},"selected_option":4,"options":{"type":"int_array","values":[2,3,4,5,6,7,8,9,10,11,12]},"plugin":{"class_name":"main.java.com.dougron.mucus_experiments.generator_poopline.plugins.RandomPhraseLength"}}}, mu=
mu:x
PositionIsZero
FixedLength: 4 bars
globalPositionInQuarters=0.0
lengthInBarsAndBeats=BarsAndBeats [barPosition=4, offsetInQuarters=0.0] 
timeSignatureList:null
timeSignatureListGenerator:
SingleTimeSignature:4/4
tsGenAndMap:
TimeSignatureListGenerator:
SingleTimeSignature:4/4
TimeSignatureList:
4/4__
tsMap;

tempoList:
TempoList
 -tempo=120.0 at 0.0 floatBars
hasTimeSignature=false
hasTempo=false

mu count=0
muNotes:--none--
)
2022-02-26 23:28:44,273 INFO m.j.c.d.m.g.p.PlugGeneric [main] Did not receive required parameter XMLKEY
2022-02-26 23:28:44,273 INFO m.j.c.d.m.g.p.PlugGeneric [main] Did not receive required parameter XMLKEY
2022-02-26 23:28:44,278 INFO m.j.c.d.m.g.p.RandomDiatonicTriadProgression [main] Received PooplinePackage(name=x, rnd=test.java.com.dougron.mucus.algorithms.TestRandom@389adf1d, json={}, mu=
mu:x
PositionIsZero
LengthFromChildren: 0 bars
globalPositionInQuarters=0.0
ruler=null
mu count=0
muNotes:--none--
)
2022-02-26 23:28:44,279 INFO m.j.c.d.m.g.p.PlugGeneric [main] Did not receive required parameter PHRASE_LENGTH
2022-02-26 23:28:44,279 INFO m.j.c.d.m.g.p.PlugGeneric [main] Did not receive required parameter XMLKEY
2022-02-26 23:28:44,279 INFO m.j.c.d.m.g.p.PlugGeneric [main] Did not receive required parameter PHRASE_LENGTH
2022-02-26 23:28:44,279 INFO m.j.c.d.m.g.p.PlugGeneric [main] Did not receive required parameter XMLKEY
2022-02-26 23:28:44,282 INFO m.j.c.d.m.g.p.RandomXMLKey [main] Received PooplinePackage(name=x, rnd=test.java.com.dougron.mucus.algorithms.TestRandom@77307458, json={}, mu=
mu:x
PositionIsZero
LengthFromChildren: 0 bars
globalPositionInQuarters=0.0
ruler=null
mu count=0
muNotes:--none--
)
2022-02-26 23:28:44,282 INFO m.j.c.d.m.g.p.RandomDiatonicTriadProgression [main] Received PooplinePackage(name=x, rnd=test.java.com.dougron.mucus.algorithms.TestRandom@1fc0053e, json={"XMLKEY":{"random_seed":{"type":"double","value":0.2},"selected_option":-3,"options":{"type":"int_array","values":[-5,-4,-3,-2,-1,0,1,2,3,4,5,6]},"plugin":{"class_name":"main.java.com.dougron.mucus_experiments.generator_poopline.plugins.RandomXMLKey"}}}, mu=
mu:x
PositionIsZero
LengthFromChildren: 0 bars
globalPositionInQuarters=0.0
ruler=null
mu count=0
muNotes:--none--
)
2022-02-26 23:28:44,282 INFO m.j.c.d.m.g.p.PlugGeneric [main] Did not receive required parameter PHRASE_LENGTH
2022-02-26 23:28:44,283 INFO m.j.c.d.m.g.p.PlugGeneric [main] Did not receive required parameter PHRASE_LENGTH
2022-02-26 23:30:26,195 INFO m.j.c.d.m.g.p.RandomPhraseLength [main] Received PooplinePackage(name=x, rnd=test.java.com.dougron.mucus.algorithms.TestRandom@5c3b6c6e, json={}, mu=
mu:x
PositionIsZero
LengthFromChildren: 0 bars
globalPositionInQuarters=0.0
ruler=null
mu count=0
muNotes:--none--
)
2022-02-26 23:30:26,217 INFO m.j.c.d.m.g.p.RandomXMLKey [main] Received PooplinePackage(name=x, rnd=test.java.com.dougron.mucus.algorithms.TestRandom@5c3b6c6e, json={"PHRASE_LENGTH":{"random_seed":{"type":"double","value":0.2},"selected_option":4,"options":{"type":"int_array","values":[2,3,4,5,6,7,8,9,10,11,12]},"plugin":{"class_name":"main.java.com.dougron.mucus_experiments.generator_poopline.plugins.RandomPhraseLength"}}}, mu=
mu:x
PositionIsZero
FixedLength: 4 bars
globalPositionInQuarters=0.0
lengthInBarsAndBeats=BarsAndBeats [barPosition=4, offsetInQuarters=0.0] 
timeSignatureList:null
timeSignatureListGenerator:
SingleTimeSignature:4/4
tsGenAndMap:
TimeSignatureListGenerator:
SingleTimeSignature:4/4
TimeSignatureList:
4/4__
tsMap;

tempoList:
TempoList
 -tempo=120.0 at 0.0 floatBars
hasTimeSignature=false
hasTempo=false

mu count=0
muNotes:--none--
)
2022-02-26 23:30:26,218 INFO m.j.c.d.m.g.p.RandomDiatonicTriadProgression [main] Received PooplinePackage(name=x, rnd=test.java.com.dougron.mucus.algorithms.TestRandom@5536379e, json={"PHRASE_LENGTH":{"random_seed":{"type":"double","value":0.2},"selected_option":4,"options":{"type":"int_array","values":[2,3,4,5,6,7,8,9,10,11,12]},"plugin":{"class_name":"main.java.com.dougron.mucus_experiments.generator_poopline.plugins.RandomPhraseLength"}},"XMLKEY":{"random_seed":{"type":"double","value":0.2},"selected_option":-3,"options":{"type":"int_array","values":[-5,-4,-3,-2,-1,0,1,2,3,4,5,6]},"plugin":{"class_name":"main.java.com.dougron.mucus_experiments.generator_poopline.plugins.RandomXMLKey"}}}, mu=
mu:x
PositionIsZero
FixedLength: 4 bars
globalPositionInQuarters=0.0
lengthInBarsAndBeats=BarsAndBeats [barPosition=4, offsetInQuarters=0.0] 
timeSignatureList:null
timeSignatureListGenerator:
SingleTimeSignature:4/4
tsGenAndMap:
TimeSignatureListGenerator:
SingleTimeSignature:4/4
TimeSignatureList:
4/4__
tsMap;

tempoList:
TempoList
 -tempo=120.0 at 0.0 floatBars
hasTimeSignature=false
hasTempo=false

mu count=0
muNotes:--none--
)
2022-02-26 23:30:26,323 INFO m.j.c.d.m.g.p.RandomPhraseLength [main] Received PooplinePackage(name=x, rnd=test.java.com.dougron.mucus.algorithms.TestRandom@549621f3, json={}, mu=
mu:x
PositionIsZero
LengthFromChildren: 0 bars
globalPositionInQuarters=0.0
ruler=null
mu count=0
muNotes:--none--
)
2022-02-26 23:30:26,324 INFO m.j.c.d.m.g.p.RandomDiatonicTriadProgression [main] Received PooplinePackage(name=x, rnd=test.java.com.dougron.mucus.algorithms.TestRandom@54361a9, json={"PHRASE_LENGTH":{"random_seed":{"type":"double","value":0.2},"selected_option":4,"options":{"type":"int_array","values":[2,3,4,5,6,7,8,9,10,11,12]},"plugin":{"class_name":"main.java.com.dougron.mucus_experiments.generator_poopline.plugins.RandomPhraseLength"}}}, mu=
mu:x
PositionIsZero
FixedLength: 4 bars
globalPositionInQuarters=0.0
lengthInBarsAndBeats=BarsAndBeats [barPosition=4, offsetInQuarters=0.0] 
timeSignatureList:null
timeSignatureListGenerator:
SingleTimeSignature:4/4
tsGenAndMap:
TimeSignatureListGenerator:
SingleTimeSignature:4/4
TimeSignatureList:
4/4__
tsMap;

tempoList:
TempoList
 -tempo=120.0 at 0.0 floatBars
hasTimeSignature=false
hasTempo=false

mu count=0
muNotes:--none--
)
2022-02-26 23:30:26,325 INFO m.j.c.d.m.g.p.PlugGeneric [main] Did not receive required parameter XMLKEY
2022-02-26 23:30:26,325 INFO m.j.c.d.m.g.p.PlugGeneric [main] Did not receive required parameter XMLKEY
2022-02-26 23:30:26,333 INFO m.j.c.d.m.g.p.RandomDiatonicTriadProgression [main] Received PooplinePackage(name=x, rnd=test.java.com.dougron.mucus.algorithms.TestRandom@6fefce9e, json={}, mu=
mu:x
PositionIsZero
LengthFromChildren: 0 bars
globalPositionInQuarters=0.0
ruler=null
mu count=0
muNotes:--none--
)
2022-02-26 23:30:26,333 INFO m.j.c.d.m.g.p.PlugGeneric [main] Did not receive required parameter PHRASE_LENGTH
2022-02-26 23:30:26,333 INFO m.j.c.d.m.g.p.PlugGeneric [main] Did not receive required parameter XMLKEY
2022-02-26 23:30:26,333 INFO m.j.c.d.m.g.p.PlugGeneric [main] Did not receive required parameter PHRASE_LENGTH
2022-02-26 23:30:26,333 INFO m.j.c.d.m.g.p.PlugGeneric [main] Did not receive required parameter XMLKEY
2022-02-26 23:30:26,336 INFO m.j.c.d.m.g.p.RandomXMLKey [main] Received PooplinePackage(name=x, rnd=test.java.com.dougron.mucus.algorithms.TestRandom@4f8969b0, json={}, mu=
mu:x
PositionIsZero
LengthFromChildren: 0 bars
globalPositionInQuarters=0.0
ruler=null
mu count=0
muNotes:--none--
)
2022-02-26 23:30:26,336 INFO m.j.c.d.m.g.p.RandomDiatonicTriadProgression [main] Received PooplinePackage(name=x, rnd=test.java.com.dougron.mucus.algorithms.TestRandom@1bdf8190, json={"XMLKEY":{"random_seed":{"type":"double","value":0.2},"selected_option":-3,"options":{"type":"int_array","values":[-5,-4,-3,-2,-1,0,1,2,3,4,5,6]},"plugin":{"class_name":"main.java.com.dougron.mucus_experiments.generator_poopline.plugins.RandomXMLKey"}}}, mu=
mu:x
PositionIsZero
LengthFromChildren: 0 bars
globalPositionInQuarters=0.0
ruler=null
mu count=0
muNotes:--none--
)
2022-02-26 23:30:26,336 INFO m.j.c.d.m.g.p.PlugGeneric [main] Did not receive required parameter PHRASE_LENGTH
2022-02-26 23:30:26,337 INFO m.j.c.d.m.g.p.PlugGeneric [main] Did not receive required parameter PHRASE_LENGTH
2022-02-26 23:33:03,881 INFO m.j.c.d.m.g.p.RandomPhraseLength [main] Received PooplinePackage(name=x, rnd=test.java.com.dougron.mucus.algorithms.TestRandom@75f5fd58, json={}, mu=
mu:x
PositionIsZero
LengthFromChildren: 0 bars
globalPositionInQuarters=0.0
ruler=null
mu count=0
muNotes:--none--
)
2022-02-26 23:33:03,905 INFO m.j.c.d.m.g.p.RandomXMLKey [main] Received PooplinePackage(name=x, rnd=test.java.com.dougron.mucus.algorithms.TestRandom@75f5fd58, json={"PHRASE_LENGTH":{"random_seed":{"type":"double","value":0.2},"selected_option":4,"options":{"type":"int_array","values":[2,3,4,5,6,7,8,9,10,11,12]},"plugin":{"class_name":"main.java.com.dougron.mucus_experiments.generator_poopline.plugins.RandomPhraseLength"}}}, mu=
mu:x
PositionIsZero
FixedLength: 4 bars
globalPositionInQuarters=0.0
lengthInBarsAndBeats=BarsAndBeats [barPosition=4, offsetInQuarters=0.0] 
timeSignatureList:null
timeSignatureListGenerator:
SingleTimeSignature:4/4
tsGenAndMap:
TimeSignatureListGenerator:
SingleTimeSignature:4/4
TimeSignatureList:
4/4__
tsMap;

tempoList:
TempoList
 -tempo=120.0 at 0.0 floatBars
hasTimeSignature=false
hasTempo=false

mu count=0
muNotes:--none--
)
2022-02-26 23:33:03,906 INFO m.j.c.d.m.g.p.RandomDiatonicTriadProgression [main] Received PooplinePackage(name=x, rnd=test.java.com.dougron.mucus.algorithms.TestRandom@6c8bca63, json={"PHRASE_LENGTH":{"random_seed":{"type":"double","value":0.2},"selected_option":4,"options":{"type":"int_array","values":[2,3,4,5,6,7,8,9,10,11,12]},"plugin":{"class_name":"main.java.com.dougron.mucus_experiments.generator_poopline.plugins.RandomPhraseLength"}},"XMLKEY":{"random_seed":{"type":"double","value":0.2},"selected_option":-3,"options":{"type":"int_array","values":[-5,-4,-3,-2,-1,0,1,2,3,4,5,6]},"plugin":{"class_name":"main.java.com.dougron.mucus_experiments.generator_poopline.plugins.RandomXMLKey"}}}, mu=
mu:x
PositionIsZero
FixedLength: 4 bars
globalPositionInQuarters=0.0
lengthInBarsAndBeats=BarsAndBeats [barPosition=4, offsetInQuarters=0.0] 
timeSignatureList:null
timeSignatureListGenerator:
SingleTimeSignature:4/4
tsGenAndMap:
TimeSignatureListGenerator:
SingleTimeSignature:4/4
TimeSignatureList:
4/4__
tsMap;

tempoList:
TempoList
 -tempo=120.0 at 0.0 floatBars
hasTimeSignature=false
hasTempo=false

mu count=0
muNotes:--none--
)
2022-02-26 23:33:04,010 INFO m.j.c.d.m.g.p.RandomXMLKey [main] Received PooplinePackage(name=x, rnd=test.java.com.dougron.mucus.algorithms.TestRandom@32232e55, json={}, mu=
mu:x
PositionIsZero
LengthFromChildren: 0 bars
globalPositionInQuarters=0.0
ruler=null
mu count=0
muNotes:--none--
)
2022-02-26 23:33:04,011 INFO m.j.c.d.m.g.p.RandomDiatonicTriadProgression [main] Received PooplinePackage(name=x, rnd=test.java.com.dougron.mucus.algorithms.TestRandom@5217f3d0, json={"XMLKEY":{"random_seed":{"type":"double","value":0.2},"selected_option":-3,"options":{"type":"int_array","values":[-5,-4,-3,-2,-1,0,1,2,3,4,5,6]},"plugin":{"class_name":"main.java.com.dougron.mucus_experiments.generator_poopline.plugins.RandomXMLKey"}}}, mu=
mu:x
PositionIsZero
LengthFromChildren: 0 bars
globalPositionInQuarters=0.0
ruler=null
mu count=0
muNotes:--none--
)
2022-02-26 23:33:04,011 INFO m.j.c.d.m.g.p.PlugGeneric [main] Did not receive required parameter PHRASE_LENGTH
2022-02-26 23:33:04,011 INFO m.j.c.d.m.g.p.PlugGeneric [main] Did not receive required parameter PHRASE_LENGTH
2022-02-26 23:33:04,014 INFO m.j.c.d.m.g.p.RandomPhraseLength [main] Received PooplinePackage(name=x, rnd=test.java.com.dougron.mucus.algorithms.TestRandom@37ebc9d8, json={}, mu=
mu:x
PositionIsZero
LengthFromChildren: 0 bars
globalPositionInQuarters=0.0
ruler=null
mu count=0
muNotes:--none--
)
2022-02-26 23:33:04,014 INFO m.j.c.d.m.g.p.RandomDiatonicTriadProgression [main] Received PooplinePackage(name=x, rnd=test.java.com.dougron.mucus.algorithms.TestRandom@293bb8a5, json={"PHRASE_LENGTH":{"random_seed":{"type":"double","value":0.2},"selected_option":4,"options":{"type":"int_array","values":[2,3,4,5,6,7,8,9,10,11,12]},"plugin":{"class_name":"main.java.com.dougron.mucus_experiments.generator_poopline.plugins.RandomPhraseLength"}}}, mu=
mu:x
PositionIsZero
FixedLength: 4 bars
globalPositionInQuarters=0.0
lengthInBarsAndBeats=BarsAndBeats [barPosition=4, offsetInQuarters=0.0] 
timeSignatureList:null
timeSignatureListGenerator:
SingleTimeSignature:4/4
tsGenAndMap:
TimeSignatureListGenerator:
SingleTimeSignature:4/4
TimeSignatureList:
4/4__
tsMap;

tempoList:
TempoList
 -tempo=120.0 at 0.0 floatBars
hasTimeSignature=false
hasTempo=false

mu count=0
muNotes:--none--
)
2022-02-26 23:33:04,015 INFO m.j.c.d.m.g.p.PlugGeneric [main] Did not receive required parameter XMLKEY
2022-02-26 23:33:04,015 INFO m.j.c.d.m.g.p.PlugGeneric [main] Did not receive required parameter XMLKEY
2022-02-26 23:33:04,023 INFO m.j.c.d.m.g.p.RandomDiatonicTriadProgression [main] Received PooplinePackage(name=x, rnd=test.java.com.dougron.mucus.algorithms.TestRandom@8a589a2, json={}, mu=
mu:x
PositionIsZero
LengthFromChildren: 0 bars
globalPositionInQuarters=0.0
ruler=null
mu count=0
muNotes:--none--
)
2022-02-26 23:33:04,024 INFO m.j.c.d.m.g.p.PlugGeneric [main] Did not receive required parameter PHRASE_LENGTH
2022-02-26 23:33:04,024 INFO m.j.c.d.m.g.p.PlugGeneric [main] Did not receive required parameter XMLKEY
2022-02-26 23:33:04,024 INFO m.j.c.d.m.g.p.PlugGeneric [main] Did not receive required parameter PHRASE_LENGTH
2022-02-26 23:33:04,024 INFO m.j.c.d.m.g.p.PlugGeneric [main] Did not receive required parameter XMLKEY
2022-02-26 23:33:04,026 INFO m.j.c.d.m.g.p.RandomXMLKey [main] Received PooplinePackage(name=x, rnd=test.java.com.dougron.mucus.algorithms.TestRandom@c65a5ef, json={}, mu=
mu:x
PositionIsZero
LengthFromChildren: 0 bars
globalPositionInQuarters=0.0
ruler=null
mu count=0
muNotes:--none--
)
2022-02-26 23:33:04,027 INFO m.j.c.d.m.g.p.RandomDiatonicTriadProgression [main] Received PooplinePackage(name=x, rnd=test.java.com.dougron.mucus.algorithms.TestRandom@6b5176f2, json={"XMLKEY":{"random_seed":{"type":"double","value":0.2},"selected_option":-3,"options":{"type":"int_array","values":[-5,-4,-3,-2,-1,0,1,2,3,4,5,6]},"plugin":{"class_name":"main.java.com.dougron.mucus_experiments.generator_poopline.plugins.RandomXMLKey"}}}, mu=
mu:x
PositionIsZero
LengthFromChildren: 0 bars
globalPositionInQuarters=0.0
ruler=null
mu count=0
muNotes:--none--
)
2022-02-26 23:33:04,027 INFO m.j.c.d.m.g.p.PlugGeneric [main] Did not receive required parameter PHRASE_LENGTH
2022-02-26 23:33:04,027 INFO m.j.c.d.m.g.p.PlugGeneric [main] Did not receive required parameter PHRASE_LENGTH
2022-02-26 23:33:04,030 INFO m.j.c.d.m.g.p.RandomPhraseLength [main] Received PooplinePackage(name=x, rnd=test.java.com.dougron.mucus.algorithms.TestRandom@b672aa8, json={}, mu=
mu:x
PositionIsZero
LengthFromChildren: 0 bars
globalPositionInQuarters=0.0
ruler=null
mu count=0
muNotes:--none--
)
2022-02-26 23:33:04,030 INFO m.j.c.d.m.g.p.RandomDiatonicTriadProgression [main] Received PooplinePackage(name=x, rnd=test.java.com.dougron.mucus.algorithms.TestRandom@2fab4aff, json={"PHRASE_LENGTH":{"random_seed":{"type":"double","value":0.2},"selected_option":4,"options":{"type":"int_array","values":[2,3,4,5,6,7,8,9,10,11,12]},"plugin":{"class_name":"main.java.com.dougron.mucus_experiments.generator_poopline.plugins.RandomPhraseLength"}}}, mu=
mu:x
PositionIsZero
FixedLength: 4 bars
globalPositionInQuarters=0.0
lengthInBarsAndBeats=BarsAndBeats [barPosition=4, offsetInQuarters=0.0] 
timeSignatureList:null
timeSignatureListGenerator:
SingleTimeSignature:4/4
tsGenAndMap:
TimeSignatureListGenerator:
SingleTimeSignature:4/4
TimeSignatureList:
4/4__
tsMap;

tempoList:
TempoList
 -tempo=120.0 at 0.0 floatBars
hasTimeSignature=false
hasTempo=false

mu count=0
muNotes:--none--
)
2022-02-26 23:33:04,030 INFO m.j.c.d.m.g.p.PlugGeneric [main] Did not receive required parameter XMLKEY
2022-02-26 23:33:04,031 INFO m.j.c.d.m.g.p.PlugGeneric [main] Did not receive required parameter XMLKEY
2022-02-26 23:37:13,235 INFO m.j.c.d.m.g.p.RandomPhraseLength [main] Received PooplinePackage(name=x, rnd=test.java.com.dougron.mucus.algorithms.TestRandom@75f5fd58, json={}, mu=
mu:x
PositionIsZero
LengthFromChildren: 0 bars
globalPositionInQuarters=0.0
ruler=null
mu count=0
muNotes:--none--
)
2022-02-26 23:37:13,261 INFO m.j.c.d.m.g.p.RandomXMLKey [main] Received PooplinePackage(name=x, rnd=test.java.com.dougron.mucus.algorithms.TestRandom@75f5fd58, json={"PHRASE_LENGTH":{"random_seed":{"type":"double","value":0.2},"selected_option":4,"options":{"type":"int_array","values":[2,3,4,5,6,7,8,9,10,11,12]},"plugin":{"class_name":"main.java.com.dougron.mucus_experiments.generator_poopline.plugins.RandomPhraseLength"}}}, mu=
mu:x
PositionIsZero
FixedLength: 4 bars
globalPositionInQuarters=0.0
lengthInBarsAndBeats=BarsAndBeats [barPosition=4, offsetInQuarters=0.0] 
timeSignatureList:null
timeSignatureListGenerator:
SingleTimeSignature:4/4
tsGenAndMap:
TimeSignatureListGenerator:
SingleTimeSignature:4/4
TimeSignatureList:
4/4__
tsMap;

tempoList:
TempoList
 -tempo=120.0 at 0.0 floatBars
hasTimeSignature=false
hasTempo=false

mu count=0
muNotes:--none--
)
2022-02-26 23:37:13,262 INFO m.j.c.d.m.g.p.RandomDiatonicTriadProgression [main] Received PooplinePackage(name=x, rnd=test.java.com.dougron.mucus.algorithms.TestRandom@6c8bca63, json={"PHRASE_LENGTH":{"random_seed":{"type":"double","value":0.2},"selected_option":4,"options":{"type":"int_array","values":[2,3,4,5,6,7,8,9,10,11,12]},"plugin":{"class_name":"main.java.com.dougron.mucus_experiments.generator_poopline.plugins.RandomPhraseLength"}},"XMLKEY":{"random_seed":{"type":"double","value":0.2},"selected_option":-3,"options":{"type":"int_array","values":[-5,-4,-3,-2,-1,0,1,2,3,4,5,6]},"plugin":{"class_name":"main.java.com.dougron.mucus_experiments.generator_poopline.plugins.RandomXMLKey"}}}, mu=
mu:x
PositionIsZero
FixedLength: 4 bars
globalPositionInQuarters=0.0
lengthInBarsAndBeats=BarsAndBeats [barPosition=4, offsetInQuarters=0.0] 
timeSignatureList:null
timeSignatureListGenerator:
SingleTimeSignature:4/4
tsGenAndMap:
TimeSignatureListGenerator:
SingleTimeSignature:4/4
TimeSignatureList:
4/4__
tsMap;

tempoList:
TempoList
 -tempo=120.0 at 0.0 floatBars
hasTimeSignature=false
hasTempo=false

mu count=0
muNotes:--none--
)
2022-02-26 23:37:13,342 INFO m.j.c.d.m.g.p.RandomXMLKey [main] Received PooplinePackage(name=x, rnd=test.java.com.dougron.mucus.algorithms.TestRandom@f9879ac, json={}, mu=
mu:x
PositionIsZero
LengthFromChildren: 0 bars
globalPositionInQuarters=0.0
ruler=null
mu count=0
muNotes:--none--
)
2022-02-26 23:37:13,342 INFO m.j.c.d.m.g.p.RandomDiatonicTriadProgression [main] Received PooplinePackage(name=x, rnd=test.java.com.dougron.mucus.algorithms.TestRandom@37f21974, json={"XMLKEY":{"random_seed":{"type":"double","value":0.2},"selected_option":-3,"options":{"type":"int_array","values":[-5,-4,-3,-2,-1,0,1,2,3,4,5,6]},"plugin":{"class_name":"main.java.com.dougron.mucus_experiments.generator_poopline.plugins.RandomXMLKey"}}}, mu=
mu:x
PositionIsZero
LengthFromChildren: 0 bars
globalPositionInQuarters=0.0
ruler=null
mu count=0
muNotes:--none--
)
2022-02-26 23:37:13,342 INFO m.j.c.d.m.g.p.PlugGeneric [main] Did not receive required parameter PHRASE_LENGTH
2022-02-26 23:37:13,343 INFO m.j.c.d.m.g.p.PlugGeneric [main] Did not receive required parameter PHRASE_LENGTH
2022-02-26 23:37:13,345 INFO m.j.c.d.m.g.p.RandomPhraseLength [main] Received PooplinePackage(name=x, rnd=test.java.com.dougron.mucus.algorithms.TestRandom@5f4d427e, json={}, mu=
mu:x
PositionIsZero
LengthFromChildren: 0 bars
globalPositionInQuarters=0.0
ruler=null
mu count=0
muNotes:--none--
)
2022-02-26 23:37:13,345 INFO m.j.c.d.m.g.p.RandomDiatonicTriadProgression [main] Received PooplinePackage(name=x, rnd=test.java.com.dougron.mucus.algorithms.TestRandom@6e521c1e, json={"PHRASE_LENGTH":{"random_seed":{"type":"double","value":0.2},"selected_option":4,"options":{"type":"int_array","values":[2,3,4,5,6,7,8,9,10,11,12]},"plugin":{"class_name":"main.java.com.dougron.mucus_experiments.generator_poopline.plugins.RandomPhraseLength"}}}, mu=
mu:x
PositionIsZero
FixedLength: 4 bars
globalPositionInQuarters=0.0
lengthInBarsAndBeats=BarsAndBeats [barPosition=4, offsetInQuarters=0.0] 
timeSignatureList:null
timeSignatureListGenerator:
SingleTimeSignature:4/4
tsGenAndMap:
TimeSignatureListGenerator:
SingleTimeSignature:4/4
TimeSignatureList:
4/4__
tsMap;

tempoList:
TempoList
 -tempo=120.0 at 0.0 floatBars
hasTimeSignature=false
hasTempo=false

mu count=0
muNotes:--none--
)
2022-02-26 23:37:13,345 INFO m.j.c.d.m.g.p.PlugGeneric [main] Did not receive required parameter XMLKEY
2022-02-26 23:37:13,345 INFO m.j.c.d.m.g.p.PlugGeneric [main] Did not receive required parameter XMLKEY
2022-02-26 23:37:13,353 INFO m.j.c.d.m.g.p.RandomDiatonicTriadProgression [main] Received PooplinePackage(name=x, rnd=test.java.com.dougron.mucus.algorithms.TestRandom@6a1d204a, json={}, mu=
mu:x
PositionIsZero
LengthFromChildren: 0 bars
globalPositionInQuarters=0.0
ruler=null
mu count=0
muNotes:--none--
)
2022-02-26 23:37:13,353 INFO m.j.c.d.m.g.p.PlugGeneric [main] Did not receive required parameter PHRASE_LENGTH
2022-02-26 23:37:13,354 INFO m.j.c.d.m.g.p.PlugGeneric [main] Did not receive required parameter XMLKEY
2022-02-26 23:37:13,354 INFO m.j.c.d.m.g.p.PlugGeneric [main] Did not receive required parameter PHRASE_LENGTH
2022-02-26 23:37:13,354 INFO m.j.c.d.m.g.p.PlugGeneric [main] Did not receive required parameter XMLKEY
2022-02-26 23:37:13,356 INFO m.j.c.d.m.g.p.RandomXMLKey [main] Received PooplinePackage(name=x, rnd=test.java.com.dougron.mucus.algorithms.TestRandom@62dae245, json={}, mu=
mu:x
PositionIsZero
LengthFromChildren: 0 bars
globalPositionInQuarters=0.0
ruler=null
mu count=0
muNotes:--none--
)
2022-02-26 23:37:13,356 INFO m.j.c.d.m.g.p.RandomDiatonicTriadProgression [main] Received PooplinePackage(name=x, rnd=test.java.com.dougron.mucus.algorithms.TestRandom@4b6579e8, json={"XMLKEY":{"random_seed":{"type":"double","value":0.2},"selected_option":-3,"options":{"type":"int_array","values":[-5,-4,-3,-2,-1,0,1,2,3,4,5,6]},"plugin":{"class_name":"main.java.com.dougron.mucus_experiments.generator_poopline.plugins.RandomXMLKey"}}}, mu=
mu:x
PositionIsZero
LengthFromChildren: 0 bars
globalPositionInQuarters=0.0
ruler=null
mu count=0
muNotes:--none--
)
2022-02-26 23:37:13,357 INFO m.j.c.d.m.g.p.PlugGeneric [main] Did not receive required parameter PHRASE_LENGTH
2022-02-26 23:37:13,357 INFO m.j.c.d.m.g.p.PlugGeneric [main] Did not receive required parameter PHRASE_LENGTH
2022-02-26 23:37:13,359 INFO m.j.c.d.m.g.p.RandomPhraseLength [main] Received PooplinePackage(name=x, rnd=test.java.com.dougron.mucus.algorithms.TestRandom@6fff253c, json={}, mu=
mu:x
PositionIsZero
LengthFromChildren: 0 bars
globalPositionInQuarters=0.0
ruler=null
mu count=0
muNotes:--none--
)
2022-02-26 23:37:13,360 INFO m.j.c.d.m.g.p.RandomDiatonicTriadProgression [main] Received PooplinePackage(name=x, rnd=test.java.com.dougron.mucus.algorithms.TestRandom@6c6357f9, json={"PHRASE_LENGTH":{"random_seed":{"type":"double","value":0.2},"selected_option":4,"options":{"type":"int_array","values":[2,3,4,5,6,7,8,9,10,11,12]},"plugin":{"class_name":"main.java.com.dougron.mucus_experiments.generator_poopline.plugins.RandomPhraseLength"}}}, mu=
mu:x
PositionIsZero
FixedLength: 4 bars
globalPositionInQuarters=0.0
lengthInBarsAndBeats=BarsAndBeats [barPosition=4, offsetInQuarters=0.0] 
timeSignatureList:null
timeSignatureListGenerator:
SingleTimeSignature:4/4
tsGenAndMap:
TimeSignatureListGenerator:
SingleTimeSignature:4/4
TimeSignatureList:
4/4__
tsMap;

tempoList:
TempoList
 -tempo=120.0 at 0.0 floatBars
hasTimeSignature=false
hasTempo=false

mu count=0
muNotes:--none--
)
2022-02-26 23:37:13,360 INFO m.j.c.d.m.g.p.PlugGeneric [main] Did not receive required parameter XMLKEY
2022-02-26 23:37:13,360 INFO m.j.c.d.m.g.p.PlugGeneric [main] Did not receive required parameter XMLKEY
2022-02-26 23:38:11,867 INFO m.j.c.d.m.g.p.RandomPhraseLength [main] Received PooplinePackage(name=x, rnd=test.java.com.dougron.mucus.algorithms.TestRandom@1623134f, json={}, mu=
mu:x
PositionIsZero
LengthFromChildren: 0 bars
globalPositionInQuarters=0.0
ruler=null
mu count=0
muNotes:--none--
)
2022-02-26 23:38:11,898 INFO m.j.c.d.m.g.p.RandomXMLKey [main] Received PooplinePackage(name=x, rnd=test.java.com.dougron.mucus.algorithms.TestRandom@1623134f, json={"PHRASE_LENGTH":{"random_seed":{"type":"double","value":0.2},"selected_option":4,"options":{"type":"int_array","values":[2,3,4,5,6,7,8,9,10,11,12]},"plugin":{"class_name":"main.java.com.dougron.mucus_experiments.generator_poopline.plugins.RandomPhraseLength"}}}, mu=
mu:x
PositionIsZero
FixedLength: 4 bars
globalPositionInQuarters=0.0
lengthInBarsAndBeats=BarsAndBeats [barPosition=4, offsetInQuarters=0.0] 
timeSignatureList:null
timeSignatureListGenerator:
SingleTimeSignature:4/4
tsGenAndMap:
TimeSignatureListGenerator:
SingleTimeSignature:4/4
TimeSignatureList:
4/4__
tsMap;

tempoList:
TempoList
 -tempo=120.0 at 0.0 floatBars
hasTimeSignature=false
hasTempo=false

mu count=0
muNotes:--none--
)
2022-02-26 23:39:04,721 INFO m.j.c.d.m.g.p.RandomPhraseLength [main] Received PooplinePackage(name=x, rnd=test.java.com.dougron.mucus.algorithms.TestRandom@1623134f, json={}, mu=
mu:x
PositionIsZero
LengthFromChildren: 0 bars
globalPositionInQuarters=0.0
ruler=null
mu count=0
muNotes:--none--
)
2022-02-26 23:39:04,745 INFO m.j.c.d.m.g.p.RandomXMLKey [main] Received PooplinePackage(name=x, rnd=test.java.com.dougron.mucus.algorithms.TestRandom@1623134f, json={"PHRASE_LENGTH":{"random_seed":{"type":"double","value":0.1},"selected_option":3,"options":{"type":"int_array","values":[2,3,4,5,6,7,8,9,10,11,12]},"plugin":{"class_name":"main.java.com.dougron.mucus_experiments.generator_poopline.plugins.RandomPhraseLength"}}}, mu=
mu:x
PositionIsZero
FixedLength: 3 bars
globalPositionInQuarters=0.0
lengthInBarsAndBeats=BarsAndBeats [barPosition=3, offsetInQuarters=0.0] 
timeSignatureList:null
timeSignatureListGenerator:
SingleTimeSignature:4/4
tsGenAndMap:
TimeSignatureListGenerator:
SingleTimeSignature:4/4
TimeSignatureList:
4/4__
tsMap;

tempoList:
TempoList
 -tempo=120.0 at 0.0 floatBars
hasTimeSignature=false
hasTempo=false

mu count=0
muNotes:--none--
)
2022-02-26 23:41:11,910 INFO m.j.c.d.m.g.p.RandomPhraseLength [main] Received PooplinePackage(name=x, rnd=test.java.com.dougron.mucus.algorithms.TestRandom@1623134f, json={}, mu=
mu:x
PositionIsZero
LengthFromChildren: 0 bars
globalPositionInQuarters=0.0
ruler=null
mu count=0
muNotes:--none--
)
2022-02-26 23:41:11,933 INFO m.j.c.d.m.g.p.RandomXMLKey [main] Received PooplinePackage(name=x, rnd=test.java.com.dougron.mucus.algorithms.TestRandom@675d8c96, json={"PHRASE_LENGTH":{"random_seed":{"type":"double","value":0.05},"selected_option":2,"options":{"type":"int_array","values":[2,3,4,5,6,7,8,9,10,11,12]},"plugin":{"class_name":"main.java.com.dougron.mucus_experiments.generator_poopline.plugins.RandomPhraseLength"}}}, mu=
mu:x
PositionIsZero
FixedLength: 2 bars
globalPositionInQuarters=0.0
lengthInBarsAndBeats=BarsAndBeats [barPosition=2, offsetInQuarters=0.0] 
timeSignatureList:null
timeSignatureListGenerator:
SingleTimeSignature:4/4
tsGenAndMap:
TimeSignatureListGenerator:
SingleTimeSignature:4/4
TimeSignatureList:
4/4__
tsMap;

tempoList:
TempoList
 -tempo=120.0 at 0.0 floatBars
hasTimeSignature=false
hasTempo=false

mu count=0
muNotes:--none--
)
2022-02-26 23:41:53,792 INFO m.j.c.d.m.g.p.RandomDiatonicTriadProgression [main] Received PooplinePackage(name=x, rnd=test.java.com.dougron.mucus.algorithms.TestRandom@63648ee9, json={"PHRASE_LENGTH":{"random_seed":{"type":"double","value":0.05},"selected_option":2,"options":{"type":"int_array","values":[2,3,4,5,6,7,8,9,10,11,12]},"plugin":{"class_name":"main.java.com.dougron.mucus_experiments.generator_poopline.plugins.RandomPhraseLength"}},"XMLKEY":{"random_seed":{"type":"double","value":0.45},"selected_option":0,"options":{"type":"int_array","values":[-5,-4,-3,-2,-1,0,1,2,3,4,5,6]},"plugin":{"class_name":"main.java.com.dougron.mucus_experiments.generator_poopline.plugins.RandomXMLKey"}}}, mu=
mu:x
PositionIsZero
FixedLength: 2 bars
globalPositionInQuarters=0.0
lengthInBarsAndBeats=BarsAndBeats [barPosition=2, offsetInQuarters=0.0] 
timeSignatureList:null
timeSignatureListGenerator:
SingleTimeSignature:4/4
tsGenAndMap:
TimeSignatureListGenerator:
SingleTimeSignature:4/4
TimeSignatureList:
4/4__
tsMap;

tempoList:
TempoList
 -tempo=120.0 at 0.0 floatBars
hasTimeSignature=false
hasTempo=false

mu count=0
muNotes:--none--
)
2022-02-26 23:41:53,905 INFO m.j.c.d.m.g.p.RandomXMLKey [main] Received PooplinePackage(name=x, rnd=test.java.com.dougron.mucus.algorithms.TestRandom@4b6166aa, json={}, mu=
mu:x
PositionIsZero
LengthFromChildren: 0 bars
globalPositionInQuarters=0.0
ruler=null
mu count=0
muNotes:--none--
)
2022-02-26 23:41:53,905 INFO m.j.c.d.m.g.p.RandomDiatonicTriadProgression [main] Received PooplinePackage(name=x, rnd=test.java.com.dougron.mucus.algorithms.TestRandom@a77614d, json={"XMLKEY":{"random_seed":{"type":"double","value":0.2},"selected_option":-3,"options":{"type":"int_array","values":[-5,-4,-3,-2,-1,0,1,2,3,4,5,6]},"plugin":{"class_name":"main.java.com.dougron.mucus_experiments.generator_poopline.plugins.RandomXMLKey"}}}, mu=
mu:x
PositionIsZero
LengthFromChildren: 0 bars
globalPositionInQuarters=0.0
ruler=null
mu count=0
muNotes:--none--
)
2022-02-26 23:41:53,906 INFO m.j.c.d.m.g.p.PlugGeneric [main] Did not receive required parameter PHRASE_LENGTH
2022-02-26 23:41:53,906 INFO m.j.c.d.m.g.p.PlugGeneric [main] Did not receive required parameter PHRASE_LENGTH
2022-02-26 23:41:53,909 INFO m.j.c.d.m.g.p.RandomPhraseLength [main] Received PooplinePackage(name=x, rnd=test.java.com.dougron.mucus.algorithms.TestRandom@4fd4cae3, json={}, mu=
mu:x
PositionIsZero
LengthFromChildren: 0 bars
globalPositionInQuarters=0.0
ruler=null
mu count=0
muNotes:--none--
)
2022-02-26 23:41:53,909 INFO m.j.c.d.m.g.p.RandomDiatonicTriadProgression [main] Received PooplinePackage(name=x, rnd=test.java.com.dougron.mucus.algorithms.TestRandom@4a067c25, json={"PHRASE_LENGTH":{"random_seed":{"type":"double","value":0.2},"selected_option":4,"options":{"type":"int_array","values":[2,3,4,5,6,7,8,9,10,11,12]},"plugin":{"class_name":"main.java.com.dougron.mucus_experiments.generator_poopline.plugins.RandomPhraseLength"}}}, mu=
mu:x
PositionIsZero
FixedLength: 4 bars
globalPositionInQuarters=0.0
lengthInBarsAndBeats=BarsAndBeats [barPosition=4, offsetInQuarters=0.0] 
timeSignatureList:null
timeSignatureListGenerator:
SingleTimeSignature:4/4
tsGenAndMap:
TimeSignatureListGenerator:
SingleTimeSignature:4/4
TimeSignatureList:
4/4__
tsMap;

tempoList:
TempoList
 -tempo=120.0 at 0.0 floatBars
hasTimeSignature=false
hasTempo=false

mu count=0
muNotes:--none--
)
2022-02-26 23:41:53,910 INFO m.j.c.d.m.g.p.PlugGeneric [main] Did not receive required parameter XMLKEY
2022-02-26 23:41:53,910 INFO m.j.c.d.m.g.p.PlugGeneric [main] Did not receive required parameter XMLKEY
2022-02-26 23:41:53,921 INFO m.j.c.d.m.g.p.RandomDiatonicTriadProgression [main] Received PooplinePackage(name=x, rnd=test.java.com.dougron.mucus.algorithms.TestRandom@299266e2, json={}, mu=
mu:x
PositionIsZero
LengthFromChildren: 0 bars
globalPositionInQuarters=0.0
ruler=null
mu count=0
muNotes:--none--
)
2022-02-26 23:41:53,921 INFO m.j.c.d.m.g.p.PlugGeneric [main] Did not receive required parameter PHRASE_LENGTH
2022-02-26 23:41:53,921 INFO m.j.c.d.m.g.p.PlugGeneric [main] Did not receive required parameter XMLKEY
2022-02-26 23:41:53,921 INFO m.j.c.d.m.g.p.PlugGeneric [main] Did not receive required parameter PHRASE_LENGTH
2022-02-26 23:41:53,922 INFO m.j.c.d.m.g.p.PlugGeneric [main] Did not receive required parameter XMLKEY
2022-02-26 23:41:53,925 INFO m.j.c.d.m.g.p.RandomXMLKey [main] Received PooplinePackage(name=x, rnd=test.java.com.dougron.mucus.algorithms.TestRandom@5471388b, json={}, mu=
mu:x
PositionIsZero
LengthFromChildren: 0 bars
globalPositionInQuarters=0.0
ruler=null
mu count=0
muNotes:--none--
)
2022-02-26 23:41:53,925 INFO m.j.c.d.m.g.p.RandomDiatonicTriadProgression [main] Received PooplinePackage(name=x, rnd=test.java.com.dougron.mucus.algorithms.TestRandom@66ea1466, json={"XMLKEY":{"random_seed":{"type":"double","value":0.2},"selected_option":-3,"options":{"type":"int_array","values":[-5,-4,-3,-2,-1,0,1,2,3,4,5,6]},"plugin":{"class_name":"main.java.com.dougron.mucus_experiments.generator_poopline.plugins.RandomXMLKey"}}}, mu=
mu:x
PositionIsZero
LengthFromChildren: 0 bars
globalPositionInQuarters=0.0
ruler=null
mu count=0
muNotes:--none--
)
2022-02-26 23:41:53,925 INFO m.j.c.d.m.g.p.PlugGeneric [main] Did not receive required parameter PHRASE_LENGTH
2022-02-26 23:41:53,925 INFO m.j.c.d.m.g.p.PlugGeneric [main] Did not receive required parameter PHRASE_LENGTH
2022-02-26 23:41:53,928 INFO m.j.c.d.m.g.p.RandomPhraseLength [main] Received PooplinePackage(name=x, rnd=test.java.com.dougron.mucus.algorithms.TestRandom@1601e47, json={}, mu=
mu:x
PositionIsZero
LengthFromChildren: 0 bars
globalPositionInQuarters=0.0
ruler=null
mu count=0
muNotes:--none--
)
2022-02-26 23:41:53,929 INFO m.j.c.d.m.g.p.RandomDiatonicTriadProgression [main] Received PooplinePackage(name=x, rnd=test.java.com.dougron.mucus.algorithms.TestRandom@3bffddff, json={"PHRASE_LENGTH":{"random_seed":{"type":"double","value":0.2},"selected_option":4,"options":{"type":"int_array","values":[2,3,4,5,6,7,8,9,10,11,12]},"plugin":{"class_name":"main.java.com.dougron.mucus_experiments.generator_poopline.plugins.RandomPhraseLength"}}}, mu=
mu:x
PositionIsZero
FixedLength: 4 bars
globalPositionInQuarters=0.0
lengthInBarsAndBeats=BarsAndBeats [barPosition=4, offsetInQuarters=0.0] 
timeSignatureList:null
timeSignatureListGenerator:
SingleTimeSignature:4/4
tsGenAndMap:
TimeSignatureListGenerator:
SingleTimeSignature:4/4
TimeSignatureList:
4/4__
tsMap;

tempoList:
TempoList
 -tempo=120.0 at 0.0 floatBars
hasTimeSignature=false
hasTempo=false

mu count=0
muNotes:--none--
)
2022-02-26 23:41:53,929 INFO m.j.c.d.m.g.p.PlugGeneric [main] Did not receive required parameter XMLKEY
2022-02-26 23:41:53,929 INFO m.j.c.d.m.g.p.PlugGeneric [main] Did not receive required parameter XMLKEY
2022-02-26 23:43:44,815 INFO m.j.c.d.m.g.p.RandomPhraseLength [main] Received PooplinePackage(name=x, rnd=test.java.com.dougron.mucus.algorithms.TestRandom@75f5fd58, json={}, mu=
mu:x
PositionIsZero
LengthFromChildren: 0 bars
globalPositionInQuarters=0.0
ruler=null
mu count=0
muNotes:--none--
)
2022-02-26 23:43:44,837 INFO m.j.c.d.m.g.p.RandomXMLKey [main] Received PooplinePackage(name=x, rnd=test.java.com.dougron.mucus.algorithms.TestRandom@5536379e, json={"PHRASE_LENGTH":{"random_seed":{"type":"double","value":0.05},"selected_option":2,"options":{"type":"int_array","values":[2,3,4,5,6,7,8,9,10,11,12]},"plugin":{"class_name":"main.java.com.dougron.mucus_experiments.generator_poopline.plugins.RandomPhraseLength"}}}, mu=
mu:x
PositionIsZero
FixedLength: 2 bars
globalPositionInQuarters=0.0
lengthInBarsAndBeats=BarsAndBeats [barPosition=2, offsetInQuarters=0.0] 
timeSignatureList:null
timeSignatureListGenerator:
SingleTimeSignature:4/4
tsGenAndMap:
TimeSignatureListGenerator:
SingleTimeSignature:4/4
TimeSignatureList:
4/4__
tsMap;

tempoList:
TempoList
 -tempo=120.0 at 0.0 floatBars
hasTimeSignature=false
hasTempo=false

mu count=0
muNotes:--none--
)
2022-02-26 23:43:44,839 INFO m.j.c.d.m.g.p.RandomDiatonicTriadProgression [main] Received PooplinePackage(name=x, rnd=test.java.com.dougron.mucus.algorithms.TestRandom@2364305a, json={"PHRASE_LENGTH":{"random_seed":{"type":"double","value":0.05},"selected_option":2,"options":{"type":"int_array","values":[2,3,4,5,6,7,8,9,10,11,12]},"plugin":{"class_name":"main.java.com.dougron.mucus_experiments.generator_poopline.plugins.RandomPhraseLength"}},"XMLKEY":{"random_seed":{"type":"double","value":0.45},"selected_option":0,"options":{"type":"int_array","values":[-5,-4,-3,-2,-1,0,1,2,3,4,5,6]},"plugin":{"class_name":"main.java.com.dougron.mucus_experiments.generator_poopline.plugins.RandomXMLKey"}}}, mu=
mu:x
PositionIsZero
FixedLength: 2 bars
globalPositionInQuarters=0.0
lengthInBarsAndBeats=BarsAndBeats [barPosition=2, offsetInQuarters=0.0] 
timeSignatureList:null
timeSignatureListGenerator:
SingleTimeSignature:4/4
tsGenAndMap:
TimeSignatureListGenerator:
SingleTimeSignature:4/4
TimeSignatureList:
4/4__
tsMap;

tempoList:
TempoList
 -tempo=120.0 at 0.0 floatBars
hasTimeSignature=false
hasTempo=false

mu count=0
muNotes:--none--
)
2022-02-26 23:43:44,918 INFO m.j.c.d.m.g.p.RandomXMLKey [main] Received PooplinePackage(name=x, rnd=test.java.com.dougron.mucus.algorithms.TestRandom@37f21974, json={}, mu=
mu:x
PositionIsZero
LengthFromChildren: 0 bars
globalPositionInQuarters=0.0
ruler=null
mu count=0
muNotes:--none--
)
2022-02-26 23:43:44,918 INFO m.j.c.d.m.g.p.RandomDiatonicTriadProgression [main] Received PooplinePackage(name=x, rnd=test.java.com.dougron.mucus.algorithms.TestRandom@5f4d427e, json={"XMLKEY":{"random_seed":{"type":"double","value":0.2},"selected_option":-3,"options":{"type":"int_array","values":[-5,-4,-3,-2,-1,0,1,2,3,4,5,6]},"plugin":{"class_name":"main.java.com.dougron.mucus_experiments.generator_poopline.plugins.RandomXMLKey"}}}, mu=
mu:x
PositionIsZero
LengthFromChildren: 0 bars
globalPositionInQuarters=0.0
ruler=null
mu count=0
muNotes:--none--
)
2022-02-26 23:43:44,918 INFO m.j.c.d.m.g.p.PlugGeneric [main] Did not receive required parameter PHRASE_LENGTH
2022-02-26 23:43:44,919 INFO m.j.c.d.m.g.p.PlugGeneric [main] Did not receive required parameter PHRASE_LENGTH
2022-02-26 23:43:44,921 INFO m.j.c.d.m.g.p.RandomPhraseLength [main] Received PooplinePackage(name=x, rnd=test.java.com.dougron.mucus.algorithms.TestRandom@6e521c1e, json={}, mu=
mu:x
PositionIsZero
LengthFromChildren: 0 bars
globalPositionInQuarters=0.0
ruler=null
mu count=0
muNotes:--none--
)
2022-02-26 23:43:44,921 INFO m.j.c.d.m.g.p.RandomDiatonicTriadProgression [main] Received PooplinePackage(name=x, rnd=test.java.com.dougron.mucus.algorithms.TestRandom@224b4d61, json={"PHRASE_LENGTH":{"random_seed":{"type":"double","value":0.2},"selected_option":4,"options":{"type":"int_array","values":[2,3,4,5,6,7,8,9,10,11,12]},"plugin":{"class_name":"main.java.com.dougron.mucus_experiments.generator_poopline.plugins.RandomPhraseLength"}}}, mu=
mu:x
PositionIsZero
FixedLength: 4 bars
globalPositionInQuarters=0.0
lengthInBarsAndBeats=BarsAndBeats [barPosition=4, offsetInQuarters=0.0] 
timeSignatureList:null
timeSignatureListGenerator:
SingleTimeSignature:4/4
tsGenAndMap:
TimeSignatureListGenerator:
SingleTimeSignature:4/4
TimeSignatureList:
4/4__
tsMap;

tempoList:
TempoList
 -tempo=120.0 at 0.0 floatBars
hasTimeSignature=false
hasTempo=false

mu count=0
muNotes:--none--
)
2022-02-26 23:43:44,922 INFO m.j.c.d.m.g.p.PlugGeneric [main] Did not receive required parameter XMLKEY
2022-02-26 23:43:44,922 INFO m.j.c.d.m.g.p.PlugGeneric [main] Did not receive required parameter XMLKEY
2022-02-26 23:43:44,932 INFO m.j.c.d.m.g.p.RandomDiatonicTriadProgression [main] Received PooplinePackage(name=x, rnd=test.java.com.dougron.mucus.algorithms.TestRandom@62dae245, json={}, mu=
mu:x
PositionIsZero
LengthFromChildren: 0 bars
globalPositionInQuarters=0.0
ruler=null
mu count=0
muNotes:--none--
)
2022-02-26 23:43:44,932 INFO m.j.c.d.m.g.p.PlugGeneric [main] Did not receive required parameter PHRASE_LENGTH
2022-02-26 23:43:44,932 INFO m.j.c.d.m.g.p.PlugGeneric [main] Did not receive required parameter XMLKEY
2022-02-26 23:43:44,932 INFO m.j.c.d.m.g.p.PlugGeneric [main] Did not receive required parameter PHRASE_LENGTH
2022-02-26 23:43:44,932 INFO m.j.c.d.m.g.p.PlugGeneric [main] Did not receive required parameter XMLKEY
2022-02-26 23:43:44,934 INFO m.j.c.d.m.g.p.RandomXMLKey [main] Received PooplinePackage(name=x, rnd=test.java.com.dougron.mucus.algorithms.TestRandom@4b6579e8, json={}, mu=
mu:x
PositionIsZero
LengthFromChildren: 0 bars
globalPositionInQuarters=0.0
ruler=null
mu count=0
muNotes:--none--
)
2022-02-26 23:43:44,934 INFO m.j.c.d.m.g.p.RandomDiatonicTriadProgression [main] Received PooplinePackage(name=x, rnd=test.java.com.dougron.mucus.algorithms.TestRandom@6fff253c, json={"XMLKEY":{"random_seed":{"type":"double","value":0.2},"selected_option":-3,"options":{"type":"int_array","values":[-5,-4,-3,-2,-1,0,1,2,3,4,5,6]},"plugin":{"class_name":"main.java.com.dougron.mucus_experiments.generator_poopline.plugins.RandomXMLKey"}}}, mu=
mu:x
PositionIsZero
LengthFromChildren: 0 bars
globalPositionInQuarters=0.0
ruler=null
mu count=0
muNotes:--none--
)
2022-02-26 23:43:44,935 INFO m.j.c.d.m.g.p.PlugGeneric [main] Did not receive required parameter PHRASE_LENGTH
2022-02-26 23:43:44,935 INFO m.j.c.d.m.g.p.PlugGeneric [main] Did not receive required parameter PHRASE_LENGTH
2022-02-26 23:43:44,937 INFO m.j.c.d.m.g.p.RandomPhraseLength [main] Received PooplinePackage(name=x, rnd=test.java.com.dougron.mucus.algorithms.TestRandom@6c6357f9, json={}, mu=
mu:x
PositionIsZero
LengthFromChildren: 0 bars
globalPositionInQuarters=0.0
ruler=null
mu count=0
muNotes:--none--
)
2022-02-26 23:43:44,938 INFO m.j.c.d.m.g.p.RandomDiatonicTriadProgression [main] Received PooplinePackage(name=x, rnd=test.java.com.dougron.mucus.algorithms.TestRandom@591e58fa, json={"PHRASE_LENGTH":{"random_seed":{"type":"double","value":0.2},"selected_option":4,"options":{"type":"int_array","values":[2,3,4,5,6,7,8,9,10,11,12]},"plugin":{"class_name":"main.java.com.dougron.mucus_experiments.generator_poopline.plugins.RandomPhraseLength"}}}, mu=
mu:x
PositionIsZero
FixedLength: 4 bars
globalPositionInQuarters=0.0
lengthInBarsAndBeats=BarsAndBeats [barPosition=4, offsetInQuarters=0.0] 
timeSignatureList:null
timeSignatureListGenerator:
SingleTimeSignature:4/4
tsGenAndMap:
TimeSignatureListGenerator:
SingleTimeSignature:4/4
TimeSignatureList:
4/4__
tsMap;

tempoList:
TempoList
 -tempo=120.0 at 0.0 floatBars
hasTimeSignature=false
hasTempo=false

mu count=0
muNotes:--none--
)
2022-02-26 23:43:44,938 INFO m.j.c.d.m.g.p.PlugGeneric [main] Did not receive required parameter XMLKEY
2022-02-26 23:43:44,938 INFO m.j.c.d.m.g.p.PlugGeneric [main] Did not receive required parameter XMLKEY
2022-02-26 23:53:43,210 INFO m.j.c.d.m.g.p.RandomPhraseLength [main] Received PooplinePackage(name=x, rnd=test.java.com.dougron.mucus.algorithms.TestRandom@37b70343, json={}, mu=
mu:x
PositionIsZero
LengthFromChildren: 0 bars
globalPositionInQuarters=0.0
ruler=null
mu count=0
muNotes:--none--
)
2022-02-26 23:53:43,233 INFO m.j.c.d.m.g.p.RandomXMLKey [main] Received PooplinePackage(name=x, rnd=test.java.com.dougron.mucus.algorithms.TestRandom@277f7dd3, json={"PHRASE_LENGTH":{"random_seed":{"type":"double","value":0.05},"selected_option":2,"options":{"type":"int_array","values":[2,3,4,5,6,7,8,9,10,11,12]},"plugin":{"class_name":"main.java.com.dougron.mucus_experiments.generator_poopline.plugins.RandomPhraseLength"}}}, mu=
mu:x
PositionIsZero
FixedLength: 2 bars
globalPositionInQuarters=0.0
lengthInBarsAndBeats=BarsAndBeats [barPosition=2, offsetInQuarters=0.0] 
timeSignatureList:null
timeSignatureListGenerator:
SingleTimeSignature:4/4
tsGenAndMap:
TimeSignatureListGenerator:
SingleTimeSignature:4/4
TimeSignatureList:
4/4__
tsMap;

tempoList:
TempoList
 -tempo=120.0 at 0.0 floatBars
hasTimeSignature=false
hasTempo=false

mu count=0
muNotes:--none--
)
2022-02-26 23:53:43,234 INFO m.j.c.d.m.g.p.RandomDiatonicTriadProgression [main] Received PooplinePackage(name=x, rnd=test.java.com.dougron.mucus.algorithms.TestRandom@470a696f, json={"PHRASE_LENGTH":{"random_seed":{"type":"double","value":0.05},"selected_option":2,"options":{"type":"int_array","values":[2,3,4,5,6,7,8,9,10,11,12]},"plugin":{"class_name":"main.java.com.dougron.mucus_experiments.generator_poopline.plugins.RandomPhraseLength"}},"XMLKEY":{"random_seed":{"type":"double","value":0.45},"selected_option":0,"options":{"type":"int_array","values":[-5,-4,-3,-2,-1,0,1,2,3,4,5,6]},"plugin":{"class_name":"main.java.com.dougron.mucus_experiments.generator_poopline.plugins.RandomXMLKey"}}}, mu=
mu:x
PositionIsZero
FixedLength: 2 bars
globalPositionInQuarters=0.0
lengthInBarsAndBeats=BarsAndBeats [barPosition=2, offsetInQuarters=0.0] 
timeSignatureList:null
timeSignatureListGenerator:
SingleTimeSignature:4/4
tsGenAndMap:
TimeSignatureListGenerator:
SingleTimeSignature:4/4
TimeSignatureList:
4/4__
tsMap;

tempoList:
TempoList
 -tempo=120.0 at 0.0 floatBars
hasTimeSignature=false
hasTempo=false

mu count=0
muNotes:--none--
)
2022-02-26 23:53:43,306 INFO m.j.c.d.m.g.p.RandomXMLKey [main] Received PooplinePackage(name=x, rnd=test.java.com.dougron.mucus.algorithms.TestRandom@5f4d427e, json={}, mu=
mu:x
PositionIsZero
LengthFromChildren: 0 bars
globalPositionInQuarters=0.0
ruler=null
mu count=0
muNotes:--none--
)
2022-02-26 23:53:43,306 INFO m.j.c.d.m.g.p.RandomDiatonicTriadProgression [main] Received PooplinePackage(name=x, rnd=test.java.com.dougron.mucus.algorithms.TestRandom@6e521c1e, json={"XMLKEY":{"random_seed":{"type":"double","value":0.2},"selected_option":-3,"options":{"type":"int_array","values":[-5,-4,-3,-2,-1,0,1,2,3,4,5,6]},"plugin":{"class_name":"main.java.com.dougron.mucus_experiments.generator_poopline.plugins.RandomXMLKey"}}}, mu=
mu:x
PositionIsZero
LengthFromChildren: 0 bars
globalPositionInQuarters=0.0
ruler=null
mu count=0
muNotes:--none--
)
2022-02-26 23:53:43,306 INFO m.j.c.d.m.g.p.PlugGeneric [main] Did not receive required parameter PHRASE_LENGTH
2022-02-26 23:53:43,307 INFO m.j.c.d.m.g.p.PlugGeneric [main] Did not receive required parameter PHRASE_LENGTH
2022-02-26 23:53:43,309 INFO m.j.c.d.m.g.p.RandomPhraseLength [main] Received PooplinePackage(name=x, rnd=test.java.com.dougron.mucus.algorithms.TestRandom@224b4d61, json={}, mu=
mu:x
PositionIsZero
LengthFromChildren: 0 bars
globalPositionInQuarters=0.0
ruler=null
mu count=0
muNotes:--none--
)
2022-02-26 23:53:43,309 INFO m.j.c.d.m.g.p.RandomDiatonicTriadProgression [main] Received PooplinePackage(name=x, rnd=test.java.com.dougron.mucus.algorithms.TestRandom@5d5d9e5, json={"PHRASE_LENGTH":{"random_seed":{"type":"double","value":0.2},"selected_option":4,"options":{"type":"int_array","values":[2,3,4,5,6,7,8,9,10,11,12]},"plugin":{"class_name":"main.java.com.dougron.mucus_experiments.generator_poopline.plugins.RandomPhraseLength"}}}, mu=
mu:x
PositionIsZero
FixedLength: 4 bars
globalPositionInQuarters=0.0
lengthInBarsAndBeats=BarsAndBeats [barPosition=4, offsetInQuarters=0.0] 
timeSignatureList:null
timeSignatureListGenerator:
SingleTimeSignature:4/4
tsGenAndMap:
TimeSignatureListGenerator:
SingleTimeSignature:4/4
TimeSignatureList:
4/4__
tsMap;

tempoList:
TempoList
 -tempo=120.0 at 0.0 floatBars
hasTimeSignature=false
hasTempo=false

mu count=0
muNotes:--none--
)
2022-02-26 23:53:43,309 INFO m.j.c.d.m.g.p.PlugGeneric [main] Did not receive required parameter XMLKEY
2022-02-26 23:53:43,310 INFO m.j.c.d.m.g.p.PlugGeneric [main] Did not receive required parameter XMLKEY
2022-02-26 23:53:43,318 INFO m.j.c.d.m.g.p.RandomDiatonicTriadProgression [main] Received PooplinePackage(name=x, rnd=test.java.com.dougron.mucus.algorithms.TestRandom@4b6579e8, json={}, mu=
mu:x
PositionIsZero
LengthFromChildren: 0 bars
globalPositionInQuarters=0.0
ruler=null
mu count=0
muNotes:--none--
)
2022-02-26 23:53:43,319 INFO m.j.c.d.m.g.p.PlugGeneric [main] Did not receive required parameter PHRASE_LENGTH
2022-02-26 23:53:43,319 INFO m.j.c.d.m.g.p.PlugGeneric [main] Did not receive required parameter XMLKEY
2022-02-26 23:53:43,319 INFO m.j.c.d.m.g.p.PlugGeneric [main] Did not receive required parameter PHRASE_LENGTH
2022-02-26 23:53:43,319 INFO m.j.c.d.m.g.p.PlugGeneric [main] Did not receive required parameter XMLKEY
2022-02-26 23:53:43,322 INFO m.j.c.d.m.g.p.RandomPhraseLength [main] Received PooplinePackage(name=x, rnd=test.java.com.dougron.mucus.algorithms.TestRandom@6fff253c, json={}, mu=
mu:x
PositionIsZero
LengthFromChildren: 0 bars
globalPositionInQuarters=0.0
ruler=null
mu count=0
muNotes:--none--
)
2022-02-26 23:53:43,323 INFO m.j.c.d.m.g.p.RandomXMLKey [main] Received PooplinePackage(name=x, rnd=test.java.com.dougron.mucus.algorithms.TestRandom@6c6357f9, json={"PHRASE_LENGTH":{"random_seed":{"type":"double","value":0.05},"selected_option":2,"options":{"type":"int_array","values":[2,3,4,5,6,7,8,9,10,11,12]},"plugin":{"class_name":"main.java.com.dougron.mucus_experiments.generator_poopline.plugins.RandomPhraseLength"}}}, mu=
mu:x
PositionIsZero
FixedLength: 2 bars
globalPositionInQuarters=0.0
lengthInBarsAndBeats=BarsAndBeats [barPosition=2, offsetInQuarters=0.0] 
timeSignatureList:null
timeSignatureListGenerator:
SingleTimeSignature:4/4
tsGenAndMap:
TimeSignatureListGenerator:
SingleTimeSignature:4/4
TimeSignatureList:
4/4__
tsMap;

tempoList:
TempoList
 -tempo=120.0 at 0.0 floatBars
hasTimeSignature=false
hasTempo=false

mu count=0
muNotes:--none--
)
2022-02-26 23:53:43,323 INFO m.j.c.d.m.g.p.RandomDiatonicTriadProgression [main] Received PooplinePackage(name=x, rnd=test.java.com.dougron.mucus.algorithms.TestRandom@591e58fa, json={"PHRASE_LENGTH":{"random_seed":{"type":"double","value":0.05},"selected_option":2,"options":{"type":"int_array","values":[2,3,4,5,6,7,8,9,10,11,12]},"plugin":{"class_name":"main.java.com.dougron.mucus_experiments.generator_poopline.plugins.RandomPhraseLength"}},"XMLKEY":{"random_seed":{"type":"double","value":0.45},"selected_option":0,"options":{"type":"int_array","values":[-5,-4,-3,-2,-1,0,1,2,3,4,5,6]},"plugin":{"class_name":"main.java.com.dougron.mucus_experiments.generator_poopline.plugins.RandomXMLKey"}}}, mu=
mu:x
PositionIsZero
FixedLength: 2 bars
globalPositionInQuarters=0.0
lengthInBarsAndBeats=BarsAndBeats [barPosition=2, offsetInQuarters=0.0] 
timeSignatureList:null
timeSignatureListGenerator:
SingleTimeSignature:4/4
tsGenAndMap:
TimeSignatureListGenerator:
SingleTimeSignature:4/4
TimeSignatureList:
4/4__
tsMap;

tempoList:
TempoList
 -tempo=120.0 at 0.0 floatBars
hasTimeSignature=false
hasTempo=false

mu count=0
muNotes:--none--
)
2022-02-26 23:53:43,340 INFO m.j.c.d.m.g.p.RandomXMLKey [main] Received PooplinePackage(name=x, rnd=test.java.com.dougron.mucus.algorithms.TestRandom@6e46d9f4, json={}, mu=
mu:x
PositionIsZero
LengthFromChildren: 0 bars
globalPositionInQuarters=0.0
ruler=null
mu count=0
muNotes:--none--
)
2022-02-26 23:53:43,340 INFO m.j.c.d.m.g.p.RandomDiatonicTriadProgression [main] Received PooplinePackage(name=x, rnd=test.java.com.dougron.mucus.algorithms.TestRandom@5cc69cfe, json={"XMLKEY":{"random_seed":{"type":"double","value":0.2},"selected_option":-3,"options":{"type":"int_array","values":[-5,-4,-3,-2,-1,0,1,2,3,4,5,6]},"plugin":{"class_name":"main.java.com.dougron.mucus_experiments.generator_poopline.plugins.RandomXMLKey"}}}, mu=
mu:x
PositionIsZero
LengthFromChildren: 0 bars
globalPositionInQuarters=0.0
ruler=null
mu count=0
muNotes:--none--
)
2022-02-26 23:53:43,340 INFO m.j.c.d.m.g.p.PlugGeneric [main] Did not receive required parameter PHRASE_LENGTH
2022-02-26 23:53:43,341 INFO m.j.c.d.m.g.p.PlugGeneric [main] Did not receive required parameter PHRASE_LENGTH
2022-02-26 23:53:43,342 INFO m.j.c.d.m.g.p.RandomPhraseLength [main] Received PooplinePackage(name=x, rnd=test.java.com.dougron.mucus.algorithms.TestRandom@29cfd92b, json={}, mu=
mu:x
PositionIsZero
LengthFromChildren: 0 bars
globalPositionInQuarters=0.0
ruler=null
mu count=0
muNotes:--none--
)
2022-02-26 23:53:43,343 INFO m.j.c.d.m.g.p.RandomDiatonicTriadProgression [main] Received PooplinePackage(name=x, rnd=test.java.com.dougron.mucus.algorithms.TestRandom@21c64522, json={"PHRASE_LENGTH":{"random_seed":{"type":"double","value":0.2},"selected_option":4,"options":{"type":"int_array","values":[2,3,4,5,6,7,8,9,10,11,12]},"plugin":{"class_name":"main.java.com.dougron.mucus_experiments.generator_poopline.plugins.RandomPhraseLength"}}}, mu=
mu:x
PositionIsZero
FixedLength: 4 bars
globalPositionInQuarters=0.0
lengthInBarsAndBeats=BarsAndBeats [barPosition=4, offsetInQuarters=0.0] 
timeSignatureList:null
timeSignatureListGenerator:
SingleTimeSignature:4/4
tsGenAndMap:
TimeSignatureListGenerator:
SingleTimeSignature:4/4
TimeSignatureList:
4/4__
tsMap;

tempoList:
TempoList
 -tempo=120.0 at 0.0 floatBars
hasTimeSignature=false
hasTempo=false

mu count=0
muNotes:--none--
)
2022-02-26 23:53:43,343 INFO m.j.c.d.m.g.p.PlugGeneric [main] Did not receive required parameter XMLKEY
2022-02-26 23:53:43,344 INFO m.j.c.d.m.g.p.PlugGeneric [main] Did not receive required parameter XMLKEY
2022-02-26 23:55:13,711 INFO m.j.c.d.m.g.p.RandomPhraseLength [main] Received PooplinePackage(name=x, rnd=test.java.com.dougron.mucus.algorithms.TestRandom@37b70343, json={}, mu=
mu:x
PositionIsZero
LengthFromChildren: 0 bars
globalPositionInQuarters=0.0
ruler=null
mu count=0
muNotes:--none--
)
2022-02-26 23:55:13,733 INFO m.j.c.d.m.g.p.RandomXMLKey [main] Received PooplinePackage(name=x, rnd=test.java.com.dougron.mucus.algorithms.TestRandom@277f7dd3, json={"PHRASE_LENGTH":{"random_seed":{"type":"double","value":0.05},"selected_option":2,"options":{"type":"int_array","values":[2,3,4,5,6,7,8,9,10,11,12]},"plugin":{"class_name":"main.java.com.dougron.mucus_experiments.generator_poopline.plugins.RandomPhraseLength"}}}, mu=
mu:x
PositionIsZero
FixedLength: 2 bars
globalPositionInQuarters=0.0
lengthInBarsAndBeats=BarsAndBeats [barPosition=2, offsetInQuarters=0.0] 
timeSignatureList:null
timeSignatureListGenerator:
SingleTimeSignature:4/4
tsGenAndMap:
TimeSignatureListGenerator:
SingleTimeSignature:4/4
TimeSignatureList:
4/4__
tsMap;

tempoList:
TempoList
 -tempo=120.0 at 0.0 floatBars
hasTimeSignature=false
hasTempo=false

mu count=0
muNotes:--none--
)
2022-02-26 23:55:13,734 INFO m.j.c.d.m.g.p.RandomDiatonicTriadProgression [main] Received PooplinePackage(name=x, rnd=test.java.com.dougron.mucus.algorithms.TestRandom@470a696f, json={"PHRASE_LENGTH":{"random_seed":{"type":"double","value":0.05},"selected_option":2,"options":{"type":"int_array","values":[2,3,4,5,6,7,8,9,10,11,12]},"plugin":{"class_name":"main.java.com.dougron.mucus_experiments.generator_poopline.plugins.RandomPhraseLength"}},"XMLKEY":{"random_seed":{"type":"double","value":0.45},"selected_option":0,"options":{"type":"int_array","values":[-5,-4,-3,-2,-1,0,1,2,3,4,5,6]},"plugin":{"class_name":"main.java.com.dougron.mucus_experiments.generator_poopline.plugins.RandomXMLKey"}}}, mu=
mu:x
PositionIsZero
FixedLength: 2 bars
globalPositionInQuarters=0.0
lengthInBarsAndBeats=BarsAndBeats [barPosition=2, offsetInQuarters=0.0] 
timeSignatureList:null
timeSignatureListGenerator:
SingleTimeSignature:4/4
tsGenAndMap:
TimeSignatureListGenerator:
SingleTimeSignature:4/4
TimeSignatureList:
4/4__
tsMap;

tempoList:
TempoList
 -tempo=120.0 at 0.0 floatBars
hasTimeSignature=false
hasTempo=false

mu count=0
muNotes:--none--
)
2022-02-26 23:55:13,797 INFO m.j.c.d.m.g.p.RandomXMLKey [main] Received PooplinePackage(name=x, rnd=test.java.com.dougron.mucus.algorithms.TestRandom@5f4d427e, json={}, mu=
mu:x
PositionIsZero
LengthFromChildren: 0 bars
globalPositionInQuarters=0.0
ruler=null
mu count=0
muNotes:--none--
)
2022-02-26 23:55:13,797 INFO m.j.c.d.m.g.p.RandomDiatonicTriadProgression [main] Received PooplinePackage(name=x, rnd=test.java.com.dougron.mucus.algorithms.TestRandom@6e521c1e, json={"XMLKEY":{"random_seed":{"type":"double","value":0.2},"selected_option":-3,"options":{"type":"int_array","values":[-5,-4,-3,-2,-1,0,1,2,3,4,5,6]},"plugin":{"class_name":"main.java.com.dougron.mucus_experiments.generator_poopline.plugins.RandomXMLKey"}}}, mu=
mu:x
PositionIsZero
LengthFromChildren: 0 bars
globalPositionInQuarters=0.0
ruler=null
mu count=0
muNotes:--none--
)
2022-02-26 23:55:13,798 INFO m.j.c.d.m.g.p.PlugGeneric [main] Did not receive required parameter PHRASE_LENGTH
2022-02-26 23:55:13,798 INFO m.j.c.d.m.g.p.PlugGeneric [main] Did not receive required parameter PHRASE_LENGTH
2022-02-26 23:55:13,800 INFO m.j.c.d.m.g.p.RandomPhraseLength [main] Received PooplinePackage(name=x, rnd=test.java.com.dougron.mucus.algorithms.TestRandom@224b4d61, json={}, mu=
mu:x
PositionIsZero
LengthFromChildren: 0 bars
globalPositionInQuarters=0.0
ruler=null
mu count=0
muNotes:--none--
)
2022-02-26 23:55:13,800 INFO m.j.c.d.m.g.p.RandomDiatonicTriadProgression [main] Received PooplinePackage(name=x, rnd=test.java.com.dougron.mucus.algorithms.TestRandom@5d5d9e5, json={"PHRASE_LENGTH":{"random_seed":{"type":"double","value":0.2},"selected_option":4,"options":{"type":"int_array","values":[2,3,4,5,6,7,8,9,10,11,12]},"plugin":{"class_name":"main.java.com.dougron.mucus_experiments.generator_poopline.plugins.RandomPhraseLength"}}}, mu=
mu:x
PositionIsZero
FixedLength: 4 bars
globalPositionInQuarters=0.0
lengthInBarsAndBeats=BarsAndBeats [barPosition=4, offsetInQuarters=0.0] 
timeSignatureList:null
timeSignatureListGenerator:
SingleTimeSignature:4/4
tsGenAndMap:
TimeSignatureListGenerator:
SingleTimeSignature:4/4
TimeSignatureList:
4/4__
tsMap;

tempoList:
TempoList
 -tempo=120.0 at 0.0 floatBars
hasTimeSignature=false
hasTempo=false

mu count=0
muNotes:--none--
)
2022-02-26 23:55:13,801 INFO m.j.c.d.m.g.p.PlugGeneric [main] Did not receive required parameter XMLKEY
2022-02-26 23:55:13,801 INFO m.j.c.d.m.g.p.PlugGeneric [main] Did not receive required parameter XMLKEY
2022-02-26 23:55:13,809 INFO m.j.c.d.m.g.p.RandomDiatonicTriadProgression [main] Received PooplinePackage(name=x, rnd=test.java.com.dougron.mucus.algorithms.TestRandom@4b6579e8, json={}, mu=
mu:x
PositionIsZero
LengthFromChildren: 0 bars
globalPositionInQuarters=0.0
ruler=null
mu count=0
muNotes:--none--
)
2022-02-26 23:55:13,809 INFO m.j.c.d.m.g.p.PlugGeneric [main] Did not receive required parameter PHRASE_LENGTH
2022-02-26 23:55:13,810 INFO m.j.c.d.m.g.p.PlugGeneric [main] Did not receive required parameter XMLKEY
2022-02-26 23:55:13,810 INFO m.j.c.d.m.g.p.PlugGeneric [main] Did not receive required parameter PHRASE_LENGTH
2022-02-26 23:55:13,810 INFO m.j.c.d.m.g.p.PlugGeneric [main] Did not receive required parameter XMLKEY
2022-02-26 23:55:13,812 INFO m.j.c.d.m.g.p.RandomPhraseLength [main] Received PooplinePackage(name=x, rnd=test.java.com.dougron.mucus.algorithms.TestRandom@6fff253c, json={}, mu=
mu:x
PositionIsZero
LengthFromChildren: 0 bars
globalPositionInQuarters=0.0
ruler=null
mu count=0
muNotes:--none--
)
2022-02-26 23:55:13,813 INFO m.j.c.d.m.g.p.RandomXMLKey [main] Received PooplinePackage(name=x, rnd=test.java.com.dougron.mucus.algorithms.TestRandom@6c6357f9, json={"PHRASE_LENGTH":{"random_seed":{"type":"double","value":0.05},"selected_option":2,"options":{"type":"int_array","values":[2,3,4,5,6,7,8,9,10,11,12]},"plugin":{"class_name":"main.java.com.dougron.mucus_experiments.generator_poopline.plugins.RandomPhraseLength"}}}, mu=
mu:x
PositionIsZero
FixedLength: 2 bars
globalPositionInQuarters=0.0
lengthInBarsAndBeats=BarsAndBeats [barPosition=2, offsetInQuarters=0.0] 
timeSignatureList:null
timeSignatureListGenerator:
SingleTimeSignature:4/4
tsGenAndMap:
TimeSignatureListGenerator:
SingleTimeSignature:4/4
TimeSignatureList:
4/4__
tsMap;

tempoList:
TempoList
 -tempo=120.0 at 0.0 floatBars
hasTimeSignature=false
hasTempo=false

mu count=0
muNotes:--none--
)
2022-02-26 23:55:13,813 INFO m.j.c.d.m.g.p.RandomDiatonicTriadProgression [main] Received PooplinePackage(name=x, rnd=test.java.com.dougron.mucus.algorithms.TestRandom@591e58fa, json={"PHRASE_LENGTH":{"random_seed":{"type":"double","value":0.05},"selected_option":2,"options":{"type":"int_array","values":[2,3,4,5,6,7,8,9,10,11,12]},"plugin":{"class_name":"main.java.com.dougron.mucus_experiments.generator_poopline.plugins.RandomPhraseLength"}},"XMLKEY":{"random_seed":{"type":"double","value":0.45},"selected_option":0,"options":{"type":"int_array","values":[-5,-4,-3,-2,-1,0,1,2,3,4,5,6]},"plugin":{"class_name":"main.java.com.dougron.mucus_experiments.generator_poopline.plugins.RandomXMLKey"}}}, mu=
mu:x
PositionIsZero
FixedLength: 2 bars
globalPositionInQuarters=0.0
lengthInBarsAndBeats=BarsAndBeats [barPosition=2, offsetInQuarters=0.0] 
timeSignatureList:null
timeSignatureListGenerator:
SingleTimeSignature:4/4
tsGenAndMap:
TimeSignatureListGenerator:
SingleTimeSignature:4/4
TimeSignatureList:
4/4__
tsMap;

tempoList:
TempoList
 -tempo=120.0 at 0.0 floatBars
hasTimeSignature=false
hasTempo=false

mu count=0
muNotes:--none--
)
2022-02-26 23:55:13,815 INFO m.j.c.d.m.g.p.RandomXMLKey [main] Received PooplinePackage(name=x, rnd=test.java.com.dougron.mucus.algorithms.TestRandom@3954d008, json={}, mu=
mu:x
PositionIsZero
LengthFromChildren: 0 bars
globalPositionInQuarters=0.0
ruler=null
mu count=0
muNotes:--none--
)
2022-02-26 23:55:13,815 INFO m.j.c.d.m.g.p.RandomDiatonicTriadProgression [main] Received PooplinePackage(name=x, rnd=test.java.com.dougron.mucus.algorithms.TestRandom@2f94c4db, json={"XMLKEY":{"random_seed":{"type":"double","value":0.2},"selected_option":-3,"options":{"type":"int_array","values":[-5,-4,-3,-2,-1,0,1,2,3,4,5,6]},"plugin":{"class_name":"main.java.com.dougron.mucus_experiments.generator_poopline.plugins.RandomXMLKey"}}}, mu=
mu:x
PositionIsZero
LengthFromChildren: 0 bars
globalPositionInQuarters=0.0
ruler=null
mu count=0
muNotes:--none--
)
2022-02-26 23:55:13,816 INFO m.j.c.d.m.g.p.PlugGeneric [main] Did not receive required parameter PHRASE_LENGTH
2022-02-26 23:55:13,816 INFO m.j.c.d.m.g.p.PlugGeneric [main] Did not receive required parameter PHRASE_LENGTH
2022-02-26 23:55:13,819 INFO m.j.c.d.m.g.p.RandomPhraseLength [main] Received PooplinePackage(name=x, rnd=test.java.com.dougron.mucus.algorithms.TestRandom@593e824f, json={}, mu=
mu:x
PositionIsZero
LengthFromChildren: 0 bars
globalPositionInQuarters=0.0
ruler=null
mu count=0
muNotes:--none--
)
2022-02-26 23:55:13,819 INFO m.j.c.d.m.g.p.RandomDiatonicTriadProgression [main] Received PooplinePackage(name=x, rnd=test.java.com.dougron.mucus.algorithms.TestRandom@72ccd81a, json={"PHRASE_LENGTH":{"random_seed":{"type":"double","value":0.2},"selected_option":4,"options":{"type":"int_array","values":[2,3,4,5,6,7,8,9,10,11,12]},"plugin":{"class_name":"main.java.com.dougron.mucus_experiments.generator_poopline.plugins.RandomPhraseLength"}}}, mu=
mu:x
PositionIsZero
FixedLength: 4 bars
globalPositionInQuarters=0.0
lengthInBarsAndBeats=BarsAndBeats [barPosition=4, offsetInQuarters=0.0] 
timeSignatureList:null
timeSignatureListGenerator:
SingleTimeSignature:4/4
tsGenAndMap:
TimeSignatureListGenerator:
SingleTimeSignature:4/4
TimeSignatureList:
4/4__
tsMap;

tempoList:
TempoList
 -tempo=120.0 at 0.0 floatBars
hasTimeSignature=false
hasTempo=false

mu count=0
muNotes:--none--
)
2022-02-26 23:55:13,820 INFO m.j.c.d.m.g.p.PlugGeneric [main] Did not receive required parameter XMLKEY
2022-02-26 23:55:13,820 INFO m.j.c.d.m.g.p.PlugGeneric [main] Did not receive required parameter XMLKEY
