2022-02-27 00:12:51,798 INFO m.j.c.d.m.g.p.RandomPhraseLength [main] Received PooplinePackage(name=x, rnd=test.java.com.dougron.mucus.algorithms.TestRandom@f73dcd6, json={}, mu=
mu:x
PositionIsZero
LengthFromChildren: 0 bars
globalPositionInQuarters=0.0
ruler=null
mu count=0
muNotes:--none--
)
2022-02-27 00:12:51,830 INFO m.j.c.d.m.g.p.RandomXMLKey [main] Received PooplinePackage(name=x, rnd=test.java.com.dougron.mucus.algorithms.TestRandom@6f0ca692, json={"PHRASE_LENGTH":{"random_seed":{"type":"double","value":0.05},"selected_option":2,"options":{"type":"int_array","values":[2,3,4,5,6,7,8,9,10,11,12]},"plugin":{"class_name":"main.java.com.dougron.mucus_experiments.generator_poopline.plugins.RandomPhraseLength"}}}, mu=
mu:x
PositionIsZero
FixedLength: 2 bars
globalPositionInQuarters=0.0
lengthInBarsAndBeats=BarsAndBeats [barPosition=2, offsetInQuarters=0.0] 
timeSignatureList:null
timeSignatureListGenerator:
SingleTimeSignature:4/4
tsGenAndMap:
TimeSignatureListGenerator:
SingleTimeSignature:4/4
TimeSignatureList:
4/4__
tsMap;

tempoList:
TempoList
 -tempo=120.0 at 0.0 floatBars
hasTimeSignature=false
hasTempo=false

mu count=0
muNotes:--none--
)
2022-02-27 00:12:51,831 INFO m.j.c.d.m.g.p.RandomDiatonicTriadProgression [main] Received PooplinePackage(name=x, rnd=test.java.com.dougron.mucus.algorithms.TestRandom@4e517165, json={"PHRASE_LENGTH":{"random_seed":{"type":"double","value":0.05},"selected_option":2,"options":{"type":"int_array","values":[2,3,4,5,6,7,8,9,10,11,12]},"plugin":{"class_name":"main.java.com.dougron.mucus_experiments.generator_poopline.plugins.RandomPhraseLength"}},"XMLKEY":{"random_seed":{"type":"double","value":0.45},"selected_option":0,"options":{"type":"int_array","values":[-5,-4,-3,-2,-1,0,1,2,3,4,5,6]},"plugin":{"class_name":"main.java.com.dougron.mucus_experiments.generator_poopline.plugins.RandomXMLKey"}}}, mu=
mu:x
PositionIsZero
FixedLength: 2 bars
globalPositionInQuarters=0.0
lengthInBarsAndBeats=BarsAndBeats [barPosition=2, offsetInQuarters=0.0] 
timeSignatureList:null
timeSignatureListGenerator:
SingleTimeSignature:4/4
tsGenAndMap:
TimeSignatureListGenerator:
SingleTimeSignature:4/4
TimeSignatureList:
4/4__
tsMap;

tempoList:
TempoList
 -tempo=120.0 at 0.0 floatBars
hasTimeSignature=false
hasTempo=false

mu count=0
muNotes:--none--
)
2022-02-27 00:12:51,914 INFO m.j.c.d.m.g.p.RandomXMLKey [main] Received PooplinePackage(name=x, rnd=test.java.com.dougron.mucus.algorithms.TestRandom@5df417a7, json={}, mu=
mu:x
PositionIsZero
LengthFromChildren: 0 bars
globalPositionInQuarters=0.0
ruler=null
mu count=0
muNotes:--none--
)
2022-02-27 00:12:51,915 INFO m.j.c.d.m.g.p.RandomDiatonicTriadProgression [main] Received PooplinePackage(name=x, rnd=test.java.com.dougron.mucus.algorithms.TestRandom@7c041b41, json={"XMLKEY":{"random_seed":{"type":"double","value":0.2},"selected_option":-3,"options":{"type":"int_array","values":[-5,-4,-3,-2,-1,0,1,2,3,4,5,6]},"plugin":{"class_name":"main.java.com.dougron.mucus_experiments.generator_poopline.plugins.RandomXMLKey"}}}, mu=
mu:x
PositionIsZero
LengthFromChildren: 0 bars
globalPositionInQuarters=0.0
ruler=null
mu count=0
muNotes:--none--
)
2022-02-27 00:12:51,915 INFO m.j.c.d.m.g.p.PlugGeneric [main] Did not receive required parameter PHRASE_LENGTH
2022-02-27 00:12:51,915 INFO m.j.c.d.m.g.p.PlugGeneric [main] Did not receive required parameter PHRASE_LENGTH
2022-02-27 00:12:51,917 INFO m.j.c.d.m.g.p.RandomPhraseLength [main] Received PooplinePackage(name=x, rnd=test.java.com.dougron.mucus.algorithms.TestRandom@7f69d591, json={}, mu=
mu:x
PositionIsZero
LengthFromChildren: 0 bars
globalPositionInQuarters=0.0
ruler=null
mu count=0
muNotes:--none--
)
2022-02-27 00:12:51,917 INFO m.j.c.d.m.g.p.RandomDiatonicTriadProgression [main] Received PooplinePackage(name=x, rnd=test.java.com.dougron.mucus.algorithms.TestRandom@61078690, json={"PHRASE_LENGTH":{"random_seed":{"type":"double","value":0.2},"selected_option":4,"options":{"type":"int_array","values":[2,3,4,5,6,7,8,9,10,11,12]},"plugin":{"class_name":"main.java.com.dougron.mucus_experiments.generator_poopline.plugins.RandomPhraseLength"}}}, mu=
mu:x
PositionIsZero
FixedLength: 4 bars
globalPositionInQuarters=0.0
lengthInBarsAndBeats=BarsAndBeats [barPosition=4, offsetInQuarters=0.0] 
timeSignatureList:null
timeSignatureListGenerator:
SingleTimeSignature:4/4
tsGenAndMap:
TimeSignatureListGenerator:
SingleTimeSignature:4/4
TimeSignatureList:
4/4__
tsMap;

tempoList:
TempoList
 -tempo=120.0 at 0.0 floatBars
hasTimeSignature=false
hasTempo=false

mu count=0
muNotes:--none--
)
2022-02-27 00:12:51,918 INFO m.j.c.d.m.g.p.PlugGeneric [main] Did not receive required parameter XMLKEY
2022-02-27 00:12:51,918 INFO m.j.c.d.m.g.p.PlugGeneric [main] Did not receive required parameter XMLKEY
2022-02-27 00:12:51,926 INFO m.j.c.d.m.g.p.RandomPhraseLength [main] Received PooplinePackage(name=x, rnd=test.java.com.dougron.mucus.algorithms.TestRandom@3c9168dc, json={}, mu=
mu:x
PositionIsZero
LengthFromChildren: 0 bars
globalPositionInQuarters=0.0
ruler=null
mu count=0
muNotes:--none--
)
2022-02-27 00:12:51,926 INFO m.j.c.d.m.g.p.RandomXMLKey [main] Received PooplinePackage(name=x, rnd=test.java.com.dougron.mucus.algorithms.TestRandom@332a7fce, json={"PHRASE_LENGTH":{"random_seed":{"type":"double","value":0.05},"selected_option":2,"options":{"type":"int_array","values":[2,3,4,5,6,7,8,9,10,11,12]},"plugin":{"class_name":"main.java.com.dougron.mucus_experiments.generator_poopline.plugins.RandomPhraseLength"}}}, mu=
mu:x
PositionIsZero
FixedLength: 2 bars
globalPositionInQuarters=0.0
lengthInBarsAndBeats=BarsAndBeats [barPosition=2, offsetInQuarters=0.0] 
timeSignatureList:null
timeSignatureListGenerator:
SingleTimeSignature:4/4
tsGenAndMap:
TimeSignatureListGenerator:
SingleTimeSignature:4/4
TimeSignatureList:
4/4__
tsMap;

tempoList:
TempoList
 -tempo=120.0 at 0.0 floatBars
hasTimeSignature=false
hasTempo=false

mu count=0
muNotes:--none--
)
2022-02-27 00:12:51,927 INFO m.j.c.d.m.g.p.RandomDiatonicTriadProgression [main] Received PooplinePackage(name=x, rnd=test.java.com.dougron.mucus.algorithms.TestRandom@549621f3, json={"PHRASE_LENGTH":{"random_seed":{"type":"double","value":0.05},"selected_option":2,"options":{"type":"int_array","values":[2,3,4,5,6,7,8,9,10,11,12]},"plugin":{"class_name":"main.java.com.dougron.mucus_experiments.generator_poopline.plugins.RandomPhraseLength"}},"XMLKEY":{"random_seed":{"type":"double","value":0.45},"selected_option":0,"options":{"type":"int_array","values":[-5,-4,-3,-2,-1,0,1,2,3,4,5,6]},"plugin":{"class_name":"main.java.com.dougron.mucus_experiments.generator_poopline.plugins.RandomXMLKey"}}}, mu=
mu:x
PositionIsZero
FixedLength: 2 bars
globalPositionInQuarters=0.0
lengthInBarsAndBeats=BarsAndBeats [barPosition=2, offsetInQuarters=0.0] 
timeSignatureList:null
timeSignatureListGenerator:
SingleTimeSignature:4/4
tsGenAndMap:
TimeSignatureListGenerator:
SingleTimeSignature:4/4
TimeSignatureList:
4/4__
tsMap;

tempoList:
TempoList
 -tempo=120.0 at 0.0 floatBars
hasTimeSignature=false
hasTempo=false

mu count=0
muNotes:--none--
)
2022-02-27 00:12:51,937 INFO m.j.c.d.m.g.p.RandomDiatonicTriadProgression [main] Received PooplinePackage(name=x, rnd=test.java.com.dougron.mucus.algorithms.TestRandom@74cec793, json={}, mu=
mu:x
PositionIsZero
LengthFromChildren: 0 bars
globalPositionInQuarters=0.0
ruler=null
mu count=0
muNotes:--none--
)
2022-02-27 00:12:51,937 INFO m.j.c.d.m.g.p.PlugGeneric [main] Did not receive required parameter PHRASE_LENGTH
2022-02-27 00:12:51,937 INFO m.j.c.d.m.g.p.PlugGeneric [main] Did not receive required parameter XMLKEY
2022-02-27 00:12:51,937 INFO m.j.c.d.m.g.p.PlugGeneric [main] Did not receive required parameter PHRASE_LENGTH
2022-02-27 00:12:51,937 INFO m.j.c.d.m.g.p.PlugGeneric [main] Did not receive required parameter XMLKEY
2022-02-27 00:12:51,940 INFO m.j.c.d.m.g.p.RandomPhraseLength [main] Received PooplinePackage(name=x, rnd=test.java.com.dougron.mucus.algorithms.TestRandom@6fefce9e, json={}, mu=
mu:x
PositionIsZero
LengthFromChildren: 0 bars
globalPositionInQuarters=0.0
ruler=null
mu count=0
muNotes:--none--
)
2022-02-27 00:12:51,941 INFO m.j.c.d.m.g.p.RandomXMLKey [main] Received PooplinePackage(name=x, rnd=test.java.com.dougron.mucus.algorithms.TestRandom@4f8969b0, json={"PHRASE_LENGTH":{"random_seed":{"type":"double","value":0.05},"selected_option":2,"options":{"type":"int_array","values":[2,3,4,5,6,7,8,9,10,11,12]},"plugin":{"class_name":"main.java.com.dougron.mucus_experiments.generator_poopline.plugins.RandomPhraseLength"}}}, mu=
mu:x
PositionIsZero
FixedLength: 2 bars
globalPositionInQuarters=0.0
lengthInBarsAndBeats=BarsAndBeats [barPosition=2, offsetInQuarters=0.0] 
timeSignatureList:null
timeSignatureListGenerator:
SingleTimeSignature:4/4
tsGenAndMap:
TimeSignatureListGenerator:
SingleTimeSignature:4/4
TimeSignatureList:
4/4__
tsMap;

tempoList:
TempoList
 -tempo=120.0 at 0.0 floatBars
hasTimeSignature=false
hasTempo=false

mu count=0
muNotes:--none--
)
2022-02-27 00:12:51,942 INFO m.j.c.d.m.g.p.RandomDiatonicTriadProgression [main] Received PooplinePackage(name=x, rnd=test.java.com.dougron.mucus.algorithms.TestRandom@1bdf8190, json={"PHRASE_LENGTH":{"random_seed":{"type":"double","value":0.05},"selected_option":2,"options":{"type":"int_array","values":[2,3,4,5,6,7,8,9,10,11,12]},"plugin":{"class_name":"main.java.com.dougron.mucus_experiments.generator_poopline.plugins.RandomPhraseLength"}},"XMLKEY":{"random_seed":{"type":"double","value":0.45},"selected_option":0,"options":{"type":"int_array","values":[-5,-4,-3,-2,-1,0,1,2,3,4,5,6]},"plugin":{"class_name":"main.java.com.dougron.mucus_experiments.generator_poopline.plugins.RandomXMLKey"}}}, mu=
mu:x
PositionIsZero
FixedLength: 2 bars
globalPositionInQuarters=0.0
lengthInBarsAndBeats=BarsAndBeats [barPosition=2, offsetInQuarters=0.0] 
timeSignatureList:null
timeSignatureListGenerator:
SingleTimeSignature:4/4
tsGenAndMap:
TimeSignatureListGenerator:
SingleTimeSignature:4/4
TimeSignatureList:
4/4__
tsMap;

tempoList:
TempoList
 -tempo=120.0 at 0.0 floatBars
hasTimeSignature=false
hasTempo=false

mu count=0
muNotes:--none--
)
2022-02-27 00:12:51,945 INFO m.j.c.d.m.g.p.RandomXMLKey [main] Received PooplinePackage(name=x, rnd=test.java.com.dougron.mucus.algorithms.TestRandom@192f2f27, json={}, mu=
mu:x
PositionIsZero
LengthFromChildren: 0 bars
globalPositionInQuarters=0.0
ruler=null
mu count=0
muNotes:--none--
)
2022-02-27 00:12:51,945 INFO m.j.c.d.m.g.p.RandomDiatonicTriadProgression [main] Received PooplinePackage(name=x, rnd=test.java.com.dougron.mucus.algorithms.TestRandom@8a589a2, json={"XMLKEY":{"random_seed":{"type":"double","value":0.2},"selected_option":-3,"options":{"type":"int_array","values":[-5,-4,-3,-2,-1,0,1,2,3,4,5,6]},"plugin":{"class_name":"main.java.com.dougron.mucus_experiments.generator_poopline.plugins.RandomXMLKey"}}}, mu=
mu:x
PositionIsZero
LengthFromChildren: 0 bars
globalPositionInQuarters=0.0
ruler=null
mu count=0
muNotes:--none--
)
2022-02-27 00:12:51,946 INFO m.j.c.d.m.g.p.PlugGeneric [main] Did not receive required parameter PHRASE_LENGTH
2022-02-27 00:12:51,946 INFO m.j.c.d.m.g.p.PlugGeneric [main] Did not receive required parameter PHRASE_LENGTH
2022-02-27 00:12:51,948 INFO m.j.c.d.m.g.p.RandomPhraseLength [main] Received PooplinePackage(name=x, rnd=test.java.com.dougron.mucus.algorithms.TestRandom@c65a5ef, json={}, mu=
mu:x
PositionIsZero
LengthFromChildren: 0 bars
globalPositionInQuarters=0.0
ruler=null
mu count=0
muNotes:--none--
)
2022-02-27 00:12:51,949 INFO m.j.c.d.m.g.p.RandomDiatonicTriadProgression [main] Received PooplinePackage(name=x, rnd=test.java.com.dougron.mucus.algorithms.TestRandom@6b5176f2, json={"PHRASE_LENGTH":{"random_seed":{"type":"double","value":0.2},"selected_option":4,"options":{"type":"int_array","values":[2,3,4,5,6,7,8,9,10,11,12]},"plugin":{"class_name":"main.java.com.dougron.mucus_experiments.generator_poopline.plugins.RandomPhraseLength"}}}, mu=
mu:x
PositionIsZero
FixedLength: 4 bars
globalPositionInQuarters=0.0
lengthInBarsAndBeats=BarsAndBeats [barPosition=4, offsetInQuarters=0.0] 
timeSignatureList:null
timeSignatureListGenerator:
SingleTimeSignature:4/4
tsGenAndMap:
TimeSignatureListGenerator:
SingleTimeSignature:4/4
TimeSignatureList:
4/4__
tsMap;

tempoList:
TempoList
 -tempo=120.0 at 0.0 floatBars
hasTimeSignature=false
hasTempo=false

mu count=0
muNotes:--none--
)
2022-02-27 00:12:51,949 INFO m.j.c.d.m.g.p.PlugGeneric [main] Did not receive required parameter XMLKEY
2022-02-27 00:12:51,949 INFO m.j.c.d.m.g.p.PlugGeneric [main] Did not receive required parameter XMLKEY
2022-02-27 17:40:01,092 INFO m.j.c.d.m.g.p.RandomPhraseLength [main] Received PooplinePackage(name=x, rnd=test.java.com.dougron.mucus.algorithms.TestRandom@f73dcd6, json={}, mu=
mu:x
PositionIsZero
LengthFromChildren: 0 bars
globalPositionInQuarters=0.0
ruler=null
mu count=0
muNotes:--none--
)
2022-02-27 17:40:01,137 INFO m.j.c.d.m.g.p.RandomXMLKey [main] Received PooplinePackage(name=x, rnd=test.java.com.dougron.mucus.algorithms.TestRandom@58e6d4b8, json={"PHRASE_LENGTH":{"random_seed":{"type":"double","value":0.05},"selected_option":2,"options":{"type":"int_array","values":[2,3,4,5,6,7,8,9,10,11,12]},"plugin":{"class_name":"main.java.com.dougron.mucus_experiments.generator_poopline.plugins.RandomPhraseLength"}}}, mu=
mu:x
PositionIsZero
FixedLength: 2 bars
globalPositionInQuarters=0.0
lengthInBarsAndBeats=BarsAndBeats [barPosition=2, offsetInQuarters=0.0] 
timeSignatureList:null
timeSignatureListGenerator:
SingleTimeSignature:4/4
tsGenAndMap:
TimeSignatureListGenerator:
SingleTimeSignature:4/4
TimeSignatureList:
4/4__
tsMap;

tempoList:
TempoList
 -tempo=120.0 at 0.0 floatBars
hasTimeSignature=false
hasTempo=false

mu count=0
muNotes:--none--
)
2022-02-27 17:40:01,140 INFO m.j.c.d.m.g.p.RandomDiatonicTriadProgression [main] Received PooplinePackage(name=x, rnd=test.java.com.dougron.mucus.algorithms.TestRandom@28d6290, json={"PHRASE_LENGTH":{"random_seed":{"type":"double","value":0.05},"selected_option":2,"options":{"type":"int_array","values":[2,3,4,5,6,7,8,9,10,11,12]},"plugin":{"class_name":"main.java.com.dougron.mucus_experiments.generator_poopline.plugins.RandomPhraseLength"}},"XMLKEY":{"random_seed":{"type":"double","value":0.45},"selected_option":0,"options":{"type":"int_array","values":[-5,-4,-3,-2,-1,0,1,2,3,4,5,6]},"plugin":{"class_name":"main.java.com.dougron.mucus_experiments.generator_poopline.plugins.RandomXMLKey"}}}, mu=
mu:x
PositionIsZero
FixedLength: 2 bars
globalPositionInQuarters=0.0
lengthInBarsAndBeats=BarsAndBeats [barPosition=2, offsetInQuarters=0.0] 
timeSignatureList:null
timeSignatureListGenerator:
SingleTimeSignature:4/4
tsGenAndMap:
TimeSignatureListGenerator:
SingleTimeSignature:4/4
TimeSignatureList:
4/4__
tsMap;

tempoList:
TempoList
 -tempo=120.0 at 0.0 floatBars
hasTimeSignature=false
hasTempo=false

mu count=0
muNotes:--none--
)
2022-02-27 17:40:01,236 INFO m.j.c.d.m.g.p.RandomXMLKey [main] Received PooplinePackage(name=x, rnd=test.java.com.dougron.mucus.algorithms.TestRandom@5ab14cb9, json={}, mu=
mu:x
PositionIsZero
LengthFromChildren: 0 bars
globalPositionInQuarters=0.0
ruler=null
mu count=0
muNotes:--none--
)
2022-02-27 17:40:01,236 INFO m.j.c.d.m.g.p.RandomDiatonicTriadProgression [main] Received PooplinePackage(name=x, rnd=test.java.com.dougron.mucus.algorithms.TestRandom@5fb97279, json={"XMLKEY":{"random_seed":{"type":"double","value":0.2},"selected_option":-3,"options":{"type":"int_array","values":[-5,-4,-3,-2,-1,0,1,2,3,4,5,6]},"plugin":{"class_name":"main.java.com.dougron.mucus_experiments.generator_poopline.plugins.RandomXMLKey"}}}, mu=
mu:x
PositionIsZero
LengthFromChildren: 0 bars
globalPositionInQuarters=0.0
ruler=null
mu count=0
muNotes:--none--
)
2022-02-27 17:40:01,237 INFO m.j.c.d.m.g.p.PlugGeneric [main] Did not receive required parameter PHRASE_LENGTH
2022-02-27 17:40:01,237 INFO m.j.c.d.m.g.p.PlugGeneric [main] Did not receive required parameter PHRASE_LENGTH
2022-02-27 17:40:01,240 INFO m.j.c.d.m.g.p.RandomPhraseLength [main] Received PooplinePackage(name=x, rnd=test.java.com.dougron.mucus.algorithms.TestRandom@439a8f59, json={}, mu=
mu:x
PositionIsZero
LengthFromChildren: 0 bars
globalPositionInQuarters=0.0
ruler=null
mu count=0
muNotes:--none--
)
2022-02-27 17:40:01,241 INFO m.j.c.d.m.g.p.RandomDiatonicTriadProgression [main] Received PooplinePackage(name=x, rnd=test.java.com.dougron.mucus.algorithms.TestRandom@61861a29, json={"PHRASE_LENGTH":{"random_seed":{"type":"double","value":0.2},"selected_option":4,"options":{"type":"int_array","values":[2,3,4,5,6,7,8,9,10,11,12]},"plugin":{"class_name":"main.java.com.dougron.mucus_experiments.generator_poopline.plugins.RandomPhraseLength"}}}, mu=
mu:x
PositionIsZero
FixedLength: 4 bars
globalPositionInQuarters=0.0
lengthInBarsAndBeats=BarsAndBeats [barPosition=4, offsetInQuarters=0.0] 
timeSignatureList:null
timeSignatureListGenerator:
SingleTimeSignature:4/4
tsGenAndMap:
TimeSignatureListGenerator:
SingleTimeSignature:4/4
TimeSignatureList:
4/4__
tsMap;

tempoList:
TempoList
 -tempo=120.0 at 0.0 floatBars
hasTimeSignature=false
hasTempo=false

mu count=0
muNotes:--none--
)
2022-02-27 17:40:01,241 INFO m.j.c.d.m.g.p.PlugGeneric [main] Did not receive required parameter XMLKEY
2022-02-27 17:40:01,241 INFO m.j.c.d.m.g.p.PlugGeneric [main] Did not receive required parameter XMLKEY
2022-02-27 17:40:01,252 INFO m.j.c.d.m.g.p.RandomPhraseLength [main] Received PooplinePackage(name=x, rnd=test.java.com.dougron.mucus.algorithms.TestRandom@9d157ff, json={}, mu=
mu:x
PositionIsZero
LengthFromChildren: 0 bars
globalPositionInQuarters=0.0
ruler=null
mu count=0
muNotes:--none--
)
2022-02-27 17:40:01,253 INFO m.j.c.d.m.g.p.RandomXMLKey [main] Received PooplinePackage(name=x, rnd=test.java.com.dougron.mucus.algorithms.TestRandom@2f162cc0, json={"PHRASE_LENGTH":{"random_seed":{"type":"double","value":0.05},"selected_option":2,"options":{"type":"int_array","values":[2,3,4,5,6,7,8,9,10,11,12]},"plugin":{"class_name":"main.java.com.dougron.mucus_experiments.generator_poopline.plugins.RandomPhraseLength"}}}, mu=
mu:x
PositionIsZero
FixedLength: 2 bars
globalPositionInQuarters=0.0
lengthInBarsAndBeats=BarsAndBeats [barPosition=2, offsetInQuarters=0.0] 
timeSignatureList:null
timeSignatureListGenerator:
SingleTimeSignature:4/4
tsGenAndMap:
TimeSignatureListGenerator:
SingleTimeSignature:4/4
TimeSignatureList:
4/4__
tsMap;

tempoList:
TempoList
 -tempo=120.0 at 0.0 floatBars
hasTimeSignature=false
hasTempo=false

mu count=0
muNotes:--none--
)
2022-02-27 17:40:01,254 INFO m.j.c.d.m.g.p.RandomDiatonicTriadProgression [main] Received PooplinePackage(name=x, rnd=test.java.com.dougron.mucus.algorithms.TestRandom@5df417a7, json={"PHRASE_LENGTH":{"random_seed":{"type":"double","value":0.05},"selected_option":2,"options":{"type":"int_array","values":[2,3,4,5,6,7,8,9,10,11,12]},"plugin":{"class_name":"main.java.com.dougron.mucus_experiments.generator_poopline.plugins.RandomPhraseLength"}},"XMLKEY":{"random_seed":{"type":"double","value":0.45},"selected_option":0,"options":{"type":"int_array","values":[-5,-4,-3,-2,-1,0,1,2,3,4,5,6]},"plugin":{"class_name":"main.java.com.dougron.mucus_experiments.generator_poopline.plugins.RandomXMLKey"}}}, mu=
mu:x
PositionIsZero
FixedLength: 2 bars
globalPositionInQuarters=0.0
lengthInBarsAndBeats=BarsAndBeats [barPosition=2, offsetInQuarters=0.0] 
timeSignatureList:null
timeSignatureListGenerator:
SingleTimeSignature:4/4
tsGenAndMap:
TimeSignatureListGenerator:
SingleTimeSignature:4/4
TimeSignatureList:
4/4__
tsMap;

tempoList:
TempoList
 -tempo=120.0 at 0.0 floatBars
hasTimeSignature=false
hasTempo=false

mu count=0
muNotes:--none--
)
2022-02-27 17:40:01,263 INFO m.j.c.d.m.g.p.RandomDiatonicTriadProgression [main] Received PooplinePackage(name=x, rnd=test.java.com.dougron.mucus.algorithms.TestRandom@71104a4, json={}, mu=
mu:x
PositionIsZero
LengthFromChildren: 0 bars
globalPositionInQuarters=0.0
ruler=null
mu count=0
muNotes:--none--
)
2022-02-27 17:40:01,263 INFO m.j.c.d.m.g.p.PlugGeneric [main] Did not receive required parameter PHRASE_LENGTH
2022-02-27 17:40:01,263 INFO m.j.c.d.m.g.p.PlugGeneric [main] Did not receive required parameter XMLKEY
2022-02-27 17:40:01,263 INFO m.j.c.d.m.g.p.PlugGeneric [main] Did not receive required parameter PHRASE_LENGTH
2022-02-27 17:40:01,263 INFO m.j.c.d.m.g.p.PlugGeneric [main] Did not receive required parameter XMLKEY
2022-02-27 17:40:01,265 INFO m.j.c.d.m.g.p.RandomPhraseLength [main] Received PooplinePackage(name=x, rnd=test.java.com.dougron.mucus.algorithms.TestRandom@4985cbcb, json={}, mu=
mu:x
PositionIsZero
LengthFromChildren: 0 bars
globalPositionInQuarters=0.0
ruler=null
mu count=0
muNotes:--none--
)
2022-02-27 17:40:01,266 INFO m.j.c.d.m.g.p.RandomXMLKey [main] Received PooplinePackage(name=x, rnd=test.java.com.dougron.mucus.algorithms.TestRandom@72f46e16, json={"PHRASE_LENGTH":{"random_seed":{"type":"double","value":0.05},"selected_option":2,"options":{"type":"int_array","values":[2,3,4,5,6,7,8,9,10,11,12]},"plugin":{"class_name":"main.java.com.dougron.mucus_experiments.generator_poopline.plugins.RandomPhraseLength"}}}, mu=
mu:x
PositionIsZero
FixedLength: 2 bars
globalPositionInQuarters=0.0
lengthInBarsAndBeats=BarsAndBeats [barPosition=2, offsetInQuarters=0.0] 
timeSignatureList:null
timeSignatureListGenerator:
SingleTimeSignature:4/4
tsGenAndMap:
TimeSignatureListGenerator:
SingleTimeSignature:4/4
TimeSignatureList:
4/4__
tsMap;

tempoList:
TempoList
 -tempo=120.0 at 0.0 floatBars
hasTimeSignature=false
hasTempo=false

mu count=0
muNotes:--none--
)
2022-02-27 17:40:01,266 INFO m.j.c.d.m.g.p.RandomDiatonicTriadProgression [main] Received PooplinePackage(name=x, rnd=test.java.com.dougron.mucus.algorithms.TestRandom@3c9168dc, json={"PHRASE_LENGTH":{"random_seed":{"type":"double","value":0.05},"selected_option":2,"options":{"type":"int_array","values":[2,3,4,5,6,7,8,9,10,11,12]},"plugin":{"class_name":"main.java.com.dougron.mucus_experiments.generator_poopline.plugins.RandomPhraseLength"}},"XMLKEY":{"random_seed":{"type":"double","value":0.45},"selected_option":0,"options":{"type":"int_array","values":[-5,-4,-3,-2,-1,0,1,2,3,4,5,6]},"plugin":{"class_name":"main.java.com.dougron.mucus_experiments.generator_poopline.plugins.RandomXMLKey"}}}, mu=
mu:x
PositionIsZero
FixedLength: 2 bars
globalPositionInQuarters=0.0
lengthInBarsAndBeats=BarsAndBeats [barPosition=2, offsetInQuarters=0.0] 
timeSignatureList:null
timeSignatureListGenerator:
SingleTimeSignature:4/4
tsGenAndMap:
TimeSignatureListGenerator:
SingleTimeSignature:4/4
TimeSignatureList:
4/4__
tsMap;

tempoList:
TempoList
 -tempo=120.0 at 0.0 floatBars
hasTimeSignature=false
hasTempo=false

mu count=0
muNotes:--none--
)
2022-02-27 17:40:01,268 INFO m.j.c.d.m.g.p.RandomXMLKey [main] Received PooplinePackage(name=x, rnd=test.java.com.dougron.mucus.algorithms.TestRandom@332a7fce, json={}, mu=
mu:x
PositionIsZero
LengthFromChildren: 0 bars
globalPositionInQuarters=0.0
ruler=null
mu count=0
muNotes:--none--
)
2022-02-27 17:40:01,269 INFO m.j.c.d.m.g.p.RandomDiatonicTriadProgression [main] Received PooplinePackage(name=x, rnd=test.java.com.dougron.mucus.algorithms.TestRandom@549621f3, json={"XMLKEY":{"random_seed":{"type":"double","value":0.2},"selected_option":-3,"options":{"type":"int_array","values":[-5,-4,-3,-2,-1,0,1,2,3,4,5,6]},"plugin":{"class_name":"main.java.com.dougron.mucus_experiments.generator_poopline.plugins.RandomXMLKey"}}}, mu=
mu:x
PositionIsZero
LengthFromChildren: 0 bars
globalPositionInQuarters=0.0
ruler=null
mu count=0
muNotes:--none--
)
2022-02-27 17:40:01,269 INFO m.j.c.d.m.g.p.PlugGeneric [main] Did not receive required parameter PHRASE_LENGTH
2022-02-27 17:40:01,269 INFO m.j.c.d.m.g.p.PlugGeneric [main] Did not receive required parameter PHRASE_LENGTH
2022-02-27 17:40:01,272 INFO m.j.c.d.m.g.p.RandomPhraseLength [main] Received PooplinePackage(name=x, rnd=test.java.com.dougron.mucus.algorithms.TestRandom@54361a9, json={}, mu=
mu:x
PositionIsZero
LengthFromChildren: 0 bars
globalPositionInQuarters=0.0
ruler=null
mu count=0
muNotes:--none--
)
2022-02-27 17:40:01,273 INFO m.j.c.d.m.g.p.RandomDiatonicTriadProgression [main] Received PooplinePackage(name=x, rnd=test.java.com.dougron.mucus.algorithms.TestRandom@32232e55, json={"PHRASE_LENGTH":{"random_seed":{"type":"double","value":0.2},"selected_option":4,"options":{"type":"int_array","values":[2,3,4,5,6,7,8,9,10,11,12]},"plugin":{"class_name":"main.java.com.dougron.mucus_experiments.generator_poopline.plugins.RandomPhraseLength"}}}, mu=
mu:x
PositionIsZero
FixedLength: 4 bars
globalPositionInQuarters=0.0
lengthInBarsAndBeats=BarsAndBeats [barPosition=4, offsetInQuarters=0.0] 
timeSignatureList:null
timeSignatureListGenerator:
SingleTimeSignature:4/4
tsGenAndMap:
TimeSignatureListGenerator:
SingleTimeSignature:4/4
TimeSignatureList:
4/4__
tsMap;

tempoList:
TempoList
 -tempo=120.0 at 0.0 floatBars
hasTimeSignature=false
hasTempo=false

mu count=0
muNotes:--none--
)
2022-02-27 17:40:01,273 INFO m.j.c.d.m.g.p.PlugGeneric [main] Did not receive required parameter XMLKEY
2022-02-27 17:40:01,274 INFO m.j.c.d.m.g.p.PlugGeneric [main] Did not receive required parameter XMLKEY
2022-02-27 17:47:29,338 INFO m.j.c.d.m.g.p.RandomPhraseLength [main] Received PooplinePackage(name=x, rnd=test.java.com.dougron.mucus.algorithms.TestRandom@f73dcd6, json={}, mu=
mu:x
PositionIsZero
LengthFromChildren: 0 bars
globalPositionInQuarters=0.0
ruler=null
mu count=0
muNotes:--none--
)
2022-02-27 17:47:29,359 INFO m.j.c.d.m.g.p.RandomXMLKey [main] Received PooplinePackage(name=x, rnd=test.java.com.dougron.mucus.algorithms.TestRandom@58e6d4b8, json={"PHRASE_LENGTH":{"random_seed":{"type":"double","value":0.05},"selected_option":2,"options":{"type":"int_array","values":[2,3,4,5,6,7,8,9,10,11,12]},"plugin":{"class_name":"main.java.com.dougron.mucus_experiments.generator_poopline.plugins.RandomPhraseLength"}}}, mu=
mu:x
PositionIsZero
FixedLength: 2 bars
globalPositionInQuarters=0.0
lengthInBarsAndBeats=BarsAndBeats [barPosition=2, offsetInQuarters=0.0] 
timeSignatureList:null
timeSignatureListGenerator:
SingleTimeSignature:4/4
tsGenAndMap:
TimeSignatureListGenerator:
SingleTimeSignature:4/4
TimeSignatureList:
4/4__
tsMap;

tempoList:
TempoList
 -tempo=120.0 at 0.0 floatBars
hasTimeSignature=false
hasTempo=false

mu count=0
muNotes:--none--
)
2022-02-27 17:47:29,361 INFO m.j.c.d.m.g.p.RandomDiatonicTriadProgression [main] Received PooplinePackage(name=x, rnd=test.java.com.dougron.mucus.algorithms.TestRandom@28d6290, json={"PHRASE_LENGTH":{"random_seed":{"type":"double","value":0.05},"selected_option":2,"options":{"type":"int_array","values":[2,3,4,5,6,7,8,9,10,11,12]},"plugin":{"class_name":"main.java.com.dougron.mucus_experiments.generator_poopline.plugins.RandomPhraseLength"}},"XMLKEY":{"random_seed":{"type":"double","value":0.45},"selected_option":0,"options":{"type":"int_array","values":[-5,-4,-3,-2,-1,0,1,2,3,4,5,6]},"plugin":{"class_name":"main.java.com.dougron.mucus_experiments.generator_poopline.plugins.RandomXMLKey"}}}, mu=
mu:x
PositionIsZero
FixedLength: 2 bars
globalPositionInQuarters=0.0
lengthInBarsAndBeats=BarsAndBeats [barPosition=2, offsetInQuarters=0.0] 
timeSignatureList:null
timeSignatureListGenerator:
SingleTimeSignature:4/4
tsGenAndMap:
TimeSignatureListGenerator:
SingleTimeSignature:4/4
TimeSignatureList:
4/4__
tsMap;

tempoList:
TempoList
 -tempo=120.0 at 0.0 floatBars
hasTimeSignature=false
hasTempo=false

mu count=0
muNotes:--none--
)
2022-02-27 17:47:29,470 INFO m.j.c.d.m.g.p.RandomXMLKey [main] Received PooplinePackage(name=x, rnd=test.java.com.dougron.mucus.algorithms.TestRandom@7de0c6ae, json={}, mu=
mu:x
PositionIsZero
LengthFromChildren: 0 bars
globalPositionInQuarters=0.0
ruler=null
mu count=0
muNotes:--none--
)
2022-02-27 17:47:29,471 INFO m.j.c.d.m.g.p.RandomDiatonicTriadProgression [main] Received PooplinePackage(name=x, rnd=test.java.com.dougron.mucus.algorithms.TestRandom@a486d78, json={"XMLKEY":{"random_seed":{"type":"double","value":0.2},"selected_option":-3,"options":{"type":"int_array","values":[-5,-4,-3,-2,-1,0,1,2,3,4,5,6]},"plugin":{"class_name":"main.java.com.dougron.mucus_experiments.generator_poopline.plugins.RandomXMLKey"}}}, mu=
mu:x
PositionIsZero
LengthFromChildren: 0 bars
globalPositionInQuarters=0.0
ruler=null
mu count=0
muNotes:--none--
)
2022-02-27 17:47:29,471 INFO m.j.c.d.m.g.p.PlugGeneric [main] Did not receive required parameter PHRASE_LENGTH
2022-02-27 17:47:29,471 INFO m.j.c.d.m.g.p.PlugGeneric [main] Did not receive required parameter PHRASE_LENGTH
2022-02-27 17:47:29,474 INFO m.j.c.d.m.g.p.RandomPhraseLength [main] Received PooplinePackage(name=x, rnd=test.java.com.dougron.mucus.algorithms.TestRandom@cdc3aae, json={}, mu=
mu:x
PositionIsZero
LengthFromChildren: 0 bars
globalPositionInQuarters=0.0
ruler=null
mu count=0
muNotes:--none--
)
2022-02-27 17:47:29,474 INFO m.j.c.d.m.g.p.RandomDiatonicTriadProgression [main] Received PooplinePackage(name=x, rnd=test.java.com.dougron.mucus.algorithms.TestRandom@7ef2d7a6, json={"PHRASE_LENGTH":{"random_seed":{"type":"double","value":0.2},"selected_option":4,"options":{"type":"int_array","values":[2,3,4,5,6,7,8,9,10,11,12]},"plugin":{"class_name":"main.java.com.dougron.mucus_experiments.generator_poopline.plugins.RandomPhraseLength"}}}, mu=
mu:x
PositionIsZero
FixedLength: 4 bars
globalPositionInQuarters=0.0
lengthInBarsAndBeats=BarsAndBeats [barPosition=4, offsetInQuarters=0.0] 
timeSignatureList:null
timeSignatureListGenerator:
SingleTimeSignature:4/4
tsGenAndMap:
TimeSignatureListGenerator:
SingleTimeSignature:4/4
TimeSignatureList:
4/4__
tsMap;

tempoList:
TempoList
 -tempo=120.0 at 0.0 floatBars
hasTimeSignature=false
hasTempo=false

mu count=0
muNotes:--none--
)
2022-02-27 17:47:29,475 INFO m.j.c.d.m.g.p.PlugGeneric [main] Did not receive required parameter XMLKEY
2022-02-27 17:47:29,475 INFO m.j.c.d.m.g.p.PlugGeneric [main] Did not receive required parameter XMLKEY
2022-02-27 17:47:29,482 INFO m.j.c.d.m.g.p.RandomPhraseLength [main] Received PooplinePackage(name=x, rnd=test.java.com.dougron.mucus.algorithms.TestRandom@f415a95, json={}, mu=
mu:x
PositionIsZero
LengthFromChildren: 0 bars
globalPositionInQuarters=0.0
ruler=null
mu count=0
muNotes:--none--
)
2022-02-27 17:47:29,483 INFO m.j.c.d.m.g.p.RandomXMLKey [main] Received PooplinePackage(name=x, rnd=test.java.com.dougron.mucus.algorithms.TestRandom@cf65451, json={"PHRASE_LENGTH":{"random_seed":{"type":"double","value":0.05},"selected_option":2,"options":{"type":"int_array","values":[2,3,4,5,6,7,8,9,10,11,12]},"plugin":{"class_name":"main.java.com.dougron.mucus_experiments.generator_poopline.plugins.RandomPhraseLength"}}}, mu=
mu:x
PositionIsZero
FixedLength: 2 bars
globalPositionInQuarters=0.0
lengthInBarsAndBeats=BarsAndBeats [barPosition=2, offsetInQuarters=0.0] 
timeSignatureList:null
timeSignatureListGenerator:
SingleTimeSignature:4/4
tsGenAndMap:
TimeSignatureListGenerator:
SingleTimeSignature:4/4
TimeSignatureList:
4/4__
tsMap;

tempoList:
TempoList
 -tempo=120.0 at 0.0 floatBars
hasTimeSignature=false
hasTempo=false

mu count=0
muNotes:--none--
)
2022-02-27 17:47:29,483 INFO m.j.c.d.m.g.p.RandomDiatonicTriadProgression [main] Received PooplinePackage(name=x, rnd=test.java.com.dougron.mucus.algorithms.TestRandom@724f138e, json={"PHRASE_LENGTH":{"random_seed":{"type":"double","value":0.05},"selected_option":2,"options":{"type":"int_array","values":[2,3,4,5,6,7,8,9,10,11,12]},"plugin":{"class_name":"main.java.com.dougron.mucus_experiments.generator_poopline.plugins.RandomPhraseLength"}},"XMLKEY":{"random_seed":{"type":"double","value":0.45},"selected_option":0,"options":{"type":"int_array","values":[-5,-4,-3,-2,-1,0,1,2,3,4,5,6]},"plugin":{"class_name":"main.java.com.dougron.mucus_experiments.generator_poopline.plugins.RandomXMLKey"}}}, mu=
mu:x
PositionIsZero
FixedLength: 2 bars
globalPositionInQuarters=0.0
lengthInBarsAndBeats=BarsAndBeats [barPosition=2, offsetInQuarters=0.0] 
timeSignatureList:null
timeSignatureListGenerator:
SingleTimeSignature:4/4
tsGenAndMap:
TimeSignatureListGenerator:
SingleTimeSignature:4/4
TimeSignatureList:
4/4__
tsMap;

tempoList:
TempoList
 -tempo=120.0 at 0.0 floatBars
hasTimeSignature=false
hasTempo=false

mu count=0
muNotes:--none--
)
2022-02-27 17:47:29,519 INFO m.j.c.d.m.g.p.RandomDiatonicTriadProgression [main] Received PooplinePackage(name=x, rnd=test.java.com.dougron.mucus.algorithms.TestRandom@660e9100, json={}, mu=
mu:x
PositionIsZero
LengthFromChildren: 0 bars
globalPositionInQuarters=0.0
ruler=null
mu count=0
muNotes:--none--
)
2022-02-27 17:47:29,519 INFO m.j.c.d.m.g.p.PlugGeneric [main] Did not receive required parameter PHRASE_LENGTH
2022-02-27 17:47:29,519 INFO m.j.c.d.m.g.p.PlugGeneric [main] Did not receive required parameter XMLKEY
2022-02-27 17:47:29,520 INFO m.j.c.d.m.g.p.PlugGeneric [main] Did not receive required parameter PHRASE_LENGTH
2022-02-27 17:47:29,520 INFO m.j.c.d.m.g.p.PlugGeneric [main] Did not receive required parameter XMLKEY
2022-02-27 17:47:29,522 INFO m.j.c.d.m.g.p.RandomPhraseLength [main] Received PooplinePackage(name=x, rnd=test.java.com.dougron.mucus.algorithms.TestRandom@69f63d95, json={}, mu=
mu:x
PositionIsZero
LengthFromChildren: 0 bars
globalPositionInQuarters=0.0
ruler=null
mu count=0
muNotes:--none--
)
2022-02-27 17:47:29,523 INFO m.j.c.d.m.g.p.RandomXMLKey [main] Received PooplinePackage(name=x, rnd=test.java.com.dougron.mucus.algorithms.TestRandom@9cd25ff, json={"PHRASE_LENGTH":{"random_seed":{"type":"double","value":0.05},"selected_option":2,"options":{"type":"int_array","values":[2,3,4,5,6,7,8,9,10,11,12]},"plugin":{"class_name":"main.java.com.dougron.mucus_experiments.generator_poopline.plugins.RandomPhraseLength"}}}, mu=
mu:x
PositionIsZero
FixedLength: 2 bars
globalPositionInQuarters=0.0
lengthInBarsAndBeats=BarsAndBeats [barPosition=2, offsetInQuarters=0.0] 
timeSignatureList:null
timeSignatureListGenerator:
SingleTimeSignature:4/4
tsGenAndMap:
TimeSignatureListGenerator:
SingleTimeSignature:4/4
TimeSignatureList:
4/4__
tsMap;

tempoList:
TempoList
 -tempo=120.0 at 0.0 floatBars
hasTimeSignature=false
hasTempo=false

mu count=0
muNotes:--none--
)
2022-02-27 17:47:29,523 INFO m.j.c.d.m.g.p.RandomDiatonicTriadProgression [main] Received PooplinePackage(name=x, rnd=test.java.com.dougron.mucus.algorithms.TestRandom@27e0f2f5, json={"PHRASE_LENGTH":{"random_seed":{"type":"double","value":0.05},"selected_option":2,"options":{"type":"int_array","values":[2,3,4,5,6,7,8,9,10,11,12]},"plugin":{"class_name":"main.java.com.dougron.mucus_experiments.generator_poopline.plugins.RandomPhraseLength"}},"XMLKEY":{"random_seed":{"type":"double","value":0.45},"selected_option":0,"options":{"type":"int_array","values":[-5,-4,-3,-2,-1,0,1,2,3,4,5,6]},"plugin":{"class_name":"main.java.com.dougron.mucus_experiments.generator_poopline.plugins.RandomXMLKey"}}}, mu=
mu:x
PositionIsZero
FixedLength: 2 bars
globalPositionInQuarters=0.0
lengthInBarsAndBeats=BarsAndBeats [barPosition=2, offsetInQuarters=0.0] 
timeSignatureList:null
timeSignatureListGenerator:
SingleTimeSignature:4/4
tsGenAndMap:
TimeSignatureListGenerator:
SingleTimeSignature:4/4
TimeSignatureList:
4/4__
tsMap;

tempoList:
TempoList
 -tempo=120.0 at 0.0 floatBars
hasTimeSignature=false
hasTempo=false

mu count=0
muNotes:--none--
)
2022-02-27 17:47:29,526 INFO m.j.c.d.m.g.p.RandomXMLKey [main] Received PooplinePackage(name=x, rnd=test.java.com.dougron.mucus.algorithms.TestRandom@3574e198, json={}, mu=
mu:x
PositionIsZero
LengthFromChildren: 0 bars
globalPositionInQuarters=0.0
ruler=null
mu count=0
muNotes:--none--
)
2022-02-27 17:47:29,527 INFO m.j.c.d.m.g.p.RandomDiatonicTriadProgression [main] Received PooplinePackage(name=x, rnd=test.java.com.dougron.mucus.algorithms.TestRandom@6db66836, json={"XMLKEY":{"random_seed":{"type":"double","value":0.2},"selected_option":-3,"options":{"type":"int_array","values":[-5,-4,-3,-2,-1,0,1,2,3,4,5,6]},"plugin":{"class_name":"main.java.com.dougron.mucus_experiments.generator_poopline.plugins.RandomXMLKey"}}}, mu=
mu:x
PositionIsZero
LengthFromChildren: 0 bars
globalPositionInQuarters=0.0
ruler=null
mu count=0
muNotes:--none--
)
2022-02-27 17:47:29,527 INFO m.j.c.d.m.g.p.PlugGeneric [main] Did not receive required parameter PHRASE_LENGTH
2022-02-27 17:47:29,527 INFO m.j.c.d.m.g.p.PlugGeneric [main] Did not receive required parameter PHRASE_LENGTH
2022-02-27 17:47:29,529 INFO m.j.c.d.m.g.p.RandomPhraseLength [main] Received PooplinePackage(name=x, rnd=test.java.com.dougron.mucus.algorithms.TestRandom@db44aa2, json={}, mu=
mu:x
PositionIsZero
LengthFromChildren: 0 bars
globalPositionInQuarters=0.0
ruler=null
mu count=0
muNotes:--none--
)
2022-02-27 17:47:29,530 INFO m.j.c.d.m.g.p.RandomDiatonicTriadProgression [main] Received PooplinePackage(name=x, rnd=test.java.com.dougron.mucus.algorithms.TestRandom@2de366bb, json={"PHRASE_LENGTH":{"random_seed":{"type":"double","value":0.2},"selected_option":4,"options":{"type":"int_array","values":[2,3,4,5,6,7,8,9,10,11,12]},"plugin":{"class_name":"main.java.com.dougron.mucus_experiments.generator_poopline.plugins.RandomPhraseLength"}}}, mu=
mu:x
PositionIsZero
FixedLength: 4 bars
globalPositionInQuarters=0.0
lengthInBarsAndBeats=BarsAndBeats [barPosition=4, offsetInQuarters=0.0] 
timeSignatureList:null
timeSignatureListGenerator:
SingleTimeSignature:4/4
tsGenAndMap:
TimeSignatureListGenerator:
SingleTimeSignature:4/4
TimeSignatureList:
4/4__
tsMap;

tempoList:
TempoList
 -tempo=120.0 at 0.0 floatBars
hasTimeSignature=false
hasTempo=false

mu count=0
muNotes:--none--
)
2022-02-27 17:47:29,530 INFO m.j.c.d.m.g.p.PlugGeneric [main] Did not receive required parameter XMLKEY
2022-02-27 17:47:29,530 INFO m.j.c.d.m.g.p.PlugGeneric [main] Did not receive required parameter XMLKEY
2022-02-27 17:49:42,651 INFO m.j.c.d.m.g.p.RandomPhraseLength [main] Received PooplinePackage(name=x, rnd=test.java.com.dougron.mucus.algorithms.TestRandom@f73dcd6, json={}, mu=
mu:x
PositionIsZero
LengthFromChildren: 0 bars
globalPositionInQuarters=0.0
ruler=null
mu count=0
muNotes:--none--
)
2022-02-27 17:49:42,675 INFO m.j.c.d.m.g.p.RandomXMLKey [main] Received PooplinePackage(name=x, rnd=test.java.com.dougron.mucus.algorithms.TestRandom@58e6d4b8, json={"PHRASE_LENGTH":{"random_seed":{"type":"double","value":0.05},"selected_option":2,"options":{"type":"int_array","values":[2,3,4,5,6,7,8,9,10,11,12]},"plugin":{"class_name":"main.java.com.dougron.mucus_experiments.generator_poopline.plugins.RandomPhraseLength"}}}, mu=
mu:x
PositionIsZero
FixedLength: 2 bars
globalPositionInQuarters=0.0
lengthInBarsAndBeats=BarsAndBeats [barPosition=2, offsetInQuarters=0.0] 
timeSignatureList:null
timeSignatureListGenerator:
SingleTimeSignature:4/4
tsGenAndMap:
TimeSignatureListGenerator:
SingleTimeSignature:4/4
TimeSignatureList:
4/4__
tsMap;

tempoList:
TempoList
 -tempo=120.0 at 0.0 floatBars
hasTimeSignature=false
hasTempo=false

mu count=0
muNotes:--none--
)
2022-02-27 17:49:42,676 INFO m.j.c.d.m.g.p.RandomDiatonicTriadProgression [main] Received PooplinePackage(name=x, rnd=test.java.com.dougron.mucus.algorithms.TestRandom@28d6290, json={"PHRASE_LENGTH":{"random_seed":{"type":"double","value":0.05},"selected_option":2,"options":{"type":"int_array","values":[2,3,4,5,6,7,8,9,10,11,12]},"plugin":{"class_name":"main.java.com.dougron.mucus_experiments.generator_poopline.plugins.RandomPhraseLength"}},"XMLKEY":{"random_seed":{"type":"double","value":0.45},"selected_option":0,"options":{"type":"int_array","values":[-5,-4,-3,-2,-1,0,1,2,3,4,5,6]},"plugin":{"class_name":"main.java.com.dougron.mucus_experiments.generator_poopline.plugins.RandomXMLKey"}}}, mu=
mu:x
PositionIsZero
FixedLength: 2 bars
globalPositionInQuarters=0.0
lengthInBarsAndBeats=BarsAndBeats [barPosition=2, offsetInQuarters=0.0] 
timeSignatureList:null
timeSignatureListGenerator:
SingleTimeSignature:4/4
tsGenAndMap:
TimeSignatureListGenerator:
SingleTimeSignature:4/4
TimeSignatureList:
4/4__
tsMap;

tempoList:
TempoList
 -tempo=120.0 at 0.0 floatBars
hasTimeSignature=false
hasTempo=false

mu count=0
muNotes:--none--
)
2022-02-27 17:49:42,780 INFO m.j.c.d.m.g.p.RandomXMLKey [main] Received PooplinePackage(name=x, rnd=test.java.com.dougron.mucus.algorithms.TestRandom@7de0c6ae, json={}, mu=
mu:x
PositionIsZero
LengthFromChildren: 0 bars
globalPositionInQuarters=0.0
ruler=null
mu count=0
muNotes:--none--
)
2022-02-27 17:49:42,780 INFO m.j.c.d.m.g.p.RandomDiatonicTriadProgression [main] Received PooplinePackage(name=x, rnd=test.java.com.dougron.mucus.algorithms.TestRandom@a486d78, json={"XMLKEY":{"random_seed":{"type":"double","value":0.2},"selected_option":-3,"options":{"type":"int_array","values":[-5,-4,-3,-2,-1,0,1,2,3,4,5,6]},"plugin":{"class_name":"main.java.com.dougron.mucus_experiments.generator_poopline.plugins.RandomXMLKey"}}}, mu=
mu:x
PositionIsZero
LengthFromChildren: 0 bars
globalPositionInQuarters=0.0
ruler=null
mu count=0
muNotes:--none--
)
2022-02-27 17:49:42,781 INFO m.j.c.d.m.g.p.PlugGeneric [main] Did not receive required parameter PHRASE_LENGTH
2022-02-27 17:49:42,781 INFO m.j.c.d.m.g.p.PlugGeneric [main] Did not receive required parameter PHRASE_LENGTH
2022-02-27 17:49:42,783 INFO m.j.c.d.m.g.p.RandomPhraseLength [main] Received PooplinePackage(name=x, rnd=test.java.com.dougron.mucus.algorithms.TestRandom@cdc3aae, json={}, mu=
mu:x
PositionIsZero
LengthFromChildren: 0 bars
globalPositionInQuarters=0.0
ruler=null
mu count=0
muNotes:--none--
)
2022-02-27 17:49:42,784 INFO m.j.c.d.m.g.p.RandomDiatonicTriadProgression [main] Received PooplinePackage(name=x, rnd=test.java.com.dougron.mucus.algorithms.TestRandom@7ef2d7a6, json={"PHRASE_LENGTH":{"random_seed":{"type":"double","value":0.2},"selected_option":4,"options":{"type":"int_array","values":[2,3,4,5,6,7,8,9,10,11,12]},"plugin":{"class_name":"main.java.com.dougron.mucus_experiments.generator_poopline.plugins.RandomPhraseLength"}}}, mu=
mu:x
PositionIsZero
FixedLength: 4 bars
globalPositionInQuarters=0.0
lengthInBarsAndBeats=BarsAndBeats [barPosition=4, offsetInQuarters=0.0] 
timeSignatureList:null
timeSignatureListGenerator:
SingleTimeSignature:4/4
tsGenAndMap:
TimeSignatureListGenerator:
SingleTimeSignature:4/4
TimeSignatureList:
4/4__
tsMap;

tempoList:
TempoList
 -tempo=120.0 at 0.0 floatBars
hasTimeSignature=false
hasTempo=false

mu count=0
muNotes:--none--
)
2022-02-27 17:49:42,784 INFO m.j.c.d.m.g.p.PlugGeneric [main] Did not receive required parameter XMLKEY
2022-02-27 17:49:42,784 INFO m.j.c.d.m.g.p.PlugGeneric [main] Did not receive required parameter XMLKEY
2022-02-27 17:49:42,792 INFO m.j.c.d.m.g.p.RandomPhraseLength [main] Received PooplinePackage(name=x, rnd=test.java.com.dougron.mucus.algorithms.TestRandom@f415a95, json={}, mu=
mu:x
PositionIsZero
LengthFromChildren: 0 bars
globalPositionInQuarters=0.0
ruler=null
mu count=0
muNotes:--none--
)
2022-02-27 17:49:42,792 INFO m.j.c.d.m.g.p.RandomXMLKey [main] Received PooplinePackage(name=x, rnd=test.java.com.dougron.mucus.algorithms.TestRandom@cf65451, json={"PHRASE_LENGTH":{"random_seed":{"type":"double","value":0.05},"selected_option":2,"options":{"type":"int_array","values":[2,3,4,5,6,7,8,9,10,11,12]},"plugin":{"class_name":"main.java.com.dougron.mucus_experiments.generator_poopline.plugins.RandomPhraseLength"}}}, mu=
mu:x
PositionIsZero
FixedLength: 2 bars
globalPositionInQuarters=0.0
lengthInBarsAndBeats=BarsAndBeats [barPosition=2, offsetInQuarters=0.0] 
timeSignatureList:null
timeSignatureListGenerator:
SingleTimeSignature:4/4
tsGenAndMap:
TimeSignatureListGenerator:
SingleTimeSignature:4/4
TimeSignatureList:
4/4__
tsMap;

tempoList:
TempoList
 -tempo=120.0 at 0.0 floatBars
hasTimeSignature=false
hasTempo=false

mu count=0
muNotes:--none--
)
2022-02-27 17:49:42,793 INFO m.j.c.d.m.g.p.RandomDiatonicTriadProgression [main] Received PooplinePackage(name=x, rnd=test.java.com.dougron.mucus.algorithms.TestRandom@724f138e, json={"PHRASE_LENGTH":{"random_seed":{"type":"double","value":0.05},"selected_option":2,"options":{"type":"int_array","values":[2,3,4,5,6,7,8,9,10,11,12]},"plugin":{"class_name":"main.java.com.dougron.mucus_experiments.generator_poopline.plugins.RandomPhraseLength"}},"XMLKEY":{"random_seed":{"type":"double","value":0.45},"selected_option":0,"options":{"type":"int_array","values":[-5,-4,-3,-2,-1,0,1,2,3,4,5,6]},"plugin":{"class_name":"main.java.com.dougron.mucus_experiments.generator_poopline.plugins.RandomXMLKey"}}}, mu=
mu:x
PositionIsZero
FixedLength: 2 bars
globalPositionInQuarters=0.0
lengthInBarsAndBeats=BarsAndBeats [barPosition=2, offsetInQuarters=0.0] 
timeSignatureList:null
timeSignatureListGenerator:
SingleTimeSignature:4/4
tsGenAndMap:
TimeSignatureListGenerator:
SingleTimeSignature:4/4
TimeSignatureList:
4/4__
tsMap;

tempoList:
TempoList
 -tempo=120.0 at 0.0 floatBars
hasTimeSignature=false
hasTempo=false

mu count=0
muNotes:--none--
)
2022-02-27 17:49:42,808 INFO m.j.c.d.m.g.p.RandomDiatonicTriadProgression [main] Received PooplinePackage(name=x, rnd=test.java.com.dougron.mucus.algorithms.TestRandom@4efcf8a, json={}, mu=
mu:x
PositionIsZero
LengthFromChildren: 0 bars
globalPositionInQuarters=0.0
ruler=null
mu count=0
muNotes:--none--
)
2022-02-27 17:49:42,808 INFO m.j.c.d.m.g.p.PlugGeneric [main] Did not receive required parameter PHRASE_LENGTH
2022-02-27 17:49:42,808 INFO m.j.c.d.m.g.p.PlugGeneric [main] Did not receive required parameter XMLKEY
2022-02-27 17:49:42,808 INFO m.j.c.d.m.g.p.PlugGeneric [main] Did not receive required parameter PHRASE_LENGTH
2022-02-27 17:49:42,808 INFO m.j.c.d.m.g.p.PlugGeneric [main] Did not receive required parameter XMLKEY
2022-02-27 17:49:42,811 INFO m.j.c.d.m.g.p.RandomPhraseLength [main] Received PooplinePackage(name=x, rnd=test.java.com.dougron.mucus.algorithms.TestRandom@7a138fc5, json={}, mu=
mu:x
PositionIsZero
LengthFromChildren: 0 bars
globalPositionInQuarters=0.0
ruler=null
mu count=0
muNotes:--none--
)
2022-02-27 17:49:42,812 INFO m.j.c.d.m.g.p.RandomXMLKey [main] Received PooplinePackage(name=x, rnd=test.java.com.dougron.mucus.algorithms.TestRandom@379ab47b, json={"PHRASE_LENGTH":{"random_seed":{"type":"double","value":0.05},"selected_option":2,"options":{"type":"int_array","values":[2,3,4,5,6,7,8,9,10,11,12]},"plugin":{"class_name":"main.java.com.dougron.mucus_experiments.generator_poopline.plugins.RandomPhraseLength"}}}, mu=
mu:x
PositionIsZero
FixedLength: 2 bars
globalPositionInQuarters=0.0
lengthInBarsAndBeats=BarsAndBeats [barPosition=2, offsetInQuarters=0.0] 
timeSignatureList:null
timeSignatureListGenerator:
SingleTimeSignature:4/4
tsGenAndMap:
TimeSignatureListGenerator:
SingleTimeSignature:4/4
TimeSignatureList:
4/4__
tsMap;

tempoList:
TempoList
 -tempo=120.0 at 0.0 floatBars
hasTimeSignature=false
hasTempo=false

mu count=0
muNotes:--none--
)
2022-02-27 17:49:42,812 INFO m.j.c.d.m.g.p.RandomDiatonicTriadProgression [main] Received PooplinePackage(name=x, rnd=test.java.com.dougron.mucus.algorithms.TestRandom@307765b4, json={"PHRASE_LENGTH":{"random_seed":{"type":"double","value":0.05},"selected_option":2,"options":{"type":"int_array","values":[2,3,4,5,6,7,8,9,10,11,12]},"plugin":{"class_name":"main.java.com.dougron.mucus_experiments.generator_poopline.plugins.RandomPhraseLength"}},"XMLKEY":{"random_seed":{"type":"double","value":0.45},"selected_option":0,"options":{"type":"int_array","values":[-5,-4,-3,-2,-1,0,1,2,3,4,5,6]},"plugin":{"class_name":"main.java.com.dougron.mucus_experiments.generator_poopline.plugins.RandomXMLKey"}}}, mu=
mu:x
PositionIsZero
FixedLength: 2 bars
globalPositionInQuarters=0.0
lengthInBarsAndBeats=BarsAndBeats [barPosition=2, offsetInQuarters=0.0] 
timeSignatureList:null
timeSignatureListGenerator:
SingleTimeSignature:4/4
tsGenAndMap:
TimeSignatureListGenerator:
SingleTimeSignature:4/4
TimeSignatureList:
4/4__
tsMap;

tempoList:
TempoList
 -tempo=120.0 at 0.0 floatBars
hasTimeSignature=false
hasTempo=false

mu count=0
muNotes:--none--
)
2022-02-27 17:49:42,815 INFO m.j.c.d.m.g.p.RandomXMLKey [main] Received PooplinePackage(name=x, rnd=test.java.com.dougron.mucus.algorithms.TestRandom@4a9e6faf, json={}, mu=
mu:x
PositionIsZero
LengthFromChildren: 0 bars
globalPositionInQuarters=0.0
ruler=null
mu count=0
muNotes:--none--
)
2022-02-27 17:49:42,816 INFO m.j.c.d.m.g.p.RandomDiatonicTriadProgression [main] Received PooplinePackage(name=x, rnd=test.java.com.dougron.mucus.algorithms.TestRandom@2c95ac9e, json={"XMLKEY":{"random_seed":{"type":"double","value":0.2},"selected_option":-3,"options":{"type":"int_array","values":[-5,-4,-3,-2,-1,0,1,2,3,4,5,6]},"plugin":{"class_name":"main.java.com.dougron.mucus_experiments.generator_poopline.plugins.RandomXMLKey"}}}, mu=
mu:x
PositionIsZero
LengthFromChildren: 0 bars
globalPositionInQuarters=0.0
ruler=null
mu count=0
muNotes:--none--
)
2022-02-27 17:49:42,816 INFO m.j.c.d.m.g.p.PlugGeneric [main] Did not receive required parameter PHRASE_LENGTH
2022-02-27 17:49:42,816 INFO m.j.c.d.m.g.p.PlugGeneric [main] Did not receive required parameter PHRASE_LENGTH
2022-02-27 17:49:42,818 INFO m.j.c.d.m.g.p.RandomPhraseLength [main] Received PooplinePackage(name=x, rnd=test.java.com.dougron.mucus.algorithms.TestRandom@4e4efc1b, json={}, mu=
mu:x
PositionIsZero
LengthFromChildren: 0 bars
globalPositionInQuarters=0.0
ruler=null
mu count=0
muNotes:--none--
)
2022-02-27 17:49:42,818 INFO m.j.c.d.m.g.p.RandomDiatonicTriadProgression [main] Received PooplinePackage(name=x, rnd=test.java.com.dougron.mucus.algorithms.TestRandom@459f7aa3, json={"PHRASE_LENGTH":{"random_seed":{"type":"double","value":0.2},"selected_option":4,"options":{"type":"int_array","values":[2,3,4,5,6,7,8,9,10,11,12]},"plugin":{"class_name":"main.java.com.dougron.mucus_experiments.generator_poopline.plugins.RandomPhraseLength"}}}, mu=
mu:x
PositionIsZero
FixedLength: 4 bars
globalPositionInQuarters=0.0
lengthInBarsAndBeats=BarsAndBeats [barPosition=4, offsetInQuarters=0.0] 
timeSignatureList:null
timeSignatureListGenerator:
SingleTimeSignature:4/4
tsGenAndMap:
TimeSignatureListGenerator:
SingleTimeSignature:4/4
TimeSignatureList:
4/4__
tsMap;

tempoList:
TempoList
 -tempo=120.0 at 0.0 floatBars
hasTimeSignature=false
hasTempo=false

mu count=0
muNotes:--none--
)
2022-02-27 17:49:42,819 INFO m.j.c.d.m.g.p.PlugGeneric [main] Did not receive required parameter XMLKEY
2022-02-27 17:49:42,819 INFO m.j.c.d.m.g.p.PlugGeneric [main] Did not receive required parameter XMLKEY
2022-02-27 17:52:04,962 INFO m.j.c.d.m.g.p.RandomPhraseLength [main] Received PooplinePackage(name=x, rnd=test.java.com.dougron.mucus.algorithms.TestRandom@5c87bfe2, json={}, mu=
mu:x
PositionIsZero
LengthFromChildren: 0 bars
globalPositionInQuarters=0.0
ruler=null
mu count=0
muNotes:--none--
)
2022-02-27 17:52:04,983 INFO m.j.c.d.m.g.p.RandomXMLKey [main] Received PooplinePackage(name=x, rnd=test.java.com.dougron.mucus.algorithms.TestRandom@1de5f0ef, json={"PHRASE_LENGTH":{"random_seed":{"type":"double","value":0.05},"selected_option":2,"options":{"type":"int_array","values":[2,3,4,5,6,7,8,9,10,11,12]},"plugin":{"class_name":"main.java.com.dougron.mucus_experiments.generator_poopline.plugins.RandomPhraseLength"}}}, mu=
mu:x
PositionIsZero
FixedLength: 2 bars
globalPositionInQuarters=0.0
lengthInBarsAndBeats=BarsAndBeats [barPosition=2, offsetInQuarters=0.0] 
timeSignatureList:null
timeSignatureListGenerator:
SingleTimeSignature:4/4
tsGenAndMap:
TimeSignatureListGenerator:
SingleTimeSignature:4/4
TimeSignatureList:
4/4__
tsMap;

tempoList:
TempoList
 -tempo=120.0 at 0.0 floatBars
hasTimeSignature=false
hasTempo=false

mu count=0
muNotes:--none--
)
2022-02-27 17:52:04,984 INFO m.j.c.d.m.g.p.RandomDiatonicTriadProgression [main] Received PooplinePackage(name=x, rnd=test.java.com.dougron.mucus.algorithms.TestRandom@6ca0256d, json={"PHRASE_LENGTH":{"random_seed":{"type":"double","value":0.05},"selected_option":2,"options":{"type":"int_array","values":[2,3,4,5,6,7,8,9,10,11,12]},"plugin":{"class_name":"main.java.com.dougron.mucus_experiments.generator_poopline.plugins.RandomPhraseLength"}},"XMLKEY":{"random_seed":{"type":"double","value":0.45},"selected_option":0,"options":{"type":"int_array","values":[-5,-4,-3,-2,-1,0,1,2,3,4,5,6]},"plugin":{"class_name":"main.java.com.dougron.mucus_experiments.generator_poopline.plugins.RandomXMLKey"}}}, mu=
mu:x
PositionIsZero
FixedLength: 2 bars
globalPositionInQuarters=0.0
lengthInBarsAndBeats=BarsAndBeats [barPosition=2, offsetInQuarters=0.0] 
timeSignatureList:null
timeSignatureListGenerator:
SingleTimeSignature:4/4
tsGenAndMap:
TimeSignatureListGenerator:
SingleTimeSignature:4/4
TimeSignatureList:
4/4__
tsMap;

tempoList:
TempoList
 -tempo=120.0 at 0.0 floatBars
hasTimeSignature=false
hasTempo=false

mu count=0
muNotes:--none--
)
2022-02-27 17:52:05,088 INFO m.j.c.d.m.g.p.RandomXMLKey [main] Received PooplinePackage(name=x, rnd=test.java.com.dougron.mucus.algorithms.TestRandom@a486d78, json={}, mu=
mu:x
PositionIsZero
LengthFromChildren: 0 bars
globalPositionInQuarters=0.0
ruler=null
mu count=0
muNotes:--none--
)
2022-02-27 17:52:05,088 INFO m.j.c.d.m.g.p.RandomDiatonicTriadProgression [main] Received PooplinePackage(name=x, rnd=test.java.com.dougron.mucus.algorithms.TestRandom@cdc3aae, json={"XMLKEY":{"random_seed":{"type":"double","value":0.2},"selected_option":-3,"options":{"type":"int_array","values":[-5,-4,-3,-2,-1,0,1,2,3,4,5,6]},"plugin":{"class_name":"main.java.com.dougron.mucus_experiments.generator_poopline.plugins.RandomXMLKey"}}}, mu=
mu:x
PositionIsZero
LengthFromChildren: 0 bars
globalPositionInQuarters=0.0
ruler=null
mu count=0
muNotes:--none--
)
2022-02-27 17:52:05,089 INFO m.j.c.d.m.g.p.PlugGeneric [main] Did not receive required parameter PHRASE_LENGTH
2022-02-27 17:52:05,089 INFO m.j.c.d.m.g.p.PlugGeneric [main] Did not receive required parameter PHRASE_LENGTH
2022-02-27 17:52:05,091 INFO m.j.c.d.m.g.p.RandomPhraseLength [main] Received PooplinePackage(name=x, rnd=test.java.com.dougron.mucus.algorithms.TestRandom@7ef2d7a6, json={}, mu=
mu:x
PositionIsZero
LengthFromChildren: 0 bars
globalPositionInQuarters=0.0
ruler=null
mu count=0
muNotes:--none--
)
2022-02-27 17:52:05,092 INFO m.j.c.d.m.g.p.RandomDiatonicTriadProgression [main] Received PooplinePackage(name=x, rnd=test.java.com.dougron.mucus.algorithms.TestRandom@5dcbb60, json={"PHRASE_LENGTH":{"random_seed":{"type":"double","value":0.2},"selected_option":4,"options":{"type":"int_array","values":[2,3,4,5,6,7,8,9,10,11,12]},"plugin":{"class_name":"main.java.com.dougron.mucus_experiments.generator_poopline.plugins.RandomPhraseLength"}}}, mu=
mu:x
PositionIsZero
FixedLength: 4 bars
globalPositionInQuarters=0.0
lengthInBarsAndBeats=BarsAndBeats [barPosition=4, offsetInQuarters=0.0] 
timeSignatureList:null
timeSignatureListGenerator:
SingleTimeSignature:4/4
tsGenAndMap:
TimeSignatureListGenerator:
SingleTimeSignature:4/4
TimeSignatureList:
4/4__
tsMap;

tempoList:
TempoList
 -tempo=120.0 at 0.0 floatBars
hasTimeSignature=false
hasTempo=false

mu count=0
muNotes:--none--
)
2022-02-27 17:52:05,092 INFO m.j.c.d.m.g.p.PlugGeneric [main] Did not receive required parameter XMLKEY
2022-02-27 17:52:05,092 INFO m.j.c.d.m.g.p.PlugGeneric [main] Did not receive required parameter XMLKEY
2022-02-27 17:52:05,101 INFO m.j.c.d.m.g.p.RandomPhraseLength [main] Received PooplinePackage(name=x, rnd=test.java.com.dougron.mucus.algorithms.TestRandom@cf65451, json={}, mu=
mu:x
PositionIsZero
LengthFromChildren: 0 bars
globalPositionInQuarters=0.0
ruler=null
mu count=0
muNotes:--none--
)
2022-02-27 17:52:05,101 INFO m.j.c.d.m.g.p.RandomXMLKey [main] Received PooplinePackage(name=x, rnd=test.java.com.dougron.mucus.algorithms.TestRandom@724f138e, json={"PHRASE_LENGTH":{"random_seed":{"type":"double","value":0.05},"selected_option":2,"options":{"type":"int_array","values":[2,3,4,5,6,7,8,9,10,11,12]},"plugin":{"class_name":"main.java.com.dougron.mucus_experiments.generator_poopline.plugins.RandomPhraseLength"}}}, mu=
mu:x
PositionIsZero
FixedLength: 2 bars
globalPositionInQuarters=0.0
lengthInBarsAndBeats=BarsAndBeats [barPosition=2, offsetInQuarters=0.0] 
timeSignatureList:null
timeSignatureListGenerator:
SingleTimeSignature:4/4
tsGenAndMap:
TimeSignatureListGenerator:
SingleTimeSignature:4/4
TimeSignatureList:
4/4__
tsMap;

tempoList:
TempoList
 -tempo=120.0 at 0.0 floatBars
hasTimeSignature=false
hasTempo=false

mu count=0
muNotes:--none--
)
2022-02-27 17:52:05,102 INFO m.j.c.d.m.g.p.RandomDiatonicTriadProgression [main] Received PooplinePackage(name=x, rnd=test.java.com.dougron.mucus.algorithms.TestRandom@37eeec90, json={"PHRASE_LENGTH":{"random_seed":{"type":"double","value":0.05},"selected_option":2,"options":{"type":"int_array","values":[2,3,4,5,6,7,8,9,10,11,12]},"plugin":{"class_name":"main.java.com.dougron.mucus_experiments.generator_poopline.plugins.RandomPhraseLength"}},"XMLKEY":{"random_seed":{"type":"double","value":0.45},"selected_option":0,"options":{"type":"int_array","values":[-5,-4,-3,-2,-1,0,1,2,3,4,5,6]},"plugin":{"class_name":"main.java.com.dougron.mucus_experiments.generator_poopline.plugins.RandomXMLKey"}}}, mu=
mu:x
PositionIsZero
FixedLength: 2 bars
globalPositionInQuarters=0.0
lengthInBarsAndBeats=BarsAndBeats [barPosition=2, offsetInQuarters=0.0] 
timeSignatureList:null
timeSignatureListGenerator:
SingleTimeSignature:4/4
tsGenAndMap:
TimeSignatureListGenerator:
SingleTimeSignature:4/4
TimeSignatureList:
4/4__
tsMap;

tempoList:
TempoList
 -tempo=120.0 at 0.0 floatBars
hasTimeSignature=false
hasTempo=false

mu count=0
muNotes:--none--
)
2022-02-27 17:52:05,117 INFO m.j.c.d.m.g.p.RandomDiatonicTriadProgression [main] Received PooplinePackage(name=x, rnd=test.java.com.dougron.mucus.algorithms.TestRandom@7a138fc5, json={}, mu=
mu:x
PositionIsZero
LengthFromChildren: 0 bars
globalPositionInQuarters=0.0
ruler=null
mu count=0
muNotes:--none--
)
2022-02-27 17:52:05,117 INFO m.j.c.d.m.g.p.PlugGeneric [main] Did not receive required parameter PHRASE_LENGTH
2022-02-27 17:52:05,118 INFO m.j.c.d.m.g.p.PlugGeneric [main] Did not receive required parameter XMLKEY
2022-02-27 17:52:05,118 INFO m.j.c.d.m.g.p.PlugGeneric [main] Did not receive required parameter PHRASE_LENGTH
2022-02-27 17:52:05,118 INFO m.j.c.d.m.g.p.PlugGeneric [main] Did not receive required parameter XMLKEY
2022-02-27 17:52:05,120 INFO m.j.c.d.m.g.p.RandomPhraseLength [main] Received PooplinePackage(name=x, rnd=test.java.com.dougron.mucus.algorithms.TestRandom@379ab47b, json={}, mu=
mu:x
PositionIsZero
LengthFromChildren: 0 bars
globalPositionInQuarters=0.0
ruler=null
mu count=0
muNotes:--none--
)
2022-02-27 17:52:05,120 INFO m.j.c.d.m.g.p.RandomXMLKey [main] Received PooplinePackage(name=x, rnd=test.java.com.dougron.mucus.algorithms.TestRandom@307765b4, json={"PHRASE_LENGTH":{"random_seed":{"type":"double","value":0.05},"selected_option":2,"options":{"type":"int_array","values":[2,3,4,5,6,7,8,9,10,11,12]},"plugin":{"class_name":"main.java.com.dougron.mucus_experiments.generator_poopline.plugins.RandomPhraseLength"}}}, mu=
mu:x
PositionIsZero
FixedLength: 2 bars
globalPositionInQuarters=0.0
lengthInBarsAndBeats=BarsAndBeats [barPosition=2, offsetInQuarters=0.0] 
timeSignatureList:null
timeSignatureListGenerator:
SingleTimeSignature:4/4
tsGenAndMap:
TimeSignatureListGenerator:
SingleTimeSignature:4/4
TimeSignatureList:
4/4__
tsMap;

tempoList:
TempoList
 -tempo=120.0 at 0.0 floatBars
hasTimeSignature=false
hasTempo=false

mu count=0
muNotes:--none--
)
2022-02-27 17:52:05,121 INFO m.j.c.d.m.g.p.RandomDiatonicTriadProgression [main] Received PooplinePackage(name=x, rnd=test.java.com.dougron.mucus.algorithms.TestRandom@4a9e6faf, json={"PHRASE_LENGTH":{"random_seed":{"type":"double","value":0.05},"selected_option":2,"options":{"type":"int_array","values":[2,3,4,5,6,7,8,9,10,11,12]},"plugin":{"class_name":"main.java.com.dougron.mucus_experiments.generator_poopline.plugins.RandomPhraseLength"}},"XMLKEY":{"random_seed":{"type":"double","value":0.45},"selected_option":0,"options":{"type":"int_array","values":[-5,-4,-3,-2,-1,0,1,2,3,4,5,6]},"plugin":{"class_name":"main.java.com.dougron.mucus_experiments.generator_poopline.plugins.RandomXMLKey"}}}, mu=
mu:x
PositionIsZero
FixedLength: 2 bars
globalPositionInQuarters=0.0
lengthInBarsAndBeats=BarsAndBeats [barPosition=2, offsetInQuarters=0.0] 
timeSignatureList:null
timeSignatureListGenerator:
SingleTimeSignature:4/4
tsGenAndMap:
TimeSignatureListGenerator:
SingleTimeSignature:4/4
TimeSignatureList:
4/4__
tsMap;

tempoList:
TempoList
 -tempo=120.0 at 0.0 floatBars
hasTimeSignature=false
hasTempo=false

mu count=0
muNotes:--none--
)
2022-02-27 17:52:05,123 INFO m.j.c.d.m.g.p.RandomXMLKey [main] Received PooplinePackage(name=x, rnd=test.java.com.dougron.mucus.algorithms.TestRandom@2c95ac9e, json={}, mu=
mu:x
PositionIsZero
LengthFromChildren: 0 bars
globalPositionInQuarters=0.0
ruler=null
mu count=0
muNotes:--none--
)
2022-02-27 17:52:05,123 INFO m.j.c.d.m.g.p.RandomDiatonicTriadProgression [main] Received PooplinePackage(name=x, rnd=test.java.com.dougron.mucus.algorithms.TestRandom@4e4efc1b, json={"XMLKEY":{"random_seed":{"type":"double","value":0.2},"selected_option":-3,"options":{"type":"int_array","values":[-5,-4,-3,-2,-1,0,1,2,3,4,5,6]},"plugin":{"class_name":"main.java.com.dougron.mucus_experiments.generator_poopline.plugins.RandomXMLKey"}}}, mu=
mu:x
PositionIsZero
LengthFromChildren: 0 bars
globalPositionInQuarters=0.0
ruler=null
mu count=0
muNotes:--none--
)
2022-02-27 17:52:05,123 INFO m.j.c.d.m.g.p.PlugGeneric [main] Did not receive required parameter PHRASE_LENGTH
2022-02-27 17:52:05,124 INFO m.j.c.d.m.g.p.PlugGeneric [main] Did not receive required parameter PHRASE_LENGTH
2022-02-27 17:52:05,125 INFO m.j.c.d.m.g.p.RandomPhraseLength [main] Received PooplinePackage(name=x, rnd=test.java.com.dougron.mucus.algorithms.TestRandom@459f7aa3, json={}, mu=
mu:x
PositionIsZero
LengthFromChildren: 0 bars
globalPositionInQuarters=0.0
ruler=null
mu count=0
muNotes:--none--
)
2022-02-27 17:52:05,126 INFO m.j.c.d.m.g.p.RandomXMLKey [main] Received PooplinePackage(name=x, rnd=test.java.com.dougron.mucus.algorithms.TestRandom@7cc586a8, json={"PHRASE_LENGTH":{"random_seed":{"type":"double","value":0.1},"selected_option":3,"options":{"type":"int_array","values":[2,3,4,5,6,7,8,9,10,11,12]},"plugin":{"class_name":"main.java.com.dougron.mucus_experiments.generator_poopline.plugins.RandomPhraseLength"}}}, mu=
mu:x
PositionIsZero
FixedLength: 3 bars
globalPositionInQuarters=0.0
lengthInBarsAndBeats=BarsAndBeats [barPosition=3, offsetInQuarters=0.0] 
timeSignatureList:null
timeSignatureListGenerator:
SingleTimeSignature:4/4
tsGenAndMap:
TimeSignatureListGenerator:
SingleTimeSignature:4/4
TimeSignatureList:
4/4__
tsMap;

tempoList:
TempoList
 -tempo=120.0 at 0.0 floatBars
hasTimeSignature=false
hasTempo=false

mu count=0
muNotes:--none--
)
2022-02-27 17:52:05,126 INFO m.j.c.d.m.g.p.RandomDiatonicTriadProgression [main] Received PooplinePackage(name=x, rnd=test.java.com.dougron.mucus.algorithms.TestRandom@7db534f2, json={"PHRASE_LENGTH":{"random_seed":{"type":"double","value":0.1},"selected_option":3,"options":{"type":"int_array","values":[2,3,4,5,6,7,8,9,10,11,12]},"plugin":{"class_name":"main.java.com.dougron.mucus_experiments.generator_poopline.plugins.RandomPhraseLength"}},"XMLKEY":{"random_seed":{"type":"double","value":0.45},"selected_option":0,"options":{"type":"int_array","values":[-5,-4,-3,-2,-1,0,1,2,3,4,5,6]},"plugin":{"class_name":"main.java.com.dougron.mucus_experiments.generator_poopline.plugins.RandomXMLKey"}}}, mu=
mu:x
PositionIsZero
FixedLength: 3 bars
globalPositionInQuarters=0.0
lengthInBarsAndBeats=BarsAndBeats [barPosition=3, offsetInQuarters=0.0] 
timeSignatureList:null
timeSignatureListGenerator:
SingleTimeSignature:4/4
tsGenAndMap:
TimeSignatureListGenerator:
SingleTimeSignature:4/4
TimeSignatureList:
4/4__
tsMap;

tempoList:
TempoList
 -tempo=120.0 at 0.0 floatBars
hasTimeSignature=false
hasTempo=false

mu count=0
muNotes:--none--
)
2022-02-27 17:52:05,143 INFO m.j.c.d.m.g.p.RandomPhraseLength [main] Received PooplinePackage(name=x, rnd=test.java.com.dougron.mucus.algorithms.TestRandom@6f70f32f, json={}, mu=
mu:x
PositionIsZero
LengthFromChildren: 0 bars
globalPositionInQuarters=0.0
ruler=null
mu count=0
muNotes:--none--
)
2022-02-27 17:52:05,143 INFO m.j.c.d.m.g.p.RandomDiatonicTriadProgression [main] Received PooplinePackage(name=x, rnd=test.java.com.dougron.mucus.algorithms.TestRandom@548e76f1, json={"PHRASE_LENGTH":{"random_seed":{"type":"double","value":0.2},"selected_option":4,"options":{"type":"int_array","values":[2,3,4,5,6,7,8,9,10,11,12]},"plugin":{"class_name":"main.java.com.dougron.mucus_experiments.generator_poopline.plugins.RandomPhraseLength"}}}, mu=
mu:x
PositionIsZero
FixedLength: 4 bars
globalPositionInQuarters=0.0
lengthInBarsAndBeats=BarsAndBeats [barPosition=4, offsetInQuarters=0.0] 
timeSignatureList:null
timeSignatureListGenerator:
SingleTimeSignature:4/4
tsGenAndMap:
TimeSignatureListGenerator:
SingleTimeSignature:4/4
TimeSignatureList:
4/4__
tsMap;

tempoList:
TempoList
 -tempo=120.0 at 0.0 floatBars
hasTimeSignature=false
hasTempo=false

mu count=0
muNotes:--none--
)
2022-02-27 17:52:05,144 INFO m.j.c.d.m.g.p.PlugGeneric [main] Did not receive required parameter XMLKEY
2022-02-27 17:52:05,144 INFO m.j.c.d.m.g.p.PlugGeneric [main] Did not receive required parameter XMLKEY
