2022-02-15 15:55:26,114 INFO m.j.c.d.m.g.GeneratorPipeline [main] PipelinePackage PipelinePackage(rnd=java.util.Random@710636b0, mu=null) created.
2022-02-15 15:55:26,123 INFO m.j.c.d.m.g.GeneratorPipeline [main] Processing class main.java.com.dougron.mucus_experiments.generator_pipeline.PhraseLengthInBars
2022-02-15 18:26:47,324 INFO m.j.c.d.m.g.p.RandomPhraseLengthInBars [main] Set mu.lengthInBars=2 rndContainer('phrase_length')=0.0
2022-02-15 18:26:47,332 INFO m.j.c.d.m.g.p.RandomPhraseLengthInBars [main] Set mu.lengthInBars=7 rndContainer('phrase_length')=0.5
2022-02-15 18:26:47,338 INFO m.j.c.d.m.g.p.RandomPhraseLengthInBars [main] Set mu.lengthInBars=2 rndContainer('phrase_length')=0.0
2022-02-15 18:26:47,340 INFO m.j.c.d.m.g.p.RandomPhraseLengthInBars [main] Set mu.lengthInBars=12 rndContainer('phrase_length')=0.999
2022-02-15 18:28:21,988 INFO m.j.c.d.m.g.p.RandomPhraseLengthInBars [main] Set mu.lengthInBars=4 rndContainer('phrase_length')=0.2
2022-02-15 18:28:21,996 INFO m.j.c.d.m.g.p.RandomPhraseLengthInBars [main] Set mu.lengthInBars=7 rndContainer('phrase_length')=0.5
2022-02-15 18:28:22,000 INFO m.j.c.d.m.g.p.RandomPhraseLengthInBars [main] Set mu.lengthInBars=2 rndContainer('phrase_length')=0.0
2022-02-15 18:28:22,003 INFO m.j.c.d.m.g.p.RandomPhraseLengthInBars [main] Set mu.lengthInBars=12 rndContainer('phrase_length')=0.999
2022-02-15 18:29:18,384 INFO m.j.c.d.m.g.p.RandomPhraseLengthInBars [main] Set mu.lengthInBars=4 rndContainer('phrase_length')=0.2 for PipelinePackage(rnd=test.java.com.dougron.mucus.algorithms.TestRandom@7c7d3c46, mu=
mu:PipelinePackage_initial_mu
PositionIsZero
FixedLength: 4 bars
globalPositionInQuarters=0.0
lengthInBarsAndBeats=BarsAndBeats [barPosition=4, offsetInQuarters=0.0] 
timeSignatureList:null
timeSignatureListGenerator:
SingleTimeSignature:4/4
tsGenAndMap:
TimeSignatureListGenerator:
SingleTimeSignature:4/4
TimeSignatureList:
4/4__
tsMap;

tempoList:
TempoList
 -tempo=120.0 at 0.0 floatBars
hasTimeSignature=false
hasTempo=false

mu count=0
muNotes:--none--
, rndContainer={"phrase_length":0.2})
2022-02-15 18:29:18,392 INFO m.j.c.d.m.g.p.RandomPhraseLengthInBars [main] Set mu.lengthInBars=7 rndContainer('phrase_length')=0.5 for PipelinePackage(rnd=test.java.com.dougron.mucus.algorithms.TestRandom@545de5a4, mu=
mu:PipelinePackage_initial_mu
PositionIsZero
FixedLength: 7 bars
globalPositionInQuarters=0.0
lengthInBarsAndBeats=BarsAndBeats [barPosition=7, offsetInQuarters=0.0] 
timeSignatureList:null
timeSignatureListGenerator:
SingleTimeSignature:4/4
tsGenAndMap:
TimeSignatureListGenerator:
SingleTimeSignature:4/4
TimeSignatureList:
4/4__
tsMap;

tempoList:
TempoList
 -tempo=120.0 at 0.0 floatBars
hasTimeSignature=false
hasTempo=false

mu count=0
muNotes:--none--
, rndContainer={"phrase_length":0.5})
2022-02-15 18:29:18,399 INFO m.j.c.d.m.g.p.RandomPhraseLengthInBars [main] Set mu.lengthInBars=2 rndContainer('phrase_length')=0.0 for PipelinePackage(rnd=test.java.com.dougron.mucus.algorithms.TestRandom@68759011, mu=
mu:PipelinePackage_initial_mu
PositionIsZero
FixedLength: 2 bars
globalPositionInQuarters=0.0
lengthInBarsAndBeats=BarsAndBeats [barPosition=2, offsetInQuarters=0.0] 
timeSignatureList:null
timeSignatureListGenerator:
SingleTimeSignature:4/4
tsGenAndMap:
TimeSignatureListGenerator:
SingleTimeSignature:4/4
TimeSignatureList:
4/4__
tsMap;

tempoList:
TempoList
 -tempo=120.0 at 0.0 floatBars
hasTimeSignature=false
hasTempo=false

mu count=0
muNotes:--none--
, rndContainer={"phrase_length":0})
2022-02-15 18:29:18,402 INFO m.j.c.d.m.g.p.RandomPhraseLengthInBars [main] Set mu.lengthInBars=12 rndContainer('phrase_length')=0.999 for PipelinePackage(rnd=test.java.com.dougron.mucus.algorithms.TestRandom@7e242b4d, mu=
mu:PipelinePackage_initial_mu
PositionIsZero
FixedLength: 12 bars
globalPositionInQuarters=0.0
lengthInBarsAndBeats=BarsAndBeats [barPosition=12, offsetInQuarters=0.0] 
timeSignatureList:null
timeSignatureListGenerator:
SingleTimeSignature:4/4
tsGenAndMap:
TimeSignatureListGenerator:
SingleTimeSignature:4/4
TimeSignatureList:
4/4__
tsMap;

tempoList:
TempoList
 -tempo=120.0 at 0.0 floatBars
hasTimeSignature=false
hasTempo=false

mu count=0
muNotes:--none--
, rndContainer={"phrase_length":0.999})
2022-02-15 22:18:01,957 INFO m.j.c.d.m.g.GeneratorPipeline [main] Created: PipelinePackage(rnd=java.util.Random@726e5805, mu=
mu:PipelinePackage_initial_mu
PositionIsZero
LengthFromChildren: 0 bars
globalPositionInQuarters=0.0
ruler=null
mu count=0
muNotes:--none--
, rndContainer={})
2022-02-15 22:18:02,031 INFO m.j.c.d.m.g.GeneratorPipeline [main] Created: PipelinePackage(rnd=java.util.Random@346a361, mu=
mu:PipelinePackage_initial_mu
PositionIsZero
LengthFromChildren: 0 bars
globalPositionInQuarters=0.0
ruler=null
mu count=0
muNotes:--none--
, rndContainer={})
2022-02-15 22:19:07,683 INFO m.j.c.d.m.g.GeneratorPipeline [main] Created: PipelinePackage(rnd=java.util.Random@40c80397, mu=
mu:PipelinePackage_initial_mu
PositionIsZero
LengthFromChildren: 0 bars
globalPositionInQuarters=0.0
ruler=null
mu count=0
muNotes:--none--
, rndContainer={})
2022-02-15 22:19:07,753 INFO m.j.c.d.m.g.GeneratorPipeline [main] Created: PipelinePackage(rnd=java.util.Random@107ed6fc, mu=
mu:PipelinePackage_initial_mu
PositionIsZero
LengthFromChildren: 0 bars
globalPositionInQuarters=0.0
ruler=null
mu count=0
muNotes:--none--
, rndContainer={})
2022-02-15 22:19:07,757 INFO m.j.c.d.m.g.GeneratorPipeline [main] Created: PipelinePackage(rnd=java.util.Random@186978a6, mu=
mu:PipelinePackage_initial_mu
PositionIsZero
LengthFromChildren: 0 bars
globalPositionInQuarters=0.0
ruler=null
mu count=0
muNotes:--none--
, rndContainer={})
2022-02-15 22:24:27,091 INFO m.j.c.d.m.g.GeneratorPipeline [main] Created: PipelinePackage(rnd=java.util.Random@ea9b7c6, mu=
mu:PipelinePackage_initial_mu
PositionIsZero
LengthFromChildren: 0 bars
globalPositionInQuarters=0.0
ruler=null
mu count=0
muNotes:--none--
, rndContainer={})
2022-02-15 22:24:27,094 INFO m.j.c.d.m.g.GeneratorPipeline [main] Processing class main.java.com.dougron.mucus_experiments.generator_pipeline.plugins.RandomPhraseLengthInBars
2022-02-15 22:24:27,116 INFO m.j.c.d.m.g.p.RandomPhraseLengthInBars [main] Set mu.lengthInBars=4 rndContainer('phrase_length')=0.22163420650237797 for PipelinePackage(rnd=java.util.Random@ea9b7c6, mu=
mu:PipelinePackage_initial_mu
PositionIsZero
FixedLength: 4 bars
globalPositionInQuarters=0.0
lengthInBarsAndBeats=BarsAndBeats [barPosition=4, offsetInQuarters=0.0] 
timeSignatureList:null
timeSignatureListGenerator:
SingleTimeSignature:4/4
tsGenAndMap:
TimeSignatureListGenerator:
SingleTimeSignature:4/4
TimeSignatureList:
4/4__
tsMap;

tempoList:
TempoList
 -tempo=120.0 at 0.0 floatBars
hasTimeSignature=false
hasTempo=false

mu count=0
muNotes:--none--
, rndContainer={"phrase_length":0.22163420650237797})
2022-02-15 22:24:27,182 INFO m.j.c.d.m.g.GeneratorPipeline [main] Created: PipelinePackage(rnd=java.util.Random@7813cb11, mu=
mu:PipelinePackage_initial_mu
PositionIsZero
LengthFromChildren: 0 bars
globalPositionInQuarters=0.0
ruler=null
mu count=0
muNotes:--none--
, rndContainer={})
2022-02-15 22:24:27,188 INFO m.j.c.d.m.g.GeneratorPipeline [main] Created: PipelinePackage(rnd=java.util.Random@d5ae57e, mu=
mu:PipelinePackage_initial_mu
PositionIsZero
LengthFromChildren: 0 bars
globalPositionInQuarters=0.0
ruler=null
mu count=0
muNotes:--none--
, rndContainer={})
2022-02-15 22:24:27,191 INFO m.j.c.d.m.g.GeneratorPipeline [main] Created: PipelinePackage(rnd=java.util.Random@7e242b4d, mu=
mu:PipelinePackage_initial_mu
PositionIsZero
LengthFromChildren: 0 bars
globalPositionInQuarters=0.0
ruler=null
mu count=0
muNotes:--none--
, rndContainer={})
2022-02-15 22:26:30,907 INFO m.j.c.d.m.g.GeneratorPipeline [main] Created: PipelinePackage(rnd=java.util.Random@e077866, mu=
mu:PipelinePackage_initial_mu
PositionIsZero
LengthFromChildren: 0 bars
globalPositionInQuarters=0.0
ruler=null
mu count=0
muNotes:--none--
, rndContainer={})
2022-02-15 22:26:30,911 INFO m.j.c.d.m.g.GeneratorPipeline [main] Processing class main.java.com.dougron.mucus_experiments.generator_pipeline.plugins.RandomPhraseLengthInBars
2022-02-15 22:26:30,928 INFO m.j.c.d.m.g.p.RandomPhraseLengthInBars [main] Set mu.lengthInBars=10 rndContainer('phrase_length')=0.7314810019290165 for PipelinePackage(rnd=java.util.Random@e077866, mu=
mu:PipelinePackage_initial_mu
PositionIsZero
FixedLength: 10 bars
globalPositionInQuarters=0.0
lengthInBarsAndBeats=BarsAndBeats [barPosition=10, offsetInQuarters=0.0] 
timeSignatureList:null
timeSignatureListGenerator:
SingleTimeSignature:4/4
tsGenAndMap:
TimeSignatureListGenerator:
SingleTimeSignature:4/4
TimeSignatureList:
4/4__
tsMap;

tempoList:
TempoList
 -tempo=120.0 at 0.0 floatBars
hasTimeSignature=false
hasTempo=false

mu count=0
muNotes:--none--
, rndContainer={"phrase_length":0.7314810019290165})
2022-02-15 22:26:30,996 INFO m.j.c.d.m.g.GeneratorPipeline [main] Created: PipelinePackage(rnd=java.util.Random@bcec031, mu=
mu:PipelinePackage_initial_mu
PositionIsZero
LengthFromChildren: 0 bars
globalPositionInQuarters=0.0
ruler=null
mu count=0
muNotes:--none--
, rndContainer={})
2022-02-15 22:26:31,003 INFO m.j.c.d.m.g.GeneratorPipeline [main] Created: PipelinePackage(rnd=java.util.Random@68759011, mu=
mu:PipelinePackage_initial_mu
PositionIsZero
LengthFromChildren: 0 bars
globalPositionInQuarters=0.0
ruler=null
mu count=0
muNotes:--none--
, rndContainer={})
2022-02-15 22:26:31,003 INFO m.j.c.d.m.g.GeneratorPipeline [main] Processing class main.java.com.dougron.mucus_experiments.generator_pipeline.plugins.RandomPhraseLengthInBars
2022-02-15 22:26:31,004 INFO m.j.c.d.m.g.p.RandomPhraseLengthInBars [main] Set mu.lengthInBars=7 rndContainer('phrase_length')=0.5245380503518775 for PipelinePackage(rnd=java.util.Random@68759011, mu=
mu:PipelinePackage_initial_mu
PositionIsZero
FixedLength: 7 bars
globalPositionInQuarters=0.0
lengthInBarsAndBeats=BarsAndBeats [barPosition=7, offsetInQuarters=0.0] 
timeSignatureList:null
timeSignatureListGenerator:
SingleTimeSignature:4/4
tsGenAndMap:
TimeSignatureListGenerator:
SingleTimeSignature:4/4
TimeSignatureList:
4/4__
tsMap;

tempoList:
TempoList
 -tempo=120.0 at 0.0 floatBars
hasTimeSignature=false
hasTempo=false

mu count=0
muNotes:--none--
, rndContainer={"phrase_length":0.5245380503518775})
2022-02-15 22:26:31,009 INFO m.j.c.d.m.g.GeneratorPipeline [main] Created: PipelinePackage(rnd=java.util.Random@743cb8e0, mu=
mu:PipelinePackage_initial_mu
PositionIsZero
LengthFromChildren: 0 bars
globalPositionInQuarters=0.0
ruler=null
mu count=0
muNotes:--none--
, rndContainer={})
2022-02-15 22:26:31,014 INFO m.j.c.d.m.g.GeneratorPipeline [main] Created: PipelinePackage(rnd=java.util.Random@2c1b9e4b, mu=
mu:PipelinePackage_initial_mu
PositionIsZero
LengthFromChildren: 0 bars
globalPositionInQuarters=0.0
ruler=null
mu count=0
muNotes:--none--
, rndContainer={})
