2022-03-14 16:08:48,284 INFO m.j.c.d.m.g.p.PatternEmbellisherRandom [main] Received PooplinePackage(name=XX, rnd=test.java.com.dougron.mucus.algorithms.TestRandom@58ebfd03, json={}, repo={}, mu=
mu:XX
PositionIsZero
LengthFromChildren: 0 bars
globalPositionInQuarters=0.0
ruler=null
mu count=0
muNotes:--none--
)
2022-03-14 16:08:48,322 INFO m.j.c.d.m.g.p.PatternEmbellisherRandom [main] Received PooplinePackage(name=XX, rnd=test.java.com.dougron.mucus.algorithms.TestRandom@f27ea3, json={}, repo={}, mu=
mu:XX
PositionIsZero
LengthFromChildren: 0 bars
globalPositionInQuarters=0.0
ruler=null
mu count=0
muNotes:--none--
)
2022-03-14 16:08:48,326 INFO m.j.c.d.m.g.p.PatternEmbellisherRandom [main] Received PooplinePackage(name=XX, rnd=test.java.com.dougron.mucus.algorithms.TestRandom@346939bf, json={}, repo={}, mu=
mu:XX
PositionIsZero
LengthFromChildren: 0 bars
globalPositionInQuarters=0.0
ruler=null
mu count=0
muNotes:--none--
)
2022-03-14 16:08:48,330 INFO m.j.c.d.m.g.p.PatternEmbellisherRandom [main] Received PooplinePackage(name=XX, rnd=test.java.com.dougron.mucus.algorithms.TestRandom@58670130, json={}, repo={}, mu=
mu:XX
PositionIsZero
LengthFromChildren: 0 bars
globalPositionInQuarters=0.0
ruler=null
mu count=0
muNotes:--none--
)
2022-03-14 16:08:48,333 INFO m.j.c.d.m.g.p.PatternEmbellisherRandom [main] Received PooplinePackage(name=XX, rnd=test.java.com.dougron.mucus.algorithms.TestRandom@9bd0fa6, json={}, repo={}, mu=
mu:XX
PositionIsZero
LengthFromChildren: 0 bars
globalPositionInQuarters=0.0
ruler=null
mu count=0
muNotes:--none--
)
2022-03-14 16:08:48,336 INFO m.j.c.d.m.g.p.PatternEmbellisherRandom [main] Received PooplinePackage(name=XX, rnd=test.java.com.dougron.mucus.algorithms.TestRandom@39dcf4b0, json={}, repo={}, mu=
mu:XX
PositionIsZero
LengthFromChildren: 0 bars
globalPositionInQuarters=0.0
ruler=null
mu count=0
muNotes:--none--
)
2022-03-14 16:08:48,339 INFO m.j.c.d.m.g.p.PatternEmbellisherRandom [main] Received PooplinePackage(name=XX, rnd=test.java.com.dougron.mucus.algorithms.TestRandom@f6c03cb, json={}, repo={}, mu=
mu:XX
PositionIsZero
LengthFromChildren: 0 bars
globalPositionInQuarters=0.0
ruler=null
mu count=0
muNotes:--none--
)
2022-03-14 16:08:48,404 INFO m.j.c.d.m.g.p.PatternEmbellisherRandom [main] Received PooplinePackage(name=XX, rnd=test.java.com.dougron.mucus.algorithms.TestRandom@6fff253c, json={}, repo={}, mu=
mu:XX
PositionIsZero
LengthFromChildren: 0 bars
globalPositionInQuarters=0.0
ruler=null
mu count=0
muNotes:--none--
)
2022-03-14 16:08:48,408 INFO m.j.c.d.m.g.p.PatternEmbellisherRandom [main] Received PooplinePackage(name=XX, rnd=test.java.com.dougron.mucus.algorithms.TestRandom@591e58fa, json={}, repo={}, mu=
mu:XX
PositionIsZero
LengthFromChildren: 0 bars
globalPositionInQuarters=0.0
ruler=null
mu count=0
muNotes:--none--
)
2022-03-14 16:08:48,412 INFO m.j.c.d.m.g.p.PatternEmbellisherRandom [main] Received PooplinePackage(name=XX, rnd=test.java.com.dougron.mucus.algorithms.TestRandom@2f94c4db, json={}, repo={}, mu=
mu:XX
PositionIsZero
LengthFromChildren: 0 bars
globalPositionInQuarters=0.0
ruler=null
mu count=0
muNotes:--none--
)
2022-03-14 16:08:48,416 INFO m.j.c.d.m.g.p.PatternEmbellisherRandom [main] Received PooplinePackage(name=XX, rnd=test.java.com.dougron.mucus.algorithms.TestRandom@72ccd81a, json={}, repo={}, mu=
mu:XX
PositionIsZero
LengthFromChildren: 0 bars
globalPositionInQuarters=0.0
ruler=null
mu count=0
muNotes:--none--
)
2022-03-14 16:08:48,423 INFO m.j.c.d.m.g.p.PatternEmbellisherRandom [main] Received PooplinePackage(name=XX, rnd=test.java.com.dougron.mucus.algorithms.TestRandom@64bc21ac, json={}, repo={}, mu=
mu:XX
PositionIsZero
LengthFromChildren: 0 bars
globalPositionInQuarters=0.0
ruler=null
mu count=0
muNotes:--none--
)
2022-03-14 16:08:48,427 INFO m.j.c.d.m.g.p.PatternEmbellisherRandom [main] Received PooplinePackage(name=XX, rnd=test.java.com.dougron.mucus.algorithms.TestRandom@5d25e6bb, json={}, repo={}, mu=
mu:XX
PositionIsZero
LengthFromChildren: 0 bars
globalPositionInQuarters=0.0
ruler=null
mu count=0
muNotes:--none--
)
2022-03-14 16:09:33,258 INFO m.j.c.d.m.g.p.PatternEmbellisherRandom [main] Received PooplinePackage(name=XX, rnd=test.java.com.dougron.mucus.algorithms.TestRandom@58ebfd03, json={}, repo={}, mu=
mu:XX
PositionIsZero
LengthFromChildren: 0 bars
globalPositionInQuarters=0.0
ruler=null
mu count=0
muNotes:--none--
)
2022-03-14 16:09:33,280 INFO m.j.c.d.m.g.p.PatternEmbellisherRandom [main] Received PooplinePackage(name=XX, rnd=test.java.com.dougron.mucus.algorithms.TestRandom@7adf16aa, json={}, repo={}, mu=
mu:XX
PositionIsZero
LengthFromChildren: 0 bars
globalPositionInQuarters=0.0
ruler=null
mu count=0
muNotes:--none--
)
2022-03-14 16:09:33,284 INFO m.j.c.d.m.g.p.PatternEmbellisherRandom [main] Received PooplinePackage(name=XX, rnd=test.java.com.dougron.mucus.algorithms.TestRandom@58bf8650, json={}, repo={}, mu=
mu:XX
PositionIsZero
LengthFromChildren: 0 bars
globalPositionInQuarters=0.0
ruler=null
mu count=0
muNotes:--none--
)
2022-03-14 16:09:33,288 INFO m.j.c.d.m.g.p.PatternEmbellisherRandom [main] Received PooplinePackage(name=XX, rnd=test.java.com.dougron.mucus.algorithms.TestRandom@71ae31b0, json={}, repo={}, mu=
mu:XX
PositionIsZero
LengthFromChildren: 0 bars
globalPositionInQuarters=0.0
ruler=null
mu count=0
muNotes:--none--
)
2022-03-14 16:09:33,293 INFO m.j.c.d.m.g.p.PatternEmbellisherRandom [main] Received PooplinePackage(name=XX, rnd=test.java.com.dougron.mucus.algorithms.TestRandom@6f0ca692, json={}, repo={}, mu=
mu:XX
PositionIsZero
LengthFromChildren: 0 bars
globalPositionInQuarters=0.0
ruler=null
mu count=0
muNotes:--none--
)
2022-03-14 16:09:33,297 INFO m.j.c.d.m.g.p.PatternEmbellisherRandom [main] Received PooplinePackage(name=XX, rnd=test.java.com.dougron.mucus.algorithms.TestRandom@2cb3d0f7, json={}, repo={}, mu=
mu:XX
PositionIsZero
LengthFromChildren: 0 bars
globalPositionInQuarters=0.0
ruler=null
mu count=0
muNotes:--none--
)
2022-03-14 16:09:33,302 INFO m.j.c.d.m.g.p.PatternEmbellisherRandom [main] Received PooplinePackage(name=XX, rnd=test.java.com.dougron.mucus.algorithms.TestRandom@44e3760b, json={}, repo={}, mu=
mu:XX
PositionIsZero
LengthFromChildren: 0 bars
globalPositionInQuarters=0.0
ruler=null
mu count=0
muNotes:--none--
)
2022-03-14 16:09:33,387 INFO m.j.c.d.m.g.p.PatternEmbellisherRandom [main] Received PooplinePackage(name=XX, rnd=test.java.com.dougron.mucus.algorithms.TestRandom@37f21974, json={}, repo={}, mu=
mu:XX
PositionIsZero
LengthFromChildren: 0 bars
globalPositionInQuarters=0.0
ruler=null
mu count=0
muNotes:--none--
)
2022-03-14 16:09:33,393 INFO m.j.c.d.m.g.p.PatternEmbellisherRandom [main] Received PooplinePackage(name=XX, rnd=test.java.com.dougron.mucus.algorithms.TestRandom@6e521c1e, json={}, repo={}, mu=
mu:XX
PositionIsZero
LengthFromChildren: 0 bars
globalPositionInQuarters=0.0
ruler=null
mu count=0
muNotes:--none--
)
2022-03-14 16:09:33,396 INFO m.j.c.d.m.g.p.PatternEmbellisherRandom [main] Received PooplinePackage(name=XX, rnd=test.java.com.dougron.mucus.algorithms.TestRandom@5d5d9e5, json={}, repo={}, mu=
mu:XX
PositionIsZero
LengthFromChildren: 0 bars
globalPositionInQuarters=0.0
ruler=null
mu count=0
muNotes:--none--
)
2022-03-14 16:09:33,400 INFO m.j.c.d.m.g.p.PatternEmbellisherRandom [main] Received PooplinePackage(name=XX, rnd=test.java.com.dougron.mucus.algorithms.TestRandom@4ef27d66, json={}, repo={}, mu=
mu:XX
PositionIsZero
LengthFromChildren: 0 bars
globalPositionInQuarters=0.0
ruler=null
mu count=0
muNotes:--none--
)
2022-03-14 16:09:33,402 INFO m.j.c.d.m.g.p.PatternEmbellisherRandom [main] Received PooplinePackage(name=XX, rnd=test.java.com.dougron.mucus.algorithms.TestRandom@1d9bec4d, json={}, repo={}, mu=
mu:XX
PositionIsZero
LengthFromChildren: 0 bars
globalPositionInQuarters=0.0
ruler=null
mu count=0
muNotes:--none--
)
2022-03-14 16:09:33,405 INFO m.j.c.d.m.g.p.PatternEmbellisherRandom [main] Received PooplinePackage(name=XX, rnd=test.java.com.dougron.mucus.algorithms.TestRandom@10c8f62, json={}, repo={}, mu=
mu:XX
PositionIsZero
LengthFromChildren: 0 bars
globalPositionInQuarters=0.0
ruler=null
mu count=0
muNotes:--none--
)
2022-03-14 16:15:11,979 INFO m.j.c.d.m.g.p.PatternEmbellisherRandom [main] Received PooplinePackage(name=XX, rnd=test.java.com.dougron.mucus.algorithms.TestRandom@2783717b, json={}, repo={}, mu=
mu:XX
PositionIsZero
LengthFromChildren: 0 bars
globalPositionInQuarters=0.0
ruler=null
mu count=0
muNotes:--none--
)
2022-03-14 16:17:01,334 INFO m.j.c.d.m.g.p.PatternEmbellisherRandom [main] Received PooplinePackage(name=XX, rnd=test.java.com.dougron.mucus.algorithms.TestRandom@58ebfd03, json={}, repo={}, mu=
mu:XX
PositionIsZero
LengthFromChildren: 0 bars
globalPositionInQuarters=0.0
ruler=null
mu count=0
muNotes:--none--
)
2022-03-14 16:17:01,340 INFO m.j.c.d.m.g.p.PatternEmbellisherRandom [main] Created temporary loopModelRepo=LOOP because there was not one already present in the pack.repo
2022-03-14 16:17:01,427 INFO m.j.c.d.m.g.p.PatternEmbellisherRandom [main] Received PooplinePackage(name=XX, rnd=test.java.com.dougron.mucus.algorithms.TestRandom@4b6579e8, json={}, repo={}, mu=
mu:XX
PositionIsZero
LengthFromChildren: 0 bars
globalPositionInQuarters=0.0
ruler=null
mu count=0
muNotes:--none--
)
2022-03-14 16:17:01,427 INFO m.j.c.d.m.g.p.PatternEmbellisherRandom [main] Created temporary loopModelRepo=LOOP because there was not one already present in the pack.repo
2022-03-14 16:17:01,437 INFO m.j.c.d.m.g.p.PatternEmbellisherRandom [main] Received PooplinePackage(name=XX, rnd=test.java.com.dougron.mucus.algorithms.TestRandom@64bc21ac, json={}, repo={}, mu=
mu:XX
PositionIsZero
LengthFromChildren: 0 bars
globalPositionInQuarters=0.0
ruler=null
mu count=0
muNotes:--none--
)
2022-03-14 16:17:01,438 INFO m.j.c.d.m.g.p.PatternEmbellisherRandom [main] Created temporary loopModelRepo=LOOP because there was not one already present in the pack.repo
2022-03-14 16:17:01,458 INFO m.j.c.d.m.g.p.PatternEmbellisherRandom [main] Received PooplinePackage(name=XX, rnd=test.java.com.dougron.mucus.algorithms.TestRandom@c65a5ef, json={}, repo={}, mu=
mu:XX
PositionIsZero
LengthFromChildren: 0 bars
globalPositionInQuarters=0.0
ruler=null
mu count=0
muNotes:--none--
)
2022-03-14 16:17:01,458 INFO m.j.c.d.m.g.p.PatternEmbellisherRandom [main] Created temporary loopModelRepo=LOOP because there was not one already present in the pack.repo
2022-03-14 16:17:01,474 INFO m.j.c.d.m.g.p.PatternEmbellisherRandom [main] Received PooplinePackage(name=XX, rnd=test.java.com.dougron.mucus.algorithms.TestRandom@791cbf87, json={}, repo={}, mu=
mu:XX
PositionIsZero
LengthFromChildren: 0 bars
globalPositionInQuarters=0.0
ruler=null
mu count=0
muNotes:--none--
)
2022-03-14 16:17:01,474 INFO m.j.c.d.m.g.p.PatternEmbellisherRandom [main] Created temporary loopModelRepo=LOOP because there was not one already present in the pack.repo
2022-03-14 16:17:01,476 INFO m.j.c.d.m.g.p.PatternEmbellisherRandom [main] Received PooplinePackage(name=XX, rnd=test.java.com.dougron.mucus.algorithms.TestRandom@a7e2d9d, json={}, repo={}, mu=
mu:XX
PositionIsZero
LengthFromChildren: 0 bars
globalPositionInQuarters=0.0
ruler=null
mu count=0
muNotes:--none--
)
2022-03-14 16:17:01,476 INFO m.j.c.d.m.g.p.PatternEmbellisherRandom [main] Created temporary loopModelRepo=LOOP because there was not one already present in the pack.repo
2022-03-14 16:17:01,479 INFO m.j.c.d.m.g.p.PatternEmbellisherRandom [main] Received PooplinePackage(name=XX, rnd=test.java.com.dougron.mucus.algorithms.TestRandom@5dcbb60, json={}, repo={}, mu=
mu:XX
PositionIsZero
LengthFromChildren: 0 bars
globalPositionInQuarters=0.0
ruler=null
mu count=0
muNotes:--none--
)
2022-03-14 16:17:01,479 INFO m.j.c.d.m.g.p.PatternEmbellisherRandom [main] Created temporary loopModelRepo=LOOP because there was not one already present in the pack.repo
2022-03-14 16:17:01,482 INFO m.j.c.d.m.g.p.PatternEmbellisherRandom [main] Received PooplinePackage(name=XX, rnd=test.java.com.dougron.mucus.algorithms.TestRandom@21526f6c, json={}, repo={}, mu=
mu:XX
PositionIsZero
LengthFromChildren: 0 bars
globalPositionInQuarters=0.0
ruler=null
mu count=0
muNotes:--none--
)
2022-03-14 16:17:01,483 INFO m.j.c.d.m.g.p.PatternEmbellisherRandom [main] Created temporary loopModelRepo=LOOP because there was not one already present in the pack.repo
2022-03-14 16:17:01,485 INFO m.j.c.d.m.g.p.PatternEmbellisherRandom [main] Received PooplinePackage(name=XX, rnd=test.java.com.dougron.mucus.algorithms.TestRandom@49f5c307, json={}, repo={}, mu=
mu:XX
PositionIsZero
LengthFromChildren: 0 bars
globalPositionInQuarters=0.0
ruler=null
mu count=0
muNotes:--none--
)
2022-03-14 16:17:01,485 INFO m.j.c.d.m.g.p.PatternEmbellisherRandom [main] Created temporary loopModelRepo=LOOP because there was not one already present in the pack.repo
2022-03-14 16:17:01,487 INFO m.j.c.d.m.g.p.PatternEmbellisherRandom [main] Received PooplinePackage(name=XX, rnd=test.java.com.dougron.mucus.algorithms.TestRandom@299266e2, json={}, repo={}, mu=
mu:XX
PositionIsZero
LengthFromChildren: 0 bars
globalPositionInQuarters=0.0
ruler=null
mu count=0
muNotes:--none--
)
2022-03-14 16:17:01,487 INFO m.j.c.d.m.g.p.PatternEmbellisherRandom [main] Created temporary loopModelRepo=LOOP because there was not one already present in the pack.repo
2022-03-14 16:17:01,490 INFO m.j.c.d.m.g.p.PatternEmbellisherRandom [main] Received PooplinePackage(name=XX, rnd=test.java.com.dougron.mucus.algorithms.TestRandom@56e07a08, json={}, repo={}, mu=
mu:XX
PositionIsZero
LengthFromChildren: 0 bars
globalPositionInQuarters=0.0
ruler=null
mu count=0
muNotes:--none--
)
2022-03-14 16:17:01,490 INFO m.j.c.d.m.g.p.PatternEmbellisherRandom [main] Created temporary loopModelRepo=LOOP because there was not one already present in the pack.repo
2022-03-14 16:17:01,492 INFO m.j.c.d.m.g.p.PatternEmbellisherRandom [main] Received PooplinePackage(name=XX, rnd=test.java.com.dougron.mucus.algorithms.TestRandom@35d6ca49, json={}, repo={}, mu=
mu:XX
PositionIsZero
LengthFromChildren: 0 bars
globalPositionInQuarters=0.0
ruler=null
mu count=0
muNotes:--none--
)
2022-03-14 16:17:01,492 INFO m.j.c.d.m.g.p.PatternEmbellisherRandom [main] Created temporary loopModelRepo=LOOP because there was not one already present in the pack.repo
2022-03-14 16:17:01,494 INFO m.j.c.d.m.g.p.PatternEmbellisherRandom [main] Received PooplinePackage(name=XX, rnd=test.java.com.dougron.mucus.algorithms.TestRandom@1950e8a6, json={}, repo={}, mu=
mu:XX
PositionIsZero
LengthFromChildren: 0 bars
globalPositionInQuarters=0.0
ruler=null
mu count=0
muNotes:--none--
)
2022-03-14 16:17:01,494 INFO m.j.c.d.m.g.p.PatternEmbellisherRandom [main] Created temporary loopModelRepo=LOOP because there was not one already present in the pack.repo
2022-03-14 16:23:17,390 INFO m.j.c.d.m.g.p.PatternEmbellisherRandom [main] Received PooplinePackage(name=XX, rnd=test.java.com.dougron.mucus.algorithms.TestRandom@58ebfd03, json={}, repo={}, mu=
mu:XX
PositionIsZero
LengthFromChildren: 0 bars
globalPositionInQuarters=0.0
ruler=null
mu count=0
muNotes:--none--
)
2022-03-14 16:23:17,396 INFO m.j.c.d.m.g.p.PatternEmbellisherRandom [main] Created temporary loopModelRepo=LOOP because there was not one already present in the pack.repo
2022-03-14 16:23:17,502 INFO m.j.c.d.m.g.p.PatternEmbellisherRandom [main] Received PooplinePackage(name=XX, rnd=test.java.com.dougron.mucus.algorithms.TestRandom@4b6579e8, json={}, repo={}, mu=
mu:XX
PositionIsZero
LengthFromChildren: 0 bars
globalPositionInQuarters=0.0
ruler=null
mu count=0
muNotes:--none--
)
2022-03-14 16:23:17,502 INFO m.j.c.d.m.g.p.PatternEmbellisherRandom [main] Created temporary loopModelRepo=LOOP because there was not one already present in the pack.repo
2022-03-14 16:23:17,510 INFO m.j.c.d.m.g.p.PatternEmbellisherRandom [main] Received PooplinePackage(name=XX, rnd=test.java.com.dougron.mucus.algorithms.TestRandom@64bc21ac, json={}, repo={}, mu=
mu:XX
PositionIsZero
LengthFromChildren: 0 bars
globalPositionInQuarters=0.0
ruler=null
mu count=0
muNotes:--none--
)
2022-03-14 16:23:17,510 INFO m.j.c.d.m.g.p.PatternEmbellisherRandom [main] Created temporary loopModelRepo=LOOP because there was not one already present in the pack.repo
2022-03-14 16:23:17,523 INFO m.j.c.d.m.g.p.PatternEmbellisherRandom [main] Received PooplinePackage(name=XX, rnd=test.java.com.dougron.mucus.algorithms.TestRandom@8a589a2, json={}, repo={}, mu=
mu:XX
PositionIsZero
LengthFromChildren: 0 bars
globalPositionInQuarters=0.0
ruler=null
mu count=0
muNotes:--none--
)
2022-03-14 16:23:17,524 INFO m.j.c.d.m.g.p.PatternEmbellisherRandom [main] Created temporary loopModelRepo=LOOP because there was not one already present in the pack.repo
2022-03-14 16:23:17,537 INFO m.j.c.d.m.g.p.PatternEmbellisherRandom [main] Received PooplinePackage(name=XX, rnd=test.java.com.dougron.mucus.algorithms.TestRandom@319dead1, json={}, repo={}, mu=
mu:XX
PositionIsZero
LengthFromChildren: 0 bars
globalPositionInQuarters=0.0
ruler=null
mu count=0
muNotes:--none--
)
2022-03-14 16:23:17,537 INFO m.j.c.d.m.g.p.PatternEmbellisherRandom [main] Created temporary loopModelRepo=LOOP because there was not one already present in the pack.repo
2022-03-14 16:23:17,539 INFO m.j.c.d.m.g.p.PatternEmbellisherRandom [main] Received PooplinePackage(name=XX, rnd=test.java.com.dougron.mucus.algorithms.TestRandom@791cbf87, json={}, repo={}, mu=
mu:XX
PositionIsZero
LengthFromChildren: 0 bars
globalPositionInQuarters=0.0
ruler=null
mu count=0
muNotes:--none--
)
2022-03-14 16:23:17,539 INFO m.j.c.d.m.g.p.PatternEmbellisherRandom [main] Created temporary loopModelRepo=LOOP because there was not one already present in the pack.repo
2022-03-14 16:23:17,542 INFO m.j.c.d.m.g.p.PatternEmbellisherRandom [main] Received PooplinePackage(name=XX, rnd=test.java.com.dougron.mucus.algorithms.TestRandom@7ef2d7a6, json={}, repo={}, mu=
mu:XX
PositionIsZero
LengthFromChildren: 0 bars
globalPositionInQuarters=0.0
ruler=null
mu count=0
muNotes:--none--
)
2022-03-14 16:23:17,542 INFO m.j.c.d.m.g.p.PatternEmbellisherRandom [main] Created temporary loopModelRepo=LOOP because there was not one already present in the pack.repo
2022-03-14 16:23:17,545 INFO m.j.c.d.m.g.p.PatternEmbellisherRandom [main] Received PooplinePackage(name=XX, rnd=test.java.com.dougron.mucus.algorithms.TestRandom@4c36250e, json={}, repo={}, mu=
mu:XX
PositionIsZero
LengthFromChildren: 0 bars
globalPositionInQuarters=0.0
ruler=null
mu count=0
muNotes:--none--
)
2022-03-14 16:23:17,545 INFO m.j.c.d.m.g.p.PatternEmbellisherRandom [main] Created temporary loopModelRepo=LOOP because there was not one already present in the pack.repo
2022-03-14 16:23:17,547 INFO m.j.c.d.m.g.p.PatternEmbellisherRandom [main] Received PooplinePackage(name=XX, rnd=test.java.com.dougron.mucus.algorithms.TestRandom@21526f6c, json={}, repo={}, mu=
mu:XX
PositionIsZero
LengthFromChildren: 0 bars
globalPositionInQuarters=0.0
ruler=null
mu count=0
muNotes:--none--
)
2022-03-14 16:23:17,547 INFO m.j.c.d.m.g.p.PatternEmbellisherRandom [main] Created temporary loopModelRepo=LOOP because there was not one already present in the pack.repo
2022-03-14 16:23:17,549 INFO m.j.c.d.m.g.p.PatternEmbellisherRandom [main] Received PooplinePackage(name=XX, rnd=test.java.com.dougron.mucus.algorithms.TestRandom@49f5c307, json={}, repo={}, mu=
mu:XX
PositionIsZero
LengthFromChildren: 0 bars
globalPositionInQuarters=0.0
ruler=null
mu count=0
muNotes:--none--
)
2022-03-14 16:23:17,550 INFO m.j.c.d.m.g.p.PatternEmbellisherRandom [main] Created temporary loopModelRepo=LOOP because there was not one already present in the pack.repo
2022-03-14 16:23:17,553 INFO m.j.c.d.m.g.p.PatternEmbellisherRandom [main] Received PooplinePackage(name=XX, rnd=test.java.com.dougron.mucus.algorithms.TestRandom@5990e6c5, json={}, repo={}, mu=
mu:XX
PositionIsZero
LengthFromChildren: 0 bars
globalPositionInQuarters=0.0
ruler=null
mu count=0
muNotes:--none--
)
2022-03-14 16:23:17,554 INFO m.j.c.d.m.g.p.PatternEmbellisherRandom [main] Created temporary loopModelRepo=LOOP because there was not one already present in the pack.repo
2022-03-14 16:23:17,557 INFO m.j.c.d.m.g.p.PatternEmbellisherRandom [main] Received PooplinePackage(name=XX, rnd=test.java.com.dougron.mucus.algorithms.TestRandom@56e07a08, json={}, repo={}, mu=
mu:XX
PositionIsZero
LengthFromChildren: 0 bars
globalPositionInQuarters=0.0
ruler=null
mu count=0
muNotes:--none--
)
2022-03-14 16:23:17,557 INFO m.j.c.d.m.g.p.PatternEmbellisherRandom [main] Created temporary loopModelRepo=LOOP because there was not one already present in the pack.repo
2022-03-14 16:23:17,560 INFO m.j.c.d.m.g.p.PatternEmbellisherRandom [main] Received PooplinePackage(name=XX, rnd=test.java.com.dougron.mucus.algorithms.TestRandom@35d6ca49, json={}, repo={}, mu=
mu:XX
PositionIsZero
LengthFromChildren: 0 bars
globalPositionInQuarters=0.0
ruler=null
mu count=0
muNotes:--none--
)
2022-03-14 16:23:17,560 INFO m.j.c.d.m.g.p.PatternEmbellisherRandom [main] Created temporary loopModelRepo=LOOP because there was not one already present in the pack.repo
2022-03-14 16:23:34,341 INFO m.j.c.d.m.g.p.PatternEmbellisherRandom [main] Received PooplinePackage(name=XX, rnd=test.java.com.dougron.mucus.algorithms.TestRandom@58ebfd03, json={}, repo={}, mu=
mu:XX
PositionIsZero
LengthFromChildren: 0 bars
globalPositionInQuarters=0.0
ruler=null
mu count=0
muNotes:--none--
)
2022-03-14 16:23:34,348 INFO m.j.c.d.m.g.p.PatternEmbellisherRandom [main] Created temporary loopModelRepo=LOOP because there was not one already present in the pack.repo
2022-03-14 16:23:34,442 INFO m.j.c.d.m.g.p.PatternEmbellisherRandom [main] Received PooplinePackage(name=XX, rnd=test.java.com.dougron.mucus.algorithms.TestRandom@4b6579e8, json={}, repo={}, mu=
mu:XX
PositionIsZero
LengthFromChildren: 0 bars
globalPositionInQuarters=0.0
ruler=null
mu count=0
muNotes:--none--
)
2022-03-14 16:23:34,442 INFO m.j.c.d.m.g.p.PatternEmbellisherRandom [main] Created temporary loopModelRepo=LOOP because there was not one already present in the pack.repo
2022-03-14 16:23:34,449 INFO m.j.c.d.m.g.p.PatternEmbellisherRandom [main] Received PooplinePackage(name=XX, rnd=test.java.com.dougron.mucus.algorithms.TestRandom@64bc21ac, json={}, repo={}, mu=
mu:XX
PositionIsZero
LengthFromChildren: 0 bars
globalPositionInQuarters=0.0
ruler=null
mu count=0
muNotes:--none--
)
2022-03-14 16:23:34,449 INFO m.j.c.d.m.g.p.PatternEmbellisherRandom [main] Created temporary loopModelRepo=LOOP because there was not one already present in the pack.repo
2022-03-14 16:23:34,454 INFO m.j.c.d.m.g.p.PatternEmbellisherRandom [main] Received PooplinePackage(name=XX, rnd=test.java.com.dougron.mucus.algorithms.TestRandom@493dfb8e, json={}, repo={}, mu=
mu:XX
PositionIsZero
LengthFromChildren: 0 bars
globalPositionInQuarters=0.0
ruler=null
mu count=0
muNotes:--none--
)
2022-03-14 16:23:34,454 INFO m.j.c.d.m.g.p.PatternEmbellisherRandom [main] Created temporary loopModelRepo=LOOP because there was not one already present in the pack.repo
2022-03-14 16:23:34,470 INFO m.j.c.d.m.g.p.PatternEmbellisherRandom [main] Received PooplinePackage(name=XX, rnd=test.java.com.dougron.mucus.algorithms.TestRandom@6e9319f, json={}, repo={}, mu=
mu:XX
PositionIsZero
LengthFromChildren: 0 bars
globalPositionInQuarters=0.0
ruler=null
mu count=0
muNotes:--none--
)
2022-03-14 16:23:34,470 INFO m.j.c.d.m.g.p.PatternEmbellisherRandom [main] Created temporary loopModelRepo=LOOP because there was not one already present in the pack.repo
2022-03-14 16:23:34,473 INFO m.j.c.d.m.g.p.PatternEmbellisherRandom [main] Received PooplinePackage(name=XX, rnd=test.java.com.dougron.mucus.algorithms.TestRandom@72e34f77, json={}, repo={}, mu=
mu:XX
PositionIsZero
LengthFromChildren: 0 bars
globalPositionInQuarters=0.0
ruler=null
mu count=0
muNotes:--none--
)
2022-03-14 16:23:34,473 INFO m.j.c.d.m.g.p.PatternEmbellisherRandom [main] Created temporary loopModelRepo=LOOP because there was not one already present in the pack.repo
2022-03-14 16:23:34,477 INFO m.j.c.d.m.g.p.PatternEmbellisherRandom [main] Received PooplinePackage(name=XX, rnd=test.java.com.dougron.mucus.algorithms.TestRandom@18e7143f, json={}, repo={}, mu=
mu:XX
PositionIsZero
LengthFromChildren: 0 bars
globalPositionInQuarters=0.0
ruler=null
mu count=0
muNotes:--none--
)
2022-03-14 16:23:34,477 INFO m.j.c.d.m.g.p.PatternEmbellisherRandom [main] Created temporary loopModelRepo=LOOP because there was not one already present in the pack.repo
2022-03-14 16:23:34,480 INFO m.j.c.d.m.g.p.PatternEmbellisherRandom [main] Received PooplinePackage(name=XX, rnd=test.java.com.dougron.mucus.algorithms.TestRandom@74cec793, json={}, repo={}, mu=
mu:XX
PositionIsZero
LengthFromChildren: 0 bars
globalPositionInQuarters=0.0
ruler=null
mu count=0
muNotes:--none--
)
2022-03-14 16:23:34,481 INFO m.j.c.d.m.g.p.PatternEmbellisherRandom [main] Created temporary loopModelRepo=LOOP because there was not one already present in the pack.repo
2022-03-14 16:23:34,483 INFO m.j.c.d.m.g.p.PatternEmbellisherRandom [main] Received PooplinePackage(name=XX, rnd=test.java.com.dougron.mucus.algorithms.TestRandom@6fefce9e, json={}, repo={}, mu=
mu:XX
PositionIsZero
LengthFromChildren: 0 bars
globalPositionInQuarters=0.0
ruler=null
mu count=0
muNotes:--none--
)
2022-03-14 16:23:34,483 INFO m.j.c.d.m.g.p.PatternEmbellisherRandom [main] Created temporary loopModelRepo=LOOP because there was not one already present in the pack.repo
2022-03-14 16:23:34,485 INFO m.j.c.d.m.g.p.PatternEmbellisherRandom [main] Received PooplinePackage(name=XX, rnd=test.java.com.dougron.mucus.algorithms.TestRandom@4f8969b0, json={}, repo={}, mu=
mu:XX
PositionIsZero
LengthFromChildren: 0 bars
globalPositionInQuarters=0.0
ruler=null
mu count=0
muNotes:--none--
)
2022-03-14 16:23:34,485 INFO m.j.c.d.m.g.p.PatternEmbellisherRandom [main] Created temporary loopModelRepo=LOOP because there was not one already present in the pack.repo
2022-03-14 16:23:34,489 INFO m.j.c.d.m.g.p.PatternEmbellisherRandom [main] Received PooplinePackage(name=XX, rnd=test.java.com.dougron.mucus.algorithms.TestRandom@29cfd92b, json={}, repo={}, mu=
mu:XX
PositionIsZero
LengthFromChildren: 0 bars
globalPositionInQuarters=0.0
ruler=null
mu count=0
muNotes:--none--
)
2022-03-14 16:23:34,489 INFO m.j.c.d.m.g.p.PatternEmbellisherRandom [main] Created temporary loopModelRepo=LOOP because there was not one already present in the pack.repo
2022-03-14 16:23:34,491 INFO m.j.c.d.m.g.p.PatternEmbellisherRandom [main] Received PooplinePackage(name=XX, rnd=test.java.com.dougron.mucus.algorithms.TestRandom@21c64522, json={}, repo={}, mu=
mu:XX
PositionIsZero
LengthFromChildren: 0 bars
globalPositionInQuarters=0.0
ruler=null
mu count=0
muNotes:--none--
)
2022-03-14 16:23:34,492 INFO m.j.c.d.m.g.p.PatternEmbellisherRandom [main] Created temporary loopModelRepo=LOOP because there was not one already present in the pack.repo
2022-03-14 16:23:34,493 INFO m.j.c.d.m.g.p.PatternEmbellisherRandom [main] Received PooplinePackage(name=XX, rnd=test.java.com.dougron.mucus.algorithms.TestRandom@7997b197, json={}, repo={}, mu=
mu:XX
PositionIsZero
LengthFromChildren: 0 bars
globalPositionInQuarters=0.0
ruler=null
mu count=0
muNotes:--none--
)
2022-03-14 16:23:34,494 INFO m.j.c.d.m.g.p.PatternEmbellisherRandom [main] Created temporary loopModelRepo=LOOP because there was not one already present in the pack.repo
2022-03-14 16:28:37,560 INFO m.j.c.d.m.g.p.PatternEmbellisherRandom [main] Received PooplinePackage(name=XX, rnd=test.java.com.dougron.mucus.algorithms.TestRandom@5b07730f, json={}, repo={}, mu=
mu:XX
PositionIsZero
LengthFromChildren: 0 bars
globalPositionInQuarters=0.0
ruler=null
mu count=0
muNotes:--none--
)
2022-03-14 16:28:37,566 INFO m.j.c.d.m.g.p.PatternEmbellisherRandom [main] Created temporary loopModelRepo=LOOP because there was not one already present in the pack.repo
2022-03-14 16:28:37,658 INFO m.j.c.d.m.g.p.PatternEmbellisherRandom [main] Received PooplinePackage(name=XX, rnd=test.java.com.dougron.mucus.algorithms.TestRandom@6fff253c, json={}, repo={}, mu=
mu:XX
PositionIsZero
LengthFromChildren: 0 bars
globalPositionInQuarters=0.0
ruler=null
mu count=0
muNotes:--none--
)
2022-03-14 16:28:37,658 INFO m.j.c.d.m.g.p.PatternEmbellisherRandom [main] Created temporary loopModelRepo=LOOP because there was not one already present in the pack.repo
2022-03-14 16:28:37,665 INFO m.j.c.d.m.g.p.PatternEmbellisherRandom [main] Received PooplinePackage(name=XX, rnd=test.java.com.dougron.mucus.algorithms.TestRandom@493dfb8e, json={}, repo={}, mu=
mu:XX
PositionIsZero
LengthFromChildren: 0 bars
globalPositionInQuarters=0.0
ruler=null
mu count=0
muNotes:--none--
)
2022-03-14 16:28:37,666 INFO m.j.c.d.m.g.p.PatternEmbellisherRandom [main] Created temporary loopModelRepo=LOOP because there was not one already present in the pack.repo
2022-03-14 16:28:37,668 INFO m.j.c.d.m.g.p.PatternEmbellisherRandom [main] Received PooplinePackage(name=XX, rnd=test.java.com.dougron.mucus.algorithms.TestRandom@5d25e6bb, json={}, repo={}, mu=
mu:XX
PositionIsZero
LengthFromChildren: 0 bars
globalPositionInQuarters=0.0
ruler=null
mu count=0
muNotes:--none--
)
2022-03-14 16:28:37,669 INFO m.j.c.d.m.g.p.PatternEmbellisherRandom [main] Created temporary loopModelRepo=LOOP because there was not one already present in the pack.repo
2022-03-14 16:28:37,682 INFO m.j.c.d.m.g.p.PatternEmbellisherRandom [main] Received PooplinePackage(name=XX, rnd=test.java.com.dougron.mucus.algorithms.TestRandom@72e34f77, json={}, repo={}, mu=
mu:XX
PositionIsZero
LengthFromChildren: 0 bars
globalPositionInQuarters=0.0
ruler=null
mu count=0
muNotes:--none--
)
2022-03-14 16:28:37,682 INFO m.j.c.d.m.g.p.PatternEmbellisherRandom [main] Created temporary loopModelRepo=LOOP because there was not one already present in the pack.repo
2022-03-14 16:28:37,684 INFO m.j.c.d.m.g.p.PatternEmbellisherRandom [main] Received PooplinePackage(name=XX, rnd=test.java.com.dougron.mucus.algorithms.TestRandom@7bf9b098, json={}, repo={}, mu=
mu:XX
PositionIsZero
LengthFromChildren: 0 bars
globalPositionInQuarters=0.0
ruler=null
mu count=0
muNotes:--none--
)
2022-03-14 16:28:37,684 INFO m.j.c.d.m.g.p.PatternEmbellisherRandom [main] Created temporary loopModelRepo=LOOP because there was not one already present in the pack.repo
2022-03-14 16:28:37,688 INFO m.j.c.d.m.g.p.PatternEmbellisherRandom [main] Received PooplinePackage(name=XX, rnd=test.java.com.dougron.mucus.algorithms.TestRandom@f9b7332, json={}, repo={}, mu=
mu:XX
PositionIsZero
LengthFromChildren: 0 bars
globalPositionInQuarters=0.0
ruler=null
mu count=0
muNotes:--none--
)
2022-03-14 16:28:37,689 INFO m.j.c.d.m.g.p.PatternEmbellisherRandom [main] Created temporary loopModelRepo=LOOP because there was not one already present in the pack.repo
2022-03-14 16:28:37,692 INFO m.j.c.d.m.g.p.PatternEmbellisherRandom [main] Received PooplinePackage(name=XX, rnd=test.java.com.dougron.mucus.algorithms.TestRandom@6fefce9e, json={}, repo={}, mu=
mu:XX
PositionIsZero
LengthFromChildren: 0 bars
globalPositionInQuarters=0.0
ruler=null
mu count=0
muNotes:--none--
)
2022-03-14 16:28:37,693 INFO m.j.c.d.m.g.p.PatternEmbellisherRandom [main] Created temporary loopModelRepo=LOOP because there was not one already present in the pack.repo
2022-03-14 16:28:37,695 INFO m.j.c.d.m.g.p.PatternEmbellisherRandom [main] Received PooplinePackage(name=XX, rnd=test.java.com.dougron.mucus.algorithms.TestRandom@4f8969b0, json={}, repo={}, mu=
mu:XX
PositionIsZero
LengthFromChildren: 0 bars
globalPositionInQuarters=0.0
ruler=null
mu count=0
muNotes:--none--
)
2022-03-14 16:28:37,695 INFO m.j.c.d.m.g.p.PatternEmbellisherRandom [main] Created temporary loopModelRepo=LOOP because there was not one already present in the pack.repo
2022-03-14 16:28:37,697 INFO m.j.c.d.m.g.p.PatternEmbellisherRandom [main] Received PooplinePackage(name=XX, rnd=test.java.com.dougron.mucus.algorithms.TestRandom@1bdf8190, json={}, repo={}, mu=
mu:XX
PositionIsZero
LengthFromChildren: 0 bars
globalPositionInQuarters=0.0
ruler=null
mu count=0
muNotes:--none--
)
2022-03-14 16:28:37,697 INFO m.j.c.d.m.g.p.PatternEmbellisherRandom [main] Created temporary loopModelRepo=LOOP because there was not one already present in the pack.repo
2022-03-14 16:28:37,699 INFO m.j.c.d.m.g.p.PatternEmbellisherRandom [main] Received PooplinePackage(name=XX, rnd=test.java.com.dougron.mucus.algorithms.TestRandom@192f2f27, json={}, repo={}, mu=
mu:XX
PositionIsZero
LengthFromChildren: 0 bars
globalPositionInQuarters=0.0
ruler=null
mu count=0
muNotes:--none--
)
2022-03-14 16:28:37,699 INFO m.j.c.d.m.g.p.PatternEmbellisherRandom [main] Created temporary loopModelRepo=LOOP because there was not one already present in the pack.repo
2022-03-14 16:28:37,703 INFO m.j.c.d.m.g.p.PatternEmbellisherRandom [main] Received PooplinePackage(name=XX, rnd=test.java.com.dougron.mucus.algorithms.TestRandom@7997b197, json={}, repo={}, mu=
mu:XX
PositionIsZero
LengthFromChildren: 0 bars
globalPositionInQuarters=0.0
ruler=null
mu count=0
muNotes:--none--
)
2022-03-14 16:28:37,703 INFO m.j.c.d.m.g.p.PatternEmbellisherRandom [main] Created temporary loopModelRepo=LOOP because there was not one already present in the pack.repo
2022-03-14 16:28:37,705 INFO m.j.c.d.m.g.p.PatternEmbellisherRandom [main] Received PooplinePackage(name=XX, rnd=test.java.com.dougron.mucus.algorithms.TestRandom@11dee337, json={}, repo={}, mu=
mu:XX
PositionIsZero
LengthFromChildren: 0 bars
globalPositionInQuarters=0.0
ruler=null
mu count=0
muNotes:--none--
)
2022-03-14 16:28:37,705 INFO m.j.c.d.m.g.p.PatternEmbellisherRandom [main] Created temporary loopModelRepo=LOOP because there was not one already present in the pack.repo
2022-03-14 16:28:37,707 INFO m.j.c.d.m.g.p.PatternEmbellisherRandom [main] Received PooplinePackage(name=XX, rnd=test.java.com.dougron.mucus.algorithms.TestRandom@460f76a6, json={}, repo={}, mu=
mu:XX
PositionIsZero
LengthFromChildren: 0 bars
globalPositionInQuarters=0.0
ruler=null
mu count=0
muNotes:--none--
)
2022-03-14 16:28:37,707 INFO m.j.c.d.m.g.p.PatternEmbellisherRandom [main] Created temporary loopModelRepo=LOOP because there was not one already present in the pack.repo
