2022-02-20 00:05:51,046 INFO m.j.c.d.m.g.Poopline [main] Poopline created.
2022-02-20 00:05:51,068 INFO m.j.c.d.m.g.Poopline [main] Received PlugA(parent=main.java.com.dougron.mucus_experiments.generator_poopline.Poopline@75d0911a, renderedParameters=[CHORD_LIST_GENERATOR], requiredParameters=[PHRASE_LENGTH])
2022-02-20 00:05:51,068 INFO m.j.c.d.m.g.Poopline [main] Validation false
2022-02-20 00:05:51,070 INFO m.j.c.d.m.g.p.PlugA [main] Received PooplinePackage(name=one, parametersRendered=[])
2022-02-20 00:05:51,070 INFO m.j.c.d.m.g.p.PlugA [main] Did not receive required parameter PHRASE_LENGTH
2022-02-20 00:13:18,838 INFO m.j.c.d.m.g.Poopline [main] Poopline created.
2022-02-20 00:13:18,844 INFO m.j.c.d.m.g.Poopline [main] Received PlugA(parent=main.java.com.dougron.mucus_experiments.generator_poopline.Poopline@a776e, renderedParameters=[CHORD_LIST_GENERATOR], requiredParameters=[PHRASE_LENGTH])
2022-02-20 00:13:18,845 INFO m.j.c.d.m.g.Poopline [main] Validating required parameters for plugins
2022-02-20 00:13:18,845 INFO m.j.c.d.m.g.Poopline [main] No plugin can supply PHRASE_LENGTH
2022-02-20 00:13:18,846 INFO m.j.c.d.m.g.Poopline [main] Validation false
2022-02-20 00:13:18,846 INFO m.j.c.d.m.g.p.PlugA [main] Received PooplinePackage(name=one, parametersRendered=[])
2022-02-20 00:13:18,847 INFO m.j.c.d.m.g.p.PlugA [main] Did not receive required parameter PHRASE_LENGTH
2022-02-20 00:23:05,361 INFO m.j.c.d.m.g.Poopline [main] Poopline created.
2022-02-20 00:23:05,367 INFO m.j.c.d.m.g.Poopline [main] Received PlugGeneric(parent=main.java.com.dougron.mucus_experiments.generator_poopline.Poopline@792bbc74, renderedParameters=[CHORD_LIST_GENERATOR], requiredParameters=[PHRASE_LENGTH])
2022-02-20 00:23:05,367 INFO m.j.c.d.m.g.Poopline [main] Validating required parameters for plugins
2022-02-20 00:23:05,367 INFO m.j.c.d.m.g.Poopline [main] No plugin can supply PHRASE_LENGTH
2022-02-20 00:23:05,367 INFO m.j.c.d.m.g.Poopline [main] Validation false
2022-02-20 00:23:05,368 INFO m.j.c.d.m.g.p.PlugGeneric [main] Received PooplinePackage(name=one, parametersRendered=[])
2022-02-20 00:23:05,368 INFO m.j.c.d.m.g.p.PlugGeneric [main] Did not receive required parameter PHRASE_LENGTH
2022-02-20 00:23:57,300 INFO m.j.c.d.m.g.Poopline [main] Poopline created.
2022-02-20 00:23:57,306 INFO m.j.c.d.m.g.Poopline [main] Received PlugGeneric(parent=main.java.com.dougron.mucus_experiments.generator_poopline.Poopline@792bbc74, renderedParameters=[CHORD_LIST_GENERATOR], requiredParameters=[PHRASE_LENGTH])
2022-02-20 00:23:57,306 INFO m.j.c.d.m.g.Poopline [main] Validating required parameters for plugins
2022-02-20 00:23:57,306 INFO m.j.c.d.m.g.Poopline [main] No plugin can supply PHRASE_LENGTH
2022-02-20 00:23:57,306 INFO m.j.c.d.m.g.Poopline [main] Validation false
2022-02-20 00:23:57,307 INFO m.j.c.d.m.g.p.PlugGeneric [main] Received PooplinePackage(name=one, parametersRendered=[])
2022-02-20 00:23:57,307 INFO m.j.c.d.m.g.p.PlugGeneric [main] Did not receive required parameter PHRASE_LENGTH
2022-02-20 00:25:46,147 INFO m.j.c.d.m.g.Poopline [main] Poopline created.
2022-02-20 00:25:46,152 INFO m.j.c.d.m.g.Poopline [main] Received PlugGeneric(parent=main.java.com.dougron.mucus_experiments.generator_poopline.Poopline@792bbc74, renderedParameters=[CHORD_LIST_GENERATOR], requiredParameters=[PHRASE_LENGTH])
2022-02-20 00:25:46,152 INFO m.j.c.d.m.g.Poopline [main] Validating required parameters for plugins
2022-02-20 00:25:46,153 INFO m.j.c.d.m.g.Poopline [main] No plugin can supply PHRASE_LENGTH
2022-02-20 00:25:46,153 INFO m.j.c.d.m.g.Poopline [main] Validation false
2022-02-20 00:25:46,153 INFO m.j.c.d.m.g.Poopline [main] Received PlugGeneric(parent=main.java.com.dougron.mucus_experiments.generator_poopline.Poopline@792bbc74, renderedParameters=[PHRASE_LENGTH], requiredParameters=[])
2022-02-20 00:25:46,154 INFO m.j.c.d.m.g.Poopline [main] Validating required parameters for plugins
2022-02-20 00:25:46,154 INFO m.j.c.d.m.g.Poopline [main] class main.java.com.dougron.mucus_experiments.generator_poopline.plugins.PlugB can supply Parameter PHRASE_LENGTH
2022-02-20 00:25:46,154 INFO m.j.c.d.m.g.Poopline [main] Validation true
2022-02-20 00:25:46,155 INFO m.j.c.d.m.g.p.PlugGeneric [main] Received PooplinePackage(name=one, parametersRendered=[])
2022-02-20 00:25:46,155 INFO m.j.c.d.m.g.p.PlugGeneric [main] Did not receive required parameter PHRASE_LENGTH
2022-02-20 00:42:37,914 INFO m.j.c.d.m.g.Poopline [main] Poopline created.
2022-02-20 00:42:37,922 INFO m.j.c.d.m.g.Poopline [main] Received PlugGeneric(parent=main.java.com.dougron.mucus_experiments.generator_poopline.Poopline@792bbc74, renderedParameters=[CHORD_LIST_GENERATOR], requiredParameters=[PHRASE_LENGTH])
2022-02-20 00:42:37,923 INFO m.j.c.d.m.g.Poopline [main] Validating required parameters for plugins
2022-02-20 00:42:37,923 INFO m.j.c.d.m.g.Poopline [main] No plugin can supply PHRASE_LENGTH
2022-02-20 00:42:37,923 INFO m.j.c.d.m.g.Poopline [main] Validation false
2022-02-20 00:42:37,924 INFO m.j.c.d.m.g.Poopline [main] Received PlugGeneric(parent=main.java.com.dougron.mucus_experiments.generator_poopline.Poopline@792bbc74, renderedParameters=[PHRASE_LENGTH], requiredParameters=[])
2022-02-20 00:42:37,924 INFO m.j.c.d.m.g.Poopline [main] Validating required parameters for plugins
2022-02-20 00:42:37,924 INFO m.j.c.d.m.g.Poopline [main] class main.java.com.dougron.mucus_experiments.generator_poopline.plugins.PlugB can supply Parameter PHRASE_LENGTH
2022-02-20 00:42:37,924 INFO m.j.c.d.m.g.Poopline [main] Validation true
2022-02-20 00:42:37,925 INFO m.j.c.d.m.g.p.PlugGeneric [main] Received PooplinePackage(name=one, parametersRendered=[])
2022-02-20 00:42:37,925 INFO m.j.c.d.m.g.p.PlugGeneric [main] Did not receive required parameter PHRASE_LENGTH
2022-02-20 00:42:37,926 INFO m.j.c.d.m.g.p.PlugGeneric [main] Received PooplinePackage(name=one, parametersRendered=[])
2022-02-20 00:42:37,926 INFO m.j.c.d.m.g.PooplinePackage [main] Added Parameter PHRASE_LENGTH to PooplinePackage(name=one, parametersRendered=[])
2022-02-20 00:42:37,926 INFO m.j.c.d.m.g.PooplinePackage [main] Added Parameter CHORD_LIST_GENERATOR to PooplinePackage(name=one, parametersRendered=[PHRASE_LENGTH])
