2022-03-12 00:28:25,372 INFO m.j.c.d.m.g.p.PatternEmbellisherRandom [main] Received PooplinePackage(name=XX, rnd=test.java.com.dougron.mucus.algorithms.TestRandom@306851c7, json={}, repo={}, mu=
mu:XX
PositionIsZero
LengthFromChildren: 0 bars
globalPositionInQuarters=0.0
ruler=null
mu count=0
muNotes:--none--
)
2022-03-12 00:28:25,463 INFO m.j.c.d.m.g.p.PatternEmbellisherRandom [main] Received PooplinePackage(name=XX, rnd=test.java.com.dougron.mucus.algorithms.TestRandom@303e3593, json={}, repo={}, mu=
mu:XX
PositionIsZero
LengthFromChildren: 0 bars
globalPositionInQuarters=0.0
ruler=null
mu count=0
muNotes:--none--
)
2022-03-12 00:28:25,469 INFO m.j.c.d.m.g.p.PatternEmbellisherRandom [main] Received PooplinePackage(name=XX, rnd=test.java.com.dougron.mucus.algorithms.TestRandom@61861a29, json={}, repo={}, mu=
mu:XX
PositionIsZero
LengthFromChildren: 0 bars
globalPositionInQuarters=0.0
ruler=null
mu count=0
muNotes:--none--
)
2022-03-12 00:28:25,481 INFO m.j.c.d.m.g.p.PatternEmbellisherRandom [main] Received PooplinePackage(name=XX, rnd=test.java.com.dougron.mucus.algorithms.TestRandom@7859e786, json={}, repo={}, mu=
mu:XX
PositionIsZero
LengthFromChildren: 0 bars
globalPositionInQuarters=0.0
ruler=null
mu count=0
muNotes:--none--
)
2022-03-12 00:28:25,497 INFO m.j.c.d.m.g.p.PatternEmbellisherRandom [main] Received PooplinePackage(name=XX, rnd=test.java.com.dougron.mucus.algorithms.TestRandom@21c64522, json={}, repo={}, mu=
mu:XX
PositionIsZero
LengthFromChildren: 0 bars
globalPositionInQuarters=0.0
ruler=null
mu count=0
muNotes:--none--
)
2022-03-12 00:28:25,500 INFO m.j.c.d.m.g.p.PatternEmbellisherRandom [main] Received PooplinePackage(name=XX, rnd=test.java.com.dougron.mucus.algorithms.TestRandom@74bdc168, json={}, repo={}, mu=
mu:XX
PositionIsZero
LengthFromChildren: 0 bars
globalPositionInQuarters=0.0
ruler=null
mu count=0
muNotes:--none--
)
2022-03-12 00:28:25,507 INFO m.j.c.d.m.g.p.PatternEmbellisherRandom [main] Received PooplinePackage(name=XX, rnd=test.java.com.dougron.mucus.algorithms.TestRandom@b91d8c4, json={}, repo={}, mu=
mu:XX
PositionIsZero
LengthFromChildren: 0 bars
globalPositionInQuarters=0.0
ruler=null
mu count=0
muNotes:--none--
)
2022-03-12 00:40:49,226 INFO m.j.c.d.m.g.p.PatternEmbellisherRandom [main] Received PooplinePackage(name=XX, rnd=test.java.com.dougron.mucus.algorithms.TestRandom@4879f0f2, json={}, repo={}, mu=
mu:XX
PositionIsZero
LengthFromChildren: 0 bars
globalPositionInQuarters=0.0
ruler=null
mu count=0
muNotes:--none--
)
2022-03-12 00:40:49,306 INFO m.j.c.d.m.g.p.PatternEmbellisherRandom [main] Received PooplinePackage(name=XX, rnd=test.java.com.dougron.mucus.algorithms.TestRandom@60bdf15d, json={}, repo={}, mu=
mu:XX
PositionIsZero
LengthFromChildren: 0 bars
globalPositionInQuarters=0.0
ruler=null
mu count=0
muNotes:--none--
)
2022-03-12 00:40:49,312 INFO m.j.c.d.m.g.p.PatternEmbellisherRandom [main] Received PooplinePackage(name=XX, rnd=test.java.com.dougron.mucus.algorithms.TestRandom@6c345c5f, json={}, repo={}, mu=
mu:XX
PositionIsZero
LengthFromChildren: 0 bars
globalPositionInQuarters=0.0
ruler=null
mu count=0
muNotes:--none--
)
2022-03-12 00:40:49,321 INFO m.j.c.d.m.g.p.PatternEmbellisherRandom [main] Received PooplinePackage(name=XX, rnd=test.java.com.dougron.mucus.algorithms.TestRandom@591e58fa, json={}, repo={}, mu=
mu:XX
PositionIsZero
LengthFromChildren: 0 bars
globalPositionInQuarters=0.0
ruler=null
mu count=0
muNotes:--none--
)
2022-03-12 00:40:49,344 INFO m.j.c.d.m.g.p.PatternEmbellisherRandom [main] Received PooplinePackage(name=XX, rnd=test.java.com.dougron.mucus.algorithms.TestRandom@770d4269, json={}, repo={}, mu=
mu:XX
PositionIsZero
LengthFromChildren: 0 bars
globalPositionInQuarters=0.0
ruler=null
mu count=0
muNotes:--none--
)
2022-03-12 00:40:49,347 INFO m.j.c.d.m.g.p.PatternEmbellisherRandom [main] Received PooplinePackage(name=XX, rnd=test.java.com.dougron.mucus.algorithms.TestRandom@7f811d00, json={}, repo={}, mu=
mu:XX
PositionIsZero
LengthFromChildren: 0 bars
globalPositionInQuarters=0.0
ruler=null
mu count=0
muNotes:--none--
)
2022-03-12 00:40:49,349 INFO m.j.c.d.m.g.p.PatternEmbellisherRandom [main] Received PooplinePackage(name=XX, rnd=test.java.com.dougron.mucus.algorithms.TestRandom@62923ee6, json={}, repo={}, mu=
mu:XX
PositionIsZero
LengthFromChildren: 0 bars
globalPositionInQuarters=0.0
ruler=null
mu count=0
muNotes:--none--
)
2022-03-12 00:41:16,045 INFO m.j.c.d.m.g.p.PatternEmbellisherRandom [main] Received PooplinePackage(name=XX, rnd=test.java.com.dougron.mucus.algorithms.TestRandom@4879f0f2, json={}, repo={}, mu=
mu:XX
PositionIsZero
LengthFromChildren: 0 bars
globalPositionInQuarters=0.0
ruler=null
mu count=0
muNotes:--none--
)
2022-03-12 00:41:16,127 INFO m.j.c.d.m.g.p.PatternEmbellisherRandom [main] Received PooplinePackage(name=XX, rnd=test.java.com.dougron.mucus.algorithms.TestRandom@60bdf15d, json={}, repo={}, mu=
mu:XX
PositionIsZero
LengthFromChildren: 0 bars
globalPositionInQuarters=0.0
ruler=null
mu count=0
muNotes:--none--
)
2022-03-12 00:41:16,135 INFO m.j.c.d.m.g.p.PatternEmbellisherRandom [main] Received PooplinePackage(name=XX, rnd=test.java.com.dougron.mucus.algorithms.TestRandom@6c345c5f, json={}, repo={}, mu=
mu:XX
PositionIsZero
LengthFromChildren: 0 bars
globalPositionInQuarters=0.0
ruler=null
mu count=0
muNotes:--none--
)
2022-03-12 00:41:16,145 INFO m.j.c.d.m.g.p.PatternEmbellisherRandom [main] Received PooplinePackage(name=XX, rnd=test.java.com.dougron.mucus.algorithms.TestRandom@591e58fa, json={}, repo={}, mu=
mu:XX
PositionIsZero
LengthFromChildren: 0 bars
globalPositionInQuarters=0.0
ruler=null
mu count=0
muNotes:--none--
)
2022-03-12 00:41:16,161 INFO m.j.c.d.m.g.p.PatternEmbellisherRandom [main] Received PooplinePackage(name=XX, rnd=test.java.com.dougron.mucus.algorithms.TestRandom@54361a9, json={}, repo={}, mu=
mu:XX
PositionIsZero
LengthFromChildren: 0 bars
globalPositionInQuarters=0.0
ruler=null
mu count=0
muNotes:--none--
)
2022-03-12 00:41:16,165 INFO m.j.c.d.m.g.p.PatternEmbellisherRandom [main] Received PooplinePackage(name=XX, rnd=test.java.com.dougron.mucus.algorithms.TestRandom@77307458, json={}, repo={}, mu=
mu:XX
PositionIsZero
LengthFromChildren: 0 bars
globalPositionInQuarters=0.0
ruler=null
mu count=0
muNotes:--none--
)
2022-03-12 00:41:16,166 INFO m.j.c.d.m.g.p.PatternEmbellisherRandom [main] Received PooplinePackage(name=XX, rnd=test.java.com.dougron.mucus.algorithms.TestRandom@1fc0053e, json={}, repo={}, mu=
mu:XX
PositionIsZero
LengthFromChildren: 0 bars
globalPositionInQuarters=0.0
ruler=null
mu count=0
muNotes:--none--
)
2022-03-12 12:18:07,720 INFO m.j.c.d.m.g.p.PatternEmbellisherRandom [main] Received PooplinePackage(name=XX, rnd=test.java.com.dougron.mucus.algorithms.TestRandom@4879f0f2, json={}, repo={}, mu=
mu:XX
PositionIsZero
LengthFromChildren: 0 bars
globalPositionInQuarters=0.0
ruler=null
mu count=0
muNotes:--none--
)
2022-03-12 12:18:07,815 INFO m.j.c.d.m.g.p.PatternEmbellisherRandom [main] Received PooplinePackage(name=XX, rnd=test.java.com.dougron.mucus.algorithms.TestRandom@60bdf15d, json={}, repo={}, mu=
mu:XX
PositionIsZero
LengthFromChildren: 0 bars
globalPositionInQuarters=0.0
ruler=null
mu count=0
muNotes:--none--
)
2022-03-12 12:18:07,821 INFO m.j.c.d.m.g.p.PatternEmbellisherRandom [main] Received PooplinePackage(name=XX, rnd=test.java.com.dougron.mucus.algorithms.TestRandom@6c345c5f, json={}, repo={}, mu=
mu:XX
PositionIsZero
LengthFromChildren: 0 bars
globalPositionInQuarters=0.0
ruler=null
mu count=0
muNotes:--none--
)
2022-03-12 12:18:07,834 INFO m.j.c.d.m.g.p.PatternEmbellisherRandom [main] Received PooplinePackage(name=XX, rnd=test.java.com.dougron.mucus.algorithms.TestRandom@591e58fa, json={}, repo={}, mu=
mu:XX
PositionIsZero
LengthFromChildren: 0 bars
globalPositionInQuarters=0.0
ruler=null
mu count=0
muNotes:--none--
)
2022-03-12 12:18:07,847 INFO m.j.c.d.m.g.p.PatternEmbellisherRandom [main] Received PooplinePackage(name=XX, rnd=test.java.com.dougron.mucus.algorithms.TestRandom@54361a9, json={}, repo={}, mu=
mu:XX
PositionIsZero
LengthFromChildren: 0 bars
globalPositionInQuarters=0.0
ruler=null
mu count=0
muNotes:--none--
)
2022-03-12 12:18:07,852 INFO m.j.c.d.m.g.p.PatternEmbellisherRandom [main] Received PooplinePackage(name=XX, rnd=test.java.com.dougron.mucus.algorithms.TestRandom@77307458, json={}, repo={}, mu=
mu:XX
PositionIsZero
LengthFromChildren: 0 bars
globalPositionInQuarters=0.0
ruler=null
mu count=0
muNotes:--none--
)
2022-03-12 12:18:07,854 INFO m.j.c.d.m.g.p.PatternEmbellisherRandom [main] Received PooplinePackage(name=XX, rnd=test.java.com.dougron.mucus.algorithms.TestRandom@1fc0053e, json={}, repo={}, mu=
mu:XX
PositionIsZero
LengthFromChildren: 0 bars
globalPositionInQuarters=0.0
ruler=null
mu count=0
muNotes:--none--
)
2022-03-12 16:34:17,596 INFO m.j.c.d.m.g.p.PatternEmbellisherRandom [main] Received PooplinePackage(name=XX, rnd=test.java.com.dougron.mucus.algorithms.TestRandom@354fc8f0, json={}, repo={}, mu=
mu:XX
PositionIsZero
LengthFromChildren: 0 bars
globalPositionInQuarters=0.0
ruler=null
mu count=0
muNotes:--none--
)
2022-03-12 16:34:17,717 INFO m.j.c.d.m.g.p.PatternEmbellisherRandom [main] Received PooplinePackage(name=XX, rnd=test.java.com.dougron.mucus.algorithms.TestRandom@51e4ccb3, json={}, repo={}, mu=
mu:XX
PositionIsZero
LengthFromChildren: 0 bars
globalPositionInQuarters=0.0
ruler=null
mu count=0
muNotes:--none--
)
2022-03-12 16:34:17,725 INFO m.j.c.d.m.g.p.PatternEmbellisherRandom [main] Received PooplinePackage(name=XX, rnd=test.java.com.dougron.mucus.algorithms.TestRandom@65e61854, json={}, repo={}, mu=
mu:XX
PositionIsZero
LengthFromChildren: 0 bars
globalPositionInQuarters=0.0
ruler=null
mu count=0
muNotes:--none--
)
2022-03-12 16:34:17,737 INFO m.j.c.d.m.g.p.PatternEmbellisherRandom [main] Received PooplinePackage(name=XX, rnd=test.java.com.dougron.mucus.algorithms.TestRandom@2f94c4db, json={}, repo={}, mu=
mu:XX
PositionIsZero
LengthFromChildren: 0 bars
globalPositionInQuarters=0.0
ruler=null
mu count=0
muNotes:--none--
)
2022-03-12 16:34:17,751 INFO m.j.c.d.m.g.p.PatternEmbellisherRandom [main] Received PooplinePackage(name=XX, rnd=test.java.com.dougron.mucus.algorithms.TestRandom@5217f3d0, json={}, repo={}, mu=
mu:XX
PositionIsZero
LengthFromChildren: 0 bars
globalPositionInQuarters=0.0
ruler=null
mu count=0
muNotes:--none--
)
2022-03-12 16:34:17,756 INFO m.j.c.d.m.g.p.PatternEmbellisherRandom [main] Received PooplinePackage(name=XX, rnd=test.java.com.dougron.mucus.algorithms.TestRandom@290b1b2e, json={}, repo={}, mu=
mu:XX
PositionIsZero
LengthFromChildren: 0 bars
globalPositionInQuarters=0.0
ruler=null
mu count=0
muNotes:--none--
)
2022-03-12 16:34:17,777 INFO m.j.c.d.m.g.p.PatternEmbellisherRandom [main] Received PooplinePackage(name=XX, rnd=test.java.com.dougron.mucus.algorithms.TestRandom@7ef2d7a6, json={}, repo={}, mu=
mu:XX
PositionIsZero
LengthFromChildren: 0 bars
globalPositionInQuarters=0.0
ruler=null
mu count=0
muNotes:--none--
)
2022-03-12 16:34:17,779 INFO m.j.c.d.m.g.p.PatternEmbellisherRandom [main] Received PooplinePackage(name=XX, rnd=test.java.com.dougron.mucus.algorithms.TestRandom@5dcbb60, json={}, repo={}, mu=
mu:XX
PositionIsZero
LengthFromChildren: 0 bars
globalPositionInQuarters=0.0
ruler=null
mu count=0
muNotes:--none--
)
2022-03-12 16:36:30,529 INFO m.j.c.d.m.g.p.PatternEmbellisherRandom [main] Received PooplinePackage(name=XX, rnd=test.java.com.dougron.mucus.algorithms.TestRandom@354fc8f0, json={}, repo={}, mu=
mu:XX
PositionIsZero
LengthFromChildren: 0 bars
globalPositionInQuarters=0.0
ruler=null
mu count=0
muNotes:--none--
)
2022-03-12 16:36:30,619 INFO m.j.c.d.m.g.p.PatternEmbellisherRandom [main] Received PooplinePackage(name=XX, rnd=test.java.com.dougron.mucus.algorithms.TestRandom@51e4ccb3, json={}, repo={}, mu=
mu:XX
PositionIsZero
LengthFromChildren: 0 bars
globalPositionInQuarters=0.0
ruler=null
mu count=0
muNotes:--none--
)
2022-03-12 16:36:30,627 INFO m.j.c.d.m.g.p.PatternEmbellisherRandom [main] Received PooplinePackage(name=XX, rnd=test.java.com.dougron.mucus.algorithms.TestRandom@65e61854, json={}, repo={}, mu=
mu:XX
PositionIsZero
LengthFromChildren: 0 bars
globalPositionInQuarters=0.0
ruler=null
mu count=0
muNotes:--none--
)
2022-03-12 16:36:30,641 INFO m.j.c.d.m.g.p.PatternEmbellisherRandom [main] Received PooplinePackage(name=XX, rnd=test.java.com.dougron.mucus.algorithms.TestRandom@2f94c4db, json={}, repo={}, mu=
mu:XX
PositionIsZero
LengthFromChildren: 0 bars
globalPositionInQuarters=0.0
ruler=null
mu count=0
muNotes:--none--
)
2022-03-12 16:36:30,655 INFO m.j.c.d.m.g.p.PatternEmbellisherRandom [main] Received PooplinePackage(name=XX, rnd=test.java.com.dougron.mucus.algorithms.TestRandom@5217f3d0, json={}, repo={}, mu=
mu:XX
PositionIsZero
LengthFromChildren: 0 bars
globalPositionInQuarters=0.0
ruler=null
mu count=0
muNotes:--none--
)
2022-03-12 16:36:30,661 INFO m.j.c.d.m.g.p.PatternEmbellisherRandom [main] Received PooplinePackage(name=XX, rnd=test.java.com.dougron.mucus.algorithms.TestRandom@290b1b2e, json={}, repo={}, mu=
mu:XX
PositionIsZero
LengthFromChildren: 0 bars
globalPositionInQuarters=0.0
ruler=null
mu count=0
muNotes:--none--
)
2022-03-12 16:36:30,672 INFO m.j.c.d.m.g.p.PatternEmbellisherRandom [main] Received PooplinePackage(name=XX, rnd=test.java.com.dougron.mucus.algorithms.TestRandom@f19c9d2, json={}, repo={}, mu=
mu:XX
PositionIsZero
LengthFromChildren: 0 bars
globalPositionInQuarters=0.0
ruler=null
mu count=0
muNotes:--none--
)
2022-03-12 16:36:30,674 INFO m.j.c.d.m.g.p.PatternEmbellisherRandom [main] Received PooplinePackage(name=XX, rnd=test.java.com.dougron.mucus.algorithms.TestRandom@7807ac2c, json={}, repo={}, mu=
mu:XX
PositionIsZero
LengthFromChildren: 0 bars
globalPositionInQuarters=0.0
ruler=null
mu count=0
muNotes:--none--
)
2022-03-12 16:38:01,139 INFO m.j.c.d.m.g.p.PatternEmbellisherRandom [main] Received PooplinePackage(name=XX, rnd=test.java.com.dougron.mucus.algorithms.TestRandom@354fc8f0, json={}, repo={}, mu=
mu:XX
PositionIsZero
LengthFromChildren: 0 bars
globalPositionInQuarters=0.0
ruler=null
mu count=0
muNotes:--none--
)
2022-03-12 16:38:01,227 INFO m.j.c.d.m.g.p.PatternEmbellisherRandom [main] Received PooplinePackage(name=XX, rnd=test.java.com.dougron.mucus.algorithms.TestRandom@51e4ccb3, json={}, repo={}, mu=
mu:XX
PositionIsZero
LengthFromChildren: 0 bars
globalPositionInQuarters=0.0
ruler=null
mu count=0
muNotes:--none--
)
2022-03-12 16:38:01,234 INFO m.j.c.d.m.g.p.PatternEmbellisherRandom [main] Received PooplinePackage(name=XX, rnd=test.java.com.dougron.mucus.algorithms.TestRandom@65e61854, json={}, repo={}, mu=
mu:XX
PositionIsZero
LengthFromChildren: 0 bars
globalPositionInQuarters=0.0
ruler=null
mu count=0
muNotes:--none--
)
2022-03-12 16:38:01,246 INFO m.j.c.d.m.g.p.PatternEmbellisherRandom [main] Received PooplinePackage(name=XX, rnd=test.java.com.dougron.mucus.algorithms.TestRandom@2f94c4db, json={}, repo={}, mu=
mu:XX
PositionIsZero
LengthFromChildren: 0 bars
globalPositionInQuarters=0.0
ruler=null
mu count=0
muNotes:--none--
)
2022-03-12 16:38:01,262 INFO m.j.c.d.m.g.p.PatternEmbellisherRandom [main] Received PooplinePackage(name=XX, rnd=test.java.com.dougron.mucus.algorithms.TestRandom@5217f3d0, json={}, repo={}, mu=
mu:XX
PositionIsZero
LengthFromChildren: 0 bars
globalPositionInQuarters=0.0
ruler=null
mu count=0
muNotes:--none--
)
2022-03-12 16:38:01,267 INFO m.j.c.d.m.g.p.PatternEmbellisherRandom [main] Received PooplinePackage(name=XX, rnd=test.java.com.dougron.mucus.algorithms.TestRandom@290b1b2e, json={}, repo={}, mu=
mu:XX
PositionIsZero
LengthFromChildren: 0 bars
globalPositionInQuarters=0.0
ruler=null
mu count=0
muNotes:--none--
)
2022-03-12 16:38:01,276 INFO m.j.c.d.m.g.p.PatternEmbellisherRandom [main] Received PooplinePackage(name=XX, rnd=test.java.com.dougron.mucus.algorithms.TestRandom@29cfd92b, json={}, repo={}, mu=
mu:XX
PositionIsZero
LengthFromChildren: 0 bars
globalPositionInQuarters=0.0
ruler=null
mu count=0
muNotes:--none--
)
2022-03-12 16:38:01,278 INFO m.j.c.d.m.g.p.PatternEmbellisherRandom [main] Received PooplinePackage(name=XX, rnd=test.java.com.dougron.mucus.algorithms.TestRandom@21c64522, json={}, repo={}, mu=
mu:XX
PositionIsZero
LengthFromChildren: 0 bars
globalPositionInQuarters=0.0
ruler=null
mu count=0
muNotes:--none--
)
2022-03-12 16:38:39,570 INFO m.j.c.d.m.g.p.PatternEmbellisherRandom [main] Received PooplinePackage(name=XX, rnd=test.java.com.dougron.mucus.algorithms.TestRandom@354fc8f0, json={}, repo={}, mu=
mu:XX
PositionIsZero
LengthFromChildren: 0 bars
globalPositionInQuarters=0.0
ruler=null
mu count=0
muNotes:--none--
)
2022-03-12 16:38:39,655 INFO m.j.c.d.m.g.p.PatternEmbellisherRandom [main] Received PooplinePackage(name=XX, rnd=test.java.com.dougron.mucus.algorithms.TestRandom@51e4ccb3, json={}, repo={}, mu=
mu:XX
PositionIsZero
LengthFromChildren: 0 bars
globalPositionInQuarters=0.0
ruler=null
mu count=0
muNotes:--none--
)
2022-03-12 16:38:39,662 INFO m.j.c.d.m.g.p.PatternEmbellisherRandom [main] Received PooplinePackage(name=XX, rnd=test.java.com.dougron.mucus.algorithms.TestRandom@65e61854, json={}, repo={}, mu=
mu:XX
PositionIsZero
LengthFromChildren: 0 bars
globalPositionInQuarters=0.0
ruler=null
mu count=0
muNotes:--none--
)
2022-03-12 16:38:39,674 INFO m.j.c.d.m.g.p.PatternEmbellisherRandom [main] Received PooplinePackage(name=XX, rnd=test.java.com.dougron.mucus.algorithms.TestRandom@2f94c4db, json={}, repo={}, mu=
mu:XX
PositionIsZero
LengthFromChildren: 0 bars
globalPositionInQuarters=0.0
ruler=null
mu count=0
muNotes:--none--
)
2022-03-12 16:38:39,689 INFO m.j.c.d.m.g.p.PatternEmbellisherRandom [main] Received PooplinePackage(name=XX, rnd=test.java.com.dougron.mucus.algorithms.TestRandom@5217f3d0, json={}, repo={}, mu=
mu:XX
PositionIsZero
LengthFromChildren: 0 bars
globalPositionInQuarters=0.0
ruler=null
mu count=0
muNotes:--none--
)
2022-03-12 16:38:39,695 INFO m.j.c.d.m.g.p.PatternEmbellisherRandom [main] Received PooplinePackage(name=XX, rnd=test.java.com.dougron.mucus.algorithms.TestRandom@290b1b2e, json={}, repo={}, mu=
mu:XX
PositionIsZero
LengthFromChildren: 0 bars
globalPositionInQuarters=0.0
ruler=null
mu count=0
muNotes:--none--
)
2022-03-12 16:38:39,698 INFO m.j.c.d.m.g.p.PatternEmbellisherRandom [main] Received PooplinePackage(name=XX, rnd=test.java.com.dougron.mucus.algorithms.TestRandom@47874b25, json={}, repo={}, mu=
mu:XX
PositionIsZero
LengthFromChildren: 0 bars
globalPositionInQuarters=0.0
ruler=null
mu count=0
muNotes:--none--
)
2022-03-12 16:38:39,700 INFO m.j.c.d.m.g.p.PatternEmbellisherRandom [main] Received PooplinePackage(name=XX, rnd=test.java.com.dougron.mucus.algorithms.TestRandom@33617539, json={}, repo={}, mu=
mu:XX
PositionIsZero
LengthFromChildren: 0 bars
globalPositionInQuarters=0.0
ruler=null
mu count=0
muNotes:--none--
)
2022-03-12 16:43:05,334 INFO m.j.c.d.m.g.p.PatternEmbellisherRandom [main] Received PooplinePackage(name=XX, rnd=test.java.com.dougron.mucus.algorithms.TestRandom@41813449, json={}, repo={}, mu=
mu:XX
PositionIsZero
LengthFromChildren: 0 bars
globalPositionInQuarters=0.0
ruler=null
mu count=0
muNotes:--none--
)
2022-03-12 16:43:05,356 INFO m.j.c.d.m.g.p.PatternEmbellisherRandom [main] Received PooplinePackage(name=XX, rnd=test.java.com.dougron.mucus.algorithms.TestRandom@40258c2f, json={}, repo={}, mu=
mu:XX
PositionIsZero
LengthFromChildren: 0 bars
globalPositionInQuarters=0.0
ruler=null
mu count=0
muNotes:--none--
)
2022-03-12 16:43:05,423 INFO m.j.c.d.m.g.p.PatternEmbellisherRandom [main] Received PooplinePackage(name=XX, rnd=test.java.com.dougron.mucus.algorithms.TestRandom@5d5d9e5, json={}, repo={}, mu=
mu:XX
PositionIsZero
LengthFromChildren: 0 bars
globalPositionInQuarters=0.0
ruler=null
mu count=0
muNotes:--none--
)
2022-03-12 16:43:05,429 INFO m.j.c.d.m.g.p.PatternEmbellisherRandom [main] Received PooplinePackage(name=XX, rnd=test.java.com.dougron.mucus.algorithms.TestRandom@439a8f59, json={}, repo={}, mu=
mu:XX
PositionIsZero
LengthFromChildren: 0 bars
globalPositionInQuarters=0.0
ruler=null
mu count=0
muNotes:--none--
)
2022-03-12 16:43:05,445 INFO m.j.c.d.m.g.p.PatternEmbellisherRandom [main] Received PooplinePackage(name=XX, rnd=test.java.com.dougron.mucus.algorithms.TestRandom@361c294e, json={}, repo={}, mu=
mu:XX
PositionIsZero
LengthFromChildren: 0 bars
globalPositionInQuarters=0.0
ruler=null
mu count=0
muNotes:--none--
)
2022-03-12 16:43:05,459 INFO m.j.c.d.m.g.p.PatternEmbellisherRandom [main] Received PooplinePackage(name=XX, rnd=test.java.com.dougron.mucus.algorithms.TestRandom@1bdf8190, json={}, repo={}, mu=
mu:XX
PositionIsZero
LengthFromChildren: 0 bars
globalPositionInQuarters=0.0
ruler=null
mu count=0
muNotes:--none--
)
2022-03-12 16:43:05,462 INFO m.j.c.d.m.g.p.PatternEmbellisherRandom [main] Received PooplinePackage(name=XX, rnd=test.java.com.dougron.mucus.algorithms.TestRandom@21c64522, json={}, repo={}, mu=
mu:XX
PositionIsZero
LengthFromChildren: 0 bars
globalPositionInQuarters=0.0
ruler=null
mu count=0
muNotes:--none--
)
2022-03-12 16:43:05,465 INFO m.j.c.d.m.g.p.PatternEmbellisherRandom [main] Received PooplinePackage(name=XX, rnd=test.java.com.dougron.mucus.algorithms.TestRandom@7997b197, json={}, repo={}, mu=
mu:XX
PositionIsZero
LengthFromChildren: 0 bars
globalPositionInQuarters=0.0
ruler=null
mu count=0
muNotes:--none--
)
2022-03-12 16:43:05,467 INFO m.j.c.d.m.g.p.PatternEmbellisherRandom [main] Received PooplinePackage(name=XX, rnd=test.java.com.dougron.mucus.algorithms.TestRandom@11dee337, json={}, repo={}, mu=
mu:XX
PositionIsZero
LengthFromChildren: 0 bars
globalPositionInQuarters=0.0
ruler=null
mu count=0
muNotes:--none--
)
2022-03-12 16:48:04,697 INFO m.j.c.d.m.g.p.PatternEmbellisherRandom [main] Received PooplinePackage(name=XX, rnd=test.java.com.dougron.mucus.algorithms.TestRandom@41813449, json={}, repo={}, mu=
mu:XX
PositionIsZero
LengthFromChildren: 0 bars
globalPositionInQuarters=0.0
ruler=null
mu count=0
muNotes:--none--
)
2022-03-12 16:48:04,795 INFO m.j.c.d.m.g.p.PatternEmbellisherRandom [main] Received PooplinePackage(name=XX, rnd=test.java.com.dougron.mucus.algorithms.TestRandom@9d157ff, json={}, repo={}, mu=
mu:XX
PositionIsZero
LengthFromChildren: 0 bars
globalPositionInQuarters=0.0
ruler=null
mu count=0
muNotes:--none--
)
2022-03-12 16:48:04,801 INFO m.j.c.d.m.g.p.PatternEmbellisherRandom [main] Received PooplinePackage(name=XX, rnd=test.java.com.dougron.mucus.algorithms.TestRandom@3a1d593e, json={}, repo={}, mu=
mu:XX
PositionIsZero
LengthFromChildren: 0 bars
globalPositionInQuarters=0.0
ruler=null
mu count=0
muNotes:--none--
)
2022-03-12 16:48:04,806 INFO m.j.c.d.m.g.p.PatternEmbellisherRandom [main] Received PooplinePackage(name=XX, rnd=test.java.com.dougron.mucus.algorithms.TestRandom@71104a4, json={}, repo={}, mu=
mu:XX
PositionIsZero
LengthFromChildren: 0 bars
globalPositionInQuarters=0.0
ruler=null
mu count=0
muNotes:--none--
)
2022-03-12 16:48:04,814 INFO m.j.c.d.m.g.p.PatternEmbellisherRandom [main] Received PooplinePackage(name=XX, rnd=test.java.com.dougron.mucus.algorithms.TestRandom@290b1b2e, json={}, repo={}, mu=
mu:XX
PositionIsZero
LengthFromChildren: 0 bars
globalPositionInQuarters=0.0
ruler=null
mu count=0
muNotes:--none--
)
2022-03-12 16:48:04,819 INFO m.j.c.d.m.g.p.PatternEmbellisherRandom [main] Received PooplinePackage(name=XX, rnd=test.java.com.dougron.mucus.algorithms.TestRandom@1bdf8190, json={}, repo={}, mu=
mu:XX
PositionIsZero
LengthFromChildren: 0 bars
globalPositionInQuarters=0.0
ruler=null
mu count=0
muNotes:--none--
)
2022-03-12 16:48:04,823 INFO m.j.c.d.m.g.p.PatternEmbellisherRandom [main] Received PooplinePackage(name=XX, rnd=test.java.com.dougron.mucus.algorithms.TestRandom@21c64522, json={}, repo={}, mu=
mu:XX
PositionIsZero
LengthFromChildren: 0 bars
globalPositionInQuarters=0.0
ruler=null
mu count=0
muNotes:--none--
)
2022-03-12 16:48:04,825 INFO m.j.c.d.m.g.p.PatternEmbellisherRandom [main] Received PooplinePackage(name=XX, rnd=test.java.com.dougron.mucus.algorithms.TestRandom@7997b197, json={}, repo={}, mu=
mu:XX
PositionIsZero
LengthFromChildren: 0 bars
globalPositionInQuarters=0.0
ruler=null
mu count=0
muNotes:--none--
)
2022-03-12 16:48:04,827 INFO m.j.c.d.m.g.p.PatternEmbellisherRandom [main] Received PooplinePackage(name=XX, rnd=test.java.com.dougron.mucus.algorithms.TestRandom@11dee337, json={}, repo={}, mu=
mu:XX
PositionIsZero
LengthFromChildren: 0 bars
globalPositionInQuarters=0.0
ruler=null
mu count=0
muNotes:--none--
)
2022-03-12 16:50:51,086 INFO m.j.c.d.m.g.p.PatternEmbellisherRandom [main] Received PooplinePackage(name=XX, rnd=test.java.com.dougron.mucus.algorithms.TestRandom@41813449, json={}, repo={}, mu=
mu:XX
PositionIsZero
LengthFromChildren: 0 bars
globalPositionInQuarters=0.0
ruler=null
mu count=0
muNotes:--none--
)
2022-03-12 16:50:51,196 INFO m.j.c.d.m.g.p.PatternEmbellisherRandom [main] Received PooplinePackage(name=XX, rnd=test.java.com.dougron.mucus.algorithms.TestRandom@9d157ff, json={}, repo={}, mu=
mu:XX
PositionIsZero
LengthFromChildren: 0 bars
globalPositionInQuarters=0.0
ruler=null
mu count=0
muNotes:--none--
)
2022-03-12 16:50:51,202 INFO m.j.c.d.m.g.p.PatternEmbellisherRandom [main] Received PooplinePackage(name=XX, rnd=test.java.com.dougron.mucus.algorithms.TestRandom@3a1d593e, json={}, repo={}, mu=
mu:XX
PositionIsZero
LengthFromChildren: 0 bars
globalPositionInQuarters=0.0
ruler=null
mu count=0
muNotes:--none--
)
2022-03-12 16:50:51,209 INFO m.j.c.d.m.g.p.PatternEmbellisherRandom [main] Received PooplinePackage(name=XX, rnd=test.java.com.dougron.mucus.algorithms.TestRandom@71104a4, json={}, repo={}, mu=
mu:XX
PositionIsZero
LengthFromChildren: 0 bars
globalPositionInQuarters=0.0
ruler=null
mu count=0
muNotes:--none--
)
2022-03-12 16:50:51,218 INFO m.j.c.d.m.g.p.PatternEmbellisherRandom [main] Received PooplinePackage(name=XX, rnd=test.java.com.dougron.mucus.algorithms.TestRandom@290b1b2e, json={}, repo={}, mu=
mu:XX
PositionIsZero
LengthFromChildren: 0 bars
globalPositionInQuarters=0.0
ruler=null
mu count=0
muNotes:--none--
)
2022-03-12 16:50:51,232 INFO m.j.c.d.m.g.p.PatternEmbellisherRandom [main] Received PooplinePackage(name=XX, rnd=test.java.com.dougron.mucus.algorithms.TestRandom@1bdf8190, json={}, repo={}, mu=
mu:XX
PositionIsZero
LengthFromChildren: 0 bars
globalPositionInQuarters=0.0
ruler=null
mu count=0
muNotes:--none--
)
2022-03-12 16:50:51,236 INFO m.j.c.d.m.g.p.PatternEmbellisherRandom [main] Received PooplinePackage(name=XX, rnd=test.java.com.dougron.mucus.algorithms.TestRandom@21c64522, json={}, repo={}, mu=
mu:XX
PositionIsZero
LengthFromChildren: 0 bars
globalPositionInQuarters=0.0
ruler=null
mu count=0
muNotes:--none--
)
2022-03-12 16:50:51,238 INFO m.j.c.d.m.g.p.PatternEmbellisherRandom [main] Received PooplinePackage(name=XX, rnd=test.java.com.dougron.mucus.algorithms.TestRandom@7997b197, json={}, repo={}, mu=
mu:XX
PositionIsZero
LengthFromChildren: 0 bars
globalPositionInQuarters=0.0
ruler=null
mu count=0
muNotes:--none--
)
2022-03-12 16:50:51,239 INFO m.j.c.d.m.g.p.PatternEmbellisherRandom [main] Received PooplinePackage(name=XX, rnd=test.java.com.dougron.mucus.algorithms.TestRandom@11dee337, json={}, repo={}, mu=
mu:XX
PositionIsZero
LengthFromChildren: 0 bars
globalPositionInQuarters=0.0
ruler=null
mu count=0
muNotes:--none--
)
2022-03-12 16:53:14,243 INFO m.j.c.d.m.g.p.PatternEmbellisherRandom [main] Received PooplinePackage(name=XX, rnd=test.java.com.dougron.mucus.algorithms.TestRandom@41813449, json={}, repo={}, mu=
mu:XX
PositionIsZero
LengthFromChildren: 0 bars
globalPositionInQuarters=0.0
ruler=null
mu count=0
muNotes:--none--
)
2022-03-12 16:53:14,356 INFO m.j.c.d.m.g.p.PatternEmbellisherRandom [main] Received PooplinePackage(name=XX, rnd=test.java.com.dougron.mucus.algorithms.TestRandom@2416a51, json={}, repo={}, mu=
mu:XX
PositionIsZero
LengthFromChildren: 0 bars
globalPositionInQuarters=0.0
ruler=null
mu count=0
muNotes:--none--
)
2022-03-12 16:53:14,360 INFO m.j.c.d.m.g.p.PatternEmbellisherRandom [main] Received PooplinePackage(name=XX, rnd=test.java.com.dougron.mucus.algorithms.TestRandom@5db4c359, json={}, repo={}, mu=
mu:XX
PositionIsZero
LengthFromChildren: 0 bars
globalPositionInQuarters=0.0
ruler=null
mu count=0
muNotes:--none--
)
2022-03-12 16:53:14,368 INFO m.j.c.d.m.g.p.PatternEmbellisherRandom [main] Received PooplinePackage(name=XX, rnd=test.java.com.dougron.mucus.algorithms.TestRandom@b672aa8, json={}, repo={}, mu=
mu:XX
PositionIsZero
LengthFromChildren: 0 bars
globalPositionInQuarters=0.0
ruler=null
mu count=0
muNotes:--none--
)
2022-03-12 16:53:14,375 INFO m.j.c.d.m.g.p.PatternEmbellisherRandom [main] Received PooplinePackage(name=XX, rnd=test.java.com.dougron.mucus.algorithms.TestRandom@76a82f33, json={}, repo={}, mu=
mu:XX
PositionIsZero
LengthFromChildren: 0 bars
globalPositionInQuarters=0.0
ruler=null
mu count=0
muNotes:--none--
)
2022-03-12 16:53:14,378 INFO m.j.c.d.m.g.p.PatternEmbellisherRandom [main] Received PooplinePackage(name=XX, rnd=test.java.com.dougron.mucus.algorithms.TestRandom@6bab2585, json={}, repo={}, mu=
mu:XX
PositionIsZero
LengthFromChildren: 0 bars
globalPositionInQuarters=0.0
ruler=null
mu count=0
muNotes:--none--
)
2022-03-12 16:53:14,382 INFO m.j.c.d.m.g.p.PatternEmbellisherRandom [main] Received PooplinePackage(name=XX, rnd=test.java.com.dougron.mucus.algorithms.TestRandom@7807ac2c, json={}, repo={}, mu=
mu:XX
PositionIsZero
LengthFromChildren: 0 bars
globalPositionInQuarters=0.0
ruler=null
mu count=0
muNotes:--none--
)
2022-03-12 16:53:14,386 INFO m.j.c.d.m.g.p.PatternEmbellisherRandom [main] Received PooplinePackage(name=XX, rnd=test.java.com.dougron.mucus.algorithms.TestRandom@b91d8c4, json={}, repo={}, mu=
mu:XX
PositionIsZero
LengthFromChildren: 0 bars
globalPositionInQuarters=0.0
ruler=null
mu count=0
muNotes:--none--
)
2022-03-12 16:53:14,388 INFO m.j.c.d.m.g.p.PatternEmbellisherRandom [main] Received PooplinePackage(name=XX, rnd=test.java.com.dougron.mucus.algorithms.TestRandom@4b6166aa, json={}, repo={}, mu=
mu:XX
PositionIsZero
LengthFromChildren: 0 bars
globalPositionInQuarters=0.0
ruler=null
mu count=0
muNotes:--none--
)
2022-03-12 16:53:42,640 INFO m.j.c.d.m.g.p.PatternEmbellisherRandom [main] Received PooplinePackage(name=XX, rnd=test.java.com.dougron.mucus.algorithms.TestRandom@41813449, json={}, repo={}, mu=
mu:XX
PositionIsZero
LengthFromChildren: 0 bars
globalPositionInQuarters=0.0
ruler=null
mu count=0
muNotes:--none--
)
2022-03-12 16:53:42,749 INFO m.j.c.d.m.g.p.PatternEmbellisherRandom [main] Received PooplinePackage(name=XX, rnd=test.java.com.dougron.mucus.algorithms.TestRandom@2f162cc0, json={}, repo={}, mu=
mu:XX
PositionIsZero
LengthFromChildren: 0 bars
globalPositionInQuarters=0.0
ruler=null
mu count=0
muNotes:--none--
)
2022-03-12 16:53:42,753 INFO m.j.c.d.m.g.p.PatternEmbellisherRandom [main] Received PooplinePackage(name=XX, rnd=test.java.com.dougron.mucus.algorithms.TestRandom@4a8a60bc, json={}, repo={}, mu=
mu:XX
PositionIsZero
LengthFromChildren: 0 bars
globalPositionInQuarters=0.0
ruler=null
mu count=0
muNotes:--none--
)
2022-03-12 16:53:42,758 INFO m.j.c.d.m.g.p.PatternEmbellisherRandom [main] Received PooplinePackage(name=XX, rnd=test.java.com.dougron.mucus.algorithms.TestRandom@4985cbcb, json={}, repo={}, mu=
mu:XX
PositionIsZero
LengthFromChildren: 0 bars
globalPositionInQuarters=0.0
ruler=null
mu count=0
muNotes:--none--
)
2022-03-12 16:53:42,763 INFO m.j.c.d.m.g.p.PatternEmbellisherRandom [main] Received PooplinePackage(name=XX, rnd=test.java.com.dougron.mucus.algorithms.TestRandom@37ebc9d8, json={}, repo={}, mu=
mu:XX
PositionIsZero
LengthFromChildren: 0 bars
globalPositionInQuarters=0.0
ruler=null
mu count=0
muNotes:--none--
)
2022-03-12 16:53:42,765 INFO m.j.c.d.m.g.p.PatternEmbellisherRandom [main] Received PooplinePackage(name=XX, rnd=test.java.com.dougron.mucus.algorithms.TestRandom@293bb8a5, json={}, repo={}, mu=
mu:XX
PositionIsZero
LengthFromChildren: 0 bars
globalPositionInQuarters=0.0
ruler=null
mu count=0
muNotes:--none--
)
2022-03-12 16:53:42,768 INFO m.j.c.d.m.g.p.PatternEmbellisherRandom [main] Received PooplinePackage(name=XX, rnd=test.java.com.dougron.mucus.algorithms.TestRandom@33617539, json={}, repo={}, mu=
mu:XX
PositionIsZero
LengthFromChildren: 0 bars
globalPositionInQuarters=0.0
ruler=null
mu count=0
muNotes:--none--
)
2022-03-12 16:53:42,771 INFO m.j.c.d.m.g.p.PatternEmbellisherRandom [main] Received PooplinePackage(name=XX, rnd=test.java.com.dougron.mucus.algorithms.TestRandom@2c177f9e, json={}, repo={}, mu=
mu:XX
PositionIsZero
LengthFromChildren: 0 bars
globalPositionInQuarters=0.0
ruler=null
mu count=0
muNotes:--none--
)
2022-03-12 16:53:42,772 INFO m.j.c.d.m.g.p.PatternEmbellisherRandom [main] Received PooplinePackage(name=XX, rnd=test.java.com.dougron.mucus.algorithms.TestRandom@5db4c359, json={}, repo={}, mu=
mu:XX
PositionIsZero
LengthFromChildren: 0 bars
globalPositionInQuarters=0.0
ruler=null
mu count=0
muNotes:--none--
)
2022-03-12 19:58:51,619 INFO m.j.c.d.m.g.p.PatternEmbellisherRandom [main] Received PooplinePackage(name=XX, rnd=test.java.com.dougron.mucus.algorithms.TestRandom@4678a2eb, json={}, repo={}, mu=
mu:XX
PositionIsZero
LengthFromChildren: 0 bars
globalPositionInQuarters=0.0
ruler=null
mu count=0
muNotes:--none--
)
2022-03-12 19:58:51,740 INFO m.j.c.d.m.g.p.PatternEmbellisherRandom [main] Received PooplinePackage(name=XX, rnd=test.java.com.dougron.mucus.algorithms.TestRandom@71c5b236, json={}, repo={}, mu=
mu:XX
PositionIsZero
LengthFromChildren: 0 bars
globalPositionInQuarters=0.0
ruler=null
mu count=0
muNotes:--none--
)
2022-03-12 19:58:51,761 INFO m.j.c.d.m.g.p.PatternEmbellisherRandom [main] Received PooplinePackage(name=XX, rnd=test.java.com.dougron.mucus.algorithms.TestRandom@76a82f33, json={}, repo={}, mu=
mu:XX
PositionIsZero
LengthFromChildren: 0 bars
globalPositionInQuarters=0.0
ruler=null
mu count=0
muNotes:--none--
)
2022-03-12 19:58:51,763 INFO m.j.c.d.m.g.p.PatternEmbellisherRandom [main] Received PooplinePackage(name=XX, rnd=test.java.com.dougron.mucus.algorithms.TestRandom@6bab2585, json={}, repo={}, mu=
mu:XX
PositionIsZero
LengthFromChildren: 0 bars
globalPositionInQuarters=0.0
ruler=null
mu count=0
muNotes:--none--
)
2022-03-12 19:58:51,769 INFO m.j.c.d.m.g.p.PatternEmbellisherRandom [main] Received PooplinePackage(name=XX, rnd=test.java.com.dougron.mucus.algorithms.TestRandom@b91d8c4, json={}, repo={}, mu=
mu:XX
PositionIsZero
LengthFromChildren: 0 bars
globalPositionInQuarters=0.0
ruler=null
mu count=0
muNotes:--none--
)
2022-03-12 19:58:51,773 INFO m.j.c.d.m.g.p.PatternEmbellisherRandom [main] Received PooplinePackage(name=XX, rnd=test.java.com.dougron.mucus.algorithms.TestRandom@2baa8d82, json={}, repo={}, mu=
mu:XX
PositionIsZero
LengthFromChildren: 0 bars
globalPositionInQuarters=0.0
ruler=null
mu count=0
muNotes:--none--
)
2022-03-12 19:58:51,775 INFO m.j.c.d.m.g.p.PatternEmbellisherRandom [main] Received PooplinePackage(name=XX, rnd=test.java.com.dougron.mucus.algorithms.TestRandom@319dead1, json={}, repo={}, mu=
mu:XX
PositionIsZero
LengthFromChildren: 0 bars
globalPositionInQuarters=0.0
ruler=null
mu count=0
muNotes:--none--
)
2022-03-12 19:58:51,780 INFO m.j.c.d.m.g.p.PatternEmbellisherRandom [main] Received PooplinePackage(name=XX, rnd=test.java.com.dougron.mucus.algorithms.TestRandom@cdc3aae, json={}, repo={}, mu=
mu:XX
PositionIsZero
LengthFromChildren: 0 bars
globalPositionInQuarters=0.0
ruler=null
mu count=0
muNotes:--none--
)
2022-03-12 19:58:51,782 INFO m.j.c.d.m.g.p.PatternEmbellisherRandom [main] Received PooplinePackage(name=XX, rnd=test.java.com.dougron.mucus.algorithms.TestRandom@7ef2d7a6, json={}, repo={}, mu=
mu:XX
PositionIsZero
LengthFromChildren: 0 bars
globalPositionInQuarters=0.0
ruler=null
mu count=0
muNotes:--none--
)
2022-03-12 19:58:51,785 INFO m.j.c.d.m.g.p.PatternEmbellisherRandom [main] Received PooplinePackage(name=XX, rnd=test.java.com.dougron.mucus.algorithms.TestRandom@5dcbb60, json={}, repo={}, mu=
mu:XX
PositionIsZero
LengthFromChildren: 0 bars
globalPositionInQuarters=0.0
ruler=null
mu count=0
muNotes:--none--
)
2022-03-12 21:33:00,672 INFO m.j.c.d.m.g.p.PatternEmbellisherRandom [main] Received PooplinePackage(name=XX, rnd=test.java.com.dougron.mucus.algorithms.TestRandom@4678a2eb, json={}, repo={}, mu=
mu:XX
PositionIsZero
LengthFromChildren: 0 bars
globalPositionInQuarters=0.0
ruler=null
mu count=0
muNotes:--none--
)
2022-03-12 21:33:00,798 INFO m.j.c.d.m.g.p.PatternEmbellisherRandom [main] Received PooplinePackage(name=XX, rnd=test.java.com.dougron.mucus.algorithms.TestRandom@2f162cc0, json={}, repo={}, mu=
mu:XX
PositionIsZero
LengthFromChildren: 0 bars
globalPositionInQuarters=0.0
ruler=null
mu count=0
muNotes:--none--
)
2022-03-12 21:33:00,815 INFO m.j.c.d.m.g.p.PatternEmbellisherRandom [main] Received PooplinePackage(name=XX, rnd=test.java.com.dougron.mucus.algorithms.TestRandom@6e46d9f4, json={}, repo={}, mu=
mu:XX
PositionIsZero
LengthFromChildren: 0 bars
globalPositionInQuarters=0.0
ruler=null
mu count=0
muNotes:--none--
)
2022-03-12 21:33:00,817 INFO m.j.c.d.m.g.p.PatternEmbellisherRandom [main] Received PooplinePackage(name=XX, rnd=test.java.com.dougron.mucus.algorithms.TestRandom@5cc69cfe, json={}, repo={}, mu=
mu:XX
PositionIsZero
LengthFromChildren: 0 bars
globalPositionInQuarters=0.0
ruler=null
mu count=0
muNotes:--none--
)
2022-03-12 21:33:00,823 INFO m.j.c.d.m.g.p.PatternEmbellisherRandom [main] Received PooplinePackage(name=XX, rnd=test.java.com.dougron.mucus.algorithms.TestRandom@6bab2585, json={}, repo={}, mu=
mu:XX
PositionIsZero
LengthFromChildren: 0 bars
globalPositionInQuarters=0.0
ruler=null
mu count=0
muNotes:--none--
)
2022-03-12 21:33:00,826 INFO m.j.c.d.m.g.p.PatternEmbellisherRandom [main] Received PooplinePackage(name=XX, rnd=test.java.com.dougron.mucus.algorithms.TestRandom@74bdc168, json={}, repo={}, mu=
mu:XX
PositionIsZero
LengthFromChildren: 0 bars
globalPositionInQuarters=0.0
ruler=null
mu count=0
muNotes:--none--
)
2022-03-12 21:33:00,828 INFO m.j.c.d.m.g.p.PatternEmbellisherRandom [main] Received PooplinePackage(name=XX, rnd=test.java.com.dougron.mucus.algorithms.TestRandom@644c78d4, json={}, repo={}, mu=
mu:XX
PositionIsZero
LengthFromChildren: 0 bars
globalPositionInQuarters=0.0
ruler=null
mu count=0
muNotes:--none--
)
2022-03-12 21:33:00,831 INFO m.j.c.d.m.g.p.PatternEmbellisherRandom [main] Received PooplinePackage(name=XX, rnd=test.java.com.dougron.mucus.algorithms.TestRandom@4b6166aa, json={}, repo={}, mu=
mu:XX
PositionIsZero
LengthFromChildren: 0 bars
globalPositionInQuarters=0.0
ruler=null
mu count=0
muNotes:--none--
)
2022-03-12 21:33:00,834 INFO m.j.c.d.m.g.p.PatternEmbellisherRandom [main] Received PooplinePackage(name=XX, rnd=test.java.com.dougron.mucus.algorithms.TestRandom@a77614d, json={}, repo={}, mu=
mu:XX
PositionIsZero
LengthFromChildren: 0 bars
globalPositionInQuarters=0.0
ruler=null
mu count=0
muNotes:--none--
)
2022-03-12 21:33:00,836 INFO m.j.c.d.m.g.p.PatternEmbellisherRandom [main] Received PooplinePackage(name=XX, rnd=test.java.com.dougron.mucus.algorithms.TestRandom@4fd4cae3, json={}, repo={}, mu=
mu:XX
PositionIsZero
LengthFromChildren: 0 bars
globalPositionInQuarters=0.0
ruler=null
mu count=0
muNotes:--none--
)
2022-03-12 21:34:19,637 INFO m.j.c.d.m.g.p.PatternEmbellisherRandom [main] Received PooplinePackage(name=XX, rnd=test.java.com.dougron.mucus.algorithms.TestRandom@4678a2eb, json={}, repo={}, mu=
mu:XX
PositionIsZero
LengthFromChildren: 0 bars
globalPositionInQuarters=0.0
ruler=null
mu count=0
muNotes:--none--
)
2022-03-12 21:34:19,751 INFO m.j.c.d.m.g.p.PatternEmbellisherRandom [main] Received PooplinePackage(name=XX, rnd=test.java.com.dougron.mucus.algorithms.TestRandom@5217f3d0, json={}, repo={}, mu=
mu:XX
PositionIsZero
LengthFromChildren: 0 bars
globalPositionInQuarters=0.0
ruler=null
mu count=0
muNotes:--none--
)
2022-03-12 21:34:19,767 INFO m.j.c.d.m.g.p.PatternEmbellisherRandom [main] Received PooplinePackage(name=XX, rnd=test.java.com.dougron.mucus.algorithms.TestRandom@7bb3a9fe, json={}, repo={}, mu=
mu:XX
PositionIsZero
LengthFromChildren: 0 bars
globalPositionInQuarters=0.0
ruler=null
mu count=0
muNotes:--none--
)
2022-03-12 21:34:19,769 INFO m.j.c.d.m.g.p.PatternEmbellisherRandom [main] Received PooplinePackage(name=XX, rnd=test.java.com.dougron.mucus.algorithms.TestRandom@7cbee484, json={}, repo={}, mu=
mu:XX
PositionIsZero
LengthFromChildren: 0 bars
globalPositionInQuarters=0.0
ruler=null
mu count=0
muNotes:--none--
)
2022-03-12 21:34:19,776 INFO m.j.c.d.m.g.p.PatternEmbellisherRandom [main] Received PooplinePackage(name=XX, rnd=test.java.com.dougron.mucus.algorithms.TestRandom@3bde62ff, json={}, repo={}, mu=
mu:XX
PositionIsZero
LengthFromChildren: 0 bars
globalPositionInQuarters=0.0
ruler=null
mu count=0
muNotes:--none--
)
2022-03-12 21:34:19,779 INFO m.j.c.d.m.g.p.PatternEmbellisherRandom [main] Received PooplinePackage(name=XX, rnd=test.java.com.dougron.mucus.algorithms.TestRandom@523424b5, json={}, repo={}, mu=
mu:XX
PositionIsZero
LengthFromChildren: 0 bars
globalPositionInQuarters=0.0
ruler=null
mu count=0
muNotes:--none--
)
2022-03-12 21:34:19,781 INFO m.j.c.d.m.g.p.PatternEmbellisherRandom [main] Received PooplinePackage(name=XX, rnd=test.java.com.dougron.mucus.algorithms.TestRandom@2baa8d82, json={}, repo={}, mu=
mu:XX
PositionIsZero
LengthFromChildren: 0 bars
globalPositionInQuarters=0.0
ruler=null
mu count=0
muNotes:--none--
)
2022-03-12 21:34:19,785 INFO m.j.c.d.m.g.p.PatternEmbellisherRandom [main] Received PooplinePackage(name=XX, rnd=test.java.com.dougron.mucus.algorithms.TestRandom@a486d78, json={}, repo={}, mu=
mu:XX
PositionIsZero
LengthFromChildren: 0 bars
globalPositionInQuarters=0.0
ruler=null
mu count=0
muNotes:--none--
)
2022-03-12 21:34:19,789 INFO m.j.c.d.m.g.p.PatternEmbellisherRandom [main] Received PooplinePackage(name=XX, rnd=test.java.com.dougron.mucus.algorithms.TestRandom@cdc3aae, json={}, repo={}, mu=
mu:XX
PositionIsZero
LengthFromChildren: 0 bars
globalPositionInQuarters=0.0
ruler=null
mu count=0
muNotes:--none--
)
2022-03-12 21:34:19,792 INFO m.j.c.d.m.g.p.PatternEmbellisherRandom [main] Received PooplinePackage(name=XX, rnd=test.java.com.dougron.mucus.algorithms.TestRandom@7ef2d7a6, json={}, repo={}, mu=
mu:XX
PositionIsZero
LengthFromChildren: 0 bars
globalPositionInQuarters=0.0
ruler=null
mu count=0
muNotes:--none--
)
2022-03-12 21:34:48,247 INFO m.j.c.d.m.g.p.PatternEmbellisherRandom [main] Received PooplinePackage(name=XX, rnd=test.java.com.dougron.mucus.algorithms.TestRandom@4678a2eb, json={}, repo={}, mu=
mu:XX
PositionIsZero
LengthFromChildren: 0 bars
globalPositionInQuarters=0.0
ruler=null
mu count=0
muNotes:--none--
)
2022-03-12 21:34:48,347 INFO m.j.c.d.m.g.p.PatternEmbellisherRandom [main] Received PooplinePackage(name=XX, rnd=test.java.com.dougron.mucus.algorithms.TestRandom@593e824f, json={}, repo={}, mu=
mu:XX
PositionIsZero
LengthFromChildren: 0 bars
globalPositionInQuarters=0.0
ruler=null
mu count=0
muNotes:--none--
)
2022-03-12 21:34:48,367 INFO m.j.c.d.m.g.p.PatternEmbellisherRandom [main] Received PooplinePackage(name=XX, rnd=test.java.com.dougron.mucus.algorithms.TestRandom@77307458, json={}, repo={}, mu=
mu:XX
PositionIsZero
LengthFromChildren: 0 bars
globalPositionInQuarters=0.0
ruler=null
mu count=0
muNotes:--none--
)
2022-03-12 21:34:48,369 INFO m.j.c.d.m.g.p.PatternEmbellisherRandom [main] Received PooplinePackage(name=XX, rnd=test.java.com.dougron.mucus.algorithms.TestRandom@1fc0053e, json={}, repo={}, mu=
mu:XX
PositionIsZero
LengthFromChildren: 0 bars
globalPositionInQuarters=0.0
ruler=null
mu count=0
muNotes:--none--
)
2022-03-12 21:34:48,376 INFO m.j.c.d.m.g.p.PatternEmbellisherRandom [main] Received PooplinePackage(name=XX, rnd=test.java.com.dougron.mucus.algorithms.TestRandom@1bdf8190, json={}, repo={}, mu=
mu:XX
PositionIsZero
LengthFromChildren: 0 bars
globalPositionInQuarters=0.0
ruler=null
mu count=0
muNotes:--none--
)
2022-03-12 21:34:48,379 INFO m.j.c.d.m.g.p.PatternEmbellisherRandom [main] Received PooplinePackage(name=XX, rnd=test.java.com.dougron.mucus.algorithms.TestRandom@192f2f27, json={}, repo={}, mu=
mu:XX
PositionIsZero
LengthFromChildren: 0 bars
globalPositionInQuarters=0.0
ruler=null
mu count=0
muNotes:--none--
)
2022-03-12 21:34:48,383 INFO m.j.c.d.m.g.p.PatternEmbellisherRandom [main] Received PooplinePackage(name=XX, rnd=test.java.com.dougron.mucus.algorithms.TestRandom@8a589a2, json={}, repo={}, mu=
mu:XX
PositionIsZero
LengthFromChildren: 0 bars
globalPositionInQuarters=0.0
ruler=null
mu count=0
muNotes:--none--
)
2022-03-12 21:34:48,390 INFO m.j.c.d.m.g.p.PatternEmbellisherRandom [main] Received PooplinePackage(name=XX, rnd=test.java.com.dougron.mucus.algorithms.TestRandom@11dee337, json={}, repo={}, mu=
mu:XX
PositionIsZero
LengthFromChildren: 0 bars
globalPositionInQuarters=0.0
ruler=null
mu count=0
muNotes:--none--
)
2022-03-12 21:34:48,392 INFO m.j.c.d.m.g.p.PatternEmbellisherRandom [main] Received PooplinePackage(name=XX, rnd=test.java.com.dougron.mucus.algorithms.TestRandom@460f76a6, json={}, repo={}, mu=
mu:XX
PositionIsZero
LengthFromChildren: 0 bars
globalPositionInQuarters=0.0
ruler=null
mu count=0
muNotes:--none--
)
2022-03-12 21:34:48,394 INFO m.j.c.d.m.g.p.PatternEmbellisherRandom [main] Received PooplinePackage(name=XX, rnd=test.java.com.dougron.mucus.algorithms.TestRandom@55f3c410, json={}, repo={}, mu=
mu:XX
PositionIsZero
LengthFromChildren: 0 bars
globalPositionInQuarters=0.0
ruler=null
mu count=0
muNotes:--none--
)
2022-03-12 21:35:27,357 INFO m.j.c.d.m.g.p.PatternEmbellisherRandom [main] Received PooplinePackage(name=XX, rnd=test.java.com.dougron.mucus.algorithms.TestRandom@4678a2eb, json={}, repo={}, mu=
mu:XX
PositionIsZero
LengthFromChildren: 0 bars
globalPositionInQuarters=0.0
ruler=null
mu count=0
muNotes:--none--
)
2022-03-12 21:35:27,453 INFO m.j.c.d.m.g.p.PatternEmbellisherRandom [main] Received PooplinePackage(name=XX, rnd=test.java.com.dougron.mucus.algorithms.TestRandom@32cb636e, json={}, repo={}, mu=
mu:XX
PositionIsZero
LengthFromChildren: 0 bars
globalPositionInQuarters=0.0
ruler=null
mu count=0
muNotes:--none--
)
2022-03-12 21:35:27,468 INFO m.j.c.d.m.g.p.PatternEmbellisherRandom [main] Received PooplinePackage(name=XX, rnd=test.java.com.dougron.mucus.algorithms.TestRandom@7876d598, json={}, repo={}, mu=
mu:XX
PositionIsZero
LengthFromChildren: 0 bars
globalPositionInQuarters=0.0
ruler=null
mu count=0
muNotes:--none--
)
2022-03-12 21:35:27,470 INFO m.j.c.d.m.g.p.PatternEmbellisherRandom [main] Received PooplinePackage(name=XX, rnd=test.java.com.dougron.mucus.algorithms.TestRandom@4a3e3e8b, json={}, repo={}, mu=
mu:XX
PositionIsZero
LengthFromChildren: 0 bars
globalPositionInQuarters=0.0
ruler=null
mu count=0
muNotes:--none--
)
2022-03-12 21:35:27,476 INFO m.j.c.d.m.g.p.PatternEmbellisherRandom [main] Received PooplinePackage(name=XX, rnd=test.java.com.dougron.mucus.algorithms.TestRandom@293bb8a5, json={}, repo={}, mu=
mu:XX
PositionIsZero
LengthFromChildren: 0 bars
globalPositionInQuarters=0.0
ruler=null
mu count=0
muNotes:--none--
)
2022-03-12 21:35:27,478 INFO m.j.c.d.m.g.p.PatternEmbellisherRandom [main] Received PooplinePackage(name=XX, rnd=test.java.com.dougron.mucus.algorithms.TestRandom@2416a51, json={}, repo={}, mu=
mu:XX
PositionIsZero
LengthFromChildren: 0 bars
globalPositionInQuarters=0.0
ruler=null
mu count=0
muNotes:--none--
)
2022-03-12 21:35:27,481 INFO m.j.c.d.m.g.p.PatternEmbellisherRandom [main] Received PooplinePackage(name=XX, rnd=test.java.com.dougron.mucus.algorithms.TestRandom@6fa590ba, json={}, repo={}, mu=
mu:XX
PositionIsZero
LengthFromChildren: 0 bars
globalPositionInQuarters=0.0
ruler=null
mu count=0
muNotes:--none--
)
2022-03-12 21:35:27,485 INFO m.j.c.d.m.g.p.PatternEmbellisherRandom [main] Received PooplinePackage(name=XX, rnd=test.java.com.dougron.mucus.algorithms.TestRandom@5db4c359, json={}, repo={}, mu=
mu:XX
PositionIsZero
LengthFromChildren: 0 bars
globalPositionInQuarters=0.0
ruler=null
mu count=0
muNotes:--none--
)
2022-03-12 21:35:27,487 INFO m.j.c.d.m.g.p.PatternEmbellisherRandom [main] Received PooplinePackage(name=XX, rnd=test.java.com.dougron.mucus.algorithms.TestRandom@209775a9, json={}, repo={}, mu=
mu:XX
PositionIsZero
LengthFromChildren: 0 bars
globalPositionInQuarters=0.0
ruler=null
mu count=0
muNotes:--none--
)
2022-03-12 21:35:27,489 INFO m.j.c.d.m.g.p.PatternEmbellisherRandom [main] Received PooplinePackage(name=XX, rnd=test.java.com.dougron.mucus.algorithms.TestRandom@18e7143f, json={}, repo={}, mu=
mu:XX
PositionIsZero
LengthFromChildren: 0 bars
globalPositionInQuarters=0.0
ruler=null
mu count=0
muNotes:--none--
)
2022-03-12 21:40:59,346 INFO m.j.c.d.m.g.p.PatternEmbellisherRandom [main] Received PooplinePackage(name=XX, rnd=test.java.com.dougron.mucus.algorithms.TestRandom@5b43fbf6, json={}, repo={}, mu=
mu:XX
PositionIsZero
LengthFromChildren: 0 bars
globalPositionInQuarters=0.0
ruler=null
mu count=0
muNotes:--none--
)
2022-03-12 21:40:59,439 INFO m.j.c.d.m.g.p.PatternEmbellisherRandom [main] Received PooplinePackage(name=XX, rnd=test.java.com.dougron.mucus.algorithms.TestRandom@63cd604c, json={}, repo={}, mu=
mu:XX
PositionIsZero
LengthFromChildren: 0 bars
globalPositionInQuarters=0.0
ruler=null
mu count=0
muNotes:--none--
)
2022-03-12 21:40:59,453 INFO m.j.c.d.m.g.p.PatternEmbellisherRandom [main] Received PooplinePackage(name=XX, rnd=test.java.com.dougron.mucus.algorithms.TestRandom@4a3e3e8b, json={}, repo={}, mu=
mu:XX
PositionIsZero
LengthFromChildren: 0 bars
globalPositionInQuarters=0.0
ruler=null
mu count=0
muNotes:--none--
)
2022-03-12 21:40:59,456 INFO m.j.c.d.m.g.p.PatternEmbellisherRandom [main] Received PooplinePackage(name=XX, rnd=test.java.com.dougron.mucus.algorithms.TestRandom@5af28b27, json={}, repo={}, mu=
mu:XX
PositionIsZero
LengthFromChildren: 0 bars
globalPositionInQuarters=0.0
ruler=null
mu count=0
muNotes:--none--
)
2022-03-12 21:40:59,462 INFO m.j.c.d.m.g.p.PatternEmbellisherRandom [main] Received PooplinePackage(name=XX, rnd=test.java.com.dougron.mucus.algorithms.TestRandom@293bb8a5, json={}, repo={}, mu=
mu:XX
PositionIsZero
LengthFromChildren: 0 bars
globalPositionInQuarters=0.0
ruler=null
mu count=0
muNotes:--none--
)
2022-03-12 21:40:59,472 INFO m.j.c.d.m.g.p.PatternEmbellisherRandom [main] Received PooplinePackage(name=XX, rnd=test.java.com.dougron.mucus.algorithms.TestRandom@8a589a2, json={}, repo={}, mu=
mu:XX
PositionIsZero
LengthFromChildren: 0 bars
globalPositionInQuarters=0.0
ruler=null
mu count=0
muNotes:--none--
)
2022-03-12 21:40:59,475 INFO m.j.c.d.m.g.p.PatternEmbellisherRandom [main] Received PooplinePackage(name=XX, rnd=test.java.com.dougron.mucus.algorithms.TestRandom@c65a5ef, json={}, repo={}, mu=
mu:XX
PositionIsZero
LengthFromChildren: 0 bars
globalPositionInQuarters=0.0
ruler=null
mu count=0
muNotes:--none--
)
2022-03-12 21:40:59,477 INFO m.j.c.d.m.g.p.PatternEmbellisherRandom [main] Received PooplinePackage(name=XX, rnd=test.java.com.dougron.mucus.algorithms.TestRandom@6b5176f2, json={}, repo={}, mu=
mu:XX
PositionIsZero
LengthFromChildren: 0 bars
globalPositionInQuarters=0.0
ruler=null
mu count=0
muNotes:--none--
)
2022-03-12 21:40:59,481 INFO m.j.c.d.m.g.p.PatternEmbellisherRandom [main] Received PooplinePackage(name=XX, rnd=test.java.com.dougron.mucus.algorithms.TestRandom@55f3c410, json={}, repo={}, mu=
mu:XX
PositionIsZero
LengthFromChildren: 0 bars
globalPositionInQuarters=0.0
ruler=null
mu count=0
muNotes:--none--
)
2022-03-12 21:40:59,485 INFO m.j.c.d.m.g.p.PatternEmbellisherRandom [main] Received PooplinePackage(name=XX, rnd=test.java.com.dougron.mucus.algorithms.TestRandom@11acdc30, json={}, repo={}, mu=
mu:XX
PositionIsZero
LengthFromChildren: 0 bars
globalPositionInQuarters=0.0
ruler=null
mu count=0
muNotes:--none--
)
2022-03-12 21:40:59,487 INFO m.j.c.d.m.g.p.PatternEmbellisherRandom [main] Received PooplinePackage(name=XX, rnd=test.java.com.dougron.mucus.algorithms.TestRandom@770d4269, json={}, repo={}, mu=
mu:XX
PositionIsZero
LengthFromChildren: 0 bars
globalPositionInQuarters=0.0
ruler=null
mu count=0
muNotes:--none--
)
2022-03-12 21:49:00,900 INFO m.j.c.d.m.g.p.PatternEmbellisherRandom [main] Received PooplinePackage(name=XX, rnd=test.java.com.dougron.mucus.algorithms.TestRandom@5b43fbf6, json={}, repo={}, mu=
mu:XX
PositionIsZero
LengthFromChildren: 0 bars
globalPositionInQuarters=0.0
ruler=null
mu count=0
muNotes:--none--
)
2022-03-12 21:49:00,995 INFO m.j.c.d.m.g.p.PatternEmbellisherRandom [main] Received PooplinePackage(name=XX, rnd=test.java.com.dougron.mucus.algorithms.TestRandom@63cd604c, json={}, repo={}, mu=
mu:XX
PositionIsZero
LengthFromChildren: 0 bars
globalPositionInQuarters=0.0
ruler=null
mu count=0
muNotes:--none--
)
2022-03-12 21:49:01,012 INFO m.j.c.d.m.g.p.PatternEmbellisherRandom [main] Received PooplinePackage(name=XX, rnd=test.java.com.dougron.mucus.algorithms.TestRandom@4a3e3e8b, json={}, repo={}, mu=
mu:XX
PositionIsZero
LengthFromChildren: 0 bars
globalPositionInQuarters=0.0
ruler=null
mu count=0
muNotes:--none--
)
2022-03-12 21:49:01,016 INFO m.j.c.d.m.g.p.PatternEmbellisherRandom [main] Received PooplinePackage(name=XX, rnd=test.java.com.dougron.mucus.algorithms.TestRandom@5af28b27, json={}, repo={}, mu=
mu:XX
PositionIsZero
LengthFromChildren: 0 bars
globalPositionInQuarters=0.0
ruler=null
mu count=0
muNotes:--none--
)
2022-03-12 21:49:01,021 INFO m.j.c.d.m.g.p.PatternEmbellisherRandom [main] Received PooplinePackage(name=XX, rnd=test.java.com.dougron.mucus.algorithms.TestRandom@293bb8a5, json={}, repo={}, mu=
mu:XX
PositionIsZero
LengthFromChildren: 0 bars
globalPositionInQuarters=0.0
ruler=null
mu count=0
muNotes:--none--
)
2022-03-12 21:49:01,031 INFO m.j.c.d.m.g.p.PatternEmbellisherRandom [main] Received PooplinePackage(name=XX, rnd=test.java.com.dougron.mucus.algorithms.TestRandom@8a589a2, json={}, repo={}, mu=
mu:XX
PositionIsZero
LengthFromChildren: 0 bars
globalPositionInQuarters=0.0
ruler=null
mu count=0
muNotes:--none--
)
2022-03-12 21:49:01,034 INFO m.j.c.d.m.g.p.PatternEmbellisherRandom [main] Received PooplinePackage(name=XX, rnd=test.java.com.dougron.mucus.algorithms.TestRandom@c65a5ef, json={}, repo={}, mu=
mu:XX
PositionIsZero
LengthFromChildren: 0 bars
globalPositionInQuarters=0.0
ruler=null
mu count=0
muNotes:--none--
)
2022-03-12 21:49:01,036 INFO m.j.c.d.m.g.p.PatternEmbellisherRandom [main] Received PooplinePackage(name=XX, rnd=test.java.com.dougron.mucus.algorithms.TestRandom@6b5176f2, json={}, repo={}, mu=
mu:XX
PositionIsZero
LengthFromChildren: 0 bars
globalPositionInQuarters=0.0
ruler=null
mu count=0
muNotes:--none--
)
2022-03-12 21:49:01,043 INFO m.j.c.d.m.g.p.PatternEmbellisherRandom [main] Received PooplinePackage(name=XX, rnd=test.java.com.dougron.mucus.algorithms.TestRandom@55f3c410, json={}, repo={}, mu=
mu:XX
PositionIsZero
LengthFromChildren: 0 bars
globalPositionInQuarters=0.0
ruler=null
mu count=0
muNotes:--none--
)
2022-03-12 21:49:01,045 INFO m.j.c.d.m.g.p.PatternEmbellisherRandom [main] Received PooplinePackage(name=XX, rnd=test.java.com.dougron.mucus.algorithms.TestRandom@11acdc30, json={}, repo={}, mu=
mu:XX
PositionIsZero
LengthFromChildren: 0 bars
globalPositionInQuarters=0.0
ruler=null
mu count=0
muNotes:--none--
)
2022-03-12 21:49:01,047 INFO m.j.c.d.m.g.p.PatternEmbellisherRandom [main] Received PooplinePackage(name=XX, rnd=test.java.com.dougron.mucus.algorithms.TestRandom@770d4269, json={}, repo={}, mu=
mu:XX
PositionIsZero
LengthFromChildren: 0 bars
globalPositionInQuarters=0.0
ruler=null
mu count=0
muNotes:--none--
)
2022-03-12 21:52:42,545 INFO m.j.c.d.m.g.p.PatternEmbellisherRandom [main] Received PooplinePackage(name=XX, rnd=test.java.com.dougron.mucus.algorithms.TestRandom@5b43fbf6, json={}, repo={}, mu=
mu:XX
PositionIsZero
LengthFromChildren: 0 bars
globalPositionInQuarters=0.0
ruler=null
mu count=0
muNotes:--none--
)
2022-03-12 21:52:42,653 INFO m.j.c.d.m.g.p.PatternEmbellisherRandom [main] Received PooplinePackage(name=XX, rnd=test.java.com.dougron.mucus.algorithms.TestRandom@63cd604c, json={}, repo={}, mu=
mu:XX
PositionIsZero
LengthFromChildren: 0 bars
globalPositionInQuarters=0.0
ruler=null
mu count=0
muNotes:--none--
)
2022-03-12 21:52:42,670 INFO m.j.c.d.m.g.p.PatternEmbellisherRandom [main] Received PooplinePackage(name=XX, rnd=test.java.com.dougron.mucus.algorithms.TestRandom@4a3e3e8b, json={}, repo={}, mu=
mu:XX
PositionIsZero
LengthFromChildren: 0 bars
globalPositionInQuarters=0.0
ruler=null
mu count=0
muNotes:--none--
)
2022-03-12 21:52:42,672 INFO m.j.c.d.m.g.p.PatternEmbellisherRandom [main] Received PooplinePackage(name=XX, rnd=test.java.com.dougron.mucus.algorithms.TestRandom@5af28b27, json={}, repo={}, mu=
mu:XX
PositionIsZero
LengthFromChildren: 0 bars
globalPositionInQuarters=0.0
ruler=null
mu count=0
muNotes:--none--
)
2022-03-12 21:52:42,678 INFO m.j.c.d.m.g.p.PatternEmbellisherRandom [main] Received PooplinePackage(name=XX, rnd=test.java.com.dougron.mucus.algorithms.TestRandom@293bb8a5, json={}, repo={}, mu=
mu:XX
PositionIsZero
LengthFromChildren: 0 bars
globalPositionInQuarters=0.0
ruler=null
mu count=0
muNotes:--none--
)
2022-03-12 21:52:42,692 INFO m.j.c.d.m.g.p.PatternEmbellisherRandom [main] Received PooplinePackage(name=XX, rnd=test.java.com.dougron.mucus.algorithms.TestRandom@644c78d4, json={}, repo={}, mu=
mu:XX
PositionIsZero
LengthFromChildren: 0 bars
globalPositionInQuarters=0.0
ruler=null
mu count=0
muNotes:--none--
)
2022-03-12 21:52:42,695 INFO m.j.c.d.m.g.p.PatternEmbellisherRandom [main] Received PooplinePackage(name=XX, rnd=test.java.com.dougron.mucus.algorithms.TestRandom@532a02d9, json={}, repo={}, mu=
mu:XX
PositionIsZero
LengthFromChildren: 0 bars
globalPositionInQuarters=0.0
ruler=null
mu count=0
muNotes:--none--
)
2022-03-12 21:52:42,698 INFO m.j.c.d.m.g.p.PatternEmbellisherRandom [main] Received PooplinePackage(name=XX, rnd=test.java.com.dougron.mucus.algorithms.TestRandom@611f8234, json={}, repo={}, mu=
mu:XX
PositionIsZero
LengthFromChildren: 0 bars
globalPositionInQuarters=0.0
ruler=null
mu count=0
muNotes:--none--
)
2022-03-12 21:52:42,703 INFO m.j.c.d.m.g.p.PatternEmbellisherRandom [main] Received PooplinePackage(name=XX, rnd=test.java.com.dougron.mucus.algorithms.TestRandom@4fd4cae3, json={}, repo={}, mu=
mu:XX
PositionIsZero
LengthFromChildren: 0 bars
globalPositionInQuarters=0.0
ruler=null
mu count=0
muNotes:--none--
)
2022-03-12 21:52:42,705 INFO m.j.c.d.m.g.p.PatternEmbellisherRandom [main] Received PooplinePackage(name=XX, rnd=test.java.com.dougron.mucus.algorithms.TestRandom@4a067c25, json={}, repo={}, mu=
mu:XX
PositionIsZero
LengthFromChildren: 0 bars
globalPositionInQuarters=0.0
ruler=null
mu count=0
muNotes:--none--
)
2022-03-12 21:52:42,709 INFO m.j.c.d.m.g.p.PatternEmbellisherRandom [main] Received PooplinePackage(name=XX, rnd=test.java.com.dougron.mucus.algorithms.TestRandom@a1217f9, json={}, repo={}, mu=
mu:XX
PositionIsZero
LengthFromChildren: 0 bars
globalPositionInQuarters=0.0
ruler=null
mu count=0
muNotes:--none--
)
2022-03-12 21:54:08,097 INFO m.j.c.d.m.g.p.PatternEmbellisherRandom [main] Received PooplinePackage(name=XX, rnd=test.java.com.dougron.mucus.algorithms.TestRandom@5b43fbf6, json={}, repo={}, mu=
mu:XX
PositionIsZero
LengthFromChildren: 0 bars
globalPositionInQuarters=0.0
ruler=null
mu count=0
muNotes:--none--
)
2022-03-12 21:54:08,202 INFO m.j.c.d.m.g.p.PatternEmbellisherRandom [main] Received PooplinePackage(name=XX, rnd=test.java.com.dougron.mucus.algorithms.TestRandom@63cd604c, json={}, repo={}, mu=
mu:XX
PositionIsZero
LengthFromChildren: 0 bars
globalPositionInQuarters=0.0
ruler=null
mu count=0
muNotes:--none--
)
2022-03-12 21:54:08,219 INFO m.j.c.d.m.g.p.PatternEmbellisherRandom [main] Received PooplinePackage(name=XX, rnd=test.java.com.dougron.mucus.algorithms.TestRandom@4a3e3e8b, json={}, repo={}, mu=
mu:XX
PositionIsZero
LengthFromChildren: 0 bars
globalPositionInQuarters=0.0
ruler=null
mu count=0
muNotes:--none--
)
2022-03-12 21:54:08,222 INFO m.j.c.d.m.g.p.PatternEmbellisherRandom [main] Received PooplinePackage(name=XX, rnd=test.java.com.dougron.mucus.algorithms.TestRandom@5af28b27, json={}, repo={}, mu=
mu:XX
PositionIsZero
LengthFromChildren: 0 bars
globalPositionInQuarters=0.0
ruler=null
mu count=0
muNotes:--none--
)
2022-03-12 21:54:08,236 INFO m.j.c.d.m.g.p.PatternEmbellisherRandom [main] Received PooplinePackage(name=XX, rnd=test.java.com.dougron.mucus.algorithms.TestRandom@192f2f27, json={}, repo={}, mu=
mu:XX
PositionIsZero
LengthFromChildren: 0 bars
globalPositionInQuarters=0.0
ruler=null
mu count=0
muNotes:--none--
)
2022-03-12 21:54:08,239 INFO m.j.c.d.m.g.p.PatternEmbellisherRandom [main] Received PooplinePackage(name=XX, rnd=test.java.com.dougron.mucus.algorithms.TestRandom@8a589a2, json={}, repo={}, mu=
mu:XX
PositionIsZero
LengthFromChildren: 0 bars
globalPositionInQuarters=0.0
ruler=null
mu count=0
muNotes:--none--
)
2022-03-12 21:54:08,241 INFO m.j.c.d.m.g.p.PatternEmbellisherRandom [main] Received PooplinePackage(name=XX, rnd=test.java.com.dougron.mucus.algorithms.TestRandom@c65a5ef, json={}, repo={}, mu=
mu:XX
PositionIsZero
LengthFromChildren: 0 bars
globalPositionInQuarters=0.0
ruler=null
mu count=0
muNotes:--none--
)
2022-03-12 21:54:08,246 INFO m.j.c.d.m.g.p.PatternEmbellisherRandom [main] Received PooplinePackage(name=XX, rnd=test.java.com.dougron.mucus.algorithms.TestRandom@460f76a6, json={}, repo={}, mu=
mu:XX
PositionIsZero
LengthFromChildren: 0 bars
globalPositionInQuarters=0.0
ruler=null
mu count=0
muNotes:--none--
)
2022-03-12 21:54:08,249 INFO m.j.c.d.m.g.p.PatternEmbellisherRandom [main] Received PooplinePackage(name=XX, rnd=test.java.com.dougron.mucus.algorithms.TestRandom@55f3c410, json={}, repo={}, mu=
mu:XX
PositionIsZero
LengthFromChildren: 0 bars
globalPositionInQuarters=0.0
ruler=null
mu count=0
muNotes:--none--
)
2022-03-12 21:54:08,251 INFO m.j.c.d.m.g.p.PatternEmbellisherRandom [main] Received PooplinePackage(name=XX, rnd=test.java.com.dougron.mucus.algorithms.TestRandom@11acdc30, json={}, repo={}, mu=
mu:XX
PositionIsZero
LengthFromChildren: 0 bars
globalPositionInQuarters=0.0
ruler=null
mu count=0
muNotes:--none--
)
2022-03-12 21:54:26,118 INFO m.j.c.d.m.g.p.PatternEmbellisherRandom [main] Received PooplinePackage(name=XX, rnd=test.java.com.dougron.mucus.algorithms.TestRandom@5b43fbf6, json={}, repo={}, mu=
mu:XX
PositionIsZero
LengthFromChildren: 0 bars
globalPositionInQuarters=0.0
ruler=null
mu count=0
muNotes:--none--
)
2022-03-12 21:54:26,205 INFO m.j.c.d.m.g.p.PatternEmbellisherRandom [main] Received PooplinePackage(name=XX, rnd=test.java.com.dougron.mucus.algorithms.TestRandom@63cd604c, json={}, repo={}, mu=
mu:XX
PositionIsZero
LengthFromChildren: 0 bars
globalPositionInQuarters=0.0
ruler=null
mu count=0
muNotes:--none--
)
2022-03-12 21:54:26,218 INFO m.j.c.d.m.g.p.PatternEmbellisherRandom [main] Received PooplinePackage(name=XX, rnd=test.java.com.dougron.mucus.algorithms.TestRandom@4a3e3e8b, json={}, repo={}, mu=
mu:XX
PositionIsZero
LengthFromChildren: 0 bars
globalPositionInQuarters=0.0
ruler=null
mu count=0
muNotes:--none--
)
2022-03-12 21:54:26,219 INFO m.j.c.d.m.g.p.PatternEmbellisherRandom [main] Received PooplinePackage(name=XX, rnd=test.java.com.dougron.mucus.algorithms.TestRandom@5af28b27, json={}, repo={}, mu=
mu:XX
PositionIsZero
LengthFromChildren: 0 bars
globalPositionInQuarters=0.0
ruler=null
mu count=0
muNotes:--none--
)
2022-03-12 21:54:26,224 INFO m.j.c.d.m.g.p.PatternEmbellisherRandom [main] Received PooplinePackage(name=XX, rnd=test.java.com.dougron.mucus.algorithms.TestRandom@293bb8a5, json={}, repo={}, mu=
mu:XX
PositionIsZero
LengthFromChildren: 0 bars
globalPositionInQuarters=0.0
ruler=null
mu count=0
muNotes:--none--
)
2022-03-12 21:54:26,228 INFO m.j.c.d.m.g.p.PatternEmbellisherRandom [main] Received PooplinePackage(name=XX, rnd=test.java.com.dougron.mucus.algorithms.TestRandom@6fa590ba, json={}, repo={}, mu=
mu:XX
PositionIsZero
LengthFromChildren: 0 bars
globalPositionInQuarters=0.0
ruler=null
mu count=0
muNotes:--none--
)
2022-03-12 21:54:26,230 INFO m.j.c.d.m.g.p.PatternEmbellisherRandom [main] Received PooplinePackage(name=XX, rnd=test.java.com.dougron.mucus.algorithms.TestRandom@6e9319f, json={}, repo={}, mu=
mu:XX
PositionIsZero
LengthFromChildren: 0 bars
globalPositionInQuarters=0.0
ruler=null
mu count=0
muNotes:--none--
)
2022-03-12 21:54:26,233 INFO m.j.c.d.m.g.p.PatternEmbellisherRandom [main] Received PooplinePackage(name=XX, rnd=test.java.com.dougron.mucus.algorithms.TestRandom@72e34f77, json={}, repo={}, mu=
mu:XX
PositionIsZero
LengthFromChildren: 0 bars
globalPositionInQuarters=0.0
ruler=null
mu count=0
muNotes:--none--
)
2022-03-12 21:54:26,237 INFO m.j.c.d.m.g.p.PatternEmbellisherRandom [main] Received PooplinePackage(name=XX, rnd=test.java.com.dougron.mucus.algorithms.TestRandom@18e7143f, json={}, repo={}, mu=
mu:XX
PositionIsZero
LengthFromChildren: 0 bars
globalPositionInQuarters=0.0
ruler=null
mu count=0
muNotes:--none--
)
2022-03-12 21:54:26,240 INFO m.j.c.d.m.g.p.PatternEmbellisherRandom [main] Received PooplinePackage(name=XX, rnd=test.java.com.dougron.mucus.algorithms.TestRandom@f9b7332, json={}, repo={}, mu=
mu:XX
PositionIsZero
LengthFromChildren: 0 bars
globalPositionInQuarters=0.0
ruler=null
mu count=0
muNotes:--none--
)
2022-03-12 21:54:26,242 INFO m.j.c.d.m.g.p.PatternEmbellisherRandom [main] Received PooplinePackage(name=XX, rnd=test.java.com.dougron.mucus.algorithms.TestRandom@74cec793, json={}, repo={}, mu=
mu:XX
PositionIsZero
LengthFromChildren: 0 bars
globalPositionInQuarters=0.0
ruler=null
mu count=0
muNotes:--none--
)
2022-03-12 21:57:07,738 INFO m.j.c.d.m.g.p.PatternEmbellisherRandom [main] Received PooplinePackage(name=XX, rnd=test.java.com.dougron.mucus.algorithms.TestRandom@1080b026, json={}, repo={}, mu=
mu:XX
PositionIsZero
LengthFromChildren: 0 bars
globalPositionInQuarters=0.0
ruler=null
mu count=0
muNotes:--none--
)
2022-03-12 21:57:07,828 INFO m.j.c.d.m.g.p.PatternEmbellisherRandom [main] Received PooplinePackage(name=XX, rnd=test.java.com.dougron.mucus.algorithms.TestRandom@40dd3977, json={}, repo={}, mu=
mu:XX
PositionIsZero
LengthFromChildren: 0 bars
globalPositionInQuarters=0.0
ruler=null
mu count=0
muNotes:--none--
)
2022-03-12 21:57:07,853 INFO m.j.c.d.m.g.p.PatternEmbellisherRandom [main] Received PooplinePackage(name=XX, rnd=test.java.com.dougron.mucus.algorithms.TestRandom@77307458, json={}, repo={}, mu=
mu:XX
PositionIsZero
LengthFromChildren: 0 bars
globalPositionInQuarters=0.0
ruler=null
mu count=0
muNotes:--none--
)
2022-03-12 21:57:07,868 INFO m.j.c.d.m.g.p.PatternEmbellisherRandom [main] Received PooplinePackage(name=XX, rnd=test.java.com.dougron.mucus.algorithms.TestRandom@7cbee484, json={}, repo={}, mu=
mu:XX
PositionIsZero
LengthFromChildren: 0 bars
globalPositionInQuarters=0.0
ruler=null
mu count=0
muNotes:--none--
)
2022-03-12 21:57:07,870 INFO m.j.c.d.m.g.p.PatternEmbellisherRandom [main] Received PooplinePackage(name=XX, rnd=test.java.com.dougron.mucus.algorithms.TestRandom@7f811d00, json={}, repo={}, mu=
mu:XX
PositionIsZero
LengthFromChildren: 0 bars
globalPositionInQuarters=0.0
ruler=null
mu count=0
muNotes:--none--
)
2022-03-12 21:57:07,875 INFO m.j.c.d.m.g.p.PatternEmbellisherRandom [main] Received PooplinePackage(name=XX, rnd=test.java.com.dougron.mucus.algorithms.TestRandom@3bde62ff, json={}, repo={}, mu=
mu:XX
PositionIsZero
LengthFromChildren: 0 bars
globalPositionInQuarters=0.0
ruler=null
mu count=0
muNotes:--none--
)
2022-03-12 21:57:07,879 INFO m.j.c.d.m.g.p.PatternEmbellisherRandom [main] Received PooplinePackage(name=XX, rnd=test.java.com.dougron.mucus.algorithms.TestRandom@2baa8d82, json={}, repo={}, mu=
mu:XX
PositionIsZero
LengthFromChildren: 0 bars
globalPositionInQuarters=0.0
ruler=null
mu count=0
muNotes:--none--
)
2022-03-12 21:57:07,882 INFO m.j.c.d.m.g.p.PatternEmbellisherRandom [main] Received PooplinePackage(name=XX, rnd=test.java.com.dougron.mucus.algorithms.TestRandom@319dead1, json={}, repo={}, mu=
mu:XX
PositionIsZero
LengthFromChildren: 0 bars
globalPositionInQuarters=0.0
ruler=null
mu count=0
muNotes:--none--
)
2022-03-12 21:57:07,884 INFO m.j.c.d.m.g.p.PatternEmbellisherRandom [main] Received PooplinePackage(name=XX, rnd=test.java.com.dougron.mucus.algorithms.TestRandom@791cbf87, json={}, repo={}, mu=
mu:XX
PositionIsZero
LengthFromChildren: 0 bars
globalPositionInQuarters=0.0
ruler=null
mu count=0
muNotes:--none--
)
2022-03-12 21:57:07,888 INFO m.j.c.d.m.g.p.PatternEmbellisherRandom [main] Received PooplinePackage(name=XX, rnd=test.java.com.dougron.mucus.algorithms.TestRandom@7ef2d7a6, json={}, repo={}, mu=
mu:XX
PositionIsZero
LengthFromChildren: 0 bars
globalPositionInQuarters=0.0
ruler=null
mu count=0
muNotes:--none--
)
2022-03-12 21:57:07,891 INFO m.j.c.d.m.g.p.PatternEmbellisherRandom [main] Received PooplinePackage(name=XX, rnd=test.java.com.dougron.mucus.algorithms.TestRandom@5dcbb60, json={}, repo={}, mu=
mu:XX
PositionIsZero
LengthFromChildren: 0 bars
globalPositionInQuarters=0.0
ruler=null
mu count=0
muNotes:--none--
)
2022-03-12 21:57:07,893 INFO m.j.c.d.m.g.p.PatternEmbellisherRandom [main] Received PooplinePackage(name=XX, rnd=test.java.com.dougron.mucus.algorithms.TestRandom@4c36250e, json={}, repo={}, mu=
mu:XX
PositionIsZero
LengthFromChildren: 0 bars
globalPositionInQuarters=0.0
ruler=null
mu count=0
muNotes:--none--
)
2022-03-12 21:57:45,608 INFO m.j.c.d.m.g.p.PatternEmbellisherRandom [main] Received PooplinePackage(name=XX, rnd=test.java.com.dougron.mucus.algorithms.TestRandom@1080b026, json={}, repo={}, mu=
mu:XX
PositionIsZero
LengthFromChildren: 0 bars
globalPositionInQuarters=0.0
ruler=null
mu count=0
muNotes:--none--
)
2022-03-12 21:57:45,697 INFO m.j.c.d.m.g.p.PatternEmbellisherRandom [main] Received PooplinePackage(name=XX, rnd=test.java.com.dougron.mucus.algorithms.TestRandom@40dd3977, json={}, repo={}, mu=
mu:XX
PositionIsZero
LengthFromChildren: 0 bars
globalPositionInQuarters=0.0
ruler=null
mu count=0
muNotes:--none--
)
2022-03-12 21:57:45,703 INFO m.j.c.d.m.g.p.PatternEmbellisherRandom [main] Received PooplinePackage(name=XX, rnd=test.java.com.dougron.mucus.algorithms.TestRandom@2f94c4db, json={}, repo={}, mu=
mu:XX
PositionIsZero
LengthFromChildren: 0 bars
globalPositionInQuarters=0.0
ruler=null
mu count=0
muNotes:--none--
)
2022-03-12 21:57:45,727 INFO m.j.c.d.m.g.p.PatternEmbellisherRandom [main] Received PooplinePackage(name=XX, rnd=test.java.com.dougron.mucus.algorithms.TestRandom@5217f3d0, json={}, repo={}, mu=
mu:XX
PositionIsZero
LengthFromChildren: 0 bars
globalPositionInQuarters=0.0
ruler=null
mu count=0
muNotes:--none--
)
2022-03-12 21:57:45,729 INFO m.j.c.d.m.g.p.PatternEmbellisherRandom [main] Received PooplinePackage(name=XX, rnd=test.java.com.dougron.mucus.algorithms.TestRandom@37ebc9d8, json={}, repo={}, mu=
mu:XX
PositionIsZero
LengthFromChildren: 0 bars
globalPositionInQuarters=0.0
ruler=null
mu count=0
muNotes:--none--
)
2022-03-12 21:57:45,735 INFO m.j.c.d.m.g.p.PatternEmbellisherRandom [main] Received PooplinePackage(name=XX, rnd=test.java.com.dougron.mucus.algorithms.TestRandom@47874b25, json={}, repo={}, mu=
mu:XX
PositionIsZero
LengthFromChildren: 0 bars
globalPositionInQuarters=0.0
ruler=null
mu count=0
muNotes:--none--
)
2022-03-12 21:57:45,739 INFO m.j.c.d.m.g.p.PatternEmbellisherRandom [main] Received PooplinePackage(name=XX, rnd=test.java.com.dougron.mucus.algorithms.TestRandom@2c177f9e, json={}, repo={}, mu=
mu:XX
PositionIsZero
LengthFromChildren: 0 bars
globalPositionInQuarters=0.0
ruler=null
mu count=0
muNotes:--none--
)
2022-03-12 21:57:45,741 INFO m.j.c.d.m.g.p.PatternEmbellisherRandom [main] Received PooplinePackage(name=XX, rnd=test.java.com.dougron.mucus.algorithms.TestRandom@5db4c359, json={}, repo={}, mu=
mu:XX
PositionIsZero
LengthFromChildren: 0 bars
globalPositionInQuarters=0.0
ruler=null
mu count=0
muNotes:--none--
)
2022-03-12 21:57:45,743 INFO m.j.c.d.m.g.p.PatternEmbellisherRandom [main] Received PooplinePackage(name=XX, rnd=test.java.com.dougron.mucus.algorithms.TestRandom@209775a9, json={}, repo={}, mu=
mu:XX
PositionIsZero
LengthFromChildren: 0 bars
globalPositionInQuarters=0.0
ruler=null
mu count=0
muNotes:--none--
)
2022-03-12 21:57:45,747 INFO m.j.c.d.m.g.p.PatternEmbellisherRandom [main] Received PooplinePackage(name=XX, rnd=test.java.com.dougron.mucus.algorithms.TestRandom@b672aa8, json={}, repo={}, mu=
mu:XX
PositionIsZero
LengthFromChildren: 0 bars
globalPositionInQuarters=0.0
ruler=null
mu count=0
muNotes:--none--
)
2022-03-12 21:57:45,749 INFO m.j.c.d.m.g.p.PatternEmbellisherRandom [main] Received PooplinePackage(name=XX, rnd=test.java.com.dougron.mucus.algorithms.TestRandom@2fab4aff, json={}, repo={}, mu=
mu:XX
PositionIsZero
LengthFromChildren: 0 bars
globalPositionInQuarters=0.0
ruler=null
mu count=0
muNotes:--none--
)
2022-03-12 21:57:45,751 INFO m.j.c.d.m.g.p.PatternEmbellisherRandom [main] Received PooplinePackage(name=XX, rnd=test.java.com.dougron.mucus.algorithms.TestRandom@ec0c838, json={}, repo={}, mu=
mu:XX
PositionIsZero
LengthFromChildren: 0 bars
globalPositionInQuarters=0.0
ruler=null
mu count=0
muNotes:--none--
)
2022-03-12 22:01:00,918 INFO m.j.c.d.m.g.p.PatternEmbellisherRandom [main] Received PooplinePackage(name=XX, rnd=test.java.com.dougron.mucus.algorithms.TestRandom@1080b026, json={}, repo={}, mu=
mu:XX
PositionIsZero
LengthFromChildren: 0 bars
globalPositionInQuarters=0.0
ruler=null
mu count=0
muNotes:--none--
)
2022-03-12 22:01:01,015 INFO m.j.c.d.m.g.p.PatternEmbellisherRandom [main] Received PooplinePackage(name=XX, rnd=test.java.com.dougron.mucus.algorithms.TestRandom@40dd3977, json={}, repo={}, mu=
mu:XX
PositionIsZero
LengthFromChildren: 0 bars
globalPositionInQuarters=0.0
ruler=null
mu count=0
muNotes:--none--
)
2022-03-12 22:01:01,022 INFO m.j.c.d.m.g.p.PatternEmbellisherRandom [main] Received PooplinePackage(name=XX, rnd=test.java.com.dougron.mucus.algorithms.TestRandom@2f94c4db, json={}, repo={}, mu=
mu:XX
PositionIsZero
LengthFromChildren: 0 bars
globalPositionInQuarters=0.0
ruler=null
mu count=0
muNotes:--none--
)
2022-03-12 22:01:01,040 INFO m.j.c.d.m.g.p.PatternEmbellisherRandom [main] Received PooplinePackage(name=XX, rnd=test.java.com.dougron.mucus.algorithms.TestRandom@5217f3d0, json={}, repo={}, mu=
mu:XX
PositionIsZero
LengthFromChildren: 0 bars
globalPositionInQuarters=0.0
ruler=null
mu count=0
muNotes:--none--
)
2022-03-12 22:01:01,043 INFO m.j.c.d.m.g.p.PatternEmbellisherRandom [main] Received PooplinePackage(name=XX, rnd=test.java.com.dougron.mucus.algorithms.TestRandom@37ebc9d8, json={}, repo={}, mu=
mu:XX
PositionIsZero
LengthFromChildren: 0 bars
globalPositionInQuarters=0.0
ruler=null
mu count=0
muNotes:--none--
)
2022-03-12 22:01:01,047 INFO m.j.c.d.m.g.p.PatternEmbellisherRandom [main] Received PooplinePackage(name=XX, rnd=test.java.com.dougron.mucus.algorithms.TestRandom@47874b25, json={}, repo={}, mu=
mu:XX
PositionIsZero
LengthFromChildren: 0 bars
globalPositionInQuarters=0.0
ruler=null
mu count=0
muNotes:--none--
)
2022-03-12 22:01:01,050 INFO m.j.c.d.m.g.p.PatternEmbellisherRandom [main] Received PooplinePackage(name=XX, rnd=test.java.com.dougron.mucus.algorithms.TestRandom@2c177f9e, json={}, repo={}, mu=
mu:XX
PositionIsZero
LengthFromChildren: 0 bars
globalPositionInQuarters=0.0
ruler=null
mu count=0
muNotes:--none--
)
2022-03-12 22:01:01,052 INFO m.j.c.d.m.g.p.PatternEmbellisherRandom [main] Received PooplinePackage(name=XX, rnd=test.java.com.dougron.mucus.algorithms.TestRandom@5db4c359, json={}, repo={}, mu=
mu:XX
PositionIsZero
LengthFromChildren: 0 bars
globalPositionInQuarters=0.0
ruler=null
mu count=0
muNotes:--none--
)
2022-03-12 22:01:01,055 INFO m.j.c.d.m.g.p.PatternEmbellisherRandom [main] Received PooplinePackage(name=XX, rnd=test.java.com.dougron.mucus.algorithms.TestRandom@209775a9, json={}, repo={}, mu=
mu:XX
PositionIsZero
LengthFromChildren: 0 bars
globalPositionInQuarters=0.0
ruler=null
mu count=0
muNotes:--none--
)
2022-03-12 22:01:01,059 INFO m.j.c.d.m.g.p.PatternEmbellisherRandom [main] Received PooplinePackage(name=XX, rnd=test.java.com.dougron.mucus.algorithms.TestRandom@b672aa8, json={}, repo={}, mu=
mu:XX
PositionIsZero
LengthFromChildren: 0 bars
globalPositionInQuarters=0.0
ruler=null
mu count=0
muNotes:--none--
)
2022-03-12 22:01:01,061 INFO m.j.c.d.m.g.p.PatternEmbellisherRandom [main] Received PooplinePackage(name=XX, rnd=test.java.com.dougron.mucus.algorithms.TestRandom@2fab4aff, json={}, repo={}, mu=
mu:XX
PositionIsZero
LengthFromChildren: 0 bars
globalPositionInQuarters=0.0
ruler=null
mu count=0
muNotes:--none--
)
2022-03-12 22:01:01,063 INFO m.j.c.d.m.g.p.PatternEmbellisherRandom [main] Received PooplinePackage(name=XX, rnd=test.java.com.dougron.mucus.algorithms.TestRandom@ec0c838, json={}, repo={}, mu=
mu:XX
PositionIsZero
LengthFromChildren: 0 bars
globalPositionInQuarters=0.0
ruler=null
mu count=0
muNotes:--none--
)
